#
# There is insufficient memory for the Java Runtime Environment to continue.
# Native memory allocation (malloc) failed to allocate 32744 bytes for Chunk::new
# Possible reasons:
#   The system is out of physical RAM or swap space
#   The process is running with CompressedOops enabled, and the Java Heap may be blocking the growth of the native heap
# Possible solutions:
#   Reduce memory load on the system
#   Increase physical memory or swap space
#   Check if swap backing store is full
#   Decrease Java heap size (-Xmx/-Xms)
#   Decrease number of Java threads
#   Decrease Java thread stack sizes (-Xss)
#   Set larger code cache with -XX:ReservedCodeCacheSize=
#   JVM is running with Unscaled Compressed Oops mode in which the Java heap is
#     placed in the first 4GB address space. The Java Heap base address is the
#     maximum limit for the native heap growth. Please use -XX:HeapBaseMinAddress
#     to set the Java Heap base and to place the Java Heap above 4GB virtual address.
# This output file may be truncated or incomplete.
#
#  Out of Memory Error (arena.cpp:168), pid=1952, tid=23932
#
# JRE version: Java(TM) SE Runtime Environment (21.0.2+13) (build 21.0.2+13-LTS-58)
# Java VM: Java HotSpot(TM) 64-Bit Server VM (21.0.2+13-LTS-58, mixed mode, sharing, tiered, compressed oops, compressed class ptrs, g1 gc, windows-amd64)
# No core dump will be written. Minidumps are not enabled by default on client versions of Windows
#

---------------  S U M M A R Y ------------

Command Line: --add-opens=java.base/java.util=ALL-UNNAMED --add-opens=java.base/java.lang=ALL-UNNAMED --add-opens=java.base/java.lang.invoke=ALL-UNNAMED --add-opens=java.prefs/java.util.prefs=ALL-UNNAMED --add-opens=java.base/java.nio.charset=ALL-UNNAMED --add-opens=java.base/java.net=ALL-UNNAMED --add-opens=java.base/java.util.concurrent.atomic=ALL-UNNAMED -XX:MaxMetaspaceSize=384m -XX:+HeapDumpOnOutOfMemoryError -Xms256m -Xmx512m -Dfile.encoding=windows-1251 -Duser.country=US -Duser.language=en -Duser.variant -javaagent:C:\Users\epask\.gradle\wrapper\dists\gradle-8.8-bin\dl7vupf4psengwqhwktix4v1\gradle-8.8\lib\agents\gradle-instrumentation-agent-8.8.jar org.gradle.launcher.daemon.bootstrap.GradleDaemon 8.8

Host: AMD Ryzen 5 5625U with Radeon Graphics         , 12 cores, 7G,  Windows 11 , 64 bit Build 22621 (10.0.22621.4391)
Time: Mon Dec  9 20:35:13 2024 Belarus Standard Time elapsed time: 22.557393 seconds (0d 0h 0m 22s)

---------------  T H R E A D  ---------------

Current thread (0x000001b17a10f770):  JavaThread "C2 CompilerThread0" daemon [_thread_in_native, id=23932, stack(0x00000084ba300000,0x00000084ba400000) (1024K)]


Current CompileTask:
C2:  22557 5413       4       groovyjarjarantlr4.v4.runtime.atn.LexerATNSimulator::closure (258 bytes)

Stack: [0x00000084ba300000,0x00000084ba400000]
Native frames: (J=compiled Java code, j=interpreted, Vv=VM code, C=native code)
V  [jvm.dll+0x6cade9]
V  [jvm.dll+0x8569c1]
V  [jvm.dll+0x858d2e]
V  [jvm.dll+0x859413]
V  [jvm.dll+0x280e56]
V  [jvm.dll+0xc3f3d]
V  [jvm.dll+0xc4473]
V  [jvm.dll+0x3bb62d]
V  [jvm.dll+0x3bacd1]
V  [jvm.dll+0x3bad14]
V  [jvm.dll+0x3b408c]
V  [jvm.dll+0x1e2247]
V  [jvm.dll+0x249d22]
V  [jvm.dll+0x2491b1]
V  [jvm.dll+0x1c9634]
V  [jvm.dll+0x258859]
V  [jvm.dll+0x256e3a]
V  [jvm.dll+0x3ef6c6]
V  [jvm.dll+0x7ff568]
V  [jvm.dll+0x6c953d]
C  [ucrtbase.dll+0x29333]
C  [KERNEL32.DLL+0x1259d]
C  [ntdll.dll+0x5af38]


---------------  P R O C E S S  ---------------

Threads class SMR info:
_java_thread_list=0x000001b124e921d0, length=35, elements={
0x000001b16be44ef0, 0x000001b17a10a070, 0x000001b17a10ac30, 0x000001b17a10b950,
0x000001b17a10d520, 0x000001b17a10df80, 0x000001b17a10e9e0, 0x000001b17a10f770,
0x000001b17a110210, 0x000001b17a2e9bd0, 0x000001b17a49fa60, 0x000001b17fb97d60,
0x000001b12400d0b0, 0x000001b17feb1ac0, 0x000001b1240970d0, 0x000001b124097740,
0x000001b17fe88290, 0x000001b17fe8df80, 0x000001b17fe51480, 0x000001b17fe50df0,
0x000001b17fe52830, 0x000001b17fe51b10, 0x000001b17fe52ec0, 0x000001b17fe53550,
0x000001b17fe521a0, 0x000001b17fe50760, 0x000001b126607290, 0x000001b126608640,
0x000001b126603e10, 0x000001b126605850, 0x000001b126608cd0, 0x000001b126607920,
0x000001b1266051c0, 0x000001b126607fb0, 0x000001b1266044a0
}

Java Threads: ( => current thread )
  0x000001b16be44ef0 JavaThread "main"                              [_thread_blocked, id=1964, stack(0x00000084b9500000,0x00000084b9600000) (1024K)]
  0x000001b17a10a070 JavaThread "Reference Handler"          daemon [_thread_blocked, id=19988, stack(0x00000084b9d00000,0x00000084b9e00000) (1024K)]
  0x000001b17a10ac30 JavaThread "Finalizer"                  daemon [_thread_blocked, id=1380, stack(0x00000084b9e00000,0x00000084b9f00000) (1024K)]
  0x000001b17a10b950 JavaThread "Signal Dispatcher"          daemon [_thread_blocked, id=7496, stack(0x00000084b9f00000,0x00000084ba000000) (1024K)]
  0x000001b17a10d520 JavaThread "Attach Listener"            daemon [_thread_blocked, id=15024, stack(0x00000084ba000000,0x00000084ba100000) (1024K)]
  0x000001b17a10df80 JavaThread "Service Thread"             daemon [_thread_blocked, id=4916, stack(0x00000084ba100000,0x00000084ba200000) (1024K)]
  0x000001b17a10e9e0 JavaThread "Monitor Deflation Thread"   daemon [_thread_blocked, id=908, stack(0x00000084ba200000,0x00000084ba300000) (1024K)]
=>0x000001b17a10f770 JavaThread "C2 CompilerThread0"         daemon [_thread_in_native, id=23932, stack(0x00000084ba300000,0x00000084ba400000) (1024K)]
  0x000001b17a110210 JavaThread "C1 CompilerThread0"         daemon [_thread_blocked, id=9092, stack(0x00000084ba400000,0x00000084ba500000) (1024K)]
  0x000001b17a2e9bd0 JavaThread "Common-Cleaner"             daemon [_thread_blocked, id=13840, stack(0x00000084ba500000,0x00000084ba600000) (1024K)]
  0x000001b17a49fa60 JavaThread "Notification Thread"        daemon [_thread_blocked, id=27220, stack(0x00000084ba600000,0x00000084ba700000) (1024K)]
  0x000001b17fb97d60 JavaThread "Daemon health stats"               [_thread_blocked, id=24860, stack(0x00000084ba700000,0x00000084ba800000) (1024K)]
  0x000001b12400d0b0 JavaThread "Incoming local TCP Connector on port 54611"        [_thread_in_native, id=26360, stack(0x00000084bad00000,0x00000084bae00000) (1024K)]
  0x000001b17feb1ac0 JavaThread "Daemon periodic checks"            [_thread_blocked, id=8808, stack(0x00000084bae00000,0x00000084baf00000) (1024K)]
  0x000001b1240970d0 JavaThread "Daemon"                            [_thread_blocked, id=12748, stack(0x00000084baf00000,0x00000084bb000000) (1024K)]
  0x000001b124097740 JavaThread "Handler for socket connection from /127.0.0.1:54611 to /127.0.0.1:54613"        [_thread_in_native, id=20312, stack(0x00000084bb000000,0x00000084bb100000) (1024K)]
  0x000001b17fe88290 JavaThread "Cancel handler"                    [_thread_blocked, id=27480, stack(0x00000084bb100000,0x00000084bb200000) (1024K)]
  0x000001b17fe8df80 JavaThread "Daemon worker"                     [_thread_in_vm, id=10056, stack(0x00000084bb200000,0x00000084bb300000) (1024K)]
  0x000001b17fe51480 JavaThread "Asynchronous log dispatcher for DefaultDaemonConnection: socket connection from /127.0.0.1:54611 to /127.0.0.1:54613"        [_thread_blocked, id=22580, stack(0x00000084bb300000,0x00000084bb400000) (1024K)]
  0x000001b17fe50df0 JavaThread "Stdin handler"                     [_thread_blocked, id=27496, stack(0x00000084bb400000,0x00000084bb500000) (1024K)]
  0x000001b17fe52830 JavaThread "Daemon client event forwarder"        [_thread_blocked, id=11048, stack(0x00000084bb500000,0x00000084bb600000) (1024K)]
  0x000001b17fe51b10 JavaThread "Cache worker for journal cache (C:\Users\epask\.gradle\caches\journal-1)"        [_thread_blocked, id=26412, stack(0x00000084bb600000,0x00000084bb700000) (1024K)]
  0x000001b17fe52ec0 JavaThread "File lock request listener"        [_thread_in_native, id=18756, stack(0x00000084bb700000,0x00000084bb800000) (1024K)]
  0x000001b17fe53550 JavaThread "File lock release action executor"        [_thread_blocked, id=26628, stack(0x00000084bb800000,0x00000084bb900000) (1024K)]
  0x000001b17fe521a0 JavaThread "Cache worker for file hash cache (C:\Users\epask\.gradle\caches\8.8\fileHashes)"        [_thread_blocked, id=18500, stack(0x00000084bb900000,0x00000084bba00000) (1024K)]
  0x000001b17fe50760 JavaThread "Cache worker for file hash cache (D:\JavaProdects\MicroservicesProject\notificationservice\.gradle\8.8\fileHashes)"        [_thread_blocked, id=15376, stack(0x00000084bc100000,0x00000084bc200000) (1024K)]
  0x000001b126607290 JavaThread "File watcher server"        daemon [_thread_in_native, id=10420, stack(0x00000084bc200000,0x00000084bc300000) (1024K)]
  0x000001b126608640 JavaThread "File watcher consumer"      daemon [_thread_blocked, id=28396, stack(0x00000084bc300000,0x00000084bc400000) (1024K)]
  0x000001b126603e10 JavaThread "Cache worker for checksums cache (D:\JavaProdects\MicroservicesProject\notificationservice\.gradle\8.8\checksums)"        [_thread_blocked, id=10124, stack(0x00000084bba00000,0x00000084bbb00000) (1024K)]
  0x000001b126605850 JavaThread "Cache worker for file content cache (C:\Users\epask\.gradle\caches\8.8\fileContent)"        [_thread_blocked, id=15592, stack(0x00000084bc400000,0x00000084bc500000) (1024K)]
  0x000001b126608cd0 JavaThread "Cache worker for cache directory md-rule (C:\Users\epask\.gradle\caches\8.8\md-rule)"        [_thread_blocked, id=25368, stack(0x00000084bc500000,0x00000084bc600000) (1024K)]
  0x000001b126607920 JavaThread "Cache worker for cache directory md-supplier (C:\Users\epask\.gradle\caches\8.8\md-supplier)"        [_thread_blocked, id=4792, stack(0x00000084bc600000,0x00000084bc700000) (1024K)]
  0x000001b1266051c0 JavaThread "jar transforms"                    [_thread_blocked, id=24264, stack(0x00000084bc700000,0x00000084bc800000) (1024K)]
  0x000001b126607fb0 JavaThread "jar transforms Thread 2"           [_thread_blocked, id=22352, stack(0x00000084bc800000,0x00000084bc900000) (1024K)]
  0x000001b1266044a0 JavaThread "jar transforms Thread 3"           [_thread_blocked, id=6792, stack(0x00000084bc900000,0x00000084bca00000) (1024K)]
Total: 35

Other Threads:
  0x000001b17a0ebd90 VMThread "VM Thread"                           [id=2828, stack(0x00000084b9c00000,0x00000084b9d00000) (1024K)]
  0x000001b17a0d3520 WatcherThread "VM Periodic Task Thread"        [id=7156, stack(0x00000084b9b00000,0x00000084b9c00000) (1024K)]
  0x000001b16e0e75a0 WorkerThread "GC Thread#0"                     [id=25732, stack(0x00000084b9600000,0x00000084b9700000) (1024K)]
  0x000001b17f185a70 WorkerThread "GC Thread#1"                     [id=25164, stack(0x00000084ba800000,0x00000084ba900000) (1024K)]
  0x000001b17f185e10 WorkerThread "GC Thread#2"                     [id=28384, stack(0x00000084ba900000,0x00000084baa00000) (1024K)]
  0x000001b17f1861b0 WorkerThread "GC Thread#3"                     [id=12440, stack(0x00000084baa00000,0x00000084bab00000) (1024K)]
  0x000001b17f186550 WorkerThread "GC Thread#4"                     [id=19108, stack(0x00000084bab00000,0x00000084bac00000) (1024K)]
  0x000001b17f1868f0 WorkerThread "GC Thread#5"                     [id=23256, stack(0x00000084bac00000,0x00000084bad00000) (1024K)]
  0x000001b17ffa8d30 WorkerThread "GC Thread#6"                     [id=24928, stack(0x00000084bbb00000,0x00000084bbc00000) (1024K)]
  0x000001b17ffa85f0 WorkerThread "GC Thread#7"                     [id=6548, stack(0x00000084bbc00000,0x00000084bbd00000) (1024K)]
  0x000001b17ffa8990 WorkerThread "GC Thread#8"                     [id=13060, stack(0x00000084bbd00000,0x00000084bbe00000) (1024K)]
  0x000001b12692b9c0 WorkerThread "GC Thread#9"                     [id=27016, stack(0x00000084bbe00000,0x00000084bbf00000) (1024K)]
  0x000001b16e0ed640 ConcurrentGCThread "G1 Main Marker"            [id=13704, stack(0x00000084b9700000,0x00000084b9800000) (1024K)]
  0x000001b16e0ee040 WorkerThread "G1 Conc#0"                       [id=28264, stack(0x00000084b9800000,0x00000084b9900000) (1024K)]
  0x000001b1269291e0 WorkerThread "G1 Conc#1"                       [id=17236, stack(0x00000084bbf00000,0x00000084bc000000) (1024K)]
  0x000001b12692b280 WorkerThread "G1 Conc#2"                       [id=1836, stack(0x00000084bc000000,0x00000084bc100000) (1024K)]
  0x000001b16e17e6d0 ConcurrentGCThread "G1 Refine#0"               [id=19836, stack(0x00000084b9900000,0x00000084b9a00000) (1024K)]
  0x000001b179fa77f0 ConcurrentGCThread "G1 Service"                [id=18320, stack(0x00000084b9a00000,0x00000084b9b00000) (1024K)]
Total: 18

Threads with active compile tasks:
C2 CompilerThread0    22591 5413       4       groovyjarjarantlr4.v4.runtime.atn.LexerATNSimulator::closure (258 bytes)
Total: 1

VM state: not at safepoint (normal execution)

VM Mutex/Monitor currently owned by a thread: None

Heap address: 0x00000000e0000000, size: 512 MB, Compressed Oops mode: 32-bit

CDS archive(s) mapped at: [0x000001b10f000000-0x000001b10fc90000-0x000001b10fc90000), size 13172736, SharedBaseAddress: 0x000001b10f000000, ArchiveRelocationMode: 1.
Compressed class space mapped at: 0x000001b110000000-0x000001b124000000, reserved size: 335544320
Narrow klass base: 0x000001b10f000000, Narrow klass shift: 0, Narrow klass range: 0x100000000

GC Precious Log:
 CardTable entry size: 512
 Card Set container configuration: InlinePtr #cards 5 size 8 Array Of Cards #cards 12 size 40 Howl #buckets 4 coarsen threshold 1843 Howl Bitmap #cards 512 size 80 coarsen threshold 460 Card regions per heap region 1 cards per card region 2048
 CPUs: 12 total, 12 available
 Memory: 7532M
 Large Page Support: Disabled
 NUMA Support: Disabled
 Compressed Oops: Enabled (32-bit)
 Heap Region Size: 1M
 Heap Min Capacity: 256M
 Heap Initial Capacity: 256M
 Heap Max Capacity: 512M
 Pre-touch: Disabled
 Parallel Workers: 10
 Concurrent Workers: 3
 Concurrent Refinement Workers: 10
 Periodic GC: Disabled

Heap:
 garbage-first heap   total 262144K, used 80701K [0x00000000e0000000, 0x0000000100000000)
  region size 1024K, 57 young (58368K), 17 survivors (17408K)
 Metaspace       used 41566K, committed 42880K, reserved 393216K
  class space    used 5910K, committed 6528K, reserved 327680K

Heap Regions: E=young(eden), S=young(survivor), O=old, HS=humongous(starts), HC=humongous(continues), CS=collection set, F=free, TAMS=top-at-mark-start, PB=parsable bottom
|   0|0x00000000e0000000, 0x00000000e0100000, 0x00000000e0100000|100%|HS|  |TAMS 0x00000000e0000000| PB 0x00000000e0000000| Complete 
|   1|0x00000000e0100000, 0x00000000e0200000, 0x00000000e0200000|100%|HC|  |TAMS 0x00000000e0100000| PB 0x00000000e0100000| Complete 
|   2|0x00000000e0200000, 0x00000000e0300000, 0x00000000e0300000|100%|HC|  |TAMS 0x00000000e0200000| PB 0x00000000e0200000| Complete 
|   3|0x00000000e0300000, 0x00000000e0400000, 0x00000000e0400000|100%|HC|  |TAMS 0x00000000e0300000| PB 0x00000000e0300000| Complete 
|   4|0x00000000e0400000, 0x00000000e0500000, 0x00000000e0500000|100%| O|  |TAMS 0x00000000e0400000| PB 0x00000000e0400000| Untracked 
|   5|0x00000000e0500000, 0x00000000e0600000, 0x00000000e0600000|100%| O|  |TAMS 0x00000000e0500000| PB 0x00000000e0500000| Untracked 
|   6|0x00000000e0600000, 0x00000000e0700000, 0x00000000e0700000|100%| O|  |TAMS 0x00000000e0600000| PB 0x00000000e0600000| Untracked 
|   7|0x00000000e0700000, 0x00000000e0800000, 0x00000000e0800000|100%| O|  |TAMS 0x00000000e0700000| PB 0x00000000e0700000| Untracked 
|   8|0x00000000e0800000, 0x00000000e0900000, 0x00000000e0900000|100%| O|  |TAMS 0x00000000e0800000| PB 0x00000000e0800000| Untracked 
|   9|0x00000000e0900000, 0x00000000e0a00000, 0x00000000e0a00000|100%| O|  |TAMS 0x00000000e0900000| PB 0x00000000e0900000| Untracked 
|  10|0x00000000e0a00000, 0x00000000e0b00000, 0x00000000e0b00000|100%| O|  |TAMS 0x00000000e0a00000| PB 0x00000000e0a00000| Untracked 
|  11|0x00000000e0b00000, 0x00000000e0c00000, 0x00000000e0c00000|100%|HS|  |TAMS 0x00000000e0b00000| PB 0x00000000e0b00000| Complete 
|  12|0x00000000e0c00000, 0x00000000e0d00000, 0x00000000e0d00000|100%| O|  |TAMS 0x00000000e0c00000| PB 0x00000000e0c00000| Untracked 
|  13|0x00000000e0d00000, 0x00000000e0e00000, 0x00000000e0e00000|100%| O|  |TAMS 0x00000000e0d00000| PB 0x00000000e0d00000| Untracked 
|  14|0x00000000e0e00000, 0x00000000e0f00000, 0x00000000e0f00000|100%| O|  |TAMS 0x00000000e0e00000| PB 0x00000000e0e00000| Untracked 
|  15|0x00000000e0f00000, 0x00000000e1000000, 0x00000000e1000000|100%| O|  |TAMS 0x00000000e0f00000| PB 0x00000000e0f00000| Untracked 
|  16|0x00000000e1000000, 0x00000000e1100000, 0x00000000e1100000|100%| O|  |TAMS 0x00000000e1000000| PB 0x00000000e1000000| Untracked 
|  17|0x00000000e1100000, 0x00000000e1200000, 0x00000000e1200000|100%| O|  |TAMS 0x00000000e1100000| PB 0x00000000e1100000| Untracked 
|  18|0x00000000e1200000, 0x00000000e1300000, 0x00000000e1300000|100%| O|  |TAMS 0x00000000e1200000| PB 0x00000000e1200000| Untracked 
|  19|0x00000000e1300000, 0x00000000e1400000, 0x00000000e1400000|100%| O|  |TAMS 0x00000000e1300000| PB 0x00000000e1300000| Untracked 
|  20|0x00000000e1400000, 0x00000000e1500000, 0x00000000e1500000|100%| O|  |TAMS 0x00000000e1400000| PB 0x00000000e1400000| Untracked 
|  21|0x00000000e1500000, 0x00000000e1600000, 0x00000000e1600000|100%| O|  |TAMS 0x00000000e1500000| PB 0x00000000e1500000| Untracked 
|  22|0x00000000e1600000, 0x00000000e1700000, 0x00000000e1700000|100%| O|Cm|TAMS 0x00000000e1600000| PB 0x00000000e1600000| Complete 
|  23|0x00000000e1700000, 0x00000000e17594c0, 0x00000000e1800000| 34%| O|  |TAMS 0x00000000e1700000| PB 0x00000000e1700000| Untracked 
|  24|0x00000000e1800000, 0x00000000e1800000, 0x00000000e1900000|  0%| F|  |TAMS 0x00000000e1800000| PB 0x00000000e1800000| Untracked 
|  25|0x00000000e1900000, 0x00000000e1900000, 0x00000000e1a00000|  0%| F|  |TAMS 0x00000000e1900000| PB 0x00000000e1900000| Untracked 
|  26|0x00000000e1a00000, 0x00000000e1a00000, 0x00000000e1b00000|  0%| F|  |TAMS 0x00000000e1a00000| PB 0x00000000e1a00000| Untracked 
|  27|0x00000000e1b00000, 0x00000000e1b00000, 0x00000000e1c00000|  0%| F|  |TAMS 0x00000000e1b00000| PB 0x00000000e1b00000| Untracked 
|  28|0x00000000e1c00000, 0x00000000e1c00000, 0x00000000e1d00000|  0%| F|  |TAMS 0x00000000e1c00000| PB 0x00000000e1c00000| Untracked 
|  29|0x00000000e1d00000, 0x00000000e1d00000, 0x00000000e1e00000|  0%| F|  |TAMS 0x00000000e1d00000| PB 0x00000000e1d00000| Untracked 
|  30|0x00000000e1e00000, 0x00000000e1e00000, 0x00000000e1f00000|  0%| F|  |TAMS 0x00000000e1e00000| PB 0x00000000e1e00000| Untracked 
|  31|0x00000000e1f00000, 0x00000000e1f00000, 0x00000000e2000000|  0%| F|  |TAMS 0x00000000e1f00000| PB 0x00000000e1f00000| Untracked 
|  32|0x00000000e2000000, 0x00000000e2000000, 0x00000000e2100000|  0%| F|  |TAMS 0x00000000e2000000| PB 0x00000000e2000000| Untracked 
|  33|0x00000000e2100000, 0x00000000e2100000, 0x00000000e2200000|  0%| F|  |TAMS 0x00000000e2100000| PB 0x00000000e2100000| Untracked 
|  34|0x00000000e2200000, 0x00000000e2200000, 0x00000000e2300000|  0%| F|  |TAMS 0x00000000e2200000| PB 0x00000000e2200000| Untracked 
|  35|0x00000000e2300000, 0x00000000e2300000, 0x00000000e2400000|  0%| F|  |TAMS 0x00000000e2300000| PB 0x00000000e2300000| Untracked 
|  36|0x00000000e2400000, 0x00000000e2400000, 0x00000000e2500000|  0%| F|  |TAMS 0x00000000e2400000| PB 0x00000000e2400000| Untracked 
|  37|0x00000000e2500000, 0x00000000e2500000, 0x00000000e2600000|  0%| F|  |TAMS 0x00000000e2500000| PB 0x00000000e2500000| Untracked 
|  38|0x00000000e2600000, 0x00000000e2600000, 0x00000000e2700000|  0%| F|  |TAMS 0x00000000e2600000| PB 0x00000000e2600000| Untracked 
|  39|0x00000000e2700000, 0x00000000e2700000, 0x00000000e2800000|  0%| F|  |TAMS 0x00000000e2700000| PB 0x00000000e2700000| Untracked 
|  40|0x00000000e2800000, 0x00000000e2800000, 0x00000000e2900000|  0%| F|  |TAMS 0x00000000e2800000| PB 0x00000000e2800000| Untracked 
|  41|0x00000000e2900000, 0x00000000e2900000, 0x00000000e2a00000|  0%| F|  |TAMS 0x00000000e2900000| PB 0x00000000e2900000| Untracked 
|  42|0x00000000e2a00000, 0x00000000e2a00000, 0x00000000e2b00000|  0%| F|  |TAMS 0x00000000e2a00000| PB 0x00000000e2a00000| Untracked 
|  43|0x00000000e2b00000, 0x00000000e2b00000, 0x00000000e2c00000|  0%| F|  |TAMS 0x00000000e2b00000| PB 0x00000000e2b00000| Untracked 
|  44|0x00000000e2c00000, 0x00000000e2c00000, 0x00000000e2d00000|  0%| F|  |TAMS 0x00000000e2c00000| PB 0x00000000e2c00000| Untracked 
|  45|0x00000000e2d00000, 0x00000000e2d00000, 0x00000000e2e00000|  0%| F|  |TAMS 0x00000000e2d00000| PB 0x00000000e2d00000| Untracked 
|  46|0x00000000e2e00000, 0x00000000e2e00000, 0x00000000e2f00000|  0%| F|  |TAMS 0x00000000e2e00000| PB 0x00000000e2e00000| Untracked 
|  47|0x00000000e2f00000, 0x00000000e2f00000, 0x00000000e3000000|  0%| F|  |TAMS 0x00000000e2f00000| PB 0x00000000e2f00000| Untracked 
|  48|0x00000000e3000000, 0x00000000e3000000, 0x00000000e3100000|  0%| F|  |TAMS 0x00000000e3000000| PB 0x00000000e3000000| Untracked 
|  49|0x00000000e3100000, 0x00000000e3100000, 0x00000000e3200000|  0%| F|  |TAMS 0x00000000e3100000| PB 0x00000000e3100000| Untracked 
|  50|0x00000000e3200000, 0x00000000e3200000, 0x00000000e3300000|  0%| F|  |TAMS 0x00000000e3200000| PB 0x00000000e3200000| Untracked 
|  51|0x00000000e3300000, 0x00000000e3300000, 0x00000000e3400000|  0%| F|  |TAMS 0x00000000e3300000| PB 0x00000000e3300000| Untracked 
|  52|0x00000000e3400000, 0x00000000e3400000, 0x00000000e3500000|  0%| F|  |TAMS 0x00000000e3400000| PB 0x00000000e3400000| Untracked 
|  53|0x00000000e3500000, 0x00000000e3500000, 0x00000000e3600000|  0%| F|  |TAMS 0x00000000e3500000| PB 0x00000000e3500000| Untracked 
|  54|0x00000000e3600000, 0x00000000e3600000, 0x00000000e3700000|  0%| F|  |TAMS 0x00000000e3600000| PB 0x00000000e3600000| Untracked 
|  55|0x00000000e3700000, 0x00000000e3700000, 0x00000000e3800000|  0%| F|  |TAMS 0x00000000e3700000| PB 0x00000000e3700000| Untracked 
|  56|0x00000000e3800000, 0x00000000e3800000, 0x00000000e3900000|  0%| F|  |TAMS 0x00000000e3800000| PB 0x00000000e3800000| Untracked 
|  57|0x00000000e3900000, 0x00000000e3900000, 0x00000000e3a00000|  0%| F|  |TAMS 0x00000000e3900000| PB 0x00000000e3900000| Untracked 
|  58|0x00000000e3a00000, 0x00000000e3a00000, 0x00000000e3b00000|  0%| F|  |TAMS 0x00000000e3a00000| PB 0x00000000e3a00000| Untracked 
|  59|0x00000000e3b00000, 0x00000000e3b00000, 0x00000000e3c00000|  0%| F|  |TAMS 0x00000000e3b00000| PB 0x00000000e3b00000| Untracked 
|  60|0x00000000e3c00000, 0x00000000e3c00000, 0x00000000e3d00000|  0%| F|  |TAMS 0x00000000e3c00000| PB 0x00000000e3c00000| Untracked 
|  61|0x00000000e3d00000, 0x00000000e3d00000, 0x00000000e3e00000|  0%| F|  |TAMS 0x00000000e3d00000| PB 0x00000000e3d00000| Untracked 
|  62|0x00000000e3e00000, 0x00000000e3e00000, 0x00000000e3f00000|  0%| F|  |TAMS 0x00000000e3e00000| PB 0x00000000e3e00000| Untracked 
|  63|0x00000000e3f00000, 0x00000000e3f00000, 0x00000000e4000000|  0%| F|  |TAMS 0x00000000e3f00000| PB 0x00000000e3f00000| Untracked 
|  64|0x00000000e4000000, 0x00000000e4000000, 0x00000000e4100000|  0%| F|  |TAMS 0x00000000e4000000| PB 0x00000000e4000000| Untracked 
|  65|0x00000000e4100000, 0x00000000e4100000, 0x00000000e4200000|  0%| F|  |TAMS 0x00000000e4100000| PB 0x00000000e4100000| Untracked 
|  66|0x00000000e4200000, 0x00000000e4200000, 0x00000000e4300000|  0%| F|  |TAMS 0x00000000e4200000| PB 0x00000000e4200000| Untracked 
|  67|0x00000000e4300000, 0x00000000e4300000, 0x00000000e4400000|  0%| F|  |TAMS 0x00000000e4300000| PB 0x00000000e4300000| Untracked 
|  68|0x00000000e4400000, 0x00000000e4400000, 0x00000000e4500000|  0%| F|  |TAMS 0x00000000e4400000| PB 0x00000000e4400000| Untracked 
|  69|0x00000000e4500000, 0x00000000e4500000, 0x00000000e4600000|  0%| F|  |TAMS 0x00000000e4500000| PB 0x00000000e4500000| Untracked 
|  70|0x00000000e4600000, 0x00000000e4600000, 0x00000000e4700000|  0%| F|  |TAMS 0x00000000e4600000| PB 0x00000000e4600000| Untracked 
|  71|0x00000000e4700000, 0x00000000e4700000, 0x00000000e4800000|  0%| F|  |TAMS 0x00000000e4700000| PB 0x00000000e4700000| Untracked 
|  72|0x00000000e4800000, 0x00000000e4800000, 0x00000000e4900000|  0%| F|  |TAMS 0x00000000e4800000| PB 0x00000000e4800000| Untracked 
|  73|0x00000000e4900000, 0x00000000e4900000, 0x00000000e4a00000|  0%| F|  |TAMS 0x00000000e4900000| PB 0x00000000e4900000| Untracked 
|  74|0x00000000e4a00000, 0x00000000e4a00000, 0x00000000e4b00000|  0%| F|  |TAMS 0x00000000e4a00000| PB 0x00000000e4a00000| Untracked 
|  75|0x00000000e4b00000, 0x00000000e4b00000, 0x00000000e4c00000|  0%| F|  |TAMS 0x00000000e4b00000| PB 0x00000000e4b00000| Untracked 
|  76|0x00000000e4c00000, 0x00000000e4c00000, 0x00000000e4d00000|  0%| F|  |TAMS 0x00000000e4c00000| PB 0x00000000e4c00000| Untracked 
|  77|0x00000000e4d00000, 0x00000000e4d00000, 0x00000000e4e00000|  0%| F|  |TAMS 0x00000000e4d00000| PB 0x00000000e4d00000| Untracked 
|  78|0x00000000e4e00000, 0x00000000e4e00000, 0x00000000e4f00000|  0%| F|  |TAMS 0x00000000e4e00000| PB 0x00000000e4e00000| Untracked 
|  79|0x00000000e4f00000, 0x00000000e4f00000, 0x00000000e5000000|  0%| F|  |TAMS 0x00000000e4f00000| PB 0x00000000e4f00000| Untracked 
|  80|0x00000000e5000000, 0x00000000e5000000, 0x00000000e5100000|  0%| F|  |TAMS 0x00000000e5000000| PB 0x00000000e5000000| Untracked 
|  81|0x00000000e5100000, 0x00000000e5100000, 0x00000000e5200000|  0%| F|  |TAMS 0x00000000e5100000| PB 0x00000000e5100000| Untracked 
|  82|0x00000000e5200000, 0x00000000e5200000, 0x00000000e5300000|  0%| F|  |TAMS 0x00000000e5200000| PB 0x00000000e5200000| Untracked 
|  83|0x00000000e5300000, 0x00000000e5300000, 0x00000000e5400000|  0%| F|  |TAMS 0x00000000e5300000| PB 0x00000000e5300000| Untracked 
|  84|0x00000000e5400000, 0x00000000e5400000, 0x00000000e5500000|  0%| F|  |TAMS 0x00000000e5400000| PB 0x00000000e5400000| Untracked 
|  85|0x00000000e5500000, 0x00000000e5500000, 0x00000000e5600000|  0%| F|  |TAMS 0x00000000e5500000| PB 0x00000000e5500000| Untracked 
|  86|0x00000000e5600000, 0x00000000e5676190, 0x00000000e5700000| 46%| S|CS|TAMS 0x00000000e5600000| PB 0x00000000e5600000| Complete 
|  87|0x00000000e5700000, 0x00000000e5800000, 0x00000000e5800000|100%| S|CS|TAMS 0x00000000e5700000| PB 0x00000000e5700000| Complete 
|  88|0x00000000e5800000, 0x00000000e5900000, 0x00000000e5900000|100%| S|CS|TAMS 0x00000000e5800000| PB 0x00000000e5800000| Complete 
|  89|0x00000000e5900000, 0x00000000e5a00000, 0x00000000e5a00000|100%| S|CS|TAMS 0x00000000e5900000| PB 0x00000000e5900000| Complete 
|  90|0x00000000e5a00000, 0x00000000e5b00000, 0x00000000e5b00000|100%| S|CS|TAMS 0x00000000e5a00000| PB 0x00000000e5a00000| Complete 
|  91|0x00000000e5b00000, 0x00000000e5c00000, 0x00000000e5c00000|100%| S|CS|TAMS 0x00000000e5b00000| PB 0x00000000e5b00000| Complete 
|  92|0x00000000e5c00000, 0x00000000e5d00000, 0x00000000e5d00000|100%| S|CS|TAMS 0x00000000e5c00000| PB 0x00000000e5c00000| Complete 
|  93|0x00000000e5d00000, 0x00000000e5e00000, 0x00000000e5e00000|100%| S|CS|TAMS 0x00000000e5d00000| PB 0x00000000e5d00000| Complete 
|  94|0x00000000e5e00000, 0x00000000e5f00000, 0x00000000e5f00000|100%| S|CS|TAMS 0x00000000e5e00000| PB 0x00000000e5e00000| Complete 
|  95|0x00000000e5f00000, 0x00000000e6000000, 0x00000000e6000000|100%| S|CS|TAMS 0x00000000e5f00000| PB 0x00000000e5f00000| Complete 
|  96|0x00000000e6000000, 0x00000000e6100000, 0x00000000e6100000|100%| S|CS|TAMS 0x00000000e6000000| PB 0x00000000e6000000| Complete 
|  97|0x00000000e6100000, 0x00000000e6200000, 0x00000000e6200000|100%| S|CS|TAMS 0x00000000e6100000| PB 0x00000000e6100000| Complete 
|  98|0x00000000e6200000, 0x00000000e6300000, 0x00000000e6300000|100%| S|CS|TAMS 0x00000000e6200000| PB 0x00000000e6200000| Complete 
|  99|0x00000000e6300000, 0x00000000e6400000, 0x00000000e6400000|100%| S|CS|TAMS 0x00000000e6300000| PB 0x00000000e6300000| Complete 
| 100|0x00000000e6400000, 0x00000000e6500000, 0x00000000e6500000|100%| S|CS|TAMS 0x00000000e6400000| PB 0x00000000e6400000| Complete 
| 101|0x00000000e6500000, 0x00000000e6600000, 0x00000000e6600000|100%| S|CS|TAMS 0x00000000e6500000| PB 0x00000000e6500000| Complete 
| 102|0x00000000e6600000, 0x00000000e6700000, 0x00000000e6700000|100%| S|CS|TAMS 0x00000000e6600000| PB 0x00000000e6600000| Complete 
| 103|0x00000000e6700000, 0x00000000e6700000, 0x00000000e6800000|  0%| F|  |TAMS 0x00000000e6700000| PB 0x00000000e6700000| Untracked 
| 104|0x00000000e6800000, 0x00000000e6800000, 0x00000000e6900000|  0%| F|  |TAMS 0x00000000e6800000| PB 0x00000000e6800000| Untracked 
| 105|0x00000000e6900000, 0x00000000e6900000, 0x00000000e6a00000|  0%| F|  |TAMS 0x00000000e6900000| PB 0x00000000e6900000| Untracked 
| 106|0x00000000e6a00000, 0x00000000e6a00000, 0x00000000e6b00000|  0%| F|  |TAMS 0x00000000e6a00000| PB 0x00000000e6a00000| Untracked 
| 107|0x00000000e6b00000, 0x00000000e6b00000, 0x00000000e6c00000|  0%| F|  |TAMS 0x00000000e6b00000| PB 0x00000000e6b00000| Untracked 
| 108|0x00000000e6c00000, 0x00000000e6c00000, 0x00000000e6d00000|  0%| F|  |TAMS 0x00000000e6c00000| PB 0x00000000e6c00000| Untracked 
| 109|0x00000000e6d00000, 0x00000000e6d00000, 0x00000000e6e00000|  0%| F|  |TAMS 0x00000000e6d00000| PB 0x00000000e6d00000| Untracked 
| 110|0x00000000e6e00000, 0x00000000e6e00000, 0x00000000e6f00000|  0%| F|  |TAMS 0x00000000e6e00000| PB 0x00000000e6e00000| Untracked 
| 111|0x00000000e6f00000, 0x00000000e6f00000, 0x00000000e7000000|  0%| F|  |TAMS 0x00000000e6f00000| PB 0x00000000e6f00000| Untracked 
| 112|0x00000000e7000000, 0x00000000e7000000, 0x00000000e7100000|  0%| F|  |TAMS 0x00000000e7000000| PB 0x00000000e7000000| Untracked 
| 113|0x00000000e7100000, 0x00000000e7100000, 0x00000000e7200000|  0%| F|  |TAMS 0x00000000e7100000| PB 0x00000000e7100000| Untracked 
| 114|0x00000000e7200000, 0x00000000e7200000, 0x00000000e7300000|  0%| F|  |TAMS 0x00000000e7200000| PB 0x00000000e7200000| Untracked 
| 115|0x00000000e7300000, 0x00000000e7300000, 0x00000000e7400000|  0%| F|  |TAMS 0x00000000e7300000| PB 0x00000000e7300000| Untracked 
| 116|0x00000000e7400000, 0x00000000e7400000, 0x00000000e7500000|  0%| F|  |TAMS 0x00000000e7400000| PB 0x00000000e7400000| Untracked 
| 117|0x00000000e7500000, 0x00000000e7500000, 0x00000000e7600000|  0%| F|  |TAMS 0x00000000e7500000| PB 0x00000000e7500000| Untracked 
| 118|0x00000000e7600000, 0x00000000e7600000, 0x00000000e7700000|  0%| F|  |TAMS 0x00000000e7600000| PB 0x00000000e7600000| Untracked 
| 119|0x00000000e7700000, 0x00000000e7700000, 0x00000000e7800000|  0%| F|  |TAMS 0x00000000e7700000| PB 0x00000000e7700000| Untracked 
| 120|0x00000000e7800000, 0x00000000e7800000, 0x00000000e7900000|  0%| F|  |TAMS 0x00000000e7800000| PB 0x00000000e7800000| Untracked 
| 121|0x00000000e7900000, 0x00000000e7900000, 0x00000000e7a00000|  0%| F|  |TAMS 0x00000000e7900000| PB 0x00000000e7900000| Untracked 
| 122|0x00000000e7a00000, 0x00000000e7a00000, 0x00000000e7b00000|  0%| F|  |TAMS 0x00000000e7a00000| PB 0x00000000e7a00000| Untracked 
| 123|0x00000000e7b00000, 0x00000000e7b00000, 0x00000000e7c00000|  0%| F|  |TAMS 0x00000000e7b00000| PB 0x00000000e7b00000| Untracked 
| 124|0x00000000e7c00000, 0x00000000e7c00000, 0x00000000e7d00000|  0%| F|  |TAMS 0x00000000e7c00000| PB 0x00000000e7c00000| Untracked 
| 125|0x00000000e7d00000, 0x00000000e7d00000, 0x00000000e7e00000|  0%| F|  |TAMS 0x00000000e7d00000| PB 0x00000000e7d00000| Untracked 
| 126|0x00000000e7e00000, 0x00000000e7e00000, 0x00000000e7f00000|  0%| F|  |TAMS 0x00000000e7e00000| PB 0x00000000e7e00000| Untracked 
| 127|0x00000000e7f00000, 0x00000000e7f00000, 0x00000000e8000000|  0%| F|  |TAMS 0x00000000e7f00000| PB 0x00000000e7f00000| Untracked 
| 128|0x00000000e8000000, 0x00000000e8000000, 0x00000000e8100000|  0%| F|  |TAMS 0x00000000e8000000| PB 0x00000000e8000000| Untracked 
| 129|0x00000000e8100000, 0x00000000e8100000, 0x00000000e8200000|  0%| F|  |TAMS 0x00000000e8100000| PB 0x00000000e8100000| Untracked 
| 130|0x00000000e8200000, 0x00000000e8200000, 0x00000000e8300000|  0%| F|  |TAMS 0x00000000e8200000| PB 0x00000000e8200000| Untracked 
| 131|0x00000000e8300000, 0x00000000e8300000, 0x00000000e8400000|  0%| F|  |TAMS 0x00000000e8300000| PB 0x00000000e8300000| Untracked 
| 132|0x00000000e8400000, 0x00000000e8400000, 0x00000000e8500000|  0%| F|  |TAMS 0x00000000e8400000| PB 0x00000000e8400000| Untracked 
| 133|0x00000000e8500000, 0x00000000e8500000, 0x00000000e8600000|  0%| F|  |TAMS 0x00000000e8500000| PB 0x00000000e8500000| Untracked 
| 134|0x00000000e8600000, 0x00000000e8600000, 0x00000000e8700000|  0%| F|  |TAMS 0x00000000e8600000| PB 0x00000000e8600000| Untracked 
| 135|0x00000000e8700000, 0x00000000e8700000, 0x00000000e8800000|  0%| F|  |TAMS 0x00000000e8700000| PB 0x00000000e8700000| Untracked 
| 136|0x00000000e8800000, 0x00000000e8800000, 0x00000000e8900000|  0%| F|  |TAMS 0x00000000e8800000| PB 0x00000000e8800000| Untracked 
| 137|0x00000000e8900000, 0x00000000e8900000, 0x00000000e8a00000|  0%| F|  |TAMS 0x00000000e8900000| PB 0x00000000e8900000| Untracked 
| 138|0x00000000e8a00000, 0x00000000e8a00000, 0x00000000e8b00000|  0%| F|  |TAMS 0x00000000e8a00000| PB 0x00000000e8a00000| Untracked 
| 139|0x00000000e8b00000, 0x00000000e8b00000, 0x00000000e8c00000|  0%| F|  |TAMS 0x00000000e8b00000| PB 0x00000000e8b00000| Untracked 
| 140|0x00000000e8c00000, 0x00000000e8c00000, 0x00000000e8d00000|  0%| F|  |TAMS 0x00000000e8c00000| PB 0x00000000e8c00000| Untracked 
| 141|0x00000000e8d00000, 0x00000000e8d00000, 0x00000000e8e00000|  0%| F|  |TAMS 0x00000000e8d00000| PB 0x00000000e8d00000| Untracked 
| 142|0x00000000e8e00000, 0x00000000e8e00000, 0x00000000e8f00000|  0%| F|  |TAMS 0x00000000e8e00000| PB 0x00000000e8e00000| Untracked 
| 143|0x00000000e8f00000, 0x00000000e8f00000, 0x00000000e9000000|  0%| F|  |TAMS 0x00000000e8f00000| PB 0x00000000e8f00000| Untracked 
| 144|0x00000000e9000000, 0x00000000e9000000, 0x00000000e9100000|  0%| F|  |TAMS 0x00000000e9000000| PB 0x00000000e9000000| Untracked 
| 145|0x00000000e9100000, 0x00000000e9100000, 0x00000000e9200000|  0%| F|  |TAMS 0x00000000e9100000| PB 0x00000000e9100000| Untracked 
| 146|0x00000000e9200000, 0x00000000e9200000, 0x00000000e9300000|  0%| F|  |TAMS 0x00000000e9200000| PB 0x00000000e9200000| Untracked 
| 147|0x00000000e9300000, 0x00000000e9300000, 0x00000000e9400000|  0%| F|  |TAMS 0x00000000e9300000| PB 0x00000000e9300000| Untracked 
| 148|0x00000000e9400000, 0x00000000e9400000, 0x00000000e9500000|  0%| F|  |TAMS 0x00000000e9400000| PB 0x00000000e9400000| Untracked 
| 149|0x00000000e9500000, 0x00000000e9500000, 0x00000000e9600000|  0%| F|  |TAMS 0x00000000e9500000| PB 0x00000000e9500000| Untracked 
| 150|0x00000000e9600000, 0x00000000e9600000, 0x00000000e9700000|  0%| F|  |TAMS 0x00000000e9600000| PB 0x00000000e9600000| Untracked 
| 151|0x00000000e9700000, 0x00000000e9700000, 0x00000000e9800000|  0%| F|  |TAMS 0x00000000e9700000| PB 0x00000000e9700000| Untracked 
| 152|0x00000000e9800000, 0x00000000e9800000, 0x00000000e9900000|  0%| F|  |TAMS 0x00000000e9800000| PB 0x00000000e9800000| Untracked 
| 153|0x00000000e9900000, 0x00000000e9900000, 0x00000000e9a00000|  0%| F|  |TAMS 0x00000000e9900000| PB 0x00000000e9900000| Untracked 
| 154|0x00000000e9a00000, 0x00000000e9a00000, 0x00000000e9b00000|  0%| F|  |TAMS 0x00000000e9a00000| PB 0x00000000e9a00000| Untracked 
| 155|0x00000000e9b00000, 0x00000000e9b00000, 0x00000000e9c00000|  0%| F|  |TAMS 0x00000000e9b00000| PB 0x00000000e9b00000| Untracked 
| 156|0x00000000e9c00000, 0x00000000e9c00000, 0x00000000e9d00000|  0%| F|  |TAMS 0x00000000e9c00000| PB 0x00000000e9c00000| Untracked 
| 157|0x00000000e9d00000, 0x00000000e9d00000, 0x00000000e9e00000|  0%| F|  |TAMS 0x00000000e9d00000| PB 0x00000000e9d00000| Untracked 
| 158|0x00000000e9e00000, 0x00000000e9e00000, 0x00000000e9f00000|  0%| F|  |TAMS 0x00000000e9e00000| PB 0x00000000e9e00000| Untracked 
| 159|0x00000000e9f00000, 0x00000000e9f00000, 0x00000000ea000000|  0%| F|  |TAMS 0x00000000e9f00000| PB 0x00000000e9f00000| Untracked 
| 160|0x00000000ea000000, 0x00000000ea000000, 0x00000000ea100000|  0%| F|  |TAMS 0x00000000ea000000| PB 0x00000000ea000000| Untracked 
| 161|0x00000000ea100000, 0x00000000ea100000, 0x00000000ea200000|  0%| F|  |TAMS 0x00000000ea100000| PB 0x00000000ea100000| Untracked 
| 162|0x00000000ea200000, 0x00000000ea200000, 0x00000000ea300000|  0%| F|  |TAMS 0x00000000ea200000| PB 0x00000000ea200000| Untracked 
| 163|0x00000000ea300000, 0x00000000ea300000, 0x00000000ea400000|  0%| F|  |TAMS 0x00000000ea300000| PB 0x00000000ea300000| Untracked 
| 164|0x00000000ea400000, 0x00000000ea400000, 0x00000000ea500000|  0%| F|  |TAMS 0x00000000ea400000| PB 0x00000000ea400000| Untracked 
| 165|0x00000000ea500000, 0x00000000ea500000, 0x00000000ea600000|  0%| F|  |TAMS 0x00000000ea500000| PB 0x00000000ea500000| Untracked 
| 166|0x00000000ea600000, 0x00000000ea600000, 0x00000000ea700000|  0%| F|  |TAMS 0x00000000ea600000| PB 0x00000000ea600000| Untracked 
| 167|0x00000000ea700000, 0x00000000ea700000, 0x00000000ea800000|  0%| F|  |TAMS 0x00000000ea700000| PB 0x00000000ea700000| Untracked 
| 168|0x00000000ea800000, 0x00000000ea800000, 0x00000000ea900000|  0%| F|  |TAMS 0x00000000ea800000| PB 0x00000000ea800000| Untracked 
| 169|0x00000000ea900000, 0x00000000ea900000, 0x00000000eaa00000|  0%| F|  |TAMS 0x00000000ea900000| PB 0x00000000ea900000| Untracked 
| 170|0x00000000eaa00000, 0x00000000eaa00000, 0x00000000eab00000|  0%| F|  |TAMS 0x00000000eaa00000| PB 0x00000000eaa00000| Untracked 
| 171|0x00000000eab00000, 0x00000000eab00000, 0x00000000eac00000|  0%| F|  |TAMS 0x00000000eab00000| PB 0x00000000eab00000| Untracked 
| 172|0x00000000eac00000, 0x00000000eac00000, 0x00000000ead00000|  0%| F|  |TAMS 0x00000000eac00000| PB 0x00000000eac00000| Untracked 
| 173|0x00000000ead00000, 0x00000000ead00000, 0x00000000eae00000|  0%| F|  |TAMS 0x00000000ead00000| PB 0x00000000ead00000| Untracked 
| 174|0x00000000eae00000, 0x00000000eae00000, 0x00000000eaf00000|  0%| F|  |TAMS 0x00000000eae00000| PB 0x00000000eae00000| Untracked 
| 175|0x00000000eaf00000, 0x00000000eaf00000, 0x00000000eb000000|  0%| F|  |TAMS 0x00000000eaf00000| PB 0x00000000eaf00000| Untracked 
| 176|0x00000000eb000000, 0x00000000eb000000, 0x00000000eb100000|  0%| F|  |TAMS 0x00000000eb000000| PB 0x00000000eb000000| Untracked 
| 177|0x00000000eb100000, 0x00000000eb100000, 0x00000000eb200000|  0%| F|  |TAMS 0x00000000eb100000| PB 0x00000000eb100000| Untracked 
| 178|0x00000000eb200000, 0x00000000eb200000, 0x00000000eb300000|  0%| F|  |TAMS 0x00000000eb200000| PB 0x00000000eb200000| Untracked 
| 179|0x00000000eb300000, 0x00000000eb300000, 0x00000000eb400000|  0%| F|  |TAMS 0x00000000eb300000| PB 0x00000000eb300000| Untracked 
| 180|0x00000000eb400000, 0x00000000eb400000, 0x00000000eb500000|  0%| F|  |TAMS 0x00000000eb400000| PB 0x00000000eb400000| Untracked 
| 181|0x00000000eb500000, 0x00000000eb500000, 0x00000000eb600000|  0%| F|  |TAMS 0x00000000eb500000| PB 0x00000000eb500000| Untracked 
| 182|0x00000000eb600000, 0x00000000eb600000, 0x00000000eb700000|  0%| F|  |TAMS 0x00000000eb600000| PB 0x00000000eb600000| Untracked 
| 183|0x00000000eb700000, 0x00000000eb700000, 0x00000000eb800000|  0%| F|  |TAMS 0x00000000eb700000| PB 0x00000000eb700000| Untracked 
| 184|0x00000000eb800000, 0x00000000eb800000, 0x00000000eb900000|  0%| F|  |TAMS 0x00000000eb800000| PB 0x00000000eb800000| Untracked 
| 185|0x00000000eb900000, 0x00000000eb900000, 0x00000000eba00000|  0%| F|  |TAMS 0x00000000eb900000| PB 0x00000000eb900000| Untracked 
| 186|0x00000000eba00000, 0x00000000eba00000, 0x00000000ebb00000|  0%| F|  |TAMS 0x00000000eba00000| PB 0x00000000eba00000| Untracked 
| 187|0x00000000ebb00000, 0x00000000ebb00000, 0x00000000ebc00000|  0%| F|  |TAMS 0x00000000ebb00000| PB 0x00000000ebb00000| Untracked 
| 188|0x00000000ebc00000, 0x00000000ebc00000, 0x00000000ebd00000|  0%| F|  |TAMS 0x00000000ebc00000| PB 0x00000000ebc00000| Untracked 
| 189|0x00000000ebd00000, 0x00000000ebd00000, 0x00000000ebe00000|  0%| F|  |TAMS 0x00000000ebd00000| PB 0x00000000ebd00000| Untracked 
| 190|0x00000000ebe00000, 0x00000000ebe00000, 0x00000000ebf00000|  0%| F|  |TAMS 0x00000000ebe00000| PB 0x00000000ebe00000| Untracked 
| 191|0x00000000ebf00000, 0x00000000ebf00000, 0x00000000ec000000|  0%| F|  |TAMS 0x00000000ebf00000| PB 0x00000000ebf00000| Untracked 
| 192|0x00000000ec000000, 0x00000000ec000000, 0x00000000ec100000|  0%| F|  |TAMS 0x00000000ec000000| PB 0x00000000ec000000| Untracked 
| 193|0x00000000ec100000, 0x00000000ec100000, 0x00000000ec200000|  0%| F|  |TAMS 0x00000000ec100000| PB 0x00000000ec100000| Untracked 
| 194|0x00000000ec200000, 0x00000000ec200000, 0x00000000ec300000|  0%| F|  |TAMS 0x00000000ec200000| PB 0x00000000ec200000| Untracked 
| 195|0x00000000ec300000, 0x00000000ec300000, 0x00000000ec400000|  0%| F|  |TAMS 0x00000000ec300000| PB 0x00000000ec300000| Untracked 
| 196|0x00000000ec400000, 0x00000000ec400000, 0x00000000ec500000|  0%| F|  |TAMS 0x00000000ec400000| PB 0x00000000ec400000| Untracked 
| 197|0x00000000ec500000, 0x00000000ec500000, 0x00000000ec600000|  0%| F|  |TAMS 0x00000000ec500000| PB 0x00000000ec500000| Untracked 
| 198|0x00000000ec600000, 0x00000000ec600000, 0x00000000ec700000|  0%| F|  |TAMS 0x00000000ec600000| PB 0x00000000ec600000| Untracked 
| 199|0x00000000ec700000, 0x00000000ec700000, 0x00000000ec800000|  0%| F|  |TAMS 0x00000000ec700000| PB 0x00000000ec700000| Untracked 
| 200|0x00000000ec800000, 0x00000000ec800000, 0x00000000ec900000|  0%| F|  |TAMS 0x00000000ec800000| PB 0x00000000ec800000| Untracked 
| 201|0x00000000ec900000, 0x00000000ec900000, 0x00000000eca00000|  0%| F|  |TAMS 0x00000000ec900000| PB 0x00000000ec900000| Untracked 
| 202|0x00000000eca00000, 0x00000000eca00000, 0x00000000ecb00000|  0%| F|  |TAMS 0x00000000eca00000| PB 0x00000000eca00000| Untracked 
| 203|0x00000000ecb00000, 0x00000000ecb00000, 0x00000000ecc00000|  0%| F|  |TAMS 0x00000000ecb00000| PB 0x00000000ecb00000| Untracked 
| 204|0x00000000ecc00000, 0x00000000ecc00000, 0x00000000ecd00000|  0%| F|  |TAMS 0x00000000ecc00000| PB 0x00000000ecc00000| Untracked 
| 205|0x00000000ecd00000, 0x00000000ecd00000, 0x00000000ece00000|  0%| F|  |TAMS 0x00000000ecd00000| PB 0x00000000ecd00000| Untracked 
| 206|0x00000000ece00000, 0x00000000ece00000, 0x00000000ecf00000|  0%| F|  |TAMS 0x00000000ece00000| PB 0x00000000ece00000| Untracked 
| 207|0x00000000ecf00000, 0x00000000ecf00000, 0x00000000ed000000|  0%| F|  |TAMS 0x00000000ecf00000| PB 0x00000000ecf00000| Untracked 
| 208|0x00000000ed000000, 0x00000000ed000000, 0x00000000ed100000|  0%| F|  |TAMS 0x00000000ed000000| PB 0x00000000ed000000| Untracked 
| 209|0x00000000ed100000, 0x00000000ed100000, 0x00000000ed200000|  0%| F|  |TAMS 0x00000000ed100000| PB 0x00000000ed100000| Untracked 
| 210|0x00000000ed200000, 0x00000000ed200000, 0x00000000ed300000|  0%| F|  |TAMS 0x00000000ed200000| PB 0x00000000ed200000| Untracked 
| 211|0x00000000ed300000, 0x00000000ed300000, 0x00000000ed400000|  0%| F|  |TAMS 0x00000000ed300000| PB 0x00000000ed300000| Untracked 
| 212|0x00000000ed400000, 0x00000000ed400000, 0x00000000ed500000|  0%| F|  |TAMS 0x00000000ed400000| PB 0x00000000ed400000| Untracked 
| 213|0x00000000ed500000, 0x00000000ed500000, 0x00000000ed600000|  0%| F|  |TAMS 0x00000000ed500000| PB 0x00000000ed500000| Untracked 
| 214|0x00000000ed600000, 0x00000000ed600000, 0x00000000ed700000|  0%| F|  |TAMS 0x00000000ed600000| PB 0x00000000ed600000| Untracked 
| 215|0x00000000ed700000, 0x00000000ed700000, 0x00000000ed800000|  0%| F|  |TAMS 0x00000000ed700000| PB 0x00000000ed700000| Untracked 
| 216|0x00000000ed800000, 0x00000000ed880800, 0x00000000ed900000| 50%| E|  |TAMS 0x00000000ed800000| PB 0x00000000ed800000| Complete 
| 217|0x00000000ed900000, 0x00000000eda00000, 0x00000000eda00000|100%| E|CS|TAMS 0x00000000ed900000| PB 0x00000000ed900000| Complete 
| 218|0x00000000eda00000, 0x00000000edb00000, 0x00000000edb00000|100%| E|CS|TAMS 0x00000000eda00000| PB 0x00000000eda00000| Complete 
| 219|0x00000000edb00000, 0x00000000edc00000, 0x00000000edc00000|100%| E|CS|TAMS 0x00000000edb00000| PB 0x00000000edb00000| Complete 
| 220|0x00000000edc00000, 0x00000000edd00000, 0x00000000edd00000|100%| E|CS|TAMS 0x00000000edc00000| PB 0x00000000edc00000| Complete 
| 221|0x00000000edd00000, 0x00000000ede00000, 0x00000000ede00000|100%| E|CS|TAMS 0x00000000edd00000| PB 0x00000000edd00000| Complete 
| 222|0x00000000ede00000, 0x00000000edf00000, 0x00000000edf00000|100%| E|CS|TAMS 0x00000000ede00000| PB 0x00000000ede00000| Complete 
| 223|0x00000000edf00000, 0x00000000ee000000, 0x00000000ee000000|100%| E|CS|TAMS 0x00000000edf00000| PB 0x00000000edf00000| Complete 
| 224|0x00000000ee000000, 0x00000000ee100000, 0x00000000ee100000|100%| E|CS|TAMS 0x00000000ee000000| PB 0x00000000ee000000| Complete 
| 225|0x00000000ee100000, 0x00000000ee200000, 0x00000000ee200000|100%| E|CS|TAMS 0x00000000ee100000| PB 0x00000000ee100000| Complete 
| 226|0x00000000ee200000, 0x00000000ee300000, 0x00000000ee300000|100%| E|CS|TAMS 0x00000000ee200000| PB 0x00000000ee200000| Complete 
| 227|0x00000000ee300000, 0x00000000ee400000, 0x00000000ee400000|100%| E|CS|TAMS 0x00000000ee300000| PB 0x00000000ee300000| Complete 
| 228|0x00000000ee400000, 0x00000000ee500000, 0x00000000ee500000|100%| E|CS|TAMS 0x00000000ee400000| PB 0x00000000ee400000| Complete 
| 229|0x00000000ee500000, 0x00000000ee600000, 0x00000000ee600000|100%| E|CS|TAMS 0x00000000ee500000| PB 0x00000000ee500000| Complete 
| 230|0x00000000ee600000, 0x00000000ee700000, 0x00000000ee700000|100%| E|CS|TAMS 0x00000000ee600000| PB 0x00000000ee600000| Complete 
| 231|0x00000000ee700000, 0x00000000ee800000, 0x00000000ee800000|100%| E|CS|TAMS 0x00000000ee700000| PB 0x00000000ee700000| Complete 
| 232|0x00000000ee800000, 0x00000000ee900000, 0x00000000ee900000|100%| E|CS|TAMS 0x00000000ee800000| PB 0x00000000ee800000| Complete 
| 233|0x00000000ee900000, 0x00000000eea00000, 0x00000000eea00000|100%| E|CS|TAMS 0x00000000ee900000| PB 0x00000000ee900000| Complete 
| 234|0x00000000eea00000, 0x00000000eeb00000, 0x00000000eeb00000|100%| E|CS|TAMS 0x00000000eea00000| PB 0x00000000eea00000| Complete 
| 235|0x00000000eeb00000, 0x00000000eec00000, 0x00000000eec00000|100%| E|CS|TAMS 0x00000000eeb00000| PB 0x00000000eeb00000| Complete 
| 236|0x00000000eec00000, 0x00000000eed00000, 0x00000000eed00000|100%| E|CS|TAMS 0x00000000eec00000| PB 0x00000000eec00000| Complete 
| 237|0x00000000eed00000, 0x00000000eee00000, 0x00000000eee00000|100%| E|CS|TAMS 0x00000000eed00000| PB 0x00000000eed00000| Complete 
| 238|0x00000000eee00000, 0x00000000eef00000, 0x00000000eef00000|100%| E|CS|TAMS 0x00000000eee00000| PB 0x00000000eee00000| Complete 
| 239|0x00000000eef00000, 0x00000000ef000000, 0x00000000ef000000|100%| E|CS|TAMS 0x00000000eef00000| PB 0x00000000eef00000| Complete 
| 240|0x00000000ef000000, 0x00000000ef100000, 0x00000000ef100000|100%| E|CS|TAMS 0x00000000ef000000| PB 0x00000000ef000000| Complete 
| 241|0x00000000ef100000, 0x00000000ef200000, 0x00000000ef200000|100%| E|CS|TAMS 0x00000000ef100000| PB 0x00000000ef100000| Complete 
| 242|0x00000000ef200000, 0x00000000ef300000, 0x00000000ef300000|100%| E|CS|TAMS 0x00000000ef200000| PB 0x00000000ef200000| Complete 
| 243|0x00000000ef300000, 0x00000000ef400000, 0x00000000ef400000|100%| E|CS|TAMS 0x00000000ef300000| PB 0x00000000ef300000| Complete 
| 244|0x00000000ef400000, 0x00000000ef500000, 0x00000000ef500000|100%| E|CS|TAMS 0x00000000ef400000| PB 0x00000000ef400000| Complete 
| 245|0x00000000ef500000, 0x00000000ef600000, 0x00000000ef600000|100%| E|CS|TAMS 0x00000000ef500000| PB 0x00000000ef500000| Complete 
| 246|0x00000000ef600000, 0x00000000ef700000, 0x00000000ef700000|100%| E|CS|TAMS 0x00000000ef600000| PB 0x00000000ef600000| Complete 
| 247|0x00000000ef700000, 0x00000000ef800000, 0x00000000ef800000|100%| E|CS|TAMS 0x00000000ef700000| PB 0x00000000ef700000| Complete 
| 248|0x00000000ef800000, 0x00000000ef900000, 0x00000000ef900000|100%| E|CS|TAMS 0x00000000ef800000| PB 0x00000000ef800000| Complete 
| 249|0x00000000ef900000, 0x00000000efa00000, 0x00000000efa00000|100%| E|CS|TAMS 0x00000000ef900000| PB 0x00000000ef900000| Complete 
| 250|0x00000000efa00000, 0x00000000efb00000, 0x00000000efb00000|100%| E|CS|TAMS 0x00000000efa00000| PB 0x00000000efa00000| Complete 
| 251|0x00000000efb00000, 0x00000000efc00000, 0x00000000efc00000|100%| E|CS|TAMS 0x00000000efb00000| PB 0x00000000efb00000| Complete 
| 252|0x00000000efc00000, 0x00000000efd00000, 0x00000000efd00000|100%| E|CS|TAMS 0x00000000efc00000| PB 0x00000000efc00000| Complete 
| 253|0x00000000efd00000, 0x00000000efe00000, 0x00000000efe00000|100%| E|CS|TAMS 0x00000000efd00000| PB 0x00000000efd00000| Complete 
| 254|0x00000000efe00000, 0x00000000eff00000, 0x00000000eff00000|100%| E|CS|TAMS 0x00000000efe00000| PB 0x00000000efe00000| Complete 
| 255|0x00000000eff00000, 0x00000000f0000000, 0x00000000f0000000|100%| E|CS|TAMS 0x00000000eff00000| PB 0x00000000eff00000| Complete 

Card table byte_map: [0x000001b176b80000,0x000001b176c80000] _byte_map_base: 0x000001b176480000

Marking Bits: (CMBitMap*) 0x000001b16e0e7ba0
 Bits: [0x000001b176c80000, 0x000001b177480000)

Polling page: 0x000001b16c0a0000

Metaspace:

Usage:
  Non-class:     34.82 MB used.
      Class:      5.77 MB used.
       Both:     40.59 MB used.

Virtual space:
  Non-class space:       64.00 MB reserved,      35.50 MB ( 55%) committed,  1 nodes.
      Class space:      320.00 MB reserved,       6.38 MB (  2%) committed,  1 nodes.
             Both:      384.00 MB reserved,      41.88 MB ( 11%) committed. 

Chunk freelists:
   Non-Class:  11.73 MB
       Class:  9.48 MB
        Both:  21.22 MB

MaxMetaspaceSize: 384.00 MB
CompressedClassSpaceSize: 320.00 MB
Initial GC threshold: 21.00 MB
Current GC threshold: 58.69 MB
CDS: on
 - commit_granule_bytes: 65536.
 - commit_granule_words: 8192.
 - virtual_space_node_default_size: 8388608.
 - enlarge_chunks_in_place: 1.
 - use_allocation_guard: 0.


Internal statistics:

num_allocs_failed_limit: 6.
num_arena_births: 2122.
num_arena_deaths: 0.
num_vsnodes_births: 2.
num_vsnodes_deaths: 0.
num_space_committed: 670.
num_space_uncommitted: 0.
num_chunks_returned_to_freelist: 6.
num_chunks_taken_from_freelist: 3884.
num_chunk_merges: 6.
num_chunk_splits: 2549.
num_chunks_enlarged: 1633.
num_inconsistent_stats: 0.

CodeHeap 'non-profiled nmethods': size=120000Kb used=2606Kb max_used=2606Kb free=117393Kb
 bounds [0x000001b107ad0000, 0x000001b107d60000, 0x000001b10f000000]
CodeHeap 'profiled nmethods': size=120000Kb used=9463Kb max_used=9463Kb free=110536Kb
 bounds [0x000001b100000000, 0x000001b100950000, 0x000001b107530000]
CodeHeap 'non-nmethods': size=5760Kb used=2698Kb max_used=2741Kb free=3061Kb
 bounds [0x000001b107530000, 0x000001b1077f0000, 0x000001b107ad0000]
 total_blobs=5775 nmethods=4938 adapters=740
 compilation: disabled (not enough contiguous free space left)
              stopped_count=1, restarted_count=0
 full_count=1

Compilation events (20 events):
Event: 22.369 Thread 0x000001b17a110210 nmethod 5448 0x000001b100930490 code [0x000001b1009306a0, 0x000001b100930cd8]
Event: 22.369 Thread 0x000001b17a110210 5449       3       org.apache.groovy.parser.antlr4.GroovyLexer::emit (48 bytes)
Event: 22.370 Thread 0x000001b17a110210 nmethod 5449 0x000001b100930f10 code [0x000001b1009310e0, 0x000001b100931458]
Event: 22.370 Thread 0x000001b17a110210 5446       3       groovyjarjarantlr4.v4.runtime.Lexer::emit (51 bytes)
Event: 22.370 Thread 0x000001b17a110210 nmethod 5446 0x000001b100931590 code [0x000001b100931760, 0x000001b100931bd8]
Event: 22.370 Thread 0x000001b17a110210 5450       3       groovyjarjarantlr4.v4.runtime.Parser::consume (215 bytes)
Event: 22.371 Thread 0x000001b17a110210 nmethod 5450 0x000001b100931e10 code [0x000001b100932180, 0x000001b100933d08]
Event: 22.371 Thread 0x000001b17a110210 5443       3       groovyjarjarantlr4.v4.runtime.dfa.HashEdgeMap::size (41 bytes)
Event: 22.372 Thread 0x000001b17a110210 nmethod 5443 0x000001b100934510 code [0x000001b1009346c0, 0x000001b1009348c0]
Event: 22.372 Thread 0x000001b17a110210 5441       3       groovyjarjarantlr4.v4.runtime.dfa.DFA::getPrecedenceStartState (51 bytes)
Event: 22.372 Thread 0x000001b17a110210 nmethod 5441 0x000001b100934a10 code [0x000001b100934c40, 0x000001b100935550]
Event: 22.372 Thread 0x000001b17a110210 5439       3       org.apache.groovy.parser.antlr4.GroovyParser$PrimaryContext::<init> (5 bytes)
Event: 22.372 Thread 0x000001b17a110210 nmethod 5439 0x000001b100935810 code [0x000001b1009359c0, 0x000001b100935c78]
Event: 22.380 Thread 0x000001b17a110210 5451   !   3       groovyjarjarantlr4.v4.runtime.Lexer::nextToken (249 bytes)
Event: 22.384 Thread 0x000001b17a110210 nmethod 5451 0x000001b100935d90 code [0x000001b100936040, 0x000001b100937548]
Event: 22.384 Thread 0x000001b17a110210 5452       3       groovyjarjarantlr4.v4.runtime.BufferedTokenStream::fetch (89 bytes)
Event: 22.385 Thread 0x000001b17a110210 nmethod 5452 0x000001b100937c10 code [0x000001b100937e40, 0x000001b1009386a8]
Event: 22.476 Thread 0x000001b17a110210 5454   !   3       org.apache.groovy.parser.antlr4.GroovyParser::pathElement (1241 bytes)
Event: 22.481 Thread 0x000001b17a110210 nmethod 5454 0x000001b100938910 code [0x000001b100938e80, 0x000001b10093ca20]
Event: 22.481 Thread 0x000001b17a110210 5458   !   3       org.apache.groovy.parser.antlr4.GroovyParser::expression (4043 bytes)

GC Heap History (12 events):
Event: 1.433 GC heap before
{Heap before GC invocations=0 (full 0):
 garbage-first heap   total 262144K, used 26624K [0x00000000e0000000, 0x0000000100000000)
  region size 1024K, 23 young (23552K), 0 survivors (0K)
 Metaspace       used 2216K, committed 2368K, reserved 393216K
  class space    used 241K, committed 320K, reserved 327680K
}
Event: 1.452 GC heap after
{Heap after GC invocations=1 (full 0):
 garbage-first heap   total 262144K, used 10533K [0x00000000e0000000, 0x0000000100000000)
  region size 1024K, 3 young (3072K), 3 survivors (3072K)
 Metaspace       used 2216K, committed 2368K, reserved 393216K
  class space    used 241K, committed 320K, reserved 327680K
}
Event: 2.681 GC heap before
{Heap before GC invocations=1 (full 0):
 garbage-first heap   total 262144K, used 39205K [0x00000000e0000000, 0x0000000100000000)
  region size 1024K, 31 young (31744K), 3 survivors (3072K)
 Metaspace       used 4187K, committed 4416K, reserved 393216K
  class space    used 519K, committed 640K, reserved 327680K
}
Event: 2.688 GC heap after
{Heap after GC invocations=2 (full 0):
 garbage-first heap   total 262144K, used 11971K [0x00000000e0000000, 0x0000000100000000)
  region size 1024K, 2 young (2048K), 2 survivors (2048K)
 Metaspace       used 4187K, committed 4416K, reserved 393216K
  class space    used 519K, committed 640K, reserved 327680K
}
Event: 11.448 GC heap before
{Heap before GC invocations=2 (full 0):
 garbage-first heap   total 262144K, used 126659K [0x00000000e0000000, 0x0000000100000000)
  region size 1024K, 112 young (114688K), 2 survivors (2048K)
 Metaspace       used 20648K, committed 21312K, reserved 393216K
  class space    used 2980K, committed 3264K, reserved 327680K
}
Event: 11.484 GC heap after
{Heap after GC invocations=3 (full 0):
 garbage-first heap   total 262144K, used 24046K [0x00000000e0000000, 0x0000000100000000)
  region size 1024K, 12 young (12288K), 12 survivors (12288K)
 Metaspace       used 20648K, committed 21312K, reserved 393216K
  class space    used 2980K, committed 3264K, reserved 327680K
}
Event: 11.609 GC heap before
{Heap before GC invocations=3 (full 0):
 garbage-first heap   total 262144K, used 26094K [0x00000000e0000000, 0x0000000100000000)
  region size 1024K, 15 young (15360K), 12 survivors (12288K)
 Metaspace       used 20833K, committed 21504K, reserved 393216K
  class space    used 3012K, committed 3328K, reserved 327680K
}
Event: 11.673 GC heap after
{Heap after GC invocations=4 (full 0):
 garbage-first heap   total 262144K, used 25213K [0x00000000e0000000, 0x0000000100000000)
  region size 1024K, 2 young (2048K), 2 survivors (2048K)
 Metaspace       used 20833K, committed 21504K, reserved 393216K
  class space    used 3012K, committed 3328K, reserved 327680K
}
Event: 15.018 GC heap before
{Heap before GC invocations=5 (full 0):
 garbage-first heap   total 262144K, used 114301K [0x00000000e0000000, 0x0000000100000000)
  region size 1024K, 91 young (93184K), 2 survivors (2048K)
 Metaspace       used 34769K, committed 35968K, reserved 393216K
  class space    used 5055K, committed 5632K, reserved 327680K
}
Event: 15.031 GC heap after
{Heap after GC invocations=6 (full 0):
 garbage-first heap   total 262144K, used 30299K [0x00000000e0000000, 0x0000000100000000)
  region size 1024K, 7 young (7168K), 7 survivors (7168K)
 Metaspace       used 34769K, committed 35968K, reserved 393216K
  class space    used 5055K, committed 5632K, reserved 327680K
}
Event: 19.711 GC heap before
{Heap before GC invocations=7 (full 0):
 garbage-first heap   total 262144K, used 183899K [0x00000000e0000000, 0x0000000100000000)
  region size 1024K, 153 young (156672K), 7 survivors (7168K)
 Metaspace       used 40434K, committed 41728K, reserved 393216K
  class space    used 5774K, committed 6400K, reserved 327680K
}
Event: 19.749 GC heap after
{Heap after GC invocations=8 (full 0):
 garbage-first heap   total 262144K, used 40765K [0x00000000e0000000, 0x0000000100000000)
  region size 1024K, 17 young (17408K), 17 survivors (17408K)
 Metaspace       used 40434K, committed 41728K, reserved 393216K
  class space    used 5774K, committed 6400K, reserved 327680K
}

Dll operation events (15 events):
Event: 0.016 Loaded shared library C:\Program Files\Java\jdk-21\bin\java.dll
Event: 0.160 Loaded shared library C:\Program Files\Java\jdk-21\bin\jsvml.dll
Event: 0.306 Loaded shared library C:\Program Files\Java\jdk-21\bin\zip.dll
Event: 0.317 Loaded shared library C:\Program Files\Java\jdk-21\bin\instrument.dll
Event: 0.324 Loaded shared library C:\Program Files\Java\jdk-21\bin\net.dll
Event: 0.327 Loaded shared library C:\Program Files\Java\jdk-21\bin\nio.dll
Event: 0.332 Loaded shared library C:\Program Files\Java\jdk-21\bin\zip.dll
Event: 0.788 Loaded shared library C:\Program Files\Java\jdk-21\bin\jimage.dll
Event: 0.998 Loaded shared library C:\Program Files\Java\jdk-21\bin\verify.dll
Event: 1.474 Loaded shared library C:\Users\epask\.gradle\native\c067742578af261105cb4f569cf0c3c89f3d7b1fecec35dd04571415982c5e48\windows-amd64\native-platform.dll
Event: 1.495 Loaded shared library C:\Users\epask\.gradle\native\100fb08df4bc3b14c8652ba06237920a3bd2aa13389f12d3474272988ae205f9\windows-amd64\native-platform-file-events.dll
Event: 4.128 Loaded shared library C:\Program Files\Java\jdk-21\bin\management.dll
Event: 4.137 Loaded shared library C:\Program Files\Java\jdk-21\bin\management_ext.dll
Event: 4.542 Loaded shared library C:\Program Files\Java\jdk-21\bin\extnet.dll
Event: 4.931 Loaded shared library C:\Program Files\Java\jdk-21\bin\sunmscapi.dll

Deoptimization events (20 events):
Event: 20.503 Thread 0x000001b17fe8df80 Uncommon trap: trap_request=0xffffff45 fr.pc=0x000001b107cd8f98 relative=0x0000000000000618
Event: 20.503 Thread 0x000001b17fe8df80 Uncommon trap: reason=unstable_if action=reinterpret pc=0x000001b107cd8f98 method=sun.invoke.util.Wrapper.forBasicType(Ljava/lang/Class;)Lsun/invoke/util/Wrapper; @ 59 c2
Event: 20.503 Thread 0x000001b17fe8df80 DEOPT PACKING pc=0x000001b107cd8f98 sp=0x00000084bb2f6670
Event: 20.503 Thread 0x000001b17fe8df80 DEOPT UNPACKING pc=0x000001b1075846a2 sp=0x00000084bb2f65c0 mode 2
Event: 20.503 Thread 0x000001b17fe8df80 Uncommon trap: trap_request=0xffffff45 fr.pc=0x000001b107cd2004 relative=0x0000000000000144
Event: 20.503 Thread 0x000001b17fe8df80 Uncommon trap: reason=unstable_if action=reinterpret pc=0x000001b107cd2004 method=sun.invoke.util.Wrapper.forBasicType(Ljava/lang/Class;)Lsun/invoke/util/Wrapper; @ 59 c2
Event: 20.503 Thread 0x000001b17fe8df80 DEOPT PACKING pc=0x000001b107cd2004 sp=0x00000084bb2f6370
Event: 20.503 Thread 0x000001b17fe8df80 DEOPT UNPACKING pc=0x000001b1075846a2 sp=0x00000084bb2f6308 mode 2
Event: 20.543 Thread 0x000001b17fe8df80 Uncommon trap: trap_request=0xffffff45 fr.pc=0x000001b107cd2450 relative=0x0000000000000130
Event: 20.543 Thread 0x000001b17fe8df80 Uncommon trap: reason=unstable_if action=reinterpret pc=0x000001b107cd2450 method=java.util.Arrays.hashCode([Ljava/lang/Object;)I @ 34 c2
Event: 20.543 Thread 0x000001b17fe8df80 DEOPT PACKING pc=0x000001b107cd2450 sp=0x00000084bb2f72b0
Event: 20.543 Thread 0x000001b17fe8df80 DEOPT UNPACKING pc=0x000001b1075846a2 sp=0x00000084bb2f7228 mode 2
Event: 20.676 Thread 0x000001b17fe8df80 Uncommon trap: trap_request=0xffffff6e fr.pc=0x000001b107aed77c relative=0x000000000000015c
Event: 20.676 Thread 0x000001b17fe8df80 Uncommon trap: reason=loop_limit_check action=maybe_recompile pc=0x000001b107aed77c method=java.lang.StringLatin1.lastIndexOf([BII)I @ 19 c2
Event: 20.676 Thread 0x000001b17fe8df80 DEOPT PACKING pc=0x000001b107aed77c sp=0x00000084bb2f4e40
Event: 20.676 Thread 0x000001b17fe8df80 DEOPT UNPACKING pc=0x000001b1075846a2 sp=0x00000084bb2f4dc0 mode 2
Event: 22.109 Thread 0x000001b17fe8df80 DEOPT PACKING pc=0x000001b1008d999a sp=0x00000084bb2f8bd0
Event: 22.109 Thread 0x000001b17fe8df80 DEOPT UNPACKING pc=0x000001b107584e42 sp=0x00000084bb2f8068 mode 0
Event: 22.140 Thread 0x000001b17fe8df80 DEOPT PACKING pc=0x000001b1004cf1de sp=0x00000084bb2f9090
Event: 22.140 Thread 0x000001b17fe8df80 DEOPT UNPACKING pc=0x000001b107584e42 sp=0x00000084bb2f8610 mode 0

Classes loaded (20 events):
Event: 16.863 Loading class java/util/stream/ReferencePipeline$4$1
Event: 16.863 Loading class java/util/stream/ReferencePipeline$4$1 done
Event: 20.504 Loading class java/util/stream/ReduceOps$9
Event: 20.504 Loading class java/util/stream/ReduceOps$9 done
Event: 20.504 Loading class java/util/stream/ReduceOps$CountingSink$OfInt
Event: 20.504 Loading class java/util/stream/ReduceOps$CountingSink
Event: 20.504 Loading class java/util/stream/ReduceOps$CountingSink done
Event: 20.504 Loading class java/util/stream/ReduceOps$CountingSink$OfInt done
Event: 20.879 Loading class java/util/LinkedList$LLSpliterator
Event: 20.879 Loading class java/util/LinkedList$LLSpliterator done
Event: 21.753 Loading class sun/nio/fs/WindowsException
Event: 21.753 Loading class sun/nio/fs/WindowsException done
Event: 21.887 Loading class java/io/CharArrayWriter
Event: 21.887 Loading class java/io/CharArrayWriter done
Event: 21.900 Loading class java/lang/ThreadLocal$SuppliedThreadLocal
Event: 21.901 Loading class java/lang/ThreadLocal$SuppliedThreadLocal done
Event: 22.126 Loading class java/nio/file/StandardCopyOption
Event: 22.126 Loading class java/nio/file/StandardCopyOption done
Event: 22.126 Loading class sun/nio/fs/WindowsFileCopy
Event: 22.126 Loading class sun/nio/fs/WindowsFileCopy done

Classes unloaded (0 events):
No events

Classes redefined (0 events):
No events

Internal exceptions (20 events):
Event: 15.721 Thread 0x000001b17fe8df80 Exception <a 'java/lang/ClassNotFoundException'{0x00000000edf7ea20}: groovy/lang/ClosureCustomizer> (0x00000000edf7ea20) 
thrown [s\open\src\hotspot\share\classfile\systemDictionary.cpp, line 312]
Event: 15.736 Thread 0x000001b17fe8df80 Exception <a 'java/lang/ClassNotFoundException'{0x00000000edfaeff8}: groovy/lang/Closure$1Customizer> (0x00000000edfaeff8) 
thrown [s\open\src\hotspot\share\classfile\systemDictionary.cpp, line 312]
Event: 15.934 Thread 0x000001b17fe8df80 Exception <a 'java/lang/IncompatibleClassChangeError'{0x00000000edd6d8f0}: Found class java.lang.Object, but interface was expected> (0x00000000edd6d8f0) 
thrown [s\open\src\hotspot\share\interpreter\linkResolver.cpp, line 840]
Event: 15.966 Thread 0x000001b17fe8df80 Exception <a 'java/lang/NoSuchMethodError'{0x00000000eddcf5a8}: 'void java.lang.invoke.DirectMethodHandle$Holder.invokeStatic(java.lang.Object, java.lang.Object, java.lang.Object, java.lang.Object, java.lang.Object, java.lang.Object)'> (0x00000000eddcf5a8) 
thrown [s\open\src\hotspot\share\interpreter\linkResolver.cpp, line 773]
Event: 16.073 Thread 0x000001b17fe8df80 Exception <a 'java/lang/NoSuchMethodError'{0x00000000eda7d1b8}: 'void java.lang.invoke.DirectMethodHandle$Holder.invokeVirtual(java.lang.Object, java.lang.Object)'> (0x00000000eda7d1b8) 
thrown [s\open\src\hotspot\share\interpreter\linkResolver.cpp, line 773]
Event: 16.093 Thread 0x000001b17fe8df80 Exception <a 'java/lang/NoSuchMethodError'{0x00000000edae7048}: 'void java.lang.invoke.Invokers$Holder.invokeExact_MT(java.lang.Object, java.lang.Object, java.lang.Object, java.lang.Object)'> (0x00000000edae7048) 
thrown [s\open\src\hotspot\share\interpreter\linkResolver.cpp, line 773]
Event: 20.543 Thread 0x000001b17fe8df80 Implicit null exception at 0x000001b107cd237c to 0x000001b107cd2434
Event: 20.988 Thread 0x000001b17fe8df80 Exception <a 'java/lang/ClassNotFoundException'{0x00000000ee28dcc0}: org/apache/groovy/parser/antlr4/util/StringUtils$4BeanInfo> (0x00000000ee28dcc0) 
thrown [s\open\src\hotspot\share\classfile\systemDictionary.cpp, line 312]
Event: 20.989 Thread 0x000001b17fe8df80 Exception <a 'java/lang/ClassNotFoundException'{0x00000000ee29c0a8}: org/apache/groovy/parser/antlr4/util/StringUtils$4Customizer> (0x00000000ee29c0a8) 
thrown [s\open\src\hotspot\share\classfile\systemDictionary.cpp, line 312]
Event: 21.044 Thread 0x000001b17fe8df80 Exception <a 'java/lang/ClassNotFoundException'{0x00000000ee2cd260}: org/apache/groovy/parser/antlr4/util/StringUtils$2BeanInfo> (0x00000000ee2cd260) 
thrown [s\open\src\hotspot\share\classfile\systemDictionary.cpp, line 312]
Event: 21.045 Thread 0x000001b17fe8df80 Exception <a 'java/lang/ClassNotFoundException'{0x00000000ee2db648}: org/apache/groovy/parser/antlr4/util/StringUtils$2Customizer> (0x00000000ee2db648) 
thrown [s\open\src\hotspot\share\classfile\systemDictionary.cpp, line 312]
Event: 21.082 Thread 0x000001b17fe8df80 Exception <a 'java/lang/ClassNotFoundException'{0x00000000ee10cc80}: org/apache/groovy/parser/antlr4/util/StringUtils$1BeanInfo> (0x00000000ee10cc80) 
thrown [s\open\src\hotspot\share\classfile\systemDictionary.cpp, line 312]
Event: 21.089 Thread 0x000001b17fe8df80 Exception <a 'java/lang/ClassNotFoundException'{0x00000000ee11b068}: org/apache/groovy/parser/antlr4/util/StringUtils$1Customizer> (0x00000000ee11b068) 
thrown [s\open\src\hotspot\share\classfile\systemDictionary.cpp, line 312]
Event: 21.159 Thread 0x000001b17fe8df80 Exception <a 'java/lang/ClassNotFoundException'{0x00000000ee14c220}: org/apache/groovy/parser/antlr4/util/StringUtils$3BeanInfo> (0x00000000ee14c220) 
thrown [s\open\src\hotspot\share\classfile\systemDictionary.cpp, line 312]
Event: 21.182 Thread 0x000001b17fe8df80 Exception <a 'java/lang/ClassNotFoundException'{0x00000000ee15a608}: org/apache/groovy/parser/antlr4/util/StringUtils$3Customizer> (0x00000000ee15a608) 
thrown [s\open\src\hotspot\share\classfile\systemDictionary.cpp, line 312]
Event: 21.644 Thread 0x000001b17fe8df80 Exception <a 'java/lang/NoSuchMethodError'{0x00000000edf91f10}: 'void java.lang.invoke.DirectMethodHandle$Holder.invokeInterface(java.lang.Object, java.lang.Object, java.lang.Object, java.lang.Object)'> (0x00000000edf91f10) 
thrown [s\open\src\hotspot\share\interpreter\linkResolver.cpp, line 773]
Event: 21.754 Thread 0x000001b17fe8df80 Exception <a 'sun/nio/fs/WindowsException'{0x00000000edf9d730}> (0x00000000edf9d730) 
thrown [s\open\src\hotspot\share\prims\jni.cpp, line 520]
Event: 21.755 Thread 0x000001b17fe8df80 Exception <a 'sun/nio/fs/WindowsException'{0x00000000edf9eeb0}> (0x00000000edf9eeb0) 
thrown [s\open\src\hotspot\share\prims\jni.cpp, line 520]
Event: 22.134 Thread 0x000001b17fe8df80 Exception <a 'sun/nio/fs/WindowsException'{0x00000000edd50498}> (0x00000000edd50498) 
thrown [s\open\src\hotspot\share\prims\jni.cpp, line 520]
Event: 22.532 Thread 0x000001b17fe8df80 Exception <a 'java/lang/NoSuchMethodError'{0x00000000ed99e770}: 'void java.lang.invoke.DirectMethodHandle$Holder.invokeSpecialIFC(java.lang.Object, java.lang.Object, java.lang.Object)'> (0x00000000ed99e770) 
thrown [s\open\src\hotspot\share\interpreter\linkResolver.cpp, line 773]

ZGC Phase Switch (0 events):
No events

VM Operations (20 events):
Event: 16.614 Executing VM operation: HandshakeAllThreads (Deoptimize)
Event: 16.614 Executing VM operation: HandshakeAllThreads (Deoptimize) done
Event: 16.654 Executing VM operation: ICBufferFull
Event: 16.655 Executing VM operation: ICBufferFull done
Event: 16.685 Executing VM operation: HandshakeAllThreads (Deoptimize)
Event: 16.685 Executing VM operation: HandshakeAllThreads (Deoptimize) done
Event: 16.843 Executing VM operation: ICBufferFull
Event: 16.843 Executing VM operation: ICBufferFull done
Event: 16.862 Executing VM operation: HandshakeAllThreads (Deoptimize)
Event: 16.862 Executing VM operation: HandshakeAllThreads (Deoptimize) done
Event: 17.873 Executing VM operation: Cleanup
Event: 17.914 Executing VM operation: Cleanup done
Event: 18.917 Executing VM operation: Cleanup
Event: 18.919 Executing VM operation: Cleanup done
Event: 19.711 Executing VM operation: G1CollectForAllocation (G1 Evacuation Pause)
Event: 19.749 Executing VM operation: G1CollectForAllocation (G1 Evacuation Pause) done
Event: 20.763 Executing VM operation: Cleanup
Event: 20.776 Executing VM operation: Cleanup done
Event: 21.790 Executing VM operation: Cleanup
Event: 21.790 Executing VM operation: Cleanup done

Events (20 events):
Event: 15.059 Thread 0x000001b17a0ebd90 flushing nmethod 0x000001b107adfe10
Event: 15.059 Thread 0x000001b17a0ebd90 flushing nmethod 0x000001b107ade910
Event: 15.060 Thread 0x000001b17a0ebd90 flushing nmethod 0x000001b107b03810
Event: 15.060 Thread 0x000001b17a0ebd90 flushing nmethod 0x000001b107afdb10
Event: 15.060 Thread 0x000001b17a0ebd90 flushing nmethod 0x000001b107afcf10
Event: 15.060 Thread 0x000001b17a0ebd90 flushing nmethod 0x000001b107b09b10
Event: 15.060 Thread 0x000001b17a0ebd90 flushing nmethod 0x000001b107b09510
Event: 15.060 Thread 0x000001b17a0ebd90 flushing nmethod 0x000001b107afb290
Event: 15.060 Thread 0x000001b17a0ebd90 flushing nmethod 0x000001b107af5210
Event: 15.060 Thread 0x000001b17a0ebd90 flushing nmethod 0x000001b107b08690
Event: 15.060 Thread 0x000001b17a0ebd90 flushing nmethod 0x000001b107af4d10
Event: 15.060 Thread 0x000001b17a0ebd90 flushing nmethod 0x000001b107af4590
Event: 15.060 Thread 0x000001b17a0ebd90 flushing nmethod 0x000001b107af3b10
Event: 15.060 Thread 0x000001b17a0ebd90 flushing nmethod 0x000001b107af2790
Event: 15.060 Thread 0x000001b17a0ebd90 flushing nmethod 0x000001b107af2210
Event: 15.060 Thread 0x000001b17a0ebd90 flushing nmethod 0x000001b107aea110
Event: 15.060 Thread 0x000001b17a0ebd90 flushing nmethod 0x000001b107aec490
Event: 15.060 Thread 0x000001b17a0ebd90 flushing nmethod 0x000001b107adde10
Event: 15.060 Thread 0x000001b17a0ebd90 flushing nmethod 0x000001b107adb010
Event: 22.246 Thread 0x000001b1266044a0 Thread added: 0x000001b1266044a0


Dynamic libraries:
0x00007ff7d81c0000 - 0x00007ff7d81d0000 	C:\Program Files\Java\jdk-21\bin\java.exe
0x00007fff3ed10000 - 0x00007fff3ef27000 	C:\Windows\SYSTEM32\ntdll.dll
0x00007fff3df00000 - 0x00007fff3dfc4000 	C:\Windows\System32\KERNEL32.DLL
0x00007fff3c350000 - 0x00007fff3c70a000 	C:\Windows\System32\KERNELBASE.dll
0x00007fff3c740000 - 0x00007fff3c851000 	C:\Windows\System32\ucrtbase.dll
0x00007fff26c00000 - 0x00007fff26c19000 	C:\Program Files\Java\jdk-21\bin\jli.dll
0x00007fff3d360000 - 0x00007fff3d412000 	C:\Windows\System32\ADVAPI32.dll
0x00007fff26890000 - 0x00007fff268ab000 	C:\Program Files\Java\jdk-21\bin\VCRUNTIME140.dll
0x00007fff3ca20000 - 0x00007fff3cac7000 	C:\Windows\System32\msvcrt.dll
0x00007fff3d040000 - 0x00007fff3d0e7000 	C:\Windows\System32\sechost.dll
0x00007fff3bff0000 - 0x00007fff3c018000 	C:\Windows\System32\bcrypt.dll
0x00007fff3ce40000 - 0x00007fff3cf54000 	C:\Windows\System32\RPCRT4.dll
0x00007fff3dd50000 - 0x00007fff3defe000 	C:\Windows\System32\USER32.dll
0x00007fff3c710000 - 0x00007fff3c736000 	C:\Windows\System32\win32u.dll
0x00007fff3e530000 - 0x00007fff3e559000 	C:\Windows\System32\GDI32.dll
0x00007fff3c860000 - 0x00007fff3c97b000 	C:\Windows\System32\gdi32full.dll
0x00007fff3c980000 - 0x00007fff3ca1a000 	C:\Windows\System32\msvcp_win.dll
0x00007fff2a2d0000 - 0x00007fff2a562000 	C:\Windows\WinSxS\amd64_microsoft.windows.common-controls_6595b64144ccf1df_6.0.22621.4541_none_2710d1c57384c085\COMCTL32.dll
0x00007fff33450000 - 0x00007fff3345a000 	C:\Windows\SYSTEM32\VERSION.dll
0x00007fff3e4f0000 - 0x00007fff3e521000 	C:\Windows\System32\IMM32.DLL
0x00007fff36ec0000 - 0x00007fff36ecc000 	C:\Program Files\Java\jdk-21\bin\vcruntime140_1.dll
0x00007ffef6500000 - 0x00007ffef658e000 	C:\Program Files\Java\jdk-21\bin\msvcp140.dll
0x00007fff1de70000 - 0x00007fff1eb87000 	C:\Program Files\Java\jdk-21\bin\server\jvm.dll
0x00007fff3cf60000 - 0x00007fff3cfd1000 	C:\Windows\System32\WS2_32.dll
0x00007fff3bec0000 - 0x00007fff3bf0d000 	C:\Windows\SYSTEM32\POWRPROF.dll
0x00007fff36350000 - 0x00007fff36384000 	C:\Windows\SYSTEM32\WINMM.dll
0x00007fff3bea0000 - 0x00007fff3beb3000 	C:\Windows\SYSTEM32\UMPDC.dll
0x00007fff3aff0000 - 0x00007fff3b008000 	C:\Windows\SYSTEM32\kernel.appcore.dll
0x00007fff1dd40000 - 0x00007fff1dd4a000 	C:\Program Files\Java\jdk-21\bin\jimage.dll
0x00007fff39760000 - 0x00007fff39992000 	C:\Windows\SYSTEM32\DBGHELP.DLL
0x00007fff3e930000 - 0x00007fff3ecbf000 	C:\Windows\System32\combase.dll
0x00007fff3e7d0000 - 0x00007fff3e8a7000 	C:\Windows\System32\OLEAUT32.dll
0x00007fff1cf50000 - 0x00007fff1cf82000 	C:\Windows\SYSTEM32\dbgcore.DLL
0x00007fff3c2d0000 - 0x00007fff3c34b000 	C:\Windows\System32\bcryptPrimitives.dll
0x00007fff26ed0000 - 0x00007fff26edf000 	C:\Program Files\Java\jdk-21\bin\instrument.dll
0x00007fff1d0a0000 - 0x00007fff1d0bf000 	C:\Program Files\Java\jdk-21\bin\java.dll
0x00007fff3d420000 - 0x00007fff3dc98000 	C:\Windows\System32\SHELL32.dll
0x00007fff39ee0000 - 0x00007fff3a7e8000 	C:\Windows\SYSTEM32\windows.storage.dll
0x00007fff39da0000 - 0x00007fff39edf000 	C:\Windows\SYSTEM32\wintypes.dll
0x00007fff3d260000 - 0x00007fff3d35a000 	C:\Windows\System32\SHCORE.dll
0x00007fff3cb30000 - 0x00007fff3cb8e000 	C:\Windows\System32\shlwapi.dll
0x00007fff3bf20000 - 0x00007fff3bf4b000 	C:\Windows\SYSTEM32\profapi.dll
0x00007fff19f30000 - 0x00007fff1a007000 	C:\Program Files\Java\jdk-21\bin\jsvml.dll
0x00007fff19230000 - 0x00007fff19248000 	C:\Program Files\Java\jdk-21\bin\zip.dll
0x00007fff1b800000 - 0x00007fff1b810000 	C:\Program Files\Java\jdk-21\bin\net.dll
0x00007fff36620000 - 0x00007fff36756000 	C:\Windows\SYSTEM32\WINHTTP.dll
0x00007fff3b460000 - 0x00007fff3b4c9000 	C:\Windows\system32\mswsock.dll
0x00007fff192d0000 - 0x00007fff192e6000 	C:\Program Files\Java\jdk-21\bin\nio.dll
0x00007fff26cf0000 - 0x00007fff26d00000 	C:\Program Files\Java\jdk-21\bin\verify.dll
0x00007fff35f30000 - 0x00007fff35f57000 	C:\Users\epask\.gradle\native\c067742578af261105cb4f569cf0c3c89f3d7b1fecec35dd04571415982c5e48\windows-amd64\native-platform.dll
0x00007ffed3a20000 - 0x00007ffed3b64000 	C:\Users\epask\.gradle\native\100fb08df4bc3b14c8652ba06237920a3bd2aa13389f12d3474272988ae205f9\windows-amd64\native-platform-file-events.dll
0x00007fff16de0000 - 0x00007fff16dea000 	C:\Program Files\Java\jdk-21\bin\management.dll
0x00007fff16dd0000 - 0x00007fff16ddb000 	C:\Program Files\Java\jdk-21\bin\management_ext.dll
0x00007fff3ecc0000 - 0x00007fff3ecc8000 	C:\Windows\System32\PSAPI.DLL
0x00007fff3b6a0000 - 0x00007fff3b6bb000 	C:\Windows\SYSTEM32\CRYPTSP.dll
0x00007fff3af50000 - 0x00007fff3af85000 	C:\Windows\system32\rsaenh.dll
0x00007fff3b510000 - 0x00007fff3b538000 	C:\Windows\SYSTEM32\USERENV.dll
0x00007fff3b690000 - 0x00007fff3b69c000 	C:\Windows\SYSTEM32\CRYPTBASE.dll
0x00007fff3aa90000 - 0x00007fff3aabd000 	C:\Windows\SYSTEM32\IPHLPAPI.DLL
0x00007fff3e7b0000 - 0x00007fff3e7b9000 	C:\Windows\System32\NSI.dll
0x00007fff2f0f0000 - 0x00007fff2f0f9000 	C:\Program Files\Java\jdk-21\bin\extnet.dll
0x00007fff2f0e0000 - 0x00007fff2f0ee000 	C:\Program Files\Java\jdk-21\bin\sunmscapi.dll
0x00007fff3c020000 - 0x00007fff3c186000 	C:\Windows\System32\CRYPT32.dll
0x00007fff3b8c0000 - 0x00007fff3b8ed000 	C:\Windows\SYSTEM32\ncrypt.dll
0x00007fff3b880000 - 0x00007fff3b8b7000 	C:\Windows\SYSTEM32\NTASN1.dll
0x00007fff0eb90000 - 0x00007fff0eb98000 	C:\Windows\system32\wshunix.dll

dbghelp: loaded successfully - version: 4.0.5 - missing functions: none
symbol engine: initialized successfully - sym options: 0x614 - pdb path: .;C:\Program Files\Java\jdk-21\bin;C:\Windows\SYSTEM32;C:\Windows\WinSxS\amd64_microsoft.windows.common-controls_6595b64144ccf1df_6.0.22621.4541_none_2710d1c57384c085;C:\Program Files\Java\jdk-21\bin\server;C:\Users\epask\.gradle\native\c067742578af261105cb4f569cf0c3c89f3d7b1fecec35dd04571415982c5e48\windows-amd64;C:\Users\epask\.gradle\native\100fb08df4bc3b14c8652ba06237920a3bd2aa13389f12d3474272988ae205f9\windows-amd64

VM Arguments:
jvm_args: --add-opens=java.base/java.util=ALL-UNNAMED --add-opens=java.base/java.lang=ALL-UNNAMED --add-opens=java.base/java.lang.invoke=ALL-UNNAMED --add-opens=java.prefs/java.util.prefs=ALL-UNNAMED --add-opens=java.base/java.nio.charset=ALL-UNNAMED --add-opens=java.base/java.net=ALL-UNNAMED --add-opens=java.base/java.util.concurrent.atomic=ALL-UNNAMED -XX:MaxMetaspaceSize=384m -XX:+HeapDumpOnOutOfMemoryError -Xms256m -Xmx512m -Dfile.encoding=windows-1251 -Duser.country=US -Duser.language=en -Duser.variant -javaagent:C:\Users\epask\.gradle\wrapper\dists\gradle-8.8-bin\dl7vupf4psengwqhwktix4v1\gradle-8.8\lib\agents\gradle-instrumentation-agent-8.8.jar 
java_command: org.gradle.launcher.daemon.bootstrap.GradleDaemon 8.8
java_class_path (initial): C:\Users\epask\.gradle\wrapper\dists\gradle-8.8-bin\dl7vupf4psengwqhwktix4v1\gradle-8.8\lib\gradle-launcher-8.8.jar
Launcher Type: SUN_STANDARD

[Global flags]
     intx CICompilerCount                          = 4                                         {product} {ergonomic}
   size_t CompressedClassSpaceSize                 = 335544320                                 {product} {ergonomic}
     uint ConcGCThreads                            = 3                                         {product} {ergonomic}
     uint G1ConcRefinementThreads                  = 10                                        {product} {ergonomic}
   size_t G1HeapRegionSize                         = 1048576                                   {product} {ergonomic}
    uintx GCDrainStackTargetSize                   = 64                                        {product} {ergonomic}
     bool HeapDumpOnOutOfMemoryError               = true                                   {manageable} {command line}
   size_t InitialHeapSize                          = 268435456                                 {product} {command line}
   size_t MarkStackSize                            = 4194304                                   {product} {ergonomic}
   size_t MaxHeapSize                              = 536870912                                 {product} {command line}
   size_t MaxMetaspaceSize                         = 402653184                                 {product} {command line}
   size_t MaxNewSize                               = 321912832                                 {product} {ergonomic}
   size_t MinHeapDeltaBytes                        = 1048576                                   {product} {ergonomic}
   size_t MinHeapSize                              = 268435456                                 {product} {command line}
    uintx NonNMethodCodeHeapSize                   = 5839372                                {pd product} {ergonomic}
    uintx NonProfiledCodeHeapSize                  = 122909434                              {pd product} {ergonomic}
    uintx ProfiledCodeHeapSize                     = 122909434                              {pd product} {ergonomic}
    uintx ReservedCodeCacheSize                    = 251658240                              {pd product} {ergonomic}
     bool SegmentedCodeCache                       = true                                      {product} {ergonomic}
   size_t SoftMaxHeapSize                          = 536870912                              {manageable} {ergonomic}
     bool UseCompressedOops                        = true                           {product lp64_product} {ergonomic}
     bool UseG1GC                                  = true                                      {product} {ergonomic}
     bool UseLargePagesIndividualAllocation        = false                                  {pd product} {ergonomic}

Logging:
Log output configuration:
 #0: stdout all=warning uptime,level,tags foldmultilines=false
 #1: stderr all=off uptime,level,tags foldmultilines=false

Environment Variables:
PATH=C:\Program Files\Common Files\Oracle\Java\javapath;C:\ProgramData\Oracle\Java\javapath;C:\Program Files (x86)\Common Files\Oracle\Java\javapath;C:\Windows\system32;C:\Windows;C:\Windows\System32\Wbem;C:\Windows\System32\WindowsPowerShell\v1.0\;C:\Windows\System32\OpenSSH\;C:\Windows\system32;C:\Windows;C:\Windows\System32\Wbem;C:\Windows\System32\WindowsPowerShell\v1.0\;C:\Windows\System32\OpenSSH\;D:\IntelliJ IDEA 2023.3.4\plugins\maven\lib\maven3\bin;D:\Git\cmd;C:\Program Files\NVIDIA Corporation\NVIDIA app\NvDLISR;C:\Program Files (x86)\NVIDIA Corporation\PhysX\Common;C:\Program Files\Docker\Docker\resources\bin;C:\Program Files\dotnet\;C:\Program Files (x86)\Windows Kits\10\Windows Performance Toolkit\;C:\Users\epask\AppData\Local\Microsoft\WindowsApps;D:\IntelliJ IDEA 2024.1.1\bin;;D:\IntelliJ IDEA Community Edition 2024.3\bin;;C:\Users\epask\AppData\Local\GitHubDesktop\bin
USERNAME=epask
OS=Windows_NT
PROCESSOR_IDENTIFIER=AMD64 Family 25 Model 80 Stepping 0, AuthenticAMD
TMP=C:\Users\epask\AppData\Local\Temp
TEMP=C:\Users\epask\AppData\Local\Temp




Periodic native trim disabled

---------------  S Y S T E M  ---------------

OS:
 Windows 11 , 64 bit Build 22621 (10.0.22621.4391)
OS uptime: 2 days 2:23 hours
Hyper-V role detected

CPU: total 12 (initial active 12) (12 cores per cpu, 2 threads per core) family 25 model 80 stepping 0 microcode 0x0, cx8, cmov, fxsr, ht, mmx, 3dnowpref, sse, sse2, sse3, ssse3, sse4a, sse4.1, sse4.2, popcnt, lzcnt, tsc, tscinvbit, avx, avx2, aes, erms, clmul, bmi1, bmi2, adx, sha, fma, vzeroupper, clflush, clflushopt, hv, rdtscp, rdpid, fsrm, f16c, cet_ss
Processor Information for all 12 processors :
  Max Mhz: 2301, Current Mhz: 2301, Mhz Limit: 2301

Memory: 4k page, system-wide physical 7532M (269M free)
TotalPageFile size 19818M (AvailPageFile size 3M)
current process WorkingSet (physical memory assigned to process): 352M, peak: 353M
current process commit charge ("private bytes"): 459M, peak: 462M

vm_info: Java HotSpot(TM) 64-Bit Server VM (21.0.2+13-LTS-58) for windows-amd64 JRE (21.0.2+13-LTS-58), built on 2024-01-05T18:32:24Z by "mach5one" with MS VC++ 17.1 (VS2022)

END.
