#
# There is insufficient memory for the Java Runtime Environment to continue.
# Native memory allocation (malloc) failed to allocate 656096 bytes for Chunk::new
# Possible reasons:
#   The system is out of physical RAM or swap space
#   The process is running with CompressedOops enabled, and the Java Heap may be blocking the growth of the native heap
# Possible solutions:
#   Reduce memory load on the system
#   Increase physical memory or swap space
#   Check if swap backing store is full
#   Decrease Java heap size (-Xmx/-Xms)
#   Decrease number of Java threads
#   Decrease Java thread stack sizes (-Xss)
#   Set larger code cache with -XX:ReservedCodeCacheSize=
#   JVM is running with Unscaled Compressed Oops mode in which the Java heap is
#     placed in the first 4GB address space. The Java Heap base address is the
#     maximum limit for the native heap growth. Please use -XX:HeapBaseMinAddress
#     to set the Java Heap base and to place the Java Heap above 4GB virtual address.
# This output file may be truncated or incomplete.
#
#  Out of Memory Error (arena.cpp:168), pid=18052, tid=21092
#
# JRE version: Java(TM) SE Runtime Environment (21.0.2+13) (build 21.0.2+13-LTS-58)
# Java VM: Java HotSpot(TM) 64-Bit Server VM (21.0.2+13-LTS-58, mixed mode, sharing, tiered, compressed oops, compressed class ptrs, g1 gc, windows-amd64)
# No core dump will be written. Minidumps are not enabled by default on client versions of Windows
#

---------------  S U M M A R Y ------------

Command Line: --add-opens=java.base/java.util=ALL-UNNAMED --add-opens=java.base/java.lang=ALL-UNNAMED --add-opens=java.base/java.lang.invoke=ALL-UNNAMED --add-opens=java.prefs/java.util.prefs=ALL-UNNAMED --add-opens=java.base/java.nio.charset=ALL-UNNAMED --add-opens=java.base/java.net=ALL-UNNAMED --add-opens=java.base/java.util.concurrent.atomic=ALL-UNNAMED -XX:MaxMetaspaceSize=384m -XX:+HeapDumpOnOutOfMemoryError -Xms256m -Xmx512m -Dfile.encoding=windows-1251 -Duser.country=US -Duser.language=en -Duser.variant -javaagent:C:\Users\epask\.gradle\wrapper\dists\gradle-8.8-bin\dl7vupf4psengwqhwktix4v1\gradle-8.8\lib\agents\gradle-instrumentation-agent-8.8.jar org.gradle.launcher.daemon.bootstrap.GradleDaemon 8.8

Host: AMD Ryzen 5 5625U with Radeon Graphics         , 12 cores, 7G,  Windows 11 , 64 bit Build 22621 (10.0.22621.4391)
Time: Mon Dec  9 20:35:13 2024 Belarus Standard Time elapsed time: 22.665086 seconds (0d 0h 0m 22s)

---------------  T H R E A D  ---------------

Current thread (0x000001cb46ba22b0):  JavaThread "C2 CompilerThread0" daemon [_thread_in_native, id=21092, stack(0x00000095e7200000,0x00000095e7300000) (1024K)]


Current CompileTask:
C2:  22665 4570   !   4       java.net.URLClassLoader$1::run (81 bytes)

Stack: [0x00000095e7200000,0x00000095e7300000]
Native frames: (J=compiled Java code, j=interpreted, Vv=VM code, C=native code)
V  [jvm.dll+0x6cade9]
V  [jvm.dll+0x8569c1]
V  [jvm.dll+0x858d2e]
V  [jvm.dll+0x859413]
V  [jvm.dll+0x280e56]
V  [jvm.dll+0xc3f3d]
V  [jvm.dll+0xc4473]
V  [jvm.dll+0x2f437f]
V  [jvm.dll+0x5f5056]
V  [jvm.dll+0x252d7f]
V  [jvm.dll+0x24b25c]
V  [jvm.dll+0x2490a3]
V  [jvm.dll+0x1c9634]
V  [jvm.dll+0x258859]
V  [jvm.dll+0x256e3a]
V  [jvm.dll+0x3ef6c6]
V  [jvm.dll+0x7ff568]
V  [jvm.dll+0x6c953d]
C  [ucrtbase.dll+0x29333]
C  [KERNEL32.DLL+0x1259d]
C  [ntdll.dll+0x5af38]


---------------  P R O C E S S  ---------------

Threads class SMR info:
_java_thread_list=0x000001cb64e84a90, length=34, elements={
0x000001cb29915d60, 0x000001cb46b94f90, 0x000001cb46b95eb0, 0x000001cb46b9c690,
0x000001cb46b9dbc0, 0x000001cb46ba0ac0, 0x000001cb46ba1520, 0x000001cb46ba22b0,
0x000001cb46ba3180, 0x000001cb600d1300, 0x000001cb6018a210, 0x000001cb612bc640,
0x000001cb61e011f0, 0x000001cb61aff830, 0x000001cb61a05690, 0x000001cb61a021b0,
0x000001cb61a94c90, 0x000001cb61a96970, 0x000001cb61ac4170, 0x000001cb61ac5bb0,
0x000001cb61ac3ae0, 0x000001cb61ac4e90, 0x000001cb61ac6240, 0x000001cb61ac4800,
0x000001cb61ac5520, 0x000001cb61ac6f60, 0x000001cb637f8860, 0x000001cb637f9c10,
0x000001cb637f6e20, 0x000001cb637fa2a0, 0x000001cb637fca00, 0x000001cb637fc370,
0x000001cb637f81d0, 0x000001cb637fd090
}

Java Threads: ( => current thread )
  0x000001cb29915d60 JavaThread "main"                              [_thread_blocked, id=24904, stack(0x00000095e6400000,0x00000095e6500000) (1024K)]
  0x000001cb46b94f90 JavaThread "Reference Handler"          daemon [_thread_blocked, id=20756, stack(0x00000095e6c00000,0x00000095e6d00000) (1024K)]
  0x000001cb46b95eb0 JavaThread "Finalizer"                  daemon [_thread_blocked, id=28076, stack(0x00000095e6d00000,0x00000095e6e00000) (1024K)]
  0x000001cb46b9c690 JavaThread "Signal Dispatcher"          daemon [_thread_blocked, id=20800, stack(0x00000095e6e00000,0x00000095e6f00000) (1024K)]
  0x000001cb46b9dbc0 JavaThread "Attach Listener"            daemon [_thread_blocked, id=18340, stack(0x00000095e6f00000,0x00000095e7000000) (1024K)]
  0x000001cb46ba0ac0 JavaThread "Service Thread"             daemon [_thread_blocked, id=23952, stack(0x00000095e7000000,0x00000095e7100000) (1024K)]
  0x000001cb46ba1520 JavaThread "Monitor Deflation Thread"   daemon [_thread_blocked, id=17220, stack(0x00000095e7100000,0x00000095e7200000) (1024K)]
=>0x000001cb46ba22b0 JavaThread "C2 CompilerThread0"         daemon [_thread_in_native, id=21092, stack(0x00000095e7200000,0x00000095e7300000) (1024K)]
  0x000001cb46ba3180 JavaThread "C1 CompilerThread0"         daemon [_thread_blocked, id=26860, stack(0x00000095e7300000,0x00000095e7400000) (1024K)]
  0x000001cb600d1300 JavaThread "Common-Cleaner"             daemon [_thread_blocked, id=15268, stack(0x00000095e7400000,0x00000095e7500000) (1024K)]
  0x000001cb6018a210 JavaThread "Notification Thread"        daemon [_thread_blocked, id=27896, stack(0x00000095e7500000,0x00000095e7600000) (1024K)]
  0x000001cb612bc640 JavaThread "Daemon health stats"               [_thread_blocked, id=7084, stack(0x00000095e7c00000,0x00000095e7d00000) (1024K)]
  0x000001cb61e011f0 JavaThread "Incoming local TCP Connector on port 54610"        [_thread_in_native, id=24912, stack(0x00000095e7d00000,0x00000095e7e00000) (1024K)]
  0x000001cb61aff830 JavaThread "Daemon periodic checks"            [_thread_blocked, id=28532, stack(0x00000095e7e00000,0x00000095e7f00000) (1024K)]
  0x000001cb61a05690 JavaThread "Daemon"                            [_thread_blocked, id=7676, stack(0x00000095e7b00000,0x00000095e7c00000) (1024K)]
  0x000001cb61a021b0 JavaThread "Handler for socket connection from /127.0.0.1:54610 to /127.0.0.1:54614"        [_thread_in_native, id=14408, stack(0x00000095e7f00000,0x00000095e8000000) (1024K)]
  0x000001cb61a94c90 JavaThread "Cancel handler"                    [_thread_blocked, id=17464, stack(0x00000095e8000000,0x00000095e8100000) (1024K)]
  0x000001cb61a96970 JavaThread "Daemon worker"                     [_thread_in_native, id=25564, stack(0x00000095e8100000,0x00000095e8200000) (1024K)]
  0x000001cb61ac4170 JavaThread "Asynchronous log dispatcher for DefaultDaemonConnection: socket connection from /127.0.0.1:54610 to /127.0.0.1:54614"        [_thread_blocked, id=20924, stack(0x00000095e8200000,0x00000095e8300000) (1024K)]
  0x000001cb61ac5bb0 JavaThread "Stdin handler"                     [_thread_blocked, id=22348, stack(0x00000095e8300000,0x00000095e8400000) (1024K)]
  0x000001cb61ac3ae0 JavaThread "Daemon client event forwarder"        [_thread_blocked, id=15388, stack(0x00000095e8400000,0x00000095e8500000) (1024K)]
  0x000001cb61ac4e90 JavaThread "Cache worker for journal cache (C:\Users\epask\.gradle\caches\journal-1)"        [_thread_blocked, id=16120, stack(0x00000095e8500000,0x00000095e8600000) (1024K)]
  0x000001cb61ac6240 JavaThread "File lock request listener"        [_thread_in_native, id=21600, stack(0x00000095e8600000,0x00000095e8700000) (1024K)]
  0x000001cb61ac4800 JavaThread "Cache worker for file hash cache (C:\Users\epask\.gradle\caches\8.8\fileHashes)"        [_thread_blocked, id=8720, stack(0x00000095e8700000,0x00000095e8800000) (1024K)]
  0x000001cb61ac5520 JavaThread "File lock release action executor"        [_thread_blocked, id=26416, stack(0x00000095e8800000,0x00000095e8900000) (1024K)]
  0x000001cb61ac6f60 JavaThread "Cache worker for file hash cache (D:\JavaProdects\MicroservicesProject\userservice\.gradle\8.8\fileHashes)"        [_thread_blocked, id=5720, stack(0x00000095e8e00000,0x00000095e8f00000) (1024K)]
  0x000001cb637f8860 JavaThread "File watcher server"        daemon [_thread_in_native, id=20000, stack(0x00000095e8900000,0x00000095e8a00000) (1024K)]
  0x000001cb637f9c10 JavaThread "File watcher consumer"      daemon [_thread_blocked, id=15760, stack(0x00000095e9100000,0x00000095e9200000) (1024K)]
  0x000001cb637f6e20 JavaThread "Cache worker for checksums cache (D:\JavaProdects\MicroservicesProject\userservice\.gradle\8.8\checksums)"        [_thread_blocked, id=26576, stack(0x00000095e9200000,0x00000095e9300000) (1024K)]
  0x000001cb637fa2a0 JavaThread "Cache worker for file content cache (C:\Users\epask\.gradle\caches\8.8\fileContent)"        [_thread_blocked, id=27936, stack(0x00000095e9300000,0x00000095e9400000) (1024K)]
  0x000001cb637fca00 JavaThread "Cache worker for cache directory md-rule (C:\Users\epask\.gradle\caches\8.8\md-rule)"        [_thread_blocked, id=20748, stack(0x00000095e9400000,0x00000095e9500000) (1024K)]
  0x000001cb637fc370 JavaThread "Cache worker for cache directory md-supplier (C:\Users\epask\.gradle\caches\8.8\md-supplier)"        [_thread_blocked, id=19116, stack(0x00000095e9500000,0x00000095e9600000) (1024K)]
  0x000001cb637f81d0 JavaThread "jar transforms"                    [_thread_blocked, id=21780, stack(0x00000095e9600000,0x00000095e9700000) (1024K)]
  0x000001cb637fd090 JavaThread "jar transforms Thread 2"           [_thread_blocked, id=22144, stack(0x00000095e9700000,0x00000095e9800000) (1024K)]
Total: 34

Other Threads:
  0x000001cb46b76490 VMThread "VM Thread"                           [id=7616, stack(0x00000095e6b00000,0x00000095e6c00000) (1024K)]
  0x000001cb46b5e2d0 WatcherThread "VM Periodic Task Thread"        [id=28388, stack(0x00000095e6a00000,0x00000095e6b00000) (1024K)]
  0x000001cb29c47790 WorkerThread "GC Thread#0"                     [id=23656, stack(0x00000095e6500000,0x00000095e6600000) (1024K)]
  0x000001cb60b94090 WorkerThread "GC Thread#1"                     [id=11848, stack(0x00000095e7600000,0x00000095e7700000) (1024K)]
  0x000001cb60acb7c0 WorkerThread "GC Thread#2"                     [id=13376, stack(0x00000095e7700000,0x00000095e7800000) (1024K)]
  0x000001cb605141f0 WorkerThread "GC Thread#3"                     [id=20880, stack(0x00000095e7800000,0x00000095e7900000) (1024K)]
  0x000001cb60514590 WorkerThread "GC Thread#4"                     [id=24816, stack(0x00000095e7900000,0x00000095e7a00000) (1024K)]
  0x000001cb60514930 WorkerThread "GC Thread#5"                     [id=18336, stack(0x00000095e7a00000,0x00000095e7b00000) (1024K)]
  0x000001cb6291aea0 WorkerThread "GC Thread#6"                     [id=17380, stack(0x00000095e8a00000,0x00000095e8b00000) (1024K)]
  0x000001cb62919540 WorkerThread "GC Thread#7"                     [id=24724, stack(0x00000095e8b00000,0x00000095e8c00000) (1024K)]
  0x000001cb6291a3c0 WorkerThread "GC Thread#8"                     [id=18164, stack(0x00000095e8c00000,0x00000095e8d00000) (1024K)]
  0x000001cb629198e0 WorkerThread "GC Thread#9"                     [id=23204, stack(0x00000095e8d00000,0x00000095e8e00000) (1024K)]
  0x000001cb29c4d780 ConcurrentGCThread "G1 Main Marker"            [id=2240, stack(0x00000095e6600000,0x00000095e6700000) (1024K)]
  0x000001cb29c4e280 WorkerThread "G1 Conc#0"                       [id=19708, stack(0x00000095e6700000,0x00000095e6800000) (1024K)]
  0x000001cb6291ab00 WorkerThread "G1 Conc#1"                       [id=4840, stack(0x00000095e8f00000,0x00000095e9000000) (1024K)]
  0x000001cb62919c80 WorkerThread "G1 Conc#2"                       [id=27112, stack(0x00000095e9000000,0x00000095e9100000) (1024K)]
  0x000001cb46a34580 ConcurrentGCThread "G1 Refine#0"               [id=27640, stack(0x00000095e6800000,0x00000095e6900000) (1024K)]
  0x000001cb29cde590 ConcurrentGCThread "G1 Service"                [id=14636, stack(0x00000095e6900000,0x00000095e6a00000) (1024K)]
Total: 18

Threads with active compile tasks:
C2 CompilerThread0    22697 4570   !   4       java.net.URLClassLoader$1::run (81 bytes)
Total: 1

VM state: not at safepoint (normal execution)

VM Mutex/Monitor currently owned by a thread: None

Heap address: 0x00000000e0000000, size: 512 MB, Compressed Oops mode: 32-bit

CDS archive(s) mapped at: [0x000001cb47000000-0x000001cb47c90000-0x000001cb47c90000), size 13172736, SharedBaseAddress: 0x000001cb47000000, ArchiveRelocationMode: 1.
Compressed class space mapped at: 0x000001cb48000000-0x000001cb5c000000, reserved size: 335544320
Narrow klass base: 0x000001cb47000000, Narrow klass shift: 0, Narrow klass range: 0x100000000

GC Precious Log:
 CardTable entry size: 512
 Card Set container configuration: InlinePtr #cards 5 size 8 Array Of Cards #cards 12 size 40 Howl #buckets 4 coarsen threshold 1843 Howl Bitmap #cards 512 size 80 coarsen threshold 460 Card regions per heap region 1 cards per card region 2048
 CPUs: 12 total, 12 available
 Memory: 7532M
 Large Page Support: Disabled
 NUMA Support: Disabled
 Compressed Oops: Enabled (32-bit)
 Heap Region Size: 1M
 Heap Min Capacity: 256M
 Heap Initial Capacity: 256M
 Heap Max Capacity: 512M
 Pre-touch: Disabled
 Parallel Workers: 10
 Concurrent Workers: 3
 Concurrent Refinement Workers: 10
 Periodic GC: Disabled

Heap:
 garbage-first heap   total 262144K, used 52553K [0x00000000e0000000, 0x0000000100000000)
  region size 1024K, 29 young (29696K), 16 survivors (16384K)
 Metaspace       used 41257K, committed 42496K, reserved 393216K
  class space    used 5881K, committed 6464K, reserved 327680K

Heap Regions: E=young(eden), S=young(survivor), O=old, HS=humongous(starts), HC=humongous(continues), CS=collection set, F=free, TAMS=top-at-mark-start, PB=parsable bottom
|   0|0x00000000e0000000, 0x00000000e0100000, 0x00000000e0100000|100%|HS|  |TAMS 0x00000000e0000000| PB 0x00000000e0000000| Complete 
|   1|0x00000000e0100000, 0x00000000e0200000, 0x00000000e0200000|100%|HC|  |TAMS 0x00000000e0100000| PB 0x00000000e0100000| Complete 
|   2|0x00000000e0200000, 0x00000000e0300000, 0x00000000e0300000|100%|HC|  |TAMS 0x00000000e0200000| PB 0x00000000e0200000| Complete 
|   3|0x00000000e0300000, 0x00000000e0400000, 0x00000000e0400000|100%|HC|  |TAMS 0x00000000e0300000| PB 0x00000000e0300000| Complete 
|   4|0x00000000e0400000, 0x00000000e0500000, 0x00000000e0500000|100%| O|  |TAMS 0x00000000e0400000| PB 0x00000000e0400000| Untracked 
|   5|0x00000000e0500000, 0x00000000e0600000, 0x00000000e0600000|100%| O|  |TAMS 0x00000000e0500000| PB 0x00000000e0500000| Untracked 
|   6|0x00000000e0600000, 0x00000000e0700000, 0x00000000e0700000|100%| O|  |TAMS 0x00000000e0600000| PB 0x00000000e0600000| Untracked 
|   7|0x00000000e0700000, 0x00000000e0800000, 0x00000000e0800000|100%| O|  |TAMS 0x00000000e0700000| PB 0x00000000e0700000| Untracked 
|   8|0x00000000e0800000, 0x00000000e0900000, 0x00000000e0900000|100%| O|  |TAMS 0x00000000e0800000| PB 0x00000000e0800000| Untracked 
|   9|0x00000000e0900000, 0x00000000e0900000, 0x00000000e0a00000|  0%| F|  |TAMS 0x00000000e0900000| PB 0x00000000e0900000| Untracked 
|  10|0x00000000e0a00000, 0x00000000e0b00000, 0x00000000e0b00000|100%| O|  |TAMS 0x00000000e0a00000| PB 0x00000000e0a00000| Untracked 
|  11|0x00000000e0b00000, 0x00000000e0c00000, 0x00000000e0c00000|100%|HS|  |TAMS 0x00000000e0b00000| PB 0x00000000e0b00000| Complete 
|  12|0x00000000e0c00000, 0x00000000e0d00000, 0x00000000e0d00000|100%| O|  |TAMS 0x00000000e0c00000| PB 0x00000000e0c00000| Untracked 
|  13|0x00000000e0d00000, 0x00000000e0e00000, 0x00000000e0e00000|100%| O|  |TAMS 0x00000000e0d00000| PB 0x00000000e0d00000| Untracked 
|  14|0x00000000e0e00000, 0x00000000e0f00000, 0x00000000e0f00000|100%| O|  |TAMS 0x00000000e0e00000| PB 0x00000000e0e00000| Untracked 
|  15|0x00000000e0f00000, 0x00000000e1000000, 0x00000000e1000000|100%| O|  |TAMS 0x00000000e0f00000| PB 0x00000000e0f00000| Untracked 
|  16|0x00000000e1000000, 0x00000000e1100000, 0x00000000e1100000|100%| O|  |TAMS 0x00000000e1000000| PB 0x00000000e1000000| Untracked 
|  17|0x00000000e1100000, 0x00000000e1200000, 0x00000000e1200000|100%| O|  |TAMS 0x00000000e1100000| PB 0x00000000e1100000| Untracked 
|  18|0x00000000e1200000, 0x00000000e1300000, 0x00000000e1300000|100%| O|  |TAMS 0x00000000e1200000| PB 0x00000000e1200000| Untracked 
|  19|0x00000000e1300000, 0x00000000e1400000, 0x00000000e1400000|100%| O|  |TAMS 0x00000000e1300000| PB 0x00000000e1300000| Untracked 
|  20|0x00000000e1400000, 0x00000000e1500000, 0x00000000e1500000|100%| O|  |TAMS 0x00000000e1400000| PB 0x00000000e1400000| Untracked 
|  21|0x00000000e1500000, 0x00000000e1600000, 0x00000000e1600000|100%| O|  |TAMS 0x00000000e1500000| PB 0x00000000e1500000| Untracked 
|  22|0x00000000e1600000, 0x00000000e1700000, 0x00000000e1700000|100%| O|  |TAMS 0x00000000e1600000| PB 0x00000000e1600000| Untracked 
|  23|0x00000000e1700000, 0x00000000e1800000, 0x00000000e1800000|100%| O|Cm|TAMS 0x00000000e1700000| PB 0x00000000e1700000| Complete 
|  24|0x00000000e1800000, 0x00000000e1852760, 0x00000000e1900000| 32%| O|  |TAMS 0x00000000e1800000| PB 0x00000000e1800000| Untracked 
|  25|0x00000000e1900000, 0x00000000e1900000, 0x00000000e1a00000|  0%| F|  |TAMS 0x00000000e1900000| PB 0x00000000e1900000| Untracked 
|  26|0x00000000e1a00000, 0x00000000e1a00000, 0x00000000e1b00000|  0%| F|  |TAMS 0x00000000e1a00000| PB 0x00000000e1a00000| Untracked 
|  27|0x00000000e1b00000, 0x00000000e1b00000, 0x00000000e1c00000|  0%| F|  |TAMS 0x00000000e1b00000| PB 0x00000000e1b00000| Untracked 
|  28|0x00000000e1c00000, 0x00000000e1c00000, 0x00000000e1d00000|  0%| F|  |TAMS 0x00000000e1c00000| PB 0x00000000e1c00000| Untracked 
|  29|0x00000000e1d00000, 0x00000000e1d00000, 0x00000000e1e00000|  0%| F|  |TAMS 0x00000000e1d00000| PB 0x00000000e1d00000| Untracked 
|  30|0x00000000e1e00000, 0x00000000e1e00000, 0x00000000e1f00000|  0%| F|  |TAMS 0x00000000e1e00000| PB 0x00000000e1e00000| Untracked 
|  31|0x00000000e1f00000, 0x00000000e1f00000, 0x00000000e2000000|  0%| F|  |TAMS 0x00000000e1f00000| PB 0x00000000e1f00000| Untracked 
|  32|0x00000000e2000000, 0x00000000e2000000, 0x00000000e2100000|  0%| F|  |TAMS 0x00000000e2000000| PB 0x00000000e2000000| Untracked 
|  33|0x00000000e2100000, 0x00000000e2100000, 0x00000000e2200000|  0%| F|  |TAMS 0x00000000e2100000| PB 0x00000000e2100000| Untracked 
|  34|0x00000000e2200000, 0x00000000e2200000, 0x00000000e2300000|  0%| F|  |TAMS 0x00000000e2200000| PB 0x00000000e2200000| Untracked 
|  35|0x00000000e2300000, 0x00000000e2300000, 0x00000000e2400000|  0%| F|  |TAMS 0x00000000e2300000| PB 0x00000000e2300000| Untracked 
|  36|0x00000000e2400000, 0x00000000e2400000, 0x00000000e2500000|  0%| F|  |TAMS 0x00000000e2400000| PB 0x00000000e2400000| Untracked 
|  37|0x00000000e2500000, 0x00000000e2500000, 0x00000000e2600000|  0%| F|  |TAMS 0x00000000e2500000| PB 0x00000000e2500000| Untracked 
|  38|0x00000000e2600000, 0x00000000e2600000, 0x00000000e2700000|  0%| F|  |TAMS 0x00000000e2600000| PB 0x00000000e2600000| Untracked 
|  39|0x00000000e2700000, 0x00000000e2700000, 0x00000000e2800000|  0%| F|  |TAMS 0x00000000e2700000| PB 0x00000000e2700000| Untracked 
|  40|0x00000000e2800000, 0x00000000e2800000, 0x00000000e2900000|  0%| F|  |TAMS 0x00000000e2800000| PB 0x00000000e2800000| Untracked 
|  41|0x00000000e2900000, 0x00000000e2900000, 0x00000000e2a00000|  0%| F|  |TAMS 0x00000000e2900000| PB 0x00000000e2900000| Untracked 
|  42|0x00000000e2a00000, 0x00000000e2a00000, 0x00000000e2b00000|  0%| F|  |TAMS 0x00000000e2a00000| PB 0x00000000e2a00000| Untracked 
|  43|0x00000000e2b00000, 0x00000000e2b00000, 0x00000000e2c00000|  0%| F|  |TAMS 0x00000000e2b00000| PB 0x00000000e2b00000| Untracked 
|  44|0x00000000e2c00000, 0x00000000e2c00000, 0x00000000e2d00000|  0%| F|  |TAMS 0x00000000e2c00000| PB 0x00000000e2c00000| Untracked 
|  45|0x00000000e2d00000, 0x00000000e2d00000, 0x00000000e2e00000|  0%| F|  |TAMS 0x00000000e2d00000| PB 0x00000000e2d00000| Untracked 
|  46|0x00000000e2e00000, 0x00000000e2e00000, 0x00000000e2f00000|  0%| F|  |TAMS 0x00000000e2e00000| PB 0x00000000e2e00000| Untracked 
|  47|0x00000000e2f00000, 0x00000000e2f00000, 0x00000000e3000000|  0%| F|  |TAMS 0x00000000e2f00000| PB 0x00000000e2f00000| Untracked 
|  48|0x00000000e3000000, 0x00000000e3000000, 0x00000000e3100000|  0%| F|  |TAMS 0x00000000e3000000| PB 0x00000000e3000000| Untracked 
|  49|0x00000000e3100000, 0x00000000e3100000, 0x00000000e3200000|  0%| F|  |TAMS 0x00000000e3100000| PB 0x00000000e3100000| Untracked 
|  50|0x00000000e3200000, 0x00000000e3200000, 0x00000000e3300000|  0%| F|  |TAMS 0x00000000e3200000| PB 0x00000000e3200000| Untracked 
|  51|0x00000000e3300000, 0x00000000e3300000, 0x00000000e3400000|  0%| F|  |TAMS 0x00000000e3300000| PB 0x00000000e3300000| Untracked 
|  52|0x00000000e3400000, 0x00000000e3400000, 0x00000000e3500000|  0%| F|  |TAMS 0x00000000e3400000| PB 0x00000000e3400000| Untracked 
|  53|0x00000000e3500000, 0x00000000e3500000, 0x00000000e3600000|  0%| F|  |TAMS 0x00000000e3500000| PB 0x00000000e3500000| Untracked 
|  54|0x00000000e3600000, 0x00000000e3600000, 0x00000000e3700000|  0%| F|  |TAMS 0x00000000e3600000| PB 0x00000000e3600000| Untracked 
|  55|0x00000000e3700000, 0x00000000e3700000, 0x00000000e3800000|  0%| F|  |TAMS 0x00000000e3700000| PB 0x00000000e3700000| Untracked 
|  56|0x00000000e3800000, 0x00000000e3800000, 0x00000000e3900000|  0%| F|  |TAMS 0x00000000e3800000| PB 0x00000000e3800000| Untracked 
|  57|0x00000000e3900000, 0x00000000e3900000, 0x00000000e3a00000|  0%| F|  |TAMS 0x00000000e3900000| PB 0x00000000e3900000| Untracked 
|  58|0x00000000e3a00000, 0x00000000e3a00000, 0x00000000e3b00000|  0%| F|  |TAMS 0x00000000e3a00000| PB 0x00000000e3a00000| Untracked 
|  59|0x00000000e3b00000, 0x00000000e3b00000, 0x00000000e3c00000|  0%| F|  |TAMS 0x00000000e3b00000| PB 0x00000000e3b00000| Untracked 
|  60|0x00000000e3c00000, 0x00000000e3c00000, 0x00000000e3d00000|  0%| F|  |TAMS 0x00000000e3c00000| PB 0x00000000e3c00000| Untracked 
|  61|0x00000000e3d00000, 0x00000000e3d00000, 0x00000000e3e00000|  0%| F|  |TAMS 0x00000000e3d00000| PB 0x00000000e3d00000| Untracked 
|  62|0x00000000e3e00000, 0x00000000e3e00000, 0x00000000e3f00000|  0%| F|  |TAMS 0x00000000e3e00000| PB 0x00000000e3e00000| Untracked 
|  63|0x00000000e3f00000, 0x00000000e3f00000, 0x00000000e4000000|  0%| F|  |TAMS 0x00000000e3f00000| PB 0x00000000e3f00000| Untracked 
|  64|0x00000000e4000000, 0x00000000e4000000, 0x00000000e4100000|  0%| F|  |TAMS 0x00000000e4000000| PB 0x00000000e4000000| Untracked 
|  65|0x00000000e4100000, 0x00000000e4100000, 0x00000000e4200000|  0%| F|  |TAMS 0x00000000e4100000| PB 0x00000000e4100000| Untracked 
|  66|0x00000000e4200000, 0x00000000e4200000, 0x00000000e4300000|  0%| F|  |TAMS 0x00000000e4200000| PB 0x00000000e4200000| Untracked 
|  67|0x00000000e4300000, 0x00000000e4300000, 0x00000000e4400000|  0%| F|  |TAMS 0x00000000e4300000| PB 0x00000000e4300000| Untracked 
|  68|0x00000000e4400000, 0x00000000e4400000, 0x00000000e4500000|  0%| F|  |TAMS 0x00000000e4400000| PB 0x00000000e4400000| Untracked 
|  69|0x00000000e4500000, 0x00000000e4500000, 0x00000000e4600000|  0%| F|  |TAMS 0x00000000e4500000| PB 0x00000000e4500000| Untracked 
|  70|0x00000000e4600000, 0x00000000e4600000, 0x00000000e4700000|  0%| F|  |TAMS 0x00000000e4600000| PB 0x00000000e4600000| Untracked 
|  71|0x00000000e4700000, 0x00000000e4700000, 0x00000000e4800000|  0%| F|  |TAMS 0x00000000e4700000| PB 0x00000000e4700000| Untracked 
|  72|0x00000000e4800000, 0x00000000e4800000, 0x00000000e4900000|  0%| F|  |TAMS 0x00000000e4800000| PB 0x00000000e4800000| Untracked 
|  73|0x00000000e4900000, 0x00000000e4900000, 0x00000000e4a00000|  0%| F|  |TAMS 0x00000000e4900000| PB 0x00000000e4900000| Untracked 
|  74|0x00000000e4a00000, 0x00000000e4a00000, 0x00000000e4b00000|  0%| F|  |TAMS 0x00000000e4a00000| PB 0x00000000e4a00000| Untracked 
|  75|0x00000000e4b00000, 0x00000000e4b00000, 0x00000000e4c00000|  0%| F|  |TAMS 0x00000000e4b00000| PB 0x00000000e4b00000| Untracked 
|  76|0x00000000e4c00000, 0x00000000e4c00000, 0x00000000e4d00000|  0%| F|  |TAMS 0x00000000e4c00000| PB 0x00000000e4c00000| Untracked 
|  77|0x00000000e4d00000, 0x00000000e4d00000, 0x00000000e4e00000|  0%| F|  |TAMS 0x00000000e4d00000| PB 0x00000000e4d00000| Untracked 
|  78|0x00000000e4e00000, 0x00000000e4e00000, 0x00000000e4f00000|  0%| F|  |TAMS 0x00000000e4e00000| PB 0x00000000e4e00000| Untracked 
|  79|0x00000000e4f00000, 0x00000000e4f00000, 0x00000000e5000000|  0%| F|  |TAMS 0x00000000e4f00000| PB 0x00000000e4f00000| Untracked 
|  80|0x00000000e5000000, 0x00000000e5000000, 0x00000000e5100000|  0%| F|  |TAMS 0x00000000e5000000| PB 0x00000000e5000000| Untracked 
|  81|0x00000000e5100000, 0x00000000e5100000, 0x00000000e5200000|  0%| F|  |TAMS 0x00000000e5100000| PB 0x00000000e5100000| Untracked 
|  82|0x00000000e5200000, 0x00000000e5200000, 0x00000000e5300000|  0%| F|  |TAMS 0x00000000e5200000| PB 0x00000000e5200000| Untracked 
|  83|0x00000000e5300000, 0x00000000e5300000, 0x00000000e5400000|  0%| F|  |TAMS 0x00000000e5300000| PB 0x00000000e5300000| Untracked 
|  84|0x00000000e5400000, 0x00000000e5400000, 0x00000000e5500000|  0%| F|  |TAMS 0x00000000e5400000| PB 0x00000000e5400000| Untracked 
|  85|0x00000000e5500000, 0x00000000e5500000, 0x00000000e5600000|  0%| F|  |TAMS 0x00000000e5500000| PB 0x00000000e5500000| Untracked 
|  86|0x00000000e5600000, 0x00000000e5600000, 0x00000000e5700000|  0%| F|  |TAMS 0x00000000e5600000| PB 0x00000000e5600000| Untracked 
|  87|0x00000000e5700000, 0x00000000e5800000, 0x00000000e5800000|100%| S|CS|TAMS 0x00000000e5700000| PB 0x00000000e5700000| Complete 
|  88|0x00000000e5800000, 0x00000000e5900000, 0x00000000e5900000|100%| S|CS|TAMS 0x00000000e5800000| PB 0x00000000e5800000| Complete 
|  89|0x00000000e5900000, 0x00000000e5a00000, 0x00000000e5a00000|100%| S|CS|TAMS 0x00000000e5900000| PB 0x00000000e5900000| Complete 
|  90|0x00000000e5a00000, 0x00000000e5b00000, 0x00000000e5b00000|100%| S|CS|TAMS 0x00000000e5a00000| PB 0x00000000e5a00000| Complete 
|  91|0x00000000e5b00000, 0x00000000e5c00000, 0x00000000e5c00000|100%| S|CS|TAMS 0x00000000e5b00000| PB 0x00000000e5b00000| Complete 
|  92|0x00000000e5c00000, 0x00000000e5d00000, 0x00000000e5d00000|100%| S|CS|TAMS 0x00000000e5c00000| PB 0x00000000e5c00000| Complete 
|  93|0x00000000e5d00000, 0x00000000e5e00000, 0x00000000e5e00000|100%| S|CS|TAMS 0x00000000e5d00000| PB 0x00000000e5d00000| Complete 
|  94|0x00000000e5e00000, 0x00000000e5f00000, 0x00000000e5f00000|100%| S|CS|TAMS 0x00000000e5e00000| PB 0x00000000e5e00000| Complete 
|  95|0x00000000e5f00000, 0x00000000e6000000, 0x00000000e6000000|100%| S|CS|TAMS 0x00000000e5f00000| PB 0x00000000e5f00000| Complete 
|  96|0x00000000e6000000, 0x00000000e6100000, 0x00000000e6100000|100%| S|CS|TAMS 0x00000000e6000000| PB 0x00000000e6000000| Complete 
|  97|0x00000000e6100000, 0x00000000e6200000, 0x00000000e6200000|100%| S|CS|TAMS 0x00000000e6100000| PB 0x00000000e6100000| Complete 
|  98|0x00000000e6200000, 0x00000000e6300000, 0x00000000e6300000|100%| S|CS|TAMS 0x00000000e6200000| PB 0x00000000e6200000| Complete 
|  99|0x00000000e6300000, 0x00000000e6400000, 0x00000000e6400000|100%| S|CS|TAMS 0x00000000e6300000| PB 0x00000000e6300000| Complete 
| 100|0x00000000e6400000, 0x00000000e6500000, 0x00000000e6500000|100%| S|CS|TAMS 0x00000000e6400000| PB 0x00000000e6400000| Complete 
| 101|0x00000000e6500000, 0x00000000e6600000, 0x00000000e6600000|100%| S|CS|TAMS 0x00000000e6500000| PB 0x00000000e6500000| Complete 
| 102|0x00000000e6600000, 0x00000000e6700000, 0x00000000e6700000|100%| S|CS|TAMS 0x00000000e6600000| PB 0x00000000e6600000| Complete 
| 103|0x00000000e6700000, 0x00000000e6700000, 0x00000000e6800000|  0%| F|  |TAMS 0x00000000e6700000| PB 0x00000000e6700000| Untracked 
| 104|0x00000000e6800000, 0x00000000e6800000, 0x00000000e6900000|  0%| F|  |TAMS 0x00000000e6800000| PB 0x00000000e6800000| Untracked 
| 105|0x00000000e6900000, 0x00000000e6900000, 0x00000000e6a00000|  0%| F|  |TAMS 0x00000000e6900000| PB 0x00000000e6900000| Untracked 
| 106|0x00000000e6a00000, 0x00000000e6a00000, 0x00000000e6b00000|  0%| F|  |TAMS 0x00000000e6a00000| PB 0x00000000e6a00000| Untracked 
| 107|0x00000000e6b00000, 0x00000000e6b00000, 0x00000000e6c00000|  0%| F|  |TAMS 0x00000000e6b00000| PB 0x00000000e6b00000| Untracked 
| 108|0x00000000e6c00000, 0x00000000e6c00000, 0x00000000e6d00000|  0%| F|  |TAMS 0x00000000e6c00000| PB 0x00000000e6c00000| Untracked 
| 109|0x00000000e6d00000, 0x00000000e6d00000, 0x00000000e6e00000|  0%| F|  |TAMS 0x00000000e6d00000| PB 0x00000000e6d00000| Untracked 
| 110|0x00000000e6e00000, 0x00000000e6e00000, 0x00000000e6f00000|  0%| F|  |TAMS 0x00000000e6e00000| PB 0x00000000e6e00000| Untracked 
| 111|0x00000000e6f00000, 0x00000000e6f00000, 0x00000000e7000000|  0%| F|  |TAMS 0x00000000e6f00000| PB 0x00000000e6f00000| Untracked 
| 112|0x00000000e7000000, 0x00000000e7000000, 0x00000000e7100000|  0%| F|  |TAMS 0x00000000e7000000| PB 0x00000000e7000000| Untracked 
| 113|0x00000000e7100000, 0x00000000e7100000, 0x00000000e7200000|  0%| F|  |TAMS 0x00000000e7100000| PB 0x00000000e7100000| Untracked 
| 114|0x00000000e7200000, 0x00000000e7200000, 0x00000000e7300000|  0%| F|  |TAMS 0x00000000e7200000| PB 0x00000000e7200000| Untracked 
| 115|0x00000000e7300000, 0x00000000e7300000, 0x00000000e7400000|  0%| F|  |TAMS 0x00000000e7300000| PB 0x00000000e7300000| Untracked 
| 116|0x00000000e7400000, 0x00000000e7400000, 0x00000000e7500000|  0%| F|  |TAMS 0x00000000e7400000| PB 0x00000000e7400000| Untracked 
| 117|0x00000000e7500000, 0x00000000e7500000, 0x00000000e7600000|  0%| F|  |TAMS 0x00000000e7500000| PB 0x00000000e7500000| Untracked 
| 118|0x00000000e7600000, 0x00000000e7600000, 0x00000000e7700000|  0%| F|  |TAMS 0x00000000e7600000| PB 0x00000000e7600000| Untracked 
| 119|0x00000000e7700000, 0x00000000e7700000, 0x00000000e7800000|  0%| F|  |TAMS 0x00000000e7700000| PB 0x00000000e7700000| Untracked 
| 120|0x00000000e7800000, 0x00000000e7800000, 0x00000000e7900000|  0%| F|  |TAMS 0x00000000e7800000| PB 0x00000000e7800000| Untracked 
| 121|0x00000000e7900000, 0x00000000e7900000, 0x00000000e7a00000|  0%| F|  |TAMS 0x00000000e7900000| PB 0x00000000e7900000| Untracked 
| 122|0x00000000e7a00000, 0x00000000e7a00000, 0x00000000e7b00000|  0%| F|  |TAMS 0x00000000e7a00000| PB 0x00000000e7a00000| Untracked 
| 123|0x00000000e7b00000, 0x00000000e7b00000, 0x00000000e7c00000|  0%| F|  |TAMS 0x00000000e7b00000| PB 0x00000000e7b00000| Untracked 
| 124|0x00000000e7c00000, 0x00000000e7c00000, 0x00000000e7d00000|  0%| F|  |TAMS 0x00000000e7c00000| PB 0x00000000e7c00000| Untracked 
| 125|0x00000000e7d00000, 0x00000000e7d00000, 0x00000000e7e00000|  0%| F|  |TAMS 0x00000000e7d00000| PB 0x00000000e7d00000| Untracked 
| 126|0x00000000e7e00000, 0x00000000e7e00000, 0x00000000e7f00000|  0%| F|  |TAMS 0x00000000e7e00000| PB 0x00000000e7e00000| Untracked 
| 127|0x00000000e7f00000, 0x00000000e7f00000, 0x00000000e8000000|  0%| F|  |TAMS 0x00000000e7f00000| PB 0x00000000e7f00000| Untracked 
| 128|0x00000000e8000000, 0x00000000e8000000, 0x00000000e8100000|  0%| F|  |TAMS 0x00000000e8000000| PB 0x00000000e8000000| Untracked 
| 129|0x00000000e8100000, 0x00000000e8100000, 0x00000000e8200000|  0%| F|  |TAMS 0x00000000e8100000| PB 0x00000000e8100000| Untracked 
| 130|0x00000000e8200000, 0x00000000e8200000, 0x00000000e8300000|  0%| F|  |TAMS 0x00000000e8200000| PB 0x00000000e8200000| Untracked 
| 131|0x00000000e8300000, 0x00000000e8300000, 0x00000000e8400000|  0%| F|  |TAMS 0x00000000e8300000| PB 0x00000000e8300000| Untracked 
| 132|0x00000000e8400000, 0x00000000e8400000, 0x00000000e8500000|  0%| F|  |TAMS 0x00000000e8400000| PB 0x00000000e8400000| Untracked 
| 133|0x00000000e8500000, 0x00000000e8500000, 0x00000000e8600000|  0%| F|  |TAMS 0x00000000e8500000| PB 0x00000000e8500000| Untracked 
| 134|0x00000000e8600000, 0x00000000e8600000, 0x00000000e8700000|  0%| F|  |TAMS 0x00000000e8600000| PB 0x00000000e8600000| Untracked 
| 135|0x00000000e8700000, 0x00000000e8700000, 0x00000000e8800000|  0%| F|  |TAMS 0x00000000e8700000| PB 0x00000000e8700000| Untracked 
| 136|0x00000000e8800000, 0x00000000e8800000, 0x00000000e8900000|  0%| F|  |TAMS 0x00000000e8800000| PB 0x00000000e8800000| Untracked 
| 137|0x00000000e8900000, 0x00000000e8900000, 0x00000000e8a00000|  0%| F|  |TAMS 0x00000000e8900000| PB 0x00000000e8900000| Untracked 
| 138|0x00000000e8a00000, 0x00000000e8a00000, 0x00000000e8b00000|  0%| F|  |TAMS 0x00000000e8a00000| PB 0x00000000e8a00000| Untracked 
| 139|0x00000000e8b00000, 0x00000000e8b00000, 0x00000000e8c00000|  0%| F|  |TAMS 0x00000000e8b00000| PB 0x00000000e8b00000| Untracked 
| 140|0x00000000e8c00000, 0x00000000e8c00000, 0x00000000e8d00000|  0%| F|  |TAMS 0x00000000e8c00000| PB 0x00000000e8c00000| Untracked 
| 141|0x00000000e8d00000, 0x00000000e8d00000, 0x00000000e8e00000|  0%| F|  |TAMS 0x00000000e8d00000| PB 0x00000000e8d00000| Untracked 
| 142|0x00000000e8e00000, 0x00000000e8e00000, 0x00000000e8f00000|  0%| F|  |TAMS 0x00000000e8e00000| PB 0x00000000e8e00000| Untracked 
| 143|0x00000000e8f00000, 0x00000000e8f00000, 0x00000000e9000000|  0%| F|  |TAMS 0x00000000e8f00000| PB 0x00000000e8f00000| Untracked 
| 144|0x00000000e9000000, 0x00000000e9000000, 0x00000000e9100000|  0%| F|  |TAMS 0x00000000e9000000| PB 0x00000000e9000000| Untracked 
| 145|0x00000000e9100000, 0x00000000e9100000, 0x00000000e9200000|  0%| F|  |TAMS 0x00000000e9100000| PB 0x00000000e9100000| Untracked 
| 146|0x00000000e9200000, 0x00000000e9200000, 0x00000000e9300000|  0%| F|  |TAMS 0x00000000e9200000| PB 0x00000000e9200000| Untracked 
| 147|0x00000000e9300000, 0x00000000e9300000, 0x00000000e9400000|  0%| F|  |TAMS 0x00000000e9300000| PB 0x00000000e9300000| Untracked 
| 148|0x00000000e9400000, 0x00000000e9400000, 0x00000000e9500000|  0%| F|  |TAMS 0x00000000e9400000| PB 0x00000000e9400000| Untracked 
| 149|0x00000000e9500000, 0x00000000e9500000, 0x00000000e9600000|  0%| F|  |TAMS 0x00000000e9500000| PB 0x00000000e9500000| Untracked 
| 150|0x00000000e9600000, 0x00000000e9600000, 0x00000000e9700000|  0%| F|  |TAMS 0x00000000e9600000| PB 0x00000000e9600000| Untracked 
| 151|0x00000000e9700000, 0x00000000e9700000, 0x00000000e9800000|  0%| F|  |TAMS 0x00000000e9700000| PB 0x00000000e9700000| Untracked 
| 152|0x00000000e9800000, 0x00000000e9800000, 0x00000000e9900000|  0%| F|  |TAMS 0x00000000e9800000| PB 0x00000000e9800000| Untracked 
| 153|0x00000000e9900000, 0x00000000e9900000, 0x00000000e9a00000|  0%| F|  |TAMS 0x00000000e9900000| PB 0x00000000e9900000| Untracked 
| 154|0x00000000e9a00000, 0x00000000e9a00000, 0x00000000e9b00000|  0%| F|  |TAMS 0x00000000e9a00000| PB 0x00000000e9a00000| Untracked 
| 155|0x00000000e9b00000, 0x00000000e9b00000, 0x00000000e9c00000|  0%| F|  |TAMS 0x00000000e9b00000| PB 0x00000000e9b00000| Untracked 
| 156|0x00000000e9c00000, 0x00000000e9c00000, 0x00000000e9d00000|  0%| F|  |TAMS 0x00000000e9c00000| PB 0x00000000e9c00000| Untracked 
| 157|0x00000000e9d00000, 0x00000000e9d00000, 0x00000000e9e00000|  0%| F|  |TAMS 0x00000000e9d00000| PB 0x00000000e9d00000| Untracked 
| 158|0x00000000e9e00000, 0x00000000e9e00000, 0x00000000e9f00000|  0%| F|  |TAMS 0x00000000e9e00000| PB 0x00000000e9e00000| Untracked 
| 159|0x00000000e9f00000, 0x00000000e9f00000, 0x00000000ea000000|  0%| F|  |TAMS 0x00000000e9f00000| PB 0x00000000e9f00000| Untracked 
| 160|0x00000000ea000000, 0x00000000ea000000, 0x00000000ea100000|  0%| F|  |TAMS 0x00000000ea000000| PB 0x00000000ea000000| Untracked 
| 161|0x00000000ea100000, 0x00000000ea100000, 0x00000000ea200000|  0%| F|  |TAMS 0x00000000ea100000| PB 0x00000000ea100000| Untracked 
| 162|0x00000000ea200000, 0x00000000ea200000, 0x00000000ea300000|  0%| F|  |TAMS 0x00000000ea200000| PB 0x00000000ea200000| Untracked 
| 163|0x00000000ea300000, 0x00000000ea300000, 0x00000000ea400000|  0%| F|  |TAMS 0x00000000ea300000| PB 0x00000000ea300000| Untracked 
| 164|0x00000000ea400000, 0x00000000ea400000, 0x00000000ea500000|  0%| F|  |TAMS 0x00000000ea400000| PB 0x00000000ea400000| Untracked 
| 165|0x00000000ea500000, 0x00000000ea500000, 0x00000000ea600000|  0%| F|  |TAMS 0x00000000ea500000| PB 0x00000000ea500000| Untracked 
| 166|0x00000000ea600000, 0x00000000ea600000, 0x00000000ea700000|  0%| F|  |TAMS 0x00000000ea600000| PB 0x00000000ea600000| Untracked 
| 167|0x00000000ea700000, 0x00000000ea700000, 0x00000000ea800000|  0%| F|  |TAMS 0x00000000ea700000| PB 0x00000000ea700000| Untracked 
| 168|0x00000000ea800000, 0x00000000ea800000, 0x00000000ea900000|  0%| F|  |TAMS 0x00000000ea800000| PB 0x00000000ea800000| Untracked 
| 169|0x00000000ea900000, 0x00000000ea900000, 0x00000000eaa00000|  0%| F|  |TAMS 0x00000000ea900000| PB 0x00000000ea900000| Untracked 
| 170|0x00000000eaa00000, 0x00000000eaa00000, 0x00000000eab00000|  0%| F|  |TAMS 0x00000000eaa00000| PB 0x00000000eaa00000| Untracked 
| 171|0x00000000eab00000, 0x00000000eab00000, 0x00000000eac00000|  0%| F|  |TAMS 0x00000000eab00000| PB 0x00000000eab00000| Untracked 
| 172|0x00000000eac00000, 0x00000000eac00000, 0x00000000ead00000|  0%| F|  |TAMS 0x00000000eac00000| PB 0x00000000eac00000| Untracked 
| 173|0x00000000ead00000, 0x00000000ead00000, 0x00000000eae00000|  0%| F|  |TAMS 0x00000000ead00000| PB 0x00000000ead00000| Untracked 
| 174|0x00000000eae00000, 0x00000000eae00000, 0x00000000eaf00000|  0%| F|  |TAMS 0x00000000eae00000| PB 0x00000000eae00000| Untracked 
| 175|0x00000000eaf00000, 0x00000000eaf00000, 0x00000000eb000000|  0%| F|  |TAMS 0x00000000eaf00000| PB 0x00000000eaf00000| Untracked 
| 176|0x00000000eb000000, 0x00000000eb000000, 0x00000000eb100000|  0%| F|  |TAMS 0x00000000eb000000| PB 0x00000000eb000000| Untracked 
| 177|0x00000000eb100000, 0x00000000eb100000, 0x00000000eb200000|  0%| F|  |TAMS 0x00000000eb100000| PB 0x00000000eb100000| Untracked 
| 178|0x00000000eb200000, 0x00000000eb200000, 0x00000000eb300000|  0%| F|  |TAMS 0x00000000eb200000| PB 0x00000000eb200000| Untracked 
| 179|0x00000000eb300000, 0x00000000eb300000, 0x00000000eb400000|  0%| F|  |TAMS 0x00000000eb300000| PB 0x00000000eb300000| Untracked 
| 180|0x00000000eb400000, 0x00000000eb400000, 0x00000000eb500000|  0%| F|  |TAMS 0x00000000eb400000| PB 0x00000000eb400000| Untracked 
| 181|0x00000000eb500000, 0x00000000eb500000, 0x00000000eb600000|  0%| F|  |TAMS 0x00000000eb500000| PB 0x00000000eb500000| Untracked 
| 182|0x00000000eb600000, 0x00000000eb600000, 0x00000000eb700000|  0%| F|  |TAMS 0x00000000eb600000| PB 0x00000000eb600000| Untracked 
| 183|0x00000000eb700000, 0x00000000eb700000, 0x00000000eb800000|  0%| F|  |TAMS 0x00000000eb700000| PB 0x00000000eb700000| Untracked 
| 184|0x00000000eb800000, 0x00000000eb800000, 0x00000000eb900000|  0%| F|  |TAMS 0x00000000eb800000| PB 0x00000000eb800000| Untracked 
| 185|0x00000000eb900000, 0x00000000eb900000, 0x00000000eba00000|  0%| F|  |TAMS 0x00000000eb900000| PB 0x00000000eb900000| Untracked 
| 186|0x00000000eba00000, 0x00000000eba00000, 0x00000000ebb00000|  0%| F|  |TAMS 0x00000000eba00000| PB 0x00000000eba00000| Untracked 
| 187|0x00000000ebb00000, 0x00000000ebb00000, 0x00000000ebc00000|  0%| F|  |TAMS 0x00000000ebb00000| PB 0x00000000ebb00000| Untracked 
| 188|0x00000000ebc00000, 0x00000000ebc00000, 0x00000000ebd00000|  0%| F|  |TAMS 0x00000000ebc00000| PB 0x00000000ebc00000| Untracked 
| 189|0x00000000ebd00000, 0x00000000ebd00000, 0x00000000ebe00000|  0%| F|  |TAMS 0x00000000ebd00000| PB 0x00000000ebd00000| Untracked 
| 190|0x00000000ebe00000, 0x00000000ebe00000, 0x00000000ebf00000|  0%| F|  |TAMS 0x00000000ebe00000| PB 0x00000000ebe00000| Untracked 
| 191|0x00000000ebf00000, 0x00000000ebf00000, 0x00000000ec000000|  0%| F|  |TAMS 0x00000000ebf00000| PB 0x00000000ebf00000| Untracked 
| 192|0x00000000ec000000, 0x00000000ec000000, 0x00000000ec100000|  0%| F|  |TAMS 0x00000000ec000000| PB 0x00000000ec000000| Untracked 
| 193|0x00000000ec100000, 0x00000000ec100000, 0x00000000ec200000|  0%| F|  |TAMS 0x00000000ec100000| PB 0x00000000ec100000| Untracked 
| 194|0x00000000ec200000, 0x00000000ec200000, 0x00000000ec300000|  0%| F|  |TAMS 0x00000000ec200000| PB 0x00000000ec200000| Untracked 
| 195|0x00000000ec300000, 0x00000000ec300000, 0x00000000ec400000|  0%| F|  |TAMS 0x00000000ec300000| PB 0x00000000ec300000| Untracked 
| 196|0x00000000ec400000, 0x00000000ec400000, 0x00000000ec500000|  0%| F|  |TAMS 0x00000000ec400000| PB 0x00000000ec400000| Untracked 
| 197|0x00000000ec500000, 0x00000000ec500000, 0x00000000ec600000|  0%| F|  |TAMS 0x00000000ec500000| PB 0x00000000ec500000| Untracked 
| 198|0x00000000ec600000, 0x00000000ec600000, 0x00000000ec700000|  0%| F|  |TAMS 0x00000000ec600000| PB 0x00000000ec600000| Untracked 
| 199|0x00000000ec700000, 0x00000000ec700000, 0x00000000ec800000|  0%| F|  |TAMS 0x00000000ec700000| PB 0x00000000ec700000| Untracked 
| 200|0x00000000ec800000, 0x00000000ec800000, 0x00000000ec900000|  0%| F|  |TAMS 0x00000000ec800000| PB 0x00000000ec800000| Untracked 
| 201|0x00000000ec900000, 0x00000000ec900000, 0x00000000eca00000|  0%| F|  |TAMS 0x00000000ec900000| PB 0x00000000ec900000| Untracked 
| 202|0x00000000eca00000, 0x00000000eca00000, 0x00000000ecb00000|  0%| F|  |TAMS 0x00000000eca00000| PB 0x00000000eca00000| Untracked 
| 203|0x00000000ecb00000, 0x00000000ecb00000, 0x00000000ecc00000|  0%| F|  |TAMS 0x00000000ecb00000| PB 0x00000000ecb00000| Untracked 
| 204|0x00000000ecc00000, 0x00000000ecc00000, 0x00000000ecd00000|  0%| F|  |TAMS 0x00000000ecc00000| PB 0x00000000ecc00000| Untracked 
| 205|0x00000000ecd00000, 0x00000000ecd00000, 0x00000000ece00000|  0%| F|  |TAMS 0x00000000ecd00000| PB 0x00000000ecd00000| Untracked 
| 206|0x00000000ece00000, 0x00000000ece00000, 0x00000000ecf00000|  0%| F|  |TAMS 0x00000000ece00000| PB 0x00000000ece00000| Untracked 
| 207|0x00000000ecf00000, 0x00000000ecf00000, 0x00000000ed000000|  0%| F|  |TAMS 0x00000000ecf00000| PB 0x00000000ecf00000| Untracked 
| 208|0x00000000ed000000, 0x00000000ed000000, 0x00000000ed100000|  0%| F|  |TAMS 0x00000000ed000000| PB 0x00000000ed000000| Untracked 
| 209|0x00000000ed100000, 0x00000000ed100000, 0x00000000ed200000|  0%| F|  |TAMS 0x00000000ed100000| PB 0x00000000ed100000| Untracked 
| 210|0x00000000ed200000, 0x00000000ed200000, 0x00000000ed300000|  0%| F|  |TAMS 0x00000000ed200000| PB 0x00000000ed200000| Untracked 
| 211|0x00000000ed300000, 0x00000000ed300000, 0x00000000ed400000|  0%| F|  |TAMS 0x00000000ed300000| PB 0x00000000ed300000| Untracked 
| 212|0x00000000ed400000, 0x00000000ed400000, 0x00000000ed500000|  0%| F|  |TAMS 0x00000000ed400000| PB 0x00000000ed400000| Untracked 
| 213|0x00000000ed500000, 0x00000000ed500000, 0x00000000ed600000|  0%| F|  |TAMS 0x00000000ed500000| PB 0x00000000ed500000| Untracked 
| 214|0x00000000ed600000, 0x00000000ed600000, 0x00000000ed700000|  0%| F|  |TAMS 0x00000000ed600000| PB 0x00000000ed600000| Untracked 
| 215|0x00000000ed700000, 0x00000000ed700000, 0x00000000ed800000|  0%| F|  |TAMS 0x00000000ed700000| PB 0x00000000ed700000| Untracked 
| 216|0x00000000ed800000, 0x00000000ed800000, 0x00000000ed900000|  0%| F|  |TAMS 0x00000000ed800000| PB 0x00000000ed800000| Untracked 
| 217|0x00000000ed900000, 0x00000000ed900000, 0x00000000eda00000|  0%| F|  |TAMS 0x00000000ed900000| PB 0x00000000ed900000| Untracked 
| 218|0x00000000eda00000, 0x00000000eda00000, 0x00000000edb00000|  0%| F|  |TAMS 0x00000000eda00000| PB 0x00000000eda00000| Untracked 
| 219|0x00000000edb00000, 0x00000000edb00000, 0x00000000edc00000|  0%| F|  |TAMS 0x00000000edb00000| PB 0x00000000edb00000| Untracked 
| 220|0x00000000edc00000, 0x00000000edc00000, 0x00000000edd00000|  0%| F|  |TAMS 0x00000000edc00000| PB 0x00000000edc00000| Untracked 
| 221|0x00000000edd00000, 0x00000000edd00000, 0x00000000ede00000|  0%| F|  |TAMS 0x00000000edd00000| PB 0x00000000edd00000| Untracked 
| 222|0x00000000ede00000, 0x00000000ede00000, 0x00000000edf00000|  0%| F|  |TAMS 0x00000000ede00000| PB 0x00000000ede00000| Untracked 
| 223|0x00000000edf00000, 0x00000000edf00000, 0x00000000ee000000|  0%| F|  |TAMS 0x00000000edf00000| PB 0x00000000edf00000| Untracked 
| 224|0x00000000ee000000, 0x00000000ee000000, 0x00000000ee100000|  0%| F|  |TAMS 0x00000000ee000000| PB 0x00000000ee000000| Untracked 
| 225|0x00000000ee100000, 0x00000000ee100000, 0x00000000ee200000|  0%| F|  |TAMS 0x00000000ee100000| PB 0x00000000ee100000| Untracked 
| 226|0x00000000ee200000, 0x00000000ee200000, 0x00000000ee300000|  0%| F|  |TAMS 0x00000000ee200000| PB 0x00000000ee200000| Untracked 
| 227|0x00000000ee300000, 0x00000000ee300000, 0x00000000ee400000|  0%| F|  |TAMS 0x00000000ee300000| PB 0x00000000ee300000| Untracked 
| 228|0x00000000ee400000, 0x00000000ee400000, 0x00000000ee500000|  0%| F|  |TAMS 0x00000000ee400000| PB 0x00000000ee400000| Untracked 
| 229|0x00000000ee500000, 0x00000000ee500000, 0x00000000ee600000|  0%| F|  |TAMS 0x00000000ee500000| PB 0x00000000ee500000| Untracked 
| 230|0x00000000ee600000, 0x00000000ee600000, 0x00000000ee700000|  0%| F|  |TAMS 0x00000000ee600000| PB 0x00000000ee600000| Untracked 
| 231|0x00000000ee700000, 0x00000000ee700000, 0x00000000ee800000|  0%| F|  |TAMS 0x00000000ee700000| PB 0x00000000ee700000| Untracked 
| 232|0x00000000ee800000, 0x00000000ee800000, 0x00000000ee900000|  0%| F|  |TAMS 0x00000000ee800000| PB 0x00000000ee800000| Untracked 
| 233|0x00000000ee900000, 0x00000000ee900000, 0x00000000eea00000|  0%| F|  |TAMS 0x00000000ee900000| PB 0x00000000ee900000| Untracked 
| 234|0x00000000eea00000, 0x00000000eea00000, 0x00000000eeb00000|  0%| F|  |TAMS 0x00000000eea00000| PB 0x00000000eea00000| Untracked 
| 235|0x00000000eeb00000, 0x00000000eeb00000, 0x00000000eec00000|  0%| F|  |TAMS 0x00000000eeb00000| PB 0x00000000eeb00000| Untracked 
| 236|0x00000000eec00000, 0x00000000eec00000, 0x00000000eed00000|  0%| F|  |TAMS 0x00000000eec00000| PB 0x00000000eec00000| Untracked 
| 237|0x00000000eed00000, 0x00000000eed00000, 0x00000000eee00000|  0%| F|  |TAMS 0x00000000eed00000| PB 0x00000000eed00000| Untracked 
| 238|0x00000000eee00000, 0x00000000eee00000, 0x00000000eef00000|  0%| F|  |TAMS 0x00000000eee00000| PB 0x00000000eee00000| Untracked 
| 239|0x00000000eef00000, 0x00000000eef00000, 0x00000000ef000000|  0%| F|  |TAMS 0x00000000eef00000| PB 0x00000000eef00000| Untracked 
| 240|0x00000000ef000000, 0x00000000ef000000, 0x00000000ef100000|  0%| F|  |TAMS 0x00000000ef000000| PB 0x00000000ef000000| Untracked 
| 241|0x00000000ef100000, 0x00000000ef100000, 0x00000000ef200000|  0%| F|  |TAMS 0x00000000ef100000| PB 0x00000000ef100000| Untracked 
| 242|0x00000000ef200000, 0x00000000ef200000, 0x00000000ef300000|  0%| F|  |TAMS 0x00000000ef200000| PB 0x00000000ef200000| Untracked 
| 243|0x00000000ef300000, 0x00000000ef3553b0, 0x00000000ef400000| 33%| E|  |TAMS 0x00000000ef300000| PB 0x00000000ef300000| Complete 
| 244|0x00000000ef400000, 0x00000000ef500000, 0x00000000ef500000|100%| E|CS|TAMS 0x00000000ef400000| PB 0x00000000ef400000| Complete 
| 245|0x00000000ef500000, 0x00000000ef600000, 0x00000000ef600000|100%| E|CS|TAMS 0x00000000ef500000| PB 0x00000000ef500000| Complete 
| 246|0x00000000ef600000, 0x00000000ef700000, 0x00000000ef700000|100%| E|CS|TAMS 0x00000000ef600000| PB 0x00000000ef600000| Complete 
| 247|0x00000000ef700000, 0x00000000ef800000, 0x00000000ef800000|100%| E|CS|TAMS 0x00000000ef700000| PB 0x00000000ef700000| Complete 
| 248|0x00000000ef800000, 0x00000000ef900000, 0x00000000ef900000|100%| E|CS|TAMS 0x00000000ef800000| PB 0x00000000ef800000| Complete 
| 249|0x00000000ef900000, 0x00000000efa00000, 0x00000000efa00000|100%| E|CS|TAMS 0x00000000ef900000| PB 0x00000000ef900000| Complete 
| 250|0x00000000efa00000, 0x00000000efb00000, 0x00000000efb00000|100%| E|CS|TAMS 0x00000000efa00000| PB 0x00000000efa00000| Complete 
| 251|0x00000000efb00000, 0x00000000efc00000, 0x00000000efc00000|100%| E|CS|TAMS 0x00000000efb00000| PB 0x00000000efb00000| Complete 
| 252|0x00000000efc00000, 0x00000000efd00000, 0x00000000efd00000|100%| E|CS|TAMS 0x00000000efc00000| PB 0x00000000efc00000| Complete 
| 253|0x00000000efd00000, 0x00000000efe00000, 0x00000000efe00000|100%| E|CS|TAMS 0x00000000efd00000| PB 0x00000000efd00000| Complete 
| 254|0x00000000efe00000, 0x00000000eff00000, 0x00000000eff00000|100%| E|CS|TAMS 0x00000000efe00000| PB 0x00000000efe00000| Complete 
| 255|0x00000000eff00000, 0x00000000f0000000, 0x00000000f0000000|100%| E|CS|TAMS 0x00000000eff00000| PB 0x00000000eff00000| Complete 

Card table byte_map: [0x000001cb435e0000,0x000001cb436e0000] _byte_map_base: 0x000001cb42ee0000

Marking Bits: (CMBitMap*) 0x000001cb29c47e90
 Bits: [0x000001cb436e0000, 0x000001cb43ee0000)

Polling page: 0x000001cb29ce0000

Metaspace:

Usage:
  Non-class:     34.56 MB used.
      Class:      5.74 MB used.
       Both:     40.30 MB used.

Virtual space:
  Non-class space:       64.00 MB reserved,      35.19 MB ( 55%) committed,  1 nodes.
      Class space:      320.00 MB reserved,       6.31 MB (  2%) committed,  1 nodes.
             Both:      384.00 MB reserved,      41.50 MB ( 11%) committed. 

Chunk freelists:
   Non-Class:  12.00 MB
       Class:  9.50 MB
        Both:  21.50 MB

MaxMetaspaceSize: 384.00 MB
CompressedClassSpaceSize: 320.00 MB
Initial GC threshold: 21.00 MB
Current GC threshold: 60.00 MB
CDS: on
 - commit_granule_bytes: 65536.
 - commit_granule_words: 8192.
 - virtual_space_node_default_size: 8388608.
 - enlarge_chunks_in_place: 1.
 - use_allocation_guard: 0.


Internal statistics:

num_allocs_failed_limit: 12.
num_arena_births: 2128.
num_arena_deaths: 0.
num_vsnodes_births: 2.
num_vsnodes_deaths: 0.
num_space_committed: 664.
num_space_uncommitted: 0.
num_chunks_returned_to_freelist: 12.
num_chunks_taken_from_freelist: 3888.
num_chunk_merges: 9.
num_chunk_splits: 2565.
num_chunks_enlarged: 1628.
num_inconsistent_stats: 0.

CodeHeap 'non-profiled nmethods': size=120000Kb used=2641Kb max_used=2641Kb free=117358Kb
 bounds [0x000001cb3b320000, 0x000001cb3b5c0000, 0x000001cb42850000]
CodeHeap 'profiled nmethods': size=120000Kb used=9436Kb max_used=9436Kb free=110563Kb
 bounds [0x000001cb33850000, 0x000001cb34190000, 0x000001cb3ad80000]
CodeHeap 'non-nmethods': size=5760Kb used=2699Kb max_used=2743Kb free=3060Kb
 bounds [0x000001cb3ad80000, 0x000001cb3b040000, 0x000001cb3b320000]
 total_blobs=5779 nmethods=4942 adapters=740
 compilation: enabled
              stopped_count=0, restarted_count=0
 full_count=0

Compilation events (20 events):
Event: 22.577 Thread 0x000001cb46ba22b0 nmethod 4581 0x000001cb3b5b2090 code [0x000001cb3b5b2220, 0x000001cb3b5b2310]
Event: 22.577 Thread 0x000001cb46ba22b0 4638       4       groovyjarjarantlr4.v4.runtime.atn.ATNDeserializer::checkCondition (7 bytes)
Event: 22.577 Thread 0x000001cb46ba22b0 nmethod 4638 0x000001cb3b5b2390 code [0x000001cb3b5b2520, 0x000001cb3b5b25c0]
Event: 22.577 Thread 0x000001cb46ba22b0 4633       4       groovyjarjarantlr4.v4.runtime.atn.ATNState::getNumberOfTransitions (10 bytes)
Event: 22.578 Thread 0x000001cb46ba22b0 nmethod 4633 0x000001cb3b5b2690 code [0x000001cb3b5b2820, 0x000001cb3b5b28e8]
Event: 22.578 Thread 0x000001cb46ba22b0 4578       4       java.util.ArrayList::<init> (61 bytes)
Event: 22.581 Thread 0x000001cb46ba22b0 nmethod 4578 0x000001cb3b5b2990 code [0x000001cb3b5b2b20, 0x000001cb3b5b2eb0]
Event: 22.581 Thread 0x000001cb46ba22b0 5407       4       java.util.stream.AbstractPipeline::sourceSpliterator (265 bytes)
Event: 22.583 Thread 0x000001cb46ba22b0 nmethod 5407 0x000001cb3b5b2f90 code [0x000001cb3b5b3120, 0x000001cb3b5b3298]
Event: 22.583 Thread 0x000001cb46ba22b0 4573       4       java.security.AccessController::checkContext (49 bytes)
Event: 22.583 Thread 0x000001cb46ba22b0 nmethod 4573 0x000001cb3b5b3390 code [0x000001cb3b5b3500, 0x000001cb3b5b3568]
Event: 22.583 Thread 0x000001cb46ba22b0 4583   !   4       java.security.AccessController::doPrivileged (26 bytes)
Event: 22.585 Thread 0x000001cb46ba22b0 nmethod 4583 0x000001cb3b5b3690 code [0x000001cb3b5b3860, 0x000001cb3b5b3a00]
Event: 22.585 Thread 0x000001cb46ba22b0 4570   !   4       java.net.URLClassLoader$1::run (81 bytes)
Event: 22.606 Thread 0x000001cb46ba3180 5437       3       java.lang.invoke.SimpleMethodHandle::copyWithExtendL (7 bytes)
Event: 22.606 Thread 0x000001cb46ba3180 nmethod 5437 0x000001cb34179610 code [0x000001cb341797c0, 0x000001cb34179958]
Event: 22.649 Thread 0x000001cb46ba3180 5439       3       java.util.concurrent.atomic.AtomicReferenceArray::set (13 bytes)
Event: 22.651 Thread 0x000001cb46ba3180 nmethod 5439 0x000001cb34179a10 code [0x000001cb34179ce0, 0x000001cb3417ace8]
Event: 22.651 Thread 0x000001cb46ba3180 5440       3       java.lang.invoke.VarHandleGuards::guard_LIL_V (135 bytes)
Event: 22.653 Thread 0x000001cb46ba3180 nmethod 5440 0x000001cb3417b310 code [0x000001cb3417b740, 0x000001cb3417dc68]

GC Heap History (16 events):
Event: 1.387 GC heap before
{Heap before GC invocations=0 (full 0):
 garbage-first heap   total 262144K, used 27648K [0x00000000e0000000, 0x0000000100000000)
  region size 1024K, 23 young (23552K), 0 survivors (0K)
 Metaspace       used 2217K, committed 2368K, reserved 393216K
  class space    used 241K, committed 320K, reserved 327680K
}
Event: 1.400 GC heap after
{Heap after GC invocations=1 (full 0):
 garbage-first heap   total 262144K, used 10746K [0x00000000e0000000, 0x0000000100000000)
  region size 1024K, 3 young (3072K), 3 survivors (3072K)
 Metaspace       used 2217K, committed 2368K, reserved 393216K
  class space    used 241K, committed 320K, reserved 327680K
}
Event: 2.624 GC heap before
{Heap before GC invocations=1 (full 0):
 garbage-first heap   total 262144K, used 39418K [0x00000000e0000000, 0x0000000100000000)
  region size 1024K, 31 young (31744K), 3 survivors (3072K)
 Metaspace       used 4169K, committed 4416K, reserved 393216K
  class space    used 518K, committed 640K, reserved 327680K
}
Event: 2.630 GC heap after
{Heap after GC invocations=2 (full 0):
 garbage-first heap   total 262144K, used 12244K [0x00000000e0000000, 0x0000000100000000)
  region size 1024K, 2 young (2048K), 2 survivors (2048K)
 Metaspace       used 4169K, committed 4416K, reserved 393216K
  class space    used 518K, committed 640K, reserved 327680K
}
Event: 11.330 GC heap before
{Heap before GC invocations=2 (full 0):
 garbage-first heap   total 262144K, used 127956K [0x00000000e0000000, 0x0000000100000000)
  region size 1024K, 113 young (115712K), 2 survivors (2048K)
 Metaspace       used 20656K, committed 21248K, reserved 393216K
  class space    used 2988K, committed 3264K, reserved 327680K
}
Event: 11.366 GC heap after
{Heap after GC invocations=3 (full 0):
 garbage-first heap   total 262144K, used 24087K [0x00000000e0000000, 0x0000000100000000)
  region size 1024K, 12 young (12288K), 12 survivors (12288K)
 Metaspace       used 20656K, committed 21248K, reserved 393216K
  class space    used 2988K, committed 3264K, reserved 327680K
}
Event: 11.709 GC heap before
{Heap before GC invocations=3 (full 0):
 garbage-first heap   total 262144K, used 27159K [0x00000000e0000000, 0x0000000100000000)
  region size 1024K, 16 young (16384K), 12 survivors (12288K)
 Metaspace       used 20903K, committed 21504K, reserved 393216K
  class space    used 3027K, committed 3328K, reserved 327680K
}
Event: 11.724 GC heap after
{Heap after GC invocations=4 (full 0):
 garbage-first heap   total 262144K, used 25443K [0x00000000e0000000, 0x0000000100000000)
  region size 1024K, 2 young (2048K), 2 survivors (2048K)
 Metaspace       used 20903K, committed 21504K, reserved 393216K
  class space    used 3027K, committed 3328K, reserved 327680K
}
Event: 15.502 GC heap before
{Heap before GC invocations=5 (full 0):
 garbage-first heap   total 262144K, used 113507K [0x00000000e0000000, 0x0000000100000000)
  region size 1024K, 90 young (92160K), 2 survivors (2048K)
 Metaspace       used 35040K, committed 36160K, reserved 393216K
  class space    used 5082K, committed 5632K, reserved 327680K
}
Event: 15.509 GC heap after
{Heap after GC invocations=6 (full 0):
 garbage-first heap   total 262144K, used 30488K [0x00000000e0000000, 0x0000000100000000)
  region size 1024K, 7 young (7168K), 7 survivors (7168K)
 Metaspace       used 35040K, committed 36160K, reserved 393216K
  class space    used 5082K, committed 5632K, reserved 327680K
}
Event: 15.636 GC heap before
{Heap before GC invocations=6 (full 0):
 garbage-first heap   total 262144K, used 33560K [0x00000000e0000000, 0x0000000100000000)
  region size 1024K, 11 young (11264K), 7 survivors (7168K)
 Metaspace       used 35248K, committed 36480K, reserved 393216K
  class space    used 5102K, committed 5760K, reserved 327680K
}
Event: 15.649 GC heap after
{Heap after GC invocations=7 (full 0):
 garbage-first heap   total 262144K, used 31522K [0x00000000e0000000, 0x0000000100000000)
  region size 1024K, 8 young (8192K), 8 survivors (8192K)
 Metaspace       used 35248K, committed 36480K, reserved 393216K
  class space    used 5102K, committed 5760K, reserved 327680K
}
Event: 16.106 GC heap before
{Heap before GC invocations=7 (full 0):
 garbage-first heap   total 262144K, used 53026K [0x00000000e0000000, 0x0000000100000000)
  region size 1024K, 30 young (30720K), 8 survivors (8192K)
 Metaspace       used 35555K, committed 36800K, reserved 393216K
  class space    used 5119K, committed 5760K, reserved 327680K
}
Event: 16.116 GC heap after
{Heap after GC invocations=8 (full 0):
 garbage-first heap   total 262144K, used 32298K [0x00000000e0000000, 0x0000000100000000)
  region size 1024K, 9 young (9216K), 9 survivors (9216K)
 Metaspace       used 35555K, committed 36800K, reserved 393216K
  class space    used 5119K, committed 5760K, reserved 327680K
}
Event: 21.657 GC heap before
{Heap before GC invocations=9 (full 0):
 garbage-first heap   total 262144K, used 183850K [0x00000000e0000000, 0x0000000100000000)
  region size 1024K, 153 young (156672K), 9 survivors (9216K)
 Metaspace       used 40462K, committed 41728K, reserved 393216K
  class space    used 5775K, committed 6400K, reserved 327680K
}
Event: 21.687 GC heap after
{Heap after GC invocations=10 (full 0):
 garbage-first heap   total 262144K, used 40265K [0x00000000e0000000, 0x0000000100000000)
  region size 1024K, 16 young (16384K), 16 survivors (16384K)
 Metaspace       used 40462K, committed 41728K, reserved 393216K
  class space    used 5775K, committed 6400K, reserved 327680K
}

Dll operation events (15 events):
Event: 0.019 Loaded shared library C:\Program Files\Java\jdk-21\bin\java.dll
Event: 0.119 Loaded shared library C:\Program Files\Java\jdk-21\bin\jsvml.dll
Event: 0.258 Loaded shared library C:\Program Files\Java\jdk-21\bin\zip.dll
Event: 0.279 Loaded shared library C:\Program Files\Java\jdk-21\bin\instrument.dll
Event: 0.291 Loaded shared library C:\Program Files\Java\jdk-21\bin\net.dll
Event: 0.298 Loaded shared library C:\Program Files\Java\jdk-21\bin\nio.dll
Event: 0.303 Loaded shared library C:\Program Files\Java\jdk-21\bin\zip.dll
Event: 0.721 Loaded shared library C:\Program Files\Java\jdk-21\bin\jimage.dll
Event: 0.898 Loaded shared library C:\Program Files\Java\jdk-21\bin\verify.dll
Event: 1.434 Loaded shared library C:\Users\epask\.gradle\native\c067742578af261105cb4f569cf0c3c89f3d7b1fecec35dd04571415982c5e48\windows-amd64\native-platform.dll
Event: 1.454 Loaded shared library C:\Users\epask\.gradle\native\100fb08df4bc3b14c8652ba06237920a3bd2aa13389f12d3474272988ae205f9\windows-amd64\native-platform-file-events.dll
Event: 4.129 Loaded shared library C:\Program Files\Java\jdk-21\bin\management.dll
Event: 4.152 Loaded shared library C:\Program Files\Java\jdk-21\bin\management_ext.dll
Event: 4.542 Loaded shared library C:\Program Files\Java\jdk-21\bin\extnet.dll
Event: 4.924 Loaded shared library C:\Program Files\Java\jdk-21\bin\sunmscapi.dll

Deoptimization events (20 events):
Event: 21.817 Thread 0x000001cb61a96970 Uncommon trap: trap_request=0xffffff45 fr.pc=0x000001cb3b52b458 relative=0x0000000000000418
Event: 21.817 Thread 0x000001cb61a96970 Uncommon trap: reason=unstable_if action=reinterpret pc=0x000001cb3b52b458 method=sun.invoke.util.Wrapper.forBasicType(Ljava/lang/Class;)Lsun/invoke/util/Wrapper; @ 59 c2
Event: 21.817 Thread 0x000001cb61a96970 DEOPT PACKING pc=0x000001cb3b52b458 sp=0x00000095e81f6960
Event: 21.817 Thread 0x000001cb61a96970 DEOPT UNPACKING pc=0x000001cb3add46a2 sp=0x00000095e81f68b0 mode 2
Event: 21.817 Thread 0x000001cb61a96970 Uncommon trap: trap_request=0xffffff45 fr.pc=0x000001cb3b51f884 relative=0x0000000000000144
Event: 21.817 Thread 0x000001cb61a96970 Uncommon trap: reason=unstable_if action=reinterpret pc=0x000001cb3b51f884 method=sun.invoke.util.Wrapper.forBasicType(Ljava/lang/Class;)Lsun/invoke/util/Wrapper; @ 59 c2
Event: 21.817 Thread 0x000001cb61a96970 DEOPT PACKING pc=0x000001cb3b51f884 sp=0x00000095e81f6660
Event: 21.817 Thread 0x000001cb61a96970 DEOPT UNPACKING pc=0x000001cb3add46a2 sp=0x00000095e81f65f8 mode 2
Event: 21.860 Thread 0x000001cb61a96970 Uncommon trap: trap_request=0xffffff45 fr.pc=0x000001cb3b523f50 relative=0x0000000000000130
Event: 21.861 Thread 0x000001cb61a96970 Uncommon trap: reason=unstable_if action=reinterpret pc=0x000001cb3b523f50 method=java.util.Arrays.hashCode([Ljava/lang/Object;)I @ 34 c2
Event: 21.861 Thread 0x000001cb61a96970 DEOPT PACKING pc=0x000001cb3b523f50 sp=0x00000095e81f75b0
Event: 21.861 Thread 0x000001cb61a96970 DEOPT UNPACKING pc=0x000001cb3add46a2 sp=0x00000095e81f7528 mode 2
Event: 21.928 Thread 0x000001cb61a96970 Uncommon trap: trap_request=0xffffff6e fr.pc=0x000001cb3b33cf60 relative=0x00000000000001a0
Event: 21.928 Thread 0x000001cb61a96970 Uncommon trap: reason=loop_limit_check action=maybe_recompile pc=0x000001cb3b33cf60 method=java.lang.StringLatin1.lastIndexOf([BII)I @ 19 c2
Event: 21.928 Thread 0x000001cb61a96970 DEOPT PACKING pc=0x000001cb3b33cf60 sp=0x00000095e81f51a0
Event: 21.928 Thread 0x000001cb61a96970 DEOPT UNPACKING pc=0x000001cb3add46a2 sp=0x00000095e81f5058 mode 2
Event: 21.928 Thread 0x000001cb61a96970 Uncommon trap: trap_request=0xffffff6e fr.pc=0x000001cb3b33defc relative=0x000000000000015c
Event: 21.928 Thread 0x000001cb61a96970 Uncommon trap: reason=loop_limit_check action=maybe_recompile pc=0x000001cb3b33defc method=java.lang.StringLatin1.lastIndexOf([BII)I @ 19 c2
Event: 21.928 Thread 0x000001cb61a96970 DEOPT PACKING pc=0x000001cb3b33defc sp=0x00000095e81f5150
Event: 21.928 Thread 0x000001cb61a96970 DEOPT UNPACKING pc=0x000001cb3add46a2 sp=0x00000095e81f50d0 mode 2

Classes loaded (20 events):
Event: 17.930 Loading class java/util/stream/SortedOps$SizedIntSortingSink
Event: 17.931 Loading class java/util/stream/SortedOps$AbstractIntSortingSink
Event: 17.931 Loading class java/util/stream/SortedOps$AbstractIntSortingSink done
Event: 17.931 Loading class java/util/stream/SortedOps$SizedIntSortingSink done
Event: 17.931 Loading class java/util/stream/ReferencePipeline$4$1
Event: 17.931 Loading class java/util/stream/ReferencePipeline$4$1 done
Event: 21.819 Loading class java/util/stream/ReduceOps$9
Event: 21.820 Loading class java/util/stream/ReduceOps$9 done
Event: 21.820 Loading class java/util/stream/ReduceOps$CountingSink$OfInt
Event: 21.820 Loading class java/util/stream/ReduceOps$CountingSink
Event: 21.820 Loading class java/util/stream/ReduceOps$CountingSink done
Event: 21.820 Loading class java/util/stream/ReduceOps$CountingSink$OfInt done
Event: 22.016 Loading class java/util/LinkedList$LLSpliterator
Event: 22.016 Loading class java/util/LinkedList$LLSpliterator done
Event: 22.375 Loading class sun/nio/fs/WindowsException
Event: 22.375 Loading class sun/nio/fs/WindowsException done
Event: 22.592 Loading class java/io/CharArrayWriter
Event: 22.592 Loading class java/io/CharArrayWriter done
Event: 22.606 Loading class java/lang/ThreadLocal$SuppliedThreadLocal
Event: 22.606 Loading class java/lang/ThreadLocal$SuppliedThreadLocal done

Classes unloaded (0 events):
No events

Classes redefined (0 events):
No events

Internal exceptions (20 events):
Event: 16.524 Thread 0x000001cb61a96970 Exception <a 'java/lang/ClassNotFoundException'{0x00000000ef8f3be0}: groovy/lang/Closure$1BeanInfo> (0x00000000ef8f3be0) 
thrown [s\open\src\hotspot\share\classfile\systemDictionary.cpp, line 312]
Event: 16.525 Thread 0x000001cb61a96970 Exception <a 'java/lang/ClassNotFoundException'{0x00000000ef701010}: groovy/lang/ClosureBeanInfo> (0x00000000ef701010) 
thrown [s\open\src\hotspot\share\classfile\systemDictionary.cpp, line 312]
Event: 16.528 Thread 0x000001cb61a96970 Exception <a 'java/lang/ClassNotFoundException'{0x00000000ef70de60}: groovy/lang/ClosureCustomizer> (0x00000000ef70de60) 
thrown [s\open\src\hotspot\share\classfile\systemDictionary.cpp, line 312]
Event: 16.543 Thread 0x000001cb61a96970 Exception <a 'java/lang/ClassNotFoundException'{0x00000000ef73e250}: groovy/lang/Closure$1Customizer> (0x00000000ef73e250) 
thrown [s\open\src\hotspot\share\classfile\systemDictionary.cpp, line 312]
Event: 16.607 Thread 0x000001cb61a96970 Exception <a 'java/lang/IncompatibleClassChangeError'{0x00000000ef6fb3a8}: Found class java.lang.Object, but interface was expected> (0x00000000ef6fb3a8) 
thrown [s\open\src\hotspot\share\interpreter\linkResolver.cpp, line 840]
Event: 16.616 Thread 0x000001cb61a96970 Exception <a 'java/lang/NoSuchMethodError'{0x00000000ef55d608}: 'void java.lang.invoke.DirectMethodHandle$Holder.invokeStatic(java.lang.Object, java.lang.Object, java.lang.Object, java.lang.Object, java.lang.Object, java.lang.Object)'> (0x00000000ef55d608) 
thrown [s\open\src\hotspot\share\interpreter\linkResolver.cpp, line 773]
Event: 16.709 Thread 0x000001cb61a96970 Exception <a 'java/lang/NoSuchMethodError'{0x00000000ef20c748}: 'void java.lang.invoke.DirectMethodHandle$Holder.invokeVirtual(java.lang.Object, java.lang.Object)'> (0x00000000ef20c748) 
thrown [s\open\src\hotspot\share\interpreter\linkResolver.cpp, line 773]
Event: 16.734 Thread 0x000001cb61a96970 Exception <a 'java/lang/NoSuchMethodError'{0x00000000ef276378}: 'void java.lang.invoke.Invokers$Holder.invokeExact_MT(java.lang.Object, java.lang.Object, java.lang.Object, java.lang.Object)'> (0x00000000ef276378) 
thrown [s\open\src\hotspot\share\interpreter\linkResolver.cpp, line 773]
Event: 21.860 Thread 0x000001cb61a96970 Implicit null exception at 0x000001cb3b523e7c to 0x000001cb3b523f34
Event: 22.137 Thread 0x000001cb61a96970 Exception <a 'java/lang/ClassNotFoundException'{0x00000000ef9e0648}: org/apache/groovy/parser/antlr4/util/StringUtils$4BeanInfo> (0x00000000ef9e0648) 
thrown [s\open\src\hotspot\share\classfile\systemDictionary.cpp, line 312]
Event: 22.138 Thread 0x000001cb61a96970 Exception <a 'java/lang/ClassNotFoundException'{0x00000000ef9eea90}: org/apache/groovy/parser/antlr4/util/StringUtils$4Customizer> (0x00000000ef9eea90) 
thrown [s\open\src\hotspot\share\classfile\systemDictionary.cpp, line 312]
Event: 22.156 Thread 0x000001cb61a96970 Exception <a 'java/lang/ClassNotFoundException'{0x00000000ef820168}: org/apache/groovy/parser/antlr4/util/StringUtils$2BeanInfo> (0x00000000ef820168) 
thrown [s\open\src\hotspot\share\classfile\systemDictionary.cpp, line 312]
Event: 22.159 Thread 0x000001cb61a96970 Exception <a 'java/lang/ClassNotFoundException'{0x00000000ef82e5b0}: org/apache/groovy/parser/antlr4/util/StringUtils$2Customizer> (0x00000000ef82e5b0) 
thrown [s\open\src\hotspot\share\classfile\systemDictionary.cpp, line 312]
Event: 22.173 Thread 0x000001cb61a96970 Exception <a 'java/lang/ClassNotFoundException'{0x00000000ef85f7f8}: org/apache/groovy/parser/antlr4/util/StringUtils$1BeanInfo> (0x00000000ef85f7f8) 
thrown [s\open\src\hotspot\share\classfile\systemDictionary.cpp, line 312]
Event: 22.175 Thread 0x000001cb61a96970 Exception <a 'java/lang/ClassNotFoundException'{0x00000000ef86dc40}: org/apache/groovy/parser/antlr4/util/StringUtils$1Customizer> (0x00000000ef86dc40) 
thrown [s\open\src\hotspot\share\classfile\systemDictionary.cpp, line 312]
Event: 22.201 Thread 0x000001cb61a96970 Exception <a 'java/lang/ClassNotFoundException'{0x00000000ef89f128}: org/apache/groovy/parser/antlr4/util/StringUtils$3BeanInfo> (0x00000000ef89f128) 
thrown [s\open\src\hotspot\share\classfile\systemDictionary.cpp, line 312]
Event: 22.203 Thread 0x000001cb61a96970 Exception <a 'java/lang/ClassNotFoundException'{0x00000000ef8ad570}: org/apache/groovy/parser/antlr4/util/StringUtils$3Customizer> (0x00000000ef8ad570) 
thrown [s\open\src\hotspot\share\classfile\systemDictionary.cpp, line 312]
Event: 22.364 Thread 0x000001cb61a96970 Exception <a 'java/lang/NoSuchMethodError'{0x00000000ef508a58}: 'void java.lang.invoke.DirectMethodHandle$Holder.invokeInterface(java.lang.Object, java.lang.Object, java.lang.Object, java.lang.Object)'> (0x00000000ef508a58) 
thrown [s\open\src\hotspot\share\interpreter\linkResolver.cpp, line 773]
Event: 22.377 Thread 0x000001cb61a96970 Exception <a 'sun/nio/fs/WindowsException'{0x00000000ef514208}> (0x00000000ef514208) 
thrown [s\open\src\hotspot\share\prims\jni.cpp, line 520]
Event: 22.439 Thread 0x000001cb61a96970 Exception <a 'sun/nio/fs/WindowsException'{0x00000000ef515988}> (0x00000000ef515988) 
thrown [s\open\src\hotspot\share\prims\jni.cpp, line 520]

ZGC Phase Switch (0 events):
No events

VM Operations (20 events):
Event: 17.165 Executing VM operation: ICBufferFull
Event: 17.165 Executing VM operation: ICBufferFull done
Event: 17.223 Executing VM operation: HandshakeAllThreads (Deoptimize)
Event: 17.230 Executing VM operation: HandshakeAllThreads (Deoptimize) done
Event: 17.324 Executing VM operation: ICBufferFull
Event: 17.324 Executing VM operation: ICBufferFull done
Event: 17.920 Executing VM operation: HandshakeAllThreads (Deoptimize)
Event: 17.920 Executing VM operation: HandshakeAllThreads (Deoptimize) done
Event: 18.933 Executing VM operation: Cleanup
Event: 18.973 Executing VM operation: Cleanup done
Event: 19.976 Executing VM operation: Cleanup
Event: 19.978 Executing VM operation: Cleanup done
Event: 20.993 Executing VM operation: Cleanup
Event: 21.061 Executing VM operation: Cleanup done
Event: 21.657 Executing VM operation: G1CollectForAllocation (G1 Evacuation Pause)
Event: 21.689 Executing VM operation: G1CollectForAllocation (G1 Evacuation Pause) done
Event: 22.029 Executing VM operation: HandshakeAllThreads (Deoptimize)
Event: 22.030 Executing VM operation: HandshakeAllThreads (Deoptimize) done
Event: 22.415 Executing VM operation: HandshakeAllThreads (Deoptimize)
Event: 22.415 Executing VM operation: HandshakeAllThreads (Deoptimize) done

Events (20 events):
Event: 16.143 Thread 0x000001cb46b76490 flushing nmethod 0x000001cb3b364b10
Event: 16.143 Thread 0x000001cb46b76490 flushing nmethod 0x000001cb3b363e10
Event: 16.143 Thread 0x000001cb46b76490 flushing nmethod 0x000001cb3b35e610
Event: 16.143 Thread 0x000001cb46b76490 flushing nmethod 0x000001cb3b348710
Event: 16.143 Thread 0x000001cb46b76490 flushing nmethod 0x000001cb3b348310
Event: 16.143 Thread 0x000001cb46b76490 flushing nmethod 0x000001cb3b330e90
Event: 16.143 Thread 0x000001cb46b76490 flushing nmethod 0x000001cb3b32e090
Event: 16.143 Thread 0x000001cb46b76490 flushing nmethod 0x000001cb3b34b010
Event: 16.143 Thread 0x000001cb46b76490 flushing nmethod 0x000001cb3b345010
Event: 16.143 Thread 0x000001cb46b76490 flushing nmethod 0x000001cb3b344b10
Event: 16.143 Thread 0x000001cb46b76490 flushing nmethod 0x000001cb3b344390
Event: 16.143 Thread 0x000001cb46b76490 flushing nmethod 0x000001cb3b342890
Event: 16.143 Thread 0x000001cb46b76490 flushing nmethod 0x000001cb3b342310
Event: 16.143 Thread 0x000001cb46b76490 flushing nmethod 0x000001cb3b337690
Event: 16.143 Thread 0x000001cb46b76490 flushing nmethod 0x000001cb3b33a890
Event: 16.143 Thread 0x000001cb46b76490 flushing nmethod 0x000001cb3b33cc10
Event: 16.143 Thread 0x000001cb46b76490 flushing nmethod 0x000001cb3b339710
Event: 16.143 Thread 0x000001cb46b76490 flushing nmethod 0x000001cb3b336990
Event: 16.143 Thread 0x000001cb46b76490 flushing nmethod 0x000001cb3b329b10
Event: 16.143 Thread 0x000001cb46b76490 flushing nmethod 0x000001cb3b32bb10


Dynamic libraries:
0x00007ff7d81c0000 - 0x00007ff7d81d0000 	C:\Program Files\Java\jdk-21\bin\java.exe
0x00007fff3ed10000 - 0x00007fff3ef27000 	C:\Windows\SYSTEM32\ntdll.dll
0x00007fff3df00000 - 0x00007fff3dfc4000 	C:\Windows\System32\KERNEL32.DLL
0x00007fff3c350000 - 0x00007fff3c70a000 	C:\Windows\System32\KERNELBASE.dll
0x00007fff3c740000 - 0x00007fff3c851000 	C:\Windows\System32\ucrtbase.dll
0x00007fff26c00000 - 0x00007fff26c19000 	C:\Program Files\Java\jdk-21\bin\jli.dll
0x00007fff26890000 - 0x00007fff268ab000 	C:\Program Files\Java\jdk-21\bin\VCRUNTIME140.dll
0x00007fff3d360000 - 0x00007fff3d412000 	C:\Windows\System32\ADVAPI32.dll
0x00007fff3ca20000 - 0x00007fff3cac7000 	C:\Windows\System32\msvcrt.dll
0x00007fff3d040000 - 0x00007fff3d0e7000 	C:\Windows\System32\sechost.dll
0x00007fff3bff0000 - 0x00007fff3c018000 	C:\Windows\System32\bcrypt.dll
0x00007fff3ce40000 - 0x00007fff3cf54000 	C:\Windows\System32\RPCRT4.dll
0x00007fff3dd50000 - 0x00007fff3defe000 	C:\Windows\System32\USER32.dll
0x00007fff2a2d0000 - 0x00007fff2a562000 	C:\Windows\WinSxS\amd64_microsoft.windows.common-controls_6595b64144ccf1df_6.0.22621.4541_none_2710d1c57384c085\COMCTL32.dll
0x00007fff3c710000 - 0x00007fff3c736000 	C:\Windows\System32\win32u.dll
0x00007fff3e530000 - 0x00007fff3e559000 	C:\Windows\System32\GDI32.dll
0x00007fff3c860000 - 0x00007fff3c97b000 	C:\Windows\System32\gdi32full.dll
0x00007fff3c980000 - 0x00007fff3ca1a000 	C:\Windows\System32\msvcp_win.dll
0x00007fff33450000 - 0x00007fff3345a000 	C:\Windows\SYSTEM32\VERSION.dll
0x00007fff3e4f0000 - 0x00007fff3e521000 	C:\Windows\System32\IMM32.DLL
0x00007fff36ec0000 - 0x00007fff36ecc000 	C:\Program Files\Java\jdk-21\bin\vcruntime140_1.dll
0x00007ffef6500000 - 0x00007ffef658e000 	C:\Program Files\Java\jdk-21\bin\msvcp140.dll
0x00007fff1de70000 - 0x00007fff1eb87000 	C:\Program Files\Java\jdk-21\bin\server\jvm.dll
0x00007fff3cf60000 - 0x00007fff3cfd1000 	C:\Windows\System32\WS2_32.dll
0x00007fff3bec0000 - 0x00007fff3bf0d000 	C:\Windows\SYSTEM32\POWRPROF.dll
0x00007fff36350000 - 0x00007fff36384000 	C:\Windows\SYSTEM32\WINMM.dll
0x00007fff3bea0000 - 0x00007fff3beb3000 	C:\Windows\SYSTEM32\UMPDC.dll
0x00007fff3aff0000 - 0x00007fff3b008000 	C:\Windows\SYSTEM32\kernel.appcore.dll
0x00007fff1dd40000 - 0x00007fff1dd4a000 	C:\Program Files\Java\jdk-21\bin\jimage.dll
0x00007fff39760000 - 0x00007fff39992000 	C:\Windows\SYSTEM32\DBGHELP.DLL
0x00007fff3e930000 - 0x00007fff3ecbf000 	C:\Windows\System32\combase.dll
0x00007fff3e7d0000 - 0x00007fff3e8a7000 	C:\Windows\System32\OLEAUT32.dll
0x00007fff1cf50000 - 0x00007fff1cf82000 	C:\Windows\SYSTEM32\dbgcore.DLL
0x00007fff3c2d0000 - 0x00007fff3c34b000 	C:\Windows\System32\bcryptPrimitives.dll
0x00007fff26ed0000 - 0x00007fff26edf000 	C:\Program Files\Java\jdk-21\bin\instrument.dll
0x00007fff1d0a0000 - 0x00007fff1d0bf000 	C:\Program Files\Java\jdk-21\bin\java.dll
0x00007fff3d420000 - 0x00007fff3dc98000 	C:\Windows\System32\SHELL32.dll
0x00007fff39ee0000 - 0x00007fff3a7e8000 	C:\Windows\SYSTEM32\windows.storage.dll
0x00007fff39da0000 - 0x00007fff39edf000 	C:\Windows\SYSTEM32\wintypes.dll
0x00007fff3d260000 - 0x00007fff3d35a000 	C:\Windows\System32\SHCORE.dll
0x00007fff3cb30000 - 0x00007fff3cb8e000 	C:\Windows\System32\shlwapi.dll
0x00007fff3bf20000 - 0x00007fff3bf4b000 	C:\Windows\SYSTEM32\profapi.dll
0x00007fff19f30000 - 0x00007fff1a007000 	C:\Program Files\Java\jdk-21\bin\jsvml.dll
0x00007fff19230000 - 0x00007fff19248000 	C:\Program Files\Java\jdk-21\bin\zip.dll
0x00007fff1b800000 - 0x00007fff1b810000 	C:\Program Files\Java\jdk-21\bin\net.dll
0x00007fff36620000 - 0x00007fff36756000 	C:\Windows\SYSTEM32\WINHTTP.dll
0x00007fff3b460000 - 0x00007fff3b4c9000 	C:\Windows\system32\mswsock.dll
0x00007fff192d0000 - 0x00007fff192e6000 	C:\Program Files\Java\jdk-21\bin\nio.dll
0x00007fff26cf0000 - 0x00007fff26d00000 	C:\Program Files\Java\jdk-21\bin\verify.dll
0x00007fff35f30000 - 0x00007fff35f57000 	C:\Users\epask\.gradle\native\c067742578af261105cb4f569cf0c3c89f3d7b1fecec35dd04571415982c5e48\windows-amd64\native-platform.dll
0x00007ffed3a20000 - 0x00007ffed3b64000 	C:\Users\epask\.gradle\native\100fb08df4bc3b14c8652ba06237920a3bd2aa13389f12d3474272988ae205f9\windows-amd64\native-platform-file-events.dll
0x00007fff16de0000 - 0x00007fff16dea000 	C:\Program Files\Java\jdk-21\bin\management.dll
0x00007fff16dd0000 - 0x00007fff16ddb000 	C:\Program Files\Java\jdk-21\bin\management_ext.dll
0x00007fff3ecc0000 - 0x00007fff3ecc8000 	C:\Windows\System32\PSAPI.DLL
0x00007fff3b6a0000 - 0x00007fff3b6bb000 	C:\Windows\SYSTEM32\CRYPTSP.dll
0x00007fff3af50000 - 0x00007fff3af85000 	C:\Windows\system32\rsaenh.dll
0x00007fff3b510000 - 0x00007fff3b538000 	C:\Windows\SYSTEM32\USERENV.dll
0x00007fff3b690000 - 0x00007fff3b69c000 	C:\Windows\SYSTEM32\CRYPTBASE.dll
0x00007fff3aa90000 - 0x00007fff3aabd000 	C:\Windows\SYSTEM32\IPHLPAPI.DLL
0x00007fff3e7b0000 - 0x00007fff3e7b9000 	C:\Windows\System32\NSI.dll
0x00007fff2f0f0000 - 0x00007fff2f0f9000 	C:\Program Files\Java\jdk-21\bin\extnet.dll
0x00007fff2f0e0000 - 0x00007fff2f0ee000 	C:\Program Files\Java\jdk-21\bin\sunmscapi.dll
0x00007fff3c020000 - 0x00007fff3c186000 	C:\Windows\System32\CRYPT32.dll
0x00007fff3b8c0000 - 0x00007fff3b8ed000 	C:\Windows\SYSTEM32\ncrypt.dll
0x00007fff3b880000 - 0x00007fff3b8b7000 	C:\Windows\SYSTEM32\NTASN1.dll
0x00007fff0eb90000 - 0x00007fff0eb98000 	C:\Windows\system32\wshunix.dll

dbghelp: loaded successfully - version: 4.0.5 - missing functions: none
symbol engine: initialized successfully - sym options: 0x614 - pdb path: .;C:\Program Files\Java\jdk-21\bin;C:\Windows\SYSTEM32;C:\Windows\WinSxS\amd64_microsoft.windows.common-controls_6595b64144ccf1df_6.0.22621.4541_none_2710d1c57384c085;C:\Program Files\Java\jdk-21\bin\server;C:\Users\epask\.gradle\native\c067742578af261105cb4f569cf0c3c89f3d7b1fecec35dd04571415982c5e48\windows-amd64;C:\Users\epask\.gradle\native\100fb08df4bc3b14c8652ba06237920a3bd2aa13389f12d3474272988ae205f9\windows-amd64

VM Arguments:
jvm_args: --add-opens=java.base/java.util=ALL-UNNAMED --add-opens=java.base/java.lang=ALL-UNNAMED --add-opens=java.base/java.lang.invoke=ALL-UNNAMED --add-opens=java.prefs/java.util.prefs=ALL-UNNAMED --add-opens=java.base/java.nio.charset=ALL-UNNAMED --add-opens=java.base/java.net=ALL-UNNAMED --add-opens=java.base/java.util.concurrent.atomic=ALL-UNNAMED -XX:MaxMetaspaceSize=384m -XX:+HeapDumpOnOutOfMemoryError -Xms256m -Xmx512m -Dfile.encoding=windows-1251 -Duser.country=US -Duser.language=en -Duser.variant -javaagent:C:\Users\epask\.gradle\wrapper\dists\gradle-8.8-bin\dl7vupf4psengwqhwktix4v1\gradle-8.8\lib\agents\gradle-instrumentation-agent-8.8.jar 
java_command: org.gradle.launcher.daemon.bootstrap.GradleDaemon 8.8
java_class_path (initial): C:\Users\epask\.gradle\wrapper\dists\gradle-8.8-bin\dl7vupf4psengwqhwktix4v1\gradle-8.8\lib\gradle-launcher-8.8.jar
Launcher Type: SUN_STANDARD

[Global flags]
     intx CICompilerCount                          = 4                                         {product} {ergonomic}
   size_t CompressedClassSpaceSize                 = 335544320                                 {product} {ergonomic}
     uint ConcGCThreads                            = 3                                         {product} {ergonomic}
     uint G1ConcRefinementThreads                  = 10                                        {product} {ergonomic}
   size_t G1HeapRegionSize                         = 1048576                                   {product} {ergonomic}
    uintx GCDrainStackTargetSize                   = 64                                        {product} {ergonomic}
     bool HeapDumpOnOutOfMemoryError               = true                                   {manageable} {command line}
   size_t InitialHeapSize                          = 268435456                                 {product} {command line}
   size_t MarkStackSize                            = 4194304                                   {product} {ergonomic}
   size_t MaxHeapSize                              = 536870912                                 {product} {command line}
   size_t MaxMetaspaceSize                         = 402653184                                 {product} {command line}
   size_t MaxNewSize                               = 321912832                                 {product} {ergonomic}
   size_t MinHeapDeltaBytes                        = 1048576                                   {product} {ergonomic}
   size_t MinHeapSize                              = 268435456                                 {product} {command line}
    uintx NonNMethodCodeHeapSize                   = 5839372                                {pd product} {ergonomic}
    uintx NonProfiledCodeHeapSize                  = 122909434                              {pd product} {ergonomic}
    uintx ProfiledCodeHeapSize                     = 122909434                              {pd product} {ergonomic}
    uintx ReservedCodeCacheSize                    = 251658240                              {pd product} {ergonomic}
     bool SegmentedCodeCache                       = true                                      {product} {ergonomic}
   size_t SoftMaxHeapSize                          = 536870912                              {manageable} {ergonomic}
     bool UseCompressedOops                        = true                           {product lp64_product} {ergonomic}
     bool UseG1GC                                  = true                                      {product} {ergonomic}
     bool UseLargePagesIndividualAllocation        = false                                  {pd product} {ergonomic}

Logging:
Log output configuration:
 #0: stdout all=warning uptime,level,tags foldmultilines=false
 #1: stderr all=off uptime,level,tags foldmultilines=false

Environment Variables:
PATH=C:\Program Files\Common Files\Oracle\Java\javapath;C:\ProgramData\Oracle\Java\javapath;C:\Program Files (x86)\Common Files\Oracle\Java\javapath;C:\Windows\system32;C:\Windows;C:\Windows\System32\Wbem;C:\Windows\System32\WindowsPowerShell\v1.0\;C:\Windows\System32\OpenSSH\;C:\Windows\system32;C:\Windows;C:\Windows\System32\Wbem;C:\Windows\System32\WindowsPowerShell\v1.0\;C:\Windows\System32\OpenSSH\;D:\IntelliJ IDEA 2023.3.4\plugins\maven\lib\maven3\bin;D:\Git\cmd;C:\Program Files\NVIDIA Corporation\NVIDIA app\NvDLISR;C:\Program Files (x86)\NVIDIA Corporation\PhysX\Common;C:\Program Files\Docker\Docker\resources\bin;C:\Program Files\dotnet\;C:\Program Files (x86)\Windows Kits\10\Windows Performance Toolkit\;C:\Users\epask\AppData\Local\Microsoft\WindowsApps;D:\IntelliJ IDEA 2024.1.1\bin;;D:\IntelliJ IDEA Community Edition 2024.3\bin;;C:\Users\epask\AppData\Local\GitHubDesktop\bin
USERNAME=epask
OS=Windows_NT
PROCESSOR_IDENTIFIER=AMD64 Family 25 Model 80 Stepping 0, AuthenticAMD
TMP=C:\Users\epask\AppData\Local\Temp
TEMP=C:\Users\epask\AppData\Local\Temp




Periodic native trim disabled

---------------  S Y S T E M  ---------------

OS:
 Windows 11 , 64 bit Build 22621 (10.0.22621.4391)
OS uptime: 2 days 2:23 hours
Hyper-V role detected

CPU: total 12 (initial active 12) (12 cores per cpu, 2 threads per core) family 25 model 80 stepping 0 microcode 0x0, cx8, cmov, fxsr, ht, mmx, 3dnowpref, sse, sse2, sse3, ssse3, sse4a, sse4.1, sse4.2, popcnt, lzcnt, tsc, tscinvbit, avx, avx2, aes, erms, clmul, bmi1, bmi2, adx, sha, fma, vzeroupper, clflush, clflushopt, hv, rdtscp, rdpid, fsrm, f16c, cet_ss
Processor Information for all 12 processors :
  Max Mhz: 2301, Current Mhz: 2301, Mhz Limit: 2301

Memory: 4k page, system-wide physical 7532M (272M free)
TotalPageFile size 19818M (AvailPageFile size 0M)
current process WorkingSet (physical memory assigned to process): 347M, peak: 347M
current process commit charge ("private bytes"): 453M, peak: 465M

vm_info: Java HotSpot(TM) 64-Bit Server VM (21.0.2+13-LTS-58) for windows-amd64 JRE (21.0.2+13-LTS-58), built on 2024-01-05T18:32:24Z by "mach5one" with MS VC++ 17.1 (VS2022)

END.
