#
# There is insufficient memory for the Java Runtime Environment to continue.
# Native memory allocation (malloc) failed to allocate 3521248 bytes for Chunk::new
# Possible reasons:
#   The system is out of physical RAM or swap space
#   The process is running with CompressedOops enabled, and the Java Heap may be blocking the growth of the native heap
# Possible solutions:
#   Reduce memory load on the system
#   Increase physical memory or swap space
#   Check if swap backing store is full
#   Decrease Java heap size (-Xmx/-Xms)
#   Decrease number of Java threads
#   Decrease Java thread stack sizes (-Xss)
#   Set larger code cache with -XX:ReservedCodeCacheSize=
#   JVM is running with Unscaled Compressed Oops mode in which the Java heap is
#     placed in the first 4GB address space. The Java Heap base address is the
#     maximum limit for the native heap growth. Please use -XX:HeapBaseMinAddress
#     to set the Java Heap base and to place the Java Heap above 4GB virtual address.
# This output file may be truncated or incomplete.
#
#  Out of Memory Error (arena.cpp:168), pid=14964, tid=7448
#
# JRE version: Java(TM) SE Runtime Environment (21.0.2+13) (build 21.0.2+13-LTS-58)
# Java VM: Java HotSpot(TM) 64-Bit Server VM (21.0.2+13-LTS-58, mixed mode, sharing, tiered, compressed oops, compressed class ptrs, g1 gc, windows-amd64)
# No core dump will be written. Minidumps are not enabled by default on client versions of Windows
#

---------------  S U M M A R Y ------------

Command Line: --add-opens=java.base/java.util=ALL-UNNAMED --add-opens=java.base/java.lang=ALL-UNNAMED --add-opens=java.base/java.lang.invoke=ALL-UNNAMED --add-opens=java.prefs/java.util.prefs=ALL-UNNAMED --add-exports=jdk.compiler/com.sun.tools.javac.api=ALL-UNNAMED --add-exports=jdk.compiler/com.sun.tools.javac.util=ALL-UNNAMED --add-opens=java.base/java.nio.charset=ALL-UNNAMED --add-opens=java.base/java.net=ALL-UNNAMED --add-opens=java.base/java.util.concurrent.atomic=ALL-UNNAMED -XX:MaxMetaspaceSize=384m -XX:+HeapDumpOnOutOfMemoryError -Xms256m -Xmx512m -Dfile.encoding=windows-1251 -Duser.country=US -Duser.language=en -Duser.variant -javaagent:C:\Users\epask\.gradle\wrapper\dists\gradle-8.10.2-bin\a04bxjujx95o3nb99gddekhwo\gradle-8.10.2\lib\agents\gradle-instrumentation-agent-8.10.2.jar org.gradle.launcher.daemon.bootstrap.GradleDaemon 8.10.2

Host: AMD Ryzen 5 5625U with Radeon Graphics         , 12 cores, 7G,  Windows 11 , 64 bit Build 22621 (10.0.22621.4391)
Time: Mon Dec  9 20:43:02 2024 Belarus Standard Time elapsed time: 62.168123 seconds (0d 0h 1m 2s)

---------------  T H R E A D  ---------------

Current thread (0x0000017b40020090):  JavaThread "C2 CompilerThread0" daemon [_thread_in_native, id=7448, stack(0x000000037e000000,0x000000037e100000) (1024K)]


Current CompileTask:
C2:  62168 7396       4       org.objectweb.asm.ClassReader::readCode (5117 bytes)

Stack: [0x000000037e000000,0x000000037e100000]
Native frames: (J=compiled Java code, j=interpreted, Vv=VM code, C=native code)
V  [jvm.dll+0x6cade9]
V  [jvm.dll+0x8569c1]
V  [jvm.dll+0x858d2e]
V  [jvm.dll+0x859413]
V  [jvm.dll+0x280e56]
V  [jvm.dll+0xc3f3d]
V  [jvm.dll+0xc4473]
V  [jvm.dll+0x3b5c2c]
V  [jvm.dll+0x382855]
V  [jvm.dll+0x381cca]
V  [jvm.dll+0x249bd0]
V  [jvm.dll+0x2491b1]
V  [jvm.dll+0x1c9634]
V  [jvm.dll+0x258859]
V  [jvm.dll+0x256e3a]
V  [jvm.dll+0x3ef6c6]
V  [jvm.dll+0x7ff568]
V  [jvm.dll+0x6c953d]
C  [ucrtbase.dll+0x29333]
C  [KERNEL32.DLL+0x1259d]
C  [ntdll.dll+0x5af38]


---------------  P R O C E S S  ---------------

Threads class SMR info:
_java_thread_list=0x0000017b417f67c0, length=37, elements={
0x0000017b0bc8b260, 0x0000017b26cd9a20, 0x0000017b26cda6e0, 0x0000017b26cdb990,
0x0000017b26cdf640, 0x0000017b26ce0300, 0x0000017b26ce11f0, 0x0000017b40020090,
0x0000017b26ce4740, 0x0000017b401177f0, 0x0000017b402230a0, 0x0000017b402f0d00,
0x0000017b41accda0, 0x0000017b40e8f540, 0x0000017b402deab0, 0x0000017b419f0fa0,
0x0000017b40cbbab0, 0x0000017b40cfd940, 0x0000017b40cfe660, 0x0000017b40cfecf0,
0x0000017b40d00730, 0x0000017b40d000a0, 0x0000017b40cfdfd0, 0x0000017b40d00dc0,
0x0000017b43ba48a0, 0x0000017b43ba4f30, 0x0000017b43ba1ab0, 0x0000017b43ba62e0,
0x0000017b43ba7d20, 0x0000017b43ba5c50, 0x0000017b43ba7000, 0x0000017b43ba6970,
0x0000017b43ba7690, 0x0000017b43ba8a40, 0x0000017b43ba3b80, 0x0000017b43ba34f0,
0x0000017b42ab9da0
}

Java Threads: ( => current thread )
  0x0000017b0bc8b260 JavaThread "main"                              [_thread_blocked, id=19952, stack(0x000000037d200000,0x000000037d300000) (1024K)]
  0x0000017b26cd9a20 JavaThread "Reference Handler"          daemon [_thread_blocked, id=21412, stack(0x000000037da00000,0x000000037db00000) (1024K)]
  0x0000017b26cda6e0 JavaThread "Finalizer"                  daemon [_thread_blocked, id=16708, stack(0x000000037db00000,0x000000037dc00000) (1024K)]
  0x0000017b26cdb990 JavaThread "Signal Dispatcher"          daemon [_thread_blocked, id=19092, stack(0x000000037dc00000,0x000000037dd00000) (1024K)]
  0x0000017b26cdf640 JavaThread "Attach Listener"            daemon [_thread_blocked, id=11612, stack(0x000000037dd00000,0x000000037de00000) (1024K)]
  0x0000017b26ce0300 JavaThread "Service Thread"             daemon [_thread_blocked, id=20600, stack(0x000000037de00000,0x000000037df00000) (1024K)]
  0x0000017b26ce11f0 JavaThread "Monitor Deflation Thread"   daemon [_thread_blocked, id=21584, stack(0x000000037df00000,0x000000037e000000) (1024K)]
=>0x0000017b40020090 JavaThread "C2 CompilerThread0"         daemon [_thread_in_native, id=7448, stack(0x000000037e000000,0x000000037e100000) (1024K)]
  0x0000017b26ce4740 JavaThread "C1 CompilerThread0"         daemon [_thread_blocked, id=20952, stack(0x000000037e100000,0x000000037e200000) (1024K)]
  0x0000017b401177f0 JavaThread "Common-Cleaner"             daemon [_thread_blocked, id=15268, stack(0x000000037e200000,0x000000037e300000) (1024K)]
  0x0000017b402230a0 JavaThread "Notification Thread"        daemon [_thread_blocked, id=23424, stack(0x000000037e300000,0x000000037e400000) (1024K)]
  0x0000017b402f0d00 JavaThread "Daemon health stats"               [_thread_blocked, id=8940, stack(0x000000037ea00000,0x000000037eb00000) (1024K)]
  0x0000017b41accda0 JavaThread "Incoming local TCP Connector on port 54972"        [_thread_in_native, id=28488, stack(0x000000037eb00000,0x000000037ec00000) (1024K)]
  0x0000017b40e8f540 JavaThread "Daemon periodic checks"            [_thread_blocked, id=17364, stack(0x000000037ec00000,0x000000037ed00000) (1024K)]
  0x0000017b402deab0 JavaThread "Daemon"                            [_thread_blocked, id=19540, stack(0x000000037ed00000,0x000000037ee00000) (1024K)]
  0x0000017b419f0fa0 JavaThread "Handler for socket connection from /127.0.0.1:54972 to /127.0.0.1:54973"        [_thread_in_native, id=25496, stack(0x000000037ee00000,0x000000037ef00000) (1024K)]
  0x0000017b40cbbab0 JavaThread "Cancel handler"                    [_thread_blocked, id=1840, stack(0x000000037ef00000,0x000000037f000000) (1024K)]
  0x0000017b40cfd940 JavaThread "Daemon worker"                     [_thread_in_Java, id=7156, stack(0x000000037f000000,0x000000037f100000) (1024K)]
  0x0000017b40cfe660 JavaThread "Asynchronous log dispatcher for DefaultDaemonConnection: socket connection from /127.0.0.1:54972 to /127.0.0.1:54973"        [_thread_blocked, id=20832, stack(0x000000037f100000,0x000000037f200000) (1024K)]
  0x0000017b40cfecf0 JavaThread "Stdin handler"                     [_thread_blocked, id=15560, stack(0x000000037f200000,0x000000037f300000) (1024K)]
  0x0000017b40d00730 JavaThread "Daemon client event forwarder"        [_thread_blocked, id=27980, stack(0x000000037f300000,0x000000037f400000) (1024K)]
  0x0000017b40d000a0 JavaThread "Cache worker for journal cache (C:\Users\epask\.gradle\caches\journal-1)"        [_thread_blocked, id=22908, stack(0x000000037f400000,0x000000037f500000) (1024K)]
  0x0000017b40cfdfd0 JavaThread "File lock request listener"        [_thread_in_native, id=20560, stack(0x000000037f500000,0x000000037f600000) (1024K)]
  0x0000017b40d00dc0 JavaThread "Cache worker for file hash cache (C:\Users\epask\.gradle\caches\8.10.2\fileHashes)"        [_thread_blocked, id=9168, stack(0x000000037f600000,0x000000037f700000) (1024K)]
  0x0000017b43ba48a0 JavaThread "File lock release action executor"        [_thread_blocked, id=28540, stack(0x000000037f700000,0x000000037f800000) (1024K)]
  0x0000017b43ba4f30 JavaThread "Cache worker for file hash cache (D:\JavaProdects\MicroservicesProject\payment_service\.gradle\8.10.2\fileHashes)"        [_thread_blocked, id=15916, stack(0x000000037fd00000,0x000000037fe00000) (1024K)]
  0x0000017b43ba1ab0 JavaThread "Cache worker for Build Output Cleanup Cache (D:\JavaProdects\MicroservicesProject\payment_service\.gradle\buildOutputCleanup)"        [_thread_blocked, id=25944, stack(0x000000037fe00000,0x000000037ff00000) (1024K)]
  0x0000017b43ba62e0 JavaThread "File watcher server"        daemon [_thread_in_native, id=5720, stack(0x000000037ff00000,0x0000000380000000) (1024K)]
  0x0000017b43ba7d20 JavaThread "File watcher consumer"      daemon [_thread_blocked, id=24980, stack(0x0000000300000000,0x0000000300100000) (1024K)]
  0x0000017b43ba5c50 JavaThread "Cache worker for checksums cache (D:\JavaProdects\MicroservicesProject\payment_service\.gradle\8.10.2\checksums)"        [_thread_blocked, id=22760, stack(0x0000000300100000,0x0000000300200000) (1024K)]
  0x0000017b43ba7000 JavaThread "Cache worker for file content cache (C:\Users\epask\.gradle\caches\8.10.2\fileContent)"        [_thread_blocked, id=20160, stack(0x0000000300200000,0x0000000300300000) (1024K)]
  0x0000017b43ba6970 JavaThread "Cache worker for cache directory md-rule (C:\Users\epask\.gradle\caches\8.10.2\md-rule)"        [_thread_blocked, id=28040, stack(0x0000000300300000,0x0000000300400000) (1024K)]
  0x0000017b43ba7690 JavaThread "Cache worker for cache directory md-supplier (C:\Users\epask\.gradle\caches\8.10.2\md-supplier)"        [_thread_blocked, id=21228, stack(0x0000000300400000,0x0000000300500000) (1024K)]
  0x0000017b43ba8a40 JavaThread "jar transforms"                    [_thread_blocked, id=328, stack(0x0000000300500000,0x0000000300600000) (1024K)]
  0x0000017b43ba3b80 JavaThread "jar transforms Thread 2"           [_thread_blocked, id=28436, stack(0x0000000300600000,0x0000000300700000) (1024K)]
  0x0000017b43ba34f0 JavaThread "jar transforms Thread 3"           [_thread_blocked, id=18304, stack(0x0000000300700000,0x0000000300800000) (1024K)]
  0x0000017b42ab9da0 JavaThread "jar transforms Thread 4"           [_thread_blocked, id=26848, stack(0x0000000300800000,0x0000000300900000) (1024K)]
Total: 37

Other Threads:
  0x0000017b26cb50f0 VMThread "VM Thread"                           [id=20060, stack(0x000000037d900000,0x000000037da00000) (1024K)]
  0x0000017b26c9cea0 WatcherThread "VM Periodic Task Thread"        [id=19320, stack(0x000000037d800000,0x000000037d900000) (1024K)]
  0x0000017b0bcb5540 WorkerThread "GC Thread#0"                     [id=24172, stack(0x000000037d300000,0x000000037d400000) (1024K)]
  0x0000017b40709d90 WorkerThread "GC Thread#1"                     [id=10532, stack(0x000000037e500000,0x000000037e600000) (1024K)]
  0x0000017b406d1d00 WorkerThread "GC Thread#2"                     [id=12624, stack(0x000000037e600000,0x000000037e700000) (1024K)]
  0x0000017b406d20a0 WorkerThread "GC Thread#3"                     [id=14784, stack(0x000000037e700000,0x000000037e800000) (1024K)]
  0x0000017b409a6310 WorkerThread "GC Thread#4"                     [id=15520, stack(0x000000037e800000,0x000000037e900000) (1024K)]
  0x0000017b409a66b0 WorkerThread "GC Thread#5"                     [id=17892, stack(0x000000037e900000,0x000000037ea00000) (1024K)]
  0x0000017b41ac61d0 WorkerThread "GC Thread#6"                     [id=21936, stack(0x000000037e400000,0x000000037e500000) (1024K)]
  0x0000017b4206c970 WorkerThread "GC Thread#7"                     [id=15184, stack(0x000000037f800000,0x000000037f900000) (1024K)]
  0x0000017b4206cd10 WorkerThread "GC Thread#8"                     [id=23208, stack(0x000000037f900000,0x000000037fa00000) (1024K)]
  0x0000017b4206c230 WorkerThread "GC Thread#9"                     [id=27056, stack(0x000000037fa00000,0x000000037fb00000) (1024K)]
  0x0000017b0bcbb530 ConcurrentGCThread "G1 Main Marker"            [id=19980, stack(0x000000037d400000,0x000000037d500000) (1024K)]
  0x0000017b0bcbc030 WorkerThread "G1 Conc#0"                       [id=27080, stack(0x000000037d500000,0x000000037d600000) (1024K)]
  0x0000017b4206c5d0 WorkerThread "G1 Conc#1"                       [id=5176, stack(0x000000037fb00000,0x000000037fc00000) (1024K)]
  0x0000017b434128d0 WorkerThread "G1 Conc#2"                       [id=13660, stack(0x000000037fc00000,0x000000037fd00000) (1024K)]
  0x0000017b26b6e550 ConcurrentGCThread "G1 Refine#0"               [id=26688, stack(0x000000037d600000,0x000000037d700000) (1024K)]
  0x0000017b26b6f270 ConcurrentGCThread "G1 Service"                [id=24112, stack(0x000000037d700000,0x000000037d800000) (1024K)]
Total: 18

Threads with active compile tasks:
C2 CompilerThread0    62232 7396       4       org.objectweb.asm.ClassReader::readCode (5117 bytes)
Total: 1

VM state: not at safepoint (normal execution)

VM Mutex/Monitor currently owned by a thread: None

Heap address: 0x00000000e0000000, size: 512 MB, Compressed Oops mode: 32-bit

CDS archive(s) mapped at: [0x0000017b27000000-0x0000017b27c90000-0x0000017b27c90000), size 13172736, SharedBaseAddress: 0x0000017b27000000, ArchiveRelocationMode: 1.
Compressed class space mapped at: 0x0000017b28000000-0x0000017b3c000000, reserved size: 335544320
Narrow klass base: 0x0000017b27000000, Narrow klass shift: 0, Narrow klass range: 0x100000000

GC Precious Log:
 CardTable entry size: 512
 Card Set container configuration: InlinePtr #cards 5 size 8 Array Of Cards #cards 12 size 40 Howl #buckets 4 coarsen threshold 1843 Howl Bitmap #cards 512 size 80 coarsen threshold 460 Card regions per heap region 1 cards per card region 2048
 CPUs: 12 total, 12 available
 Memory: 7532M
 Large Page Support: Disabled
 NUMA Support: Disabled
 Compressed Oops: Enabled (32-bit)
 Heap Region Size: 1M
 Heap Min Capacity: 256M
 Heap Initial Capacity: 256M
 Heap Max Capacity: 512M
 Pre-touch: Disabled
 Parallel Workers: 10
 Concurrent Workers: 3
 Concurrent Refinement Workers: 10
 Periodic GC: Disabled

Heap:
 garbage-first heap   total 262144K, used 128622K [0x00000000e0000000, 0x0000000100000000)
  region size 1024K, 67 young (68608K), 11 survivors (11264K)
 Metaspace       used 47333K, committed 48768K, reserved 393216K
  class space    used 6575K, committed 7296K, reserved 327680K

Heap Regions: E=young(eden), S=young(survivor), O=old, HS=humongous(starts), HC=humongous(continues), CS=collection set, F=free, TAMS=top-at-mark-start, PB=parsable bottom
|   0|0x00000000e0000000, 0x00000000e0100000, 0x00000000e0100000|100%| O|  |TAMS 0x00000000e0000000| PB 0x00000000e0000000| Untracked 
|   1|0x00000000e0100000, 0x00000000e0200000, 0x00000000e0200000|100%| O|  |TAMS 0x00000000e0100000| PB 0x00000000e0100000| Untracked 
|   2|0x00000000e0200000, 0x00000000e0300000, 0x00000000e0300000|100%|HS|  |TAMS 0x00000000e0200000| PB 0x00000000e0200000| Complete 
|   3|0x00000000e0300000, 0x00000000e0400000, 0x00000000e0400000|100%|HC|  |TAMS 0x00000000e0300000| PB 0x00000000e0300000| Complete 
|   4|0x00000000e0400000, 0x00000000e0500000, 0x00000000e0500000|100%|HC|  |TAMS 0x00000000e0400000| PB 0x00000000e0400000| Complete 
|   5|0x00000000e0500000, 0x00000000e0600000, 0x00000000e0600000|100%|HC|  |TAMS 0x00000000e0500000| PB 0x00000000e0500000| Complete 
|   6|0x00000000e0600000, 0x00000000e0700000, 0x00000000e0700000|100%| O|  |TAMS 0x00000000e0600000| PB 0x00000000e0600000| Untracked 
|   7|0x00000000e0700000, 0x00000000e0800000, 0x00000000e0800000|100%| O|  |TAMS 0x00000000e0700000| PB 0x00000000e0700000| Untracked 
|   8|0x00000000e0800000, 0x00000000e0900000, 0x00000000e0900000|100%| O|  |TAMS 0x00000000e0800000| PB 0x00000000e0800000| Untracked 
|   9|0x00000000e0900000, 0x00000000e0a00000, 0x00000000e0a00000|100%|HS|  |TAMS 0x00000000e0900000| PB 0x00000000e0900000| Complete 
|  10|0x00000000e0a00000, 0x00000000e0b00000, 0x00000000e0b00000|100%| O|  |TAMS 0x00000000e0a00000| PB 0x00000000e0a00000| Untracked 
|  11|0x00000000e0b00000, 0x00000000e0c00000, 0x00000000e0c00000|100%| O|  |TAMS 0x00000000e0b00000| PB 0x00000000e0b00000| Untracked 
|  12|0x00000000e0c00000, 0x00000000e0d00000, 0x00000000e0d00000|100%| O|  |TAMS 0x00000000e0c00000| PB 0x00000000e0c00000| Untracked 
|  13|0x00000000e0d00000, 0x00000000e0e00000, 0x00000000e0e00000|100%| O|  |TAMS 0x00000000e0d00000| PB 0x00000000e0d00000| Untracked 
|  14|0x00000000e0e00000, 0x00000000e0f00000, 0x00000000e0f00000|100%| O|  |TAMS 0x00000000e0e00000| PB 0x00000000e0e00000| Untracked 
|  15|0x00000000e0f00000, 0x00000000e1000000, 0x00000000e1000000|100%| O|  |TAMS 0x00000000e0f00000| PB 0x00000000e0f00000| Untracked 
|  16|0x00000000e1000000, 0x00000000e1100000, 0x00000000e1100000|100%| O|  |TAMS 0x00000000e1000000| PB 0x00000000e1000000| Untracked 
|  17|0x00000000e1100000, 0x00000000e1200000, 0x00000000e1200000|100%| O|  |TAMS 0x00000000e1100000| PB 0x00000000e1100000| Untracked 
|  18|0x00000000e1200000, 0x00000000e1300000, 0x00000000e1300000|100%| O|  |TAMS 0x00000000e1200000| PB 0x00000000e1200000| Untracked 
|  19|0x00000000e1300000, 0x00000000e1400000, 0x00000000e1400000|100%| O|  |TAMS 0x00000000e1300000| PB 0x00000000e1300000| Untracked 
|  20|0x00000000e1400000, 0x00000000e1500000, 0x00000000e1500000|100%| O|  |TAMS 0x00000000e1400000| PB 0x00000000e1400000| Untracked 
|  21|0x00000000e1500000, 0x00000000e1600000, 0x00000000e1600000|100%| O|  |TAMS 0x00000000e1500000| PB 0x00000000e1500000| Untracked 
|  22|0x00000000e1600000, 0x00000000e1700000, 0x00000000e1700000|100%| O|  |TAMS 0x00000000e1600000| PB 0x00000000e1600000| Untracked 
|  23|0x00000000e1700000, 0x00000000e1800000, 0x00000000e1800000|100%| O|  |TAMS 0x00000000e1700000| PB 0x00000000e1700000| Untracked 
|  24|0x00000000e1800000, 0x00000000e1900000, 0x00000000e1900000|100%| O|  |TAMS 0x00000000e1800000| PB 0x00000000e1800000| Untracked 
|  25|0x00000000e1900000, 0x00000000e1a00000, 0x00000000e1a00000|100%| O|  |TAMS 0x00000000e1900000| PB 0x00000000e1900000| Untracked 
|  26|0x00000000e1a00000, 0x00000000e1b00000, 0x00000000e1b00000|100%| O|  |TAMS 0x00000000e1a00000| PB 0x00000000e1a00000| Untracked 
|  27|0x00000000e1b00000, 0x00000000e1c00000, 0x00000000e1c00000|100%| O|  |TAMS 0x00000000e1b00000| PB 0x00000000e1b00000| Untracked 
|  28|0x00000000e1c00000, 0x00000000e1d00000, 0x00000000e1d00000|100%| O|  |TAMS 0x00000000e1c00000| PB 0x00000000e1c00000| Untracked 
|  29|0x00000000e1d00000, 0x00000000e1e00000, 0x00000000e1e00000|100%| O|  |TAMS 0x00000000e1d00000| PB 0x00000000e1d00000| Untracked 
|  30|0x00000000e1e00000, 0x00000000e1f00000, 0x00000000e1f00000|100%| O|  |TAMS 0x00000000e1e00000| PB 0x00000000e1e00000| Untracked 
|  31|0x00000000e1f00000, 0x00000000e2000000, 0x00000000e2000000|100%| O|  |TAMS 0x00000000e1f00000| PB 0x00000000e1f00000| Untracked 
|  32|0x00000000e2000000, 0x00000000e2100000, 0x00000000e2100000|100%| O|  |TAMS 0x00000000e2000000| PB 0x00000000e2000000| Untracked 
|  33|0x00000000e2100000, 0x00000000e2200000, 0x00000000e2200000|100%| O|  |TAMS 0x00000000e2100000| PB 0x00000000e2100000| Untracked 
|  34|0x00000000e2200000, 0x00000000e2300000, 0x00000000e2300000|100%| O|  |TAMS 0x00000000e2200000| PB 0x00000000e2200000| Untracked 
|  35|0x00000000e2300000, 0x00000000e2400000, 0x00000000e2400000|100%| O|  |TAMS 0x00000000e2300000| PB 0x00000000e2300000| Untracked 
|  36|0x00000000e2400000, 0x00000000e2500000, 0x00000000e2500000|100%| O|  |TAMS 0x00000000e2400000| PB 0x00000000e2400000| Untracked 
|  37|0x00000000e2500000, 0x00000000e2600000, 0x00000000e2600000|100%| O|  |TAMS 0x00000000e2500000| PB 0x00000000e2500000| Untracked 
|  38|0x00000000e2600000, 0x00000000e2700000, 0x00000000e2700000|100%| O|  |TAMS 0x00000000e2600000| PB 0x00000000e2600000| Untracked 
|  39|0x00000000e2700000, 0x00000000e2800000, 0x00000000e2800000|100%| O|  |TAMS 0x00000000e2700000| PB 0x00000000e2700000| Untracked 
|  40|0x00000000e2800000, 0x00000000e2900000, 0x00000000e2900000|100%| O|  |TAMS 0x00000000e2800000| PB 0x00000000e2800000| Untracked 
|  41|0x00000000e2900000, 0x00000000e2a00000, 0x00000000e2a00000|100%| O|  |TAMS 0x00000000e2900000| PB 0x00000000e2900000| Untracked 
|  42|0x00000000e2a00000, 0x00000000e2b00000, 0x00000000e2b00000|100%| O|  |TAMS 0x00000000e2a00000| PB 0x00000000e2a00000| Untracked 
|  43|0x00000000e2b00000, 0x00000000e2c00000, 0x00000000e2c00000|100%| O|  |TAMS 0x00000000e2b00000| PB 0x00000000e2b00000| Untracked 
|  44|0x00000000e2c00000, 0x00000000e2d00000, 0x00000000e2d00000|100%| O|  |TAMS 0x00000000e2c00000| PB 0x00000000e2c00000| Untracked 
|  45|0x00000000e2d00000, 0x00000000e2e00000, 0x00000000e2e00000|100%| O|  |TAMS 0x00000000e2d00000| PB 0x00000000e2d00000| Untracked 
|  46|0x00000000e2e00000, 0x00000000e2f00000, 0x00000000e2f00000|100%| O|  |TAMS 0x00000000e2e00000| PB 0x00000000e2e00000| Untracked 
|  47|0x00000000e2f00000, 0x00000000e3000000, 0x00000000e3000000|100%| O|  |TAMS 0x00000000e2f00000| PB 0x00000000e2f00000| Untracked 
|  48|0x00000000e3000000, 0x00000000e3100000, 0x00000000e3100000|100%| O|  |TAMS 0x00000000e3000000| PB 0x00000000e3000000| Untracked 
|  49|0x00000000e3100000, 0x00000000e3200000, 0x00000000e3200000|100%| O|  |TAMS 0x00000000e3100000| PB 0x00000000e3100000| Untracked 
|  50|0x00000000e3200000, 0x00000000e3300000, 0x00000000e3300000|100%| O|  |TAMS 0x00000000e3200000| PB 0x00000000e3200000| Untracked 
|  51|0x00000000e3300000, 0x00000000e3400000, 0x00000000e3400000|100%| O|  |TAMS 0x00000000e3300000| PB 0x00000000e3300000| Untracked 
|  52|0x00000000e3400000, 0x00000000e3500000, 0x00000000e3500000|100%| O|  |TAMS 0x00000000e3400000| PB 0x00000000e3400000| Untracked 
|  53|0x00000000e3500000, 0x00000000e3600000, 0x00000000e3600000|100%| O|  |TAMS 0x00000000e3500000| PB 0x00000000e3500000| Untracked 
|  54|0x00000000e3600000, 0x00000000e3700000, 0x00000000e3700000|100%| O|  |TAMS 0x00000000e3600000| PB 0x00000000e3600000| Untracked 
|  55|0x00000000e3700000, 0x00000000e3800000, 0x00000000e3800000|100%| O|  |TAMS 0x00000000e3700000| PB 0x00000000e3700000| Untracked 
|  56|0x00000000e3800000, 0x00000000e3900000, 0x00000000e3900000|100%| O|  |TAMS 0x00000000e3800000| PB 0x00000000e3800000| Untracked 
|  57|0x00000000e3900000, 0x00000000e3a00000, 0x00000000e3a00000|100%| O|  |TAMS 0x00000000e3900000| PB 0x00000000e3900000| Untracked 
|  58|0x00000000e3a00000, 0x00000000e3b00000, 0x00000000e3b00000|100%| O|  |TAMS 0x00000000e3a00000| PB 0x00000000e3a00000| Untracked 
|  59|0x00000000e3b00000, 0x00000000e3bda810, 0x00000000e3c00000| 85%| O|  |TAMS 0x00000000e3b00000| PB 0x00000000e3b00000| Untracked 
|  60|0x00000000e3c00000, 0x00000000e3c00000, 0x00000000e3d00000|  0%| F|  |TAMS 0x00000000e3c00000| PB 0x00000000e3c00000| Untracked 
|  61|0x00000000e3d00000, 0x00000000e3d00000, 0x00000000e3e00000|  0%| F|  |TAMS 0x00000000e3d00000| PB 0x00000000e3d00000| Untracked 
|  62|0x00000000e3e00000, 0x00000000e3e00000, 0x00000000e3f00000|  0%| F|  |TAMS 0x00000000e3e00000| PB 0x00000000e3e00000| Untracked 
|  63|0x00000000e3f00000, 0x00000000e3f00000, 0x00000000e4000000|  0%| F|  |TAMS 0x00000000e3f00000| PB 0x00000000e3f00000| Untracked 
|  64|0x00000000e4000000, 0x00000000e4000000, 0x00000000e4100000|  0%| F|  |TAMS 0x00000000e4000000| PB 0x00000000e4000000| Untracked 
|  65|0x00000000e4100000, 0x00000000e4100000, 0x00000000e4200000|  0%| F|  |TAMS 0x00000000e4100000| PB 0x00000000e4100000| Untracked 
|  66|0x00000000e4200000, 0x00000000e4200000, 0x00000000e4300000|  0%| F|  |TAMS 0x00000000e4200000| PB 0x00000000e4200000| Untracked 
|  67|0x00000000e4300000, 0x00000000e4300000, 0x00000000e4400000|  0%| F|  |TAMS 0x00000000e4300000| PB 0x00000000e4300000| Untracked 
|  68|0x00000000e4400000, 0x00000000e4400000, 0x00000000e4500000|  0%| F|  |TAMS 0x00000000e4400000| PB 0x00000000e4400000| Untracked 
|  69|0x00000000e4500000, 0x00000000e4500000, 0x00000000e4600000|  0%| F|  |TAMS 0x00000000e4500000| PB 0x00000000e4500000| Untracked 
|  70|0x00000000e4600000, 0x00000000e4600000, 0x00000000e4700000|  0%| F|  |TAMS 0x00000000e4600000| PB 0x00000000e4600000| Untracked 
|  71|0x00000000e4700000, 0x00000000e4700000, 0x00000000e4800000|  0%| F|  |TAMS 0x00000000e4700000| PB 0x00000000e4700000| Untracked 
|  72|0x00000000e4800000, 0x00000000e4800000, 0x00000000e4900000|  0%| F|  |TAMS 0x00000000e4800000| PB 0x00000000e4800000| Untracked 
|  73|0x00000000e4900000, 0x00000000e4900000, 0x00000000e4a00000|  0%| F|  |TAMS 0x00000000e4900000| PB 0x00000000e4900000| Untracked 
|  74|0x00000000e4a00000, 0x00000000e4a00000, 0x00000000e4b00000|  0%| F|  |TAMS 0x00000000e4a00000| PB 0x00000000e4a00000| Untracked 
|  75|0x00000000e4b00000, 0x00000000e4b00000, 0x00000000e4c00000|  0%| F|  |TAMS 0x00000000e4b00000| PB 0x00000000e4b00000| Untracked 
|  76|0x00000000e4c00000, 0x00000000e4c00000, 0x00000000e4d00000|  0%| F|  |TAMS 0x00000000e4c00000| PB 0x00000000e4c00000| Untracked 
|  77|0x00000000e4d00000, 0x00000000e4d00000, 0x00000000e4e00000|  0%| F|  |TAMS 0x00000000e4d00000| PB 0x00000000e4d00000| Untracked 
|  78|0x00000000e4e00000, 0x00000000e4e00000, 0x00000000e4f00000|  0%| F|  |TAMS 0x00000000e4e00000| PB 0x00000000e4e00000| Untracked 
|  79|0x00000000e4f00000, 0x00000000e4f00000, 0x00000000e5000000|  0%| F|  |TAMS 0x00000000e4f00000| PB 0x00000000e4f00000| Untracked 
|  80|0x00000000e5000000, 0x00000000e5000000, 0x00000000e5100000|  0%| F|  |TAMS 0x00000000e5000000| PB 0x00000000e5000000| Untracked 
|  81|0x00000000e5100000, 0x00000000e5100000, 0x00000000e5200000|  0%| F|  |TAMS 0x00000000e5100000| PB 0x00000000e5100000| Untracked 
|  82|0x00000000e5200000, 0x00000000e5200000, 0x00000000e5300000|  0%| F|  |TAMS 0x00000000e5200000| PB 0x00000000e5200000| Untracked 
|  83|0x00000000e5300000, 0x00000000e5300000, 0x00000000e5400000|  0%| F|  |TAMS 0x00000000e5300000| PB 0x00000000e5300000| Untracked 
|  84|0x00000000e5400000, 0x00000000e5400000, 0x00000000e5500000|  0%| F|  |TAMS 0x00000000e5400000| PB 0x00000000e5400000| Untracked 
|  85|0x00000000e5500000, 0x00000000e5500000, 0x00000000e5600000|  0%| F|  |TAMS 0x00000000e5500000| PB 0x00000000e5500000| Untracked 
|  86|0x00000000e5600000, 0x00000000e5600000, 0x00000000e5700000|  0%| F|  |TAMS 0x00000000e5600000| PB 0x00000000e5600000| Untracked 
|  87|0x00000000e5700000, 0x00000000e5700000, 0x00000000e5800000|  0%| F|  |TAMS 0x00000000e5700000| PB 0x00000000e5700000| Untracked 
|  88|0x00000000e5800000, 0x00000000e5800000, 0x00000000e5900000|  0%| F|  |TAMS 0x00000000e5800000| PB 0x00000000e5800000| Untracked 
|  89|0x00000000e5900000, 0x00000000e5900000, 0x00000000e5a00000|  0%| F|  |TAMS 0x00000000e5900000| PB 0x00000000e5900000| Untracked 
|  90|0x00000000e5a00000, 0x00000000e5a00000, 0x00000000e5b00000|  0%| F|  |TAMS 0x00000000e5a00000| PB 0x00000000e5a00000| Untracked 
|  91|0x00000000e5b00000, 0x00000000e5b00000, 0x00000000e5c00000|  0%| F|  |TAMS 0x00000000e5b00000| PB 0x00000000e5b00000| Untracked 
|  92|0x00000000e5c00000, 0x00000000e5cc1380, 0x00000000e5d00000| 75%| S|CS|TAMS 0x00000000e5c00000| PB 0x00000000e5c00000| Complete 
|  93|0x00000000e5d00000, 0x00000000e5e00000, 0x00000000e5e00000|100%| S|CS|TAMS 0x00000000e5d00000| PB 0x00000000e5d00000| Complete 
|  94|0x00000000e5e00000, 0x00000000e5f00000, 0x00000000e5f00000|100%| S|CS|TAMS 0x00000000e5e00000| PB 0x00000000e5e00000| Complete 
|  95|0x00000000e5f00000, 0x00000000e5f00000, 0x00000000e6000000|  0%| F|  |TAMS 0x00000000e5f00000| PB 0x00000000e5f00000| Untracked 
|  96|0x00000000e6000000, 0x00000000e6100000, 0x00000000e6100000|100%| S|CS|TAMS 0x00000000e6000000| PB 0x00000000e6000000| Complete 
|  97|0x00000000e6100000, 0x00000000e6100000, 0x00000000e6200000|  0%| F|  |TAMS 0x00000000e6100000| PB 0x00000000e6100000| Untracked 
|  98|0x00000000e6200000, 0x00000000e6200000, 0x00000000e6300000|  0%| F|  |TAMS 0x00000000e6200000| PB 0x00000000e6200000| Untracked 
|  99|0x00000000e6300000, 0x00000000e6300000, 0x00000000e6400000|  0%| F|  |TAMS 0x00000000e6300000| PB 0x00000000e6300000| Untracked 
| 100|0x00000000e6400000, 0x00000000e6400000, 0x00000000e6500000|  0%| F|  |TAMS 0x00000000e6400000| PB 0x00000000e6400000| Untracked 
| 101|0x00000000e6500000, 0x00000000e6500000, 0x00000000e6600000|  0%| F|  |TAMS 0x00000000e6500000| PB 0x00000000e6500000| Untracked 
| 102|0x00000000e6600000, 0x00000000e6600000, 0x00000000e6700000|  0%| F|  |TAMS 0x00000000e6600000| PB 0x00000000e6600000| Untracked 
| 103|0x00000000e6700000, 0x00000000e6800000, 0x00000000e6800000|100%| S|CS|TAMS 0x00000000e6700000| PB 0x00000000e6700000| Complete 
| 104|0x00000000e6800000, 0x00000000e6900000, 0x00000000e6900000|100%| S|CS|TAMS 0x00000000e6800000| PB 0x00000000e6800000| Complete 
| 105|0x00000000e6900000, 0x00000000e6a00000, 0x00000000e6a00000|100%| S|CS|TAMS 0x00000000e6900000| PB 0x00000000e6900000| Complete 
| 106|0x00000000e6a00000, 0x00000000e6b00000, 0x00000000e6b00000|100%| S|CS|TAMS 0x00000000e6a00000| PB 0x00000000e6a00000| Complete 
| 107|0x00000000e6b00000, 0x00000000e6c00000, 0x00000000e6c00000|100%| S|CS|TAMS 0x00000000e6b00000| PB 0x00000000e6b00000| Complete 
| 108|0x00000000e6c00000, 0x00000000e6d00000, 0x00000000e6d00000|100%| S|CS|TAMS 0x00000000e6c00000| PB 0x00000000e6c00000| Complete 
| 109|0x00000000e6d00000, 0x00000000e6d00000, 0x00000000e6e00000|  0%| F|  |TAMS 0x00000000e6d00000| PB 0x00000000e6d00000| Untracked 
| 110|0x00000000e6e00000, 0x00000000e6f00000, 0x00000000e6f00000|100%| S|CS|TAMS 0x00000000e6e00000| PB 0x00000000e6e00000| Complete 
| 111|0x00000000e6f00000, 0x00000000e6f00000, 0x00000000e7000000|  0%| F|  |TAMS 0x00000000e6f00000| PB 0x00000000e6f00000| Untracked 
| 112|0x00000000e7000000, 0x00000000e7000000, 0x00000000e7100000|  0%| F|  |TAMS 0x00000000e7000000| PB 0x00000000e7000000| Untracked 
| 113|0x00000000e7100000, 0x00000000e7100000, 0x00000000e7200000|  0%| F|  |TAMS 0x00000000e7100000| PB 0x00000000e7100000| Untracked 
| 114|0x00000000e7200000, 0x00000000e7200000, 0x00000000e7300000|  0%| F|  |TAMS 0x00000000e7200000| PB 0x00000000e7200000| Untracked 
| 115|0x00000000e7300000, 0x00000000e7300000, 0x00000000e7400000|  0%| F|  |TAMS 0x00000000e7300000| PB 0x00000000e7300000| Untracked 
| 116|0x00000000e7400000, 0x00000000e7400000, 0x00000000e7500000|  0%| F|  |TAMS 0x00000000e7400000| PB 0x00000000e7400000| Untracked 
| 117|0x00000000e7500000, 0x00000000e7500000, 0x00000000e7600000|  0%| F|  |TAMS 0x00000000e7500000| PB 0x00000000e7500000| Untracked 
| 118|0x00000000e7600000, 0x00000000e7600000, 0x00000000e7700000|  0%| F|  |TAMS 0x00000000e7600000| PB 0x00000000e7600000| Untracked 
| 119|0x00000000e7700000, 0x00000000e7700000, 0x00000000e7800000|  0%| F|  |TAMS 0x00000000e7700000| PB 0x00000000e7700000| Untracked 
| 120|0x00000000e7800000, 0x00000000e7800000, 0x00000000e7900000|  0%| F|  |TAMS 0x00000000e7800000| PB 0x00000000e7800000| Untracked 
| 121|0x00000000e7900000, 0x00000000e7900000, 0x00000000e7a00000|  0%| F|  |TAMS 0x00000000e7900000| PB 0x00000000e7900000| Untracked 
| 122|0x00000000e7a00000, 0x00000000e7a00000, 0x00000000e7b00000|  0%| F|  |TAMS 0x00000000e7a00000| PB 0x00000000e7a00000| Untracked 
| 123|0x00000000e7b00000, 0x00000000e7b00000, 0x00000000e7c00000|  0%| F|  |TAMS 0x00000000e7b00000| PB 0x00000000e7b00000| Untracked 
| 124|0x00000000e7c00000, 0x00000000e7c00000, 0x00000000e7d00000|  0%| F|  |TAMS 0x00000000e7c00000| PB 0x00000000e7c00000| Untracked 
| 125|0x00000000e7d00000, 0x00000000e7d00000, 0x00000000e7e00000|  0%| F|  |TAMS 0x00000000e7d00000| PB 0x00000000e7d00000| Untracked 
| 126|0x00000000e7e00000, 0x00000000e7e00000, 0x00000000e7f00000|  0%| F|  |TAMS 0x00000000e7e00000| PB 0x00000000e7e00000| Untracked 
| 127|0x00000000e7f00000, 0x00000000e7f00000, 0x00000000e8000000|  0%| F|  |TAMS 0x00000000e7f00000| PB 0x00000000e7f00000| Untracked 
| 128|0x00000000e8000000, 0x00000000e8000000, 0x00000000e8100000|  0%| F|  |TAMS 0x00000000e8000000| PB 0x00000000e8000000| Untracked 
| 129|0x00000000e8100000, 0x00000000e8100000, 0x00000000e8200000|  0%| F|  |TAMS 0x00000000e8100000| PB 0x00000000e8100000| Untracked 
| 130|0x00000000e8200000, 0x00000000e8200000, 0x00000000e8300000|  0%| F|  |TAMS 0x00000000e8200000| PB 0x00000000e8200000| Untracked 
| 131|0x00000000e8300000, 0x00000000e8300000, 0x00000000e8400000|  0%| F|  |TAMS 0x00000000e8300000| PB 0x00000000e8300000| Untracked 
| 132|0x00000000e8400000, 0x00000000e8400000, 0x00000000e8500000|  0%| F|  |TAMS 0x00000000e8400000| PB 0x00000000e8400000| Untracked 
| 133|0x00000000e8500000, 0x00000000e8500000, 0x00000000e8600000|  0%| F|  |TAMS 0x00000000e8500000| PB 0x00000000e8500000| Untracked 
| 134|0x00000000e8600000, 0x00000000e8600000, 0x00000000e8700000|  0%| F|  |TAMS 0x00000000e8600000| PB 0x00000000e8600000| Untracked 
| 135|0x00000000e8700000, 0x00000000e8700000, 0x00000000e8800000|  0%| F|  |TAMS 0x00000000e8700000| PB 0x00000000e8700000| Untracked 
| 136|0x00000000e8800000, 0x00000000e8800000, 0x00000000e8900000|  0%| F|  |TAMS 0x00000000e8800000| PB 0x00000000e8800000| Untracked 
| 137|0x00000000e8900000, 0x00000000e8900000, 0x00000000e8a00000|  0%| F|  |TAMS 0x00000000e8900000| PB 0x00000000e8900000| Untracked 
| 138|0x00000000e8a00000, 0x00000000e8a00000, 0x00000000e8b00000|  0%| F|  |TAMS 0x00000000e8a00000| PB 0x00000000e8a00000| Untracked 
| 139|0x00000000e8b00000, 0x00000000e8b00000, 0x00000000e8c00000|  0%| F|  |TAMS 0x00000000e8b00000| PB 0x00000000e8b00000| Untracked 
| 140|0x00000000e8c00000, 0x00000000e8c00000, 0x00000000e8d00000|  0%| F|  |TAMS 0x00000000e8c00000| PB 0x00000000e8c00000| Untracked 
| 141|0x00000000e8d00000, 0x00000000e8d00000, 0x00000000e8e00000|  0%| F|  |TAMS 0x00000000e8d00000| PB 0x00000000e8d00000| Untracked 
| 142|0x00000000e8e00000, 0x00000000e8e00000, 0x00000000e8f00000|  0%| F|  |TAMS 0x00000000e8e00000| PB 0x00000000e8e00000| Untracked 
| 143|0x00000000e8f00000, 0x00000000e8f00000, 0x00000000e9000000|  0%| F|  |TAMS 0x00000000e8f00000| PB 0x00000000e8f00000| Untracked 
| 144|0x00000000e9000000, 0x00000000e9000000, 0x00000000e9100000|  0%| F|  |TAMS 0x00000000e9000000| PB 0x00000000e9000000| Untracked 
| 145|0x00000000e9100000, 0x00000000e9100000, 0x00000000e9200000|  0%| F|  |TAMS 0x00000000e9100000| PB 0x00000000e9100000| Untracked 
| 146|0x00000000e9200000, 0x00000000e9200000, 0x00000000e9300000|  0%| F|  |TAMS 0x00000000e9200000| PB 0x00000000e9200000| Untracked 
| 147|0x00000000e9300000, 0x00000000e9300000, 0x00000000e9400000|  0%| F|  |TAMS 0x00000000e9300000| PB 0x00000000e9300000| Untracked 
| 148|0x00000000e9400000, 0x00000000e9400000, 0x00000000e9500000|  0%| F|  |TAMS 0x00000000e9400000| PB 0x00000000e9400000| Untracked 
| 149|0x00000000e9500000, 0x00000000e9500000, 0x00000000e9600000|  0%| F|  |TAMS 0x00000000e9500000| PB 0x00000000e9500000| Untracked 
| 150|0x00000000e9600000, 0x00000000e9600000, 0x00000000e9700000|  0%| F|  |TAMS 0x00000000e9600000| PB 0x00000000e9600000| Untracked 
| 151|0x00000000e9700000, 0x00000000e9700000, 0x00000000e9800000|  0%| F|  |TAMS 0x00000000e9700000| PB 0x00000000e9700000| Untracked 
| 152|0x00000000e9800000, 0x00000000e9800000, 0x00000000e9900000|  0%| F|  |TAMS 0x00000000e9800000| PB 0x00000000e9800000| Untracked 
| 153|0x00000000e9900000, 0x00000000e9900000, 0x00000000e9a00000|  0%| F|  |TAMS 0x00000000e9900000| PB 0x00000000e9900000| Untracked 
| 154|0x00000000e9a00000, 0x00000000e9a00000, 0x00000000e9b00000|  0%| F|  |TAMS 0x00000000e9a00000| PB 0x00000000e9a00000| Untracked 
| 155|0x00000000e9b00000, 0x00000000e9b00000, 0x00000000e9c00000|  0%| F|  |TAMS 0x00000000e9b00000| PB 0x00000000e9b00000| Untracked 
| 156|0x00000000e9c00000, 0x00000000e9c00000, 0x00000000e9d00000|  0%| F|  |TAMS 0x00000000e9c00000| PB 0x00000000e9c00000| Untracked 
| 157|0x00000000e9d00000, 0x00000000e9d00000, 0x00000000e9e00000|  0%| F|  |TAMS 0x00000000e9d00000| PB 0x00000000e9d00000| Untracked 
| 158|0x00000000e9e00000, 0x00000000e9e00000, 0x00000000e9f00000|  0%| F|  |TAMS 0x00000000e9e00000| PB 0x00000000e9e00000| Untracked 
| 159|0x00000000e9f00000, 0x00000000e9f00000, 0x00000000ea000000|  0%| F|  |TAMS 0x00000000e9f00000| PB 0x00000000e9f00000| Untracked 
| 160|0x00000000ea000000, 0x00000000ea000000, 0x00000000ea100000|  0%| F|  |TAMS 0x00000000ea000000| PB 0x00000000ea000000| Untracked 
| 161|0x00000000ea100000, 0x00000000ea100000, 0x00000000ea200000|  0%| F|  |TAMS 0x00000000ea100000| PB 0x00000000ea100000| Untracked 
| 162|0x00000000ea200000, 0x00000000ea200000, 0x00000000ea300000|  0%| F|  |TAMS 0x00000000ea200000| PB 0x00000000ea200000| Untracked 
| 163|0x00000000ea300000, 0x00000000ea300000, 0x00000000ea400000|  0%| F|  |TAMS 0x00000000ea300000| PB 0x00000000ea300000| Untracked 
| 164|0x00000000ea400000, 0x00000000ea400000, 0x00000000ea500000|  0%| F|  |TAMS 0x00000000ea400000| PB 0x00000000ea400000| Untracked 
| 165|0x00000000ea500000, 0x00000000ea500000, 0x00000000ea600000|  0%| F|  |TAMS 0x00000000ea500000| PB 0x00000000ea500000| Untracked 
| 166|0x00000000ea600000, 0x00000000ea600000, 0x00000000ea700000|  0%| F|  |TAMS 0x00000000ea600000| PB 0x00000000ea600000| Untracked 
| 167|0x00000000ea700000, 0x00000000ea700000, 0x00000000ea800000|  0%| F|  |TAMS 0x00000000ea700000| PB 0x00000000ea700000| Untracked 
| 168|0x00000000ea800000, 0x00000000ea800000, 0x00000000ea900000|  0%| F|  |TAMS 0x00000000ea800000| PB 0x00000000ea800000| Untracked 
| 169|0x00000000ea900000, 0x00000000ea900000, 0x00000000eaa00000|  0%| F|  |TAMS 0x00000000ea900000| PB 0x00000000ea900000| Untracked 
| 170|0x00000000eaa00000, 0x00000000eaa00000, 0x00000000eab00000|  0%| F|  |TAMS 0x00000000eaa00000| PB 0x00000000eaa00000| Untracked 
| 171|0x00000000eab00000, 0x00000000eab00000, 0x00000000eac00000|  0%| F|  |TAMS 0x00000000eab00000| PB 0x00000000eab00000| Untracked 
| 172|0x00000000eac00000, 0x00000000eac00000, 0x00000000ead00000|  0%| F|  |TAMS 0x00000000eac00000| PB 0x00000000eac00000| Untracked 
| 173|0x00000000ead00000, 0x00000000ead00000, 0x00000000eae00000|  0%| F|  |TAMS 0x00000000ead00000| PB 0x00000000ead00000| Untracked 
| 174|0x00000000eae00000, 0x00000000eae00000, 0x00000000eaf00000|  0%| F|  |TAMS 0x00000000eae00000| PB 0x00000000eae00000| Untracked 
| 175|0x00000000eaf00000, 0x00000000eaf00000, 0x00000000eb000000|  0%| F|  |TAMS 0x00000000eaf00000| PB 0x00000000eaf00000| Untracked 
| 176|0x00000000eb000000, 0x00000000eb000000, 0x00000000eb100000|  0%| F|  |TAMS 0x00000000eb000000| PB 0x00000000eb000000| Untracked 
| 177|0x00000000eb100000, 0x00000000eb100000, 0x00000000eb200000|  0%| F|  |TAMS 0x00000000eb100000| PB 0x00000000eb100000| Untracked 
| 178|0x00000000eb200000, 0x00000000eb200000, 0x00000000eb300000|  0%| F|  |TAMS 0x00000000eb200000| PB 0x00000000eb200000| Untracked 
| 179|0x00000000eb300000, 0x00000000eb300000, 0x00000000eb400000|  0%| F|  |TAMS 0x00000000eb300000| PB 0x00000000eb300000| Untracked 
| 180|0x00000000eb400000, 0x00000000eb400000, 0x00000000eb500000|  0%| F|  |TAMS 0x00000000eb400000| PB 0x00000000eb400000| Untracked 
| 181|0x00000000eb500000, 0x00000000eb500000, 0x00000000eb600000|  0%| F|  |TAMS 0x00000000eb500000| PB 0x00000000eb500000| Untracked 
| 182|0x00000000eb600000, 0x00000000eb600000, 0x00000000eb700000|  0%| F|  |TAMS 0x00000000eb600000| PB 0x00000000eb600000| Untracked 
| 183|0x00000000eb700000, 0x00000000eb700000, 0x00000000eb800000|  0%| F|  |TAMS 0x00000000eb700000| PB 0x00000000eb700000| Untracked 
| 184|0x00000000eb800000, 0x00000000eb800000, 0x00000000eb900000|  0%| F|  |TAMS 0x00000000eb800000| PB 0x00000000eb800000| Untracked 
| 185|0x00000000eb900000, 0x00000000eb900000, 0x00000000eba00000|  0%| F|  |TAMS 0x00000000eb900000| PB 0x00000000eb900000| Untracked 
| 186|0x00000000eba00000, 0x00000000eba00000, 0x00000000ebb00000|  0%| F|  |TAMS 0x00000000eba00000| PB 0x00000000eba00000| Untracked 
| 187|0x00000000ebb00000, 0x00000000ebb00000, 0x00000000ebc00000|  0%| F|  |TAMS 0x00000000ebb00000| PB 0x00000000ebb00000| Untracked 
| 188|0x00000000ebc00000, 0x00000000ebc00000, 0x00000000ebd00000|  0%| F|  |TAMS 0x00000000ebc00000| PB 0x00000000ebc00000| Untracked 
| 189|0x00000000ebd00000, 0x00000000ebd00000, 0x00000000ebe00000|  0%| F|  |TAMS 0x00000000ebd00000| PB 0x00000000ebd00000| Untracked 
| 190|0x00000000ebe00000, 0x00000000ebe00000, 0x00000000ebf00000|  0%| F|  |TAMS 0x00000000ebe00000| PB 0x00000000ebe00000| Untracked 
| 191|0x00000000ebf00000, 0x00000000ebf00000, 0x00000000ec000000|  0%| F|  |TAMS 0x00000000ebf00000| PB 0x00000000ebf00000| Untracked 
| 192|0x00000000ec000000, 0x00000000ec000000, 0x00000000ec100000|  0%| F|  |TAMS 0x00000000ec000000| PB 0x00000000ec000000| Untracked 
| 193|0x00000000ec100000, 0x00000000ec100000, 0x00000000ec200000|  0%| F|  |TAMS 0x00000000ec100000| PB 0x00000000ec100000| Untracked 
| 194|0x00000000ec200000, 0x00000000ec200000, 0x00000000ec300000|  0%| F|  |TAMS 0x00000000ec200000| PB 0x00000000ec200000| Untracked 
| 195|0x00000000ec300000, 0x00000000ec300000, 0x00000000ec400000|  0%| F|  |TAMS 0x00000000ec300000| PB 0x00000000ec300000| Untracked 
| 196|0x00000000ec400000, 0x00000000ec400000, 0x00000000ec500000|  0%| F|  |TAMS 0x00000000ec400000| PB 0x00000000ec400000| Untracked 
| 197|0x00000000ec500000, 0x00000000ec500000, 0x00000000ec600000|  0%| F|  |TAMS 0x00000000ec500000| PB 0x00000000ec500000| Untracked 
| 198|0x00000000ec600000, 0x00000000ec700000, 0x00000000ec700000|100%| E|  |TAMS 0x00000000ec600000| PB 0x00000000ec600000| Complete 
| 199|0x00000000ec700000, 0x00000000ec800000, 0x00000000ec800000|100%| E|CS|TAMS 0x00000000ec700000| PB 0x00000000ec700000| Complete 
| 200|0x00000000ec800000, 0x00000000ec900000, 0x00000000ec900000|100%| E|CS|TAMS 0x00000000ec800000| PB 0x00000000ec800000| Complete 
| 201|0x00000000ec900000, 0x00000000eca00000, 0x00000000eca00000|100%| E|CS|TAMS 0x00000000ec900000| PB 0x00000000ec900000| Complete 
| 202|0x00000000eca00000, 0x00000000ecb00000, 0x00000000ecb00000|100%| E|CS|TAMS 0x00000000eca00000| PB 0x00000000eca00000| Complete 
| 203|0x00000000ecb00000, 0x00000000ecc00000, 0x00000000ecc00000|100%| E|CS|TAMS 0x00000000ecb00000| PB 0x00000000ecb00000| Complete 
| 204|0x00000000ecc00000, 0x00000000ecd00000, 0x00000000ecd00000|100%| E|CS|TAMS 0x00000000ecc00000| PB 0x00000000ecc00000| Complete 
| 205|0x00000000ecd00000, 0x00000000ece00000, 0x00000000ece00000|100%| E|CS|TAMS 0x00000000ecd00000| PB 0x00000000ecd00000| Complete 
| 206|0x00000000ece00000, 0x00000000ecf00000, 0x00000000ecf00000|100%| E|CS|TAMS 0x00000000ece00000| PB 0x00000000ece00000| Complete 
| 207|0x00000000ecf00000, 0x00000000ed000000, 0x00000000ed000000|100%| E|CS|TAMS 0x00000000ecf00000| PB 0x00000000ecf00000| Complete 
| 208|0x00000000ed000000, 0x00000000ed100000, 0x00000000ed100000|100%| E|CS|TAMS 0x00000000ed000000| PB 0x00000000ed000000| Complete 
| 209|0x00000000ed100000, 0x00000000ed200000, 0x00000000ed200000|100%| E|CS|TAMS 0x00000000ed100000| PB 0x00000000ed100000| Complete 
| 210|0x00000000ed200000, 0x00000000ed300000, 0x00000000ed300000|100%| E|CS|TAMS 0x00000000ed200000| PB 0x00000000ed200000| Complete 
| 211|0x00000000ed300000, 0x00000000ed400000, 0x00000000ed400000|100%| E|CS|TAMS 0x00000000ed300000| PB 0x00000000ed300000| Complete 
| 212|0x00000000ed400000, 0x00000000ed500000, 0x00000000ed500000|100%| E|CS|TAMS 0x00000000ed400000| PB 0x00000000ed400000| Complete 
| 213|0x00000000ed500000, 0x00000000ed600000, 0x00000000ed600000|100%| E|CS|TAMS 0x00000000ed500000| PB 0x00000000ed500000| Complete 
| 214|0x00000000ed600000, 0x00000000ed700000, 0x00000000ed700000|100%| E|CS|TAMS 0x00000000ed600000| PB 0x00000000ed600000| Complete 
| 215|0x00000000ed700000, 0x00000000ed800000, 0x00000000ed800000|100%| E|CS|TAMS 0x00000000ed700000| PB 0x00000000ed700000| Complete 
| 216|0x00000000ed800000, 0x00000000ed900000, 0x00000000ed900000|100%| E|CS|TAMS 0x00000000ed800000| PB 0x00000000ed800000| Complete 
| 217|0x00000000ed900000, 0x00000000eda00000, 0x00000000eda00000|100%| E|CS|TAMS 0x00000000ed900000| PB 0x00000000ed900000| Complete 
| 218|0x00000000eda00000, 0x00000000edb00000, 0x00000000edb00000|100%| E|CS|TAMS 0x00000000eda00000| PB 0x00000000eda00000| Complete 
| 219|0x00000000edb00000, 0x00000000edc00000, 0x00000000edc00000|100%| E|CS|TAMS 0x00000000edb00000| PB 0x00000000edb00000| Complete 
| 220|0x00000000edc00000, 0x00000000edd00000, 0x00000000edd00000|100%| E|CS|TAMS 0x00000000edc00000| PB 0x00000000edc00000| Complete 
| 221|0x00000000edd00000, 0x00000000ede00000, 0x00000000ede00000|100%| E|CS|TAMS 0x00000000edd00000| PB 0x00000000edd00000| Complete 
| 222|0x00000000ede00000, 0x00000000edf00000, 0x00000000edf00000|100%| E|CS|TAMS 0x00000000ede00000| PB 0x00000000ede00000| Complete 
| 223|0x00000000edf00000, 0x00000000ee000000, 0x00000000ee000000|100%| E|CS|TAMS 0x00000000edf00000| PB 0x00000000edf00000| Complete 
| 224|0x00000000ee000000, 0x00000000ee100000, 0x00000000ee100000|100%| E|CS|TAMS 0x00000000ee000000| PB 0x00000000ee000000| Complete 
| 225|0x00000000ee100000, 0x00000000ee200000, 0x00000000ee200000|100%| E|CS|TAMS 0x00000000ee100000| PB 0x00000000ee100000| Complete 
| 226|0x00000000ee200000, 0x00000000ee300000, 0x00000000ee300000|100%| E|CS|TAMS 0x00000000ee200000| PB 0x00000000ee200000| Complete 
| 227|0x00000000ee300000, 0x00000000ee400000, 0x00000000ee400000|100%| E|CS|TAMS 0x00000000ee300000| PB 0x00000000ee300000| Complete 
| 228|0x00000000ee400000, 0x00000000ee500000, 0x00000000ee500000|100%| E|CS|TAMS 0x00000000ee400000| PB 0x00000000ee400000| Complete 
| 229|0x00000000ee500000, 0x00000000ee600000, 0x00000000ee600000|100%| E|CS|TAMS 0x00000000ee500000| PB 0x00000000ee500000| Complete 
| 230|0x00000000ee600000, 0x00000000ee700000, 0x00000000ee700000|100%| E|CS|TAMS 0x00000000ee600000| PB 0x00000000ee600000| Complete 
| 231|0x00000000ee700000, 0x00000000ee800000, 0x00000000ee800000|100%| E|CS|TAMS 0x00000000ee700000| PB 0x00000000ee700000| Complete 
| 232|0x00000000ee800000, 0x00000000ee900000, 0x00000000ee900000|100%| E|CS|TAMS 0x00000000ee800000| PB 0x00000000ee800000| Complete 
| 233|0x00000000ee900000, 0x00000000eea00000, 0x00000000eea00000|100%| E|CS|TAMS 0x00000000ee900000| PB 0x00000000ee900000| Complete 
| 234|0x00000000eea00000, 0x00000000eeb00000, 0x00000000eeb00000|100%| E|CS|TAMS 0x00000000eea00000| PB 0x00000000eea00000| Complete 
| 235|0x00000000eeb00000, 0x00000000eec00000, 0x00000000eec00000|100%| E|CS|TAMS 0x00000000eeb00000| PB 0x00000000eeb00000| Complete 
| 236|0x00000000eec00000, 0x00000000eed00000, 0x00000000eed00000|100%| E|CS|TAMS 0x00000000eec00000| PB 0x00000000eec00000| Complete 
| 237|0x00000000eed00000, 0x00000000eee00000, 0x00000000eee00000|100%| E|CS|TAMS 0x00000000eed00000| PB 0x00000000eed00000| Complete 
| 238|0x00000000eee00000, 0x00000000eef00000, 0x00000000eef00000|100%| E|CS|TAMS 0x00000000eee00000| PB 0x00000000eee00000| Complete 
| 239|0x00000000eef00000, 0x00000000ef000000, 0x00000000ef000000|100%| E|CS|TAMS 0x00000000eef00000| PB 0x00000000eef00000| Complete 
| 240|0x00000000ef000000, 0x00000000ef100000, 0x00000000ef100000|100%| E|CS|TAMS 0x00000000ef000000| PB 0x00000000ef000000| Complete 
| 241|0x00000000ef100000, 0x00000000ef200000, 0x00000000ef200000|100%| E|CS|TAMS 0x00000000ef100000| PB 0x00000000ef100000| Complete 
| 242|0x00000000ef200000, 0x00000000ef300000, 0x00000000ef300000|100%| E|CS|TAMS 0x00000000ef200000| PB 0x00000000ef200000| Complete 
| 243|0x00000000ef300000, 0x00000000ef400000, 0x00000000ef400000|100%| E|CS|TAMS 0x00000000ef300000| PB 0x00000000ef300000| Complete 
| 244|0x00000000ef400000, 0x00000000ef500000, 0x00000000ef500000|100%| E|CS|TAMS 0x00000000ef400000| PB 0x00000000ef400000| Complete 
| 245|0x00000000ef500000, 0x00000000ef600000, 0x00000000ef600000|100%| E|CS|TAMS 0x00000000ef500000| PB 0x00000000ef500000| Complete 
| 246|0x00000000ef600000, 0x00000000ef700000, 0x00000000ef700000|100%| E|CS|TAMS 0x00000000ef600000| PB 0x00000000ef600000| Complete 
| 247|0x00000000ef700000, 0x00000000ef800000, 0x00000000ef800000|100%| E|CS|TAMS 0x00000000ef700000| PB 0x00000000ef700000| Complete 
| 248|0x00000000ef800000, 0x00000000ef900000, 0x00000000ef900000|100%| E|CS|TAMS 0x00000000ef800000| PB 0x00000000ef800000| Complete 
| 249|0x00000000ef900000, 0x00000000efa00000, 0x00000000efa00000|100%| E|CS|TAMS 0x00000000ef900000| PB 0x00000000ef900000| Complete 
| 250|0x00000000efa00000, 0x00000000efb00000, 0x00000000efb00000|100%| E|CS|TAMS 0x00000000efa00000| PB 0x00000000efa00000| Complete 
| 251|0x00000000efb00000, 0x00000000efc00000, 0x00000000efc00000|100%| E|CS|TAMS 0x00000000efb00000| PB 0x00000000efb00000| Complete 
| 252|0x00000000efc00000, 0x00000000efd00000, 0x00000000efd00000|100%| E|CS|TAMS 0x00000000efc00000| PB 0x00000000efc00000| Complete 
| 253|0x00000000efd00000, 0x00000000efe00000, 0x00000000efe00000|100%| E|CS|TAMS 0x00000000efd00000| PB 0x00000000efd00000| Complete 
| 254|0x00000000efe00000, 0x00000000eff00000, 0x00000000eff00000|100%| E|CS|TAMS 0x00000000efe00000| PB 0x00000000efe00000| Complete 
| 255|0x00000000eff00000, 0x00000000f0000000, 0x00000000f0000000|100%| E|CS|TAMS 0x00000000eff00000| PB 0x00000000eff00000| Complete 

Card table byte_map: [0x0000017b23740000,0x0000017b23840000] _byte_map_base: 0x0000017b23040000

Marking Bits: (CMBitMap*) 0x0000017b0bcb5c40
 Bits: [0x0000017b23840000, 0x0000017b24040000)

Polling page: 0x0000017b09c10000

Metaspace:

Usage:
  Non-class:     39.80 MB used.
      Class:      6.42 MB used.
       Both:     46.22 MB used.

Virtual space:
  Non-class space:       64.00 MB reserved,      40.50 MB ( 63%) committed,  1 nodes.
      Class space:      320.00 MB reserved,       7.12 MB (  2%) committed,  1 nodes.
             Both:      384.00 MB reserved,      47.62 MB ( 12%) committed. 

Chunk freelists:
   Non-Class:  6.64 MB
       Class:  8.89 MB
        Both:  15.53 MB

MaxMetaspaceSize: 384.00 MB
CompressedClassSpaceSize: 320.00 MB
Initial GC threshold: 21.00 MB
Current GC threshold: 59.69 MB
CDS: on
 - commit_granule_bytes: 65536.
 - commit_granule_words: 8192.
 - virtual_space_node_default_size: 8388608.
 - enlarge_chunks_in_place: 1.
 - use_allocation_guard: 0.


Internal statistics:

num_allocs_failed_limit: 12.
num_arena_births: 2448.
num_arena_deaths: 0.
num_vsnodes_births: 2.
num_vsnodes_deaths: 0.
num_space_committed: 762.
num_space_uncommitted: 0.
num_chunks_returned_to_freelist: 12.
num_chunks_taken_from_freelist: 4530.
num_chunk_merges: 12.
num_chunk_splits: 2980.
num_chunks_enlarged: 1889.
num_inconsistent_stats: 0.

CodeHeap 'non-profiled nmethods': size=120000Kb used=4906Kb max_used=4906Kb free=115093Kb
 bounds [0x0000017b1bbc0000, 0x0000017b1c090000, 0x0000017b230f0000]
CodeHeap 'profiled nmethods': size=120000Kb used=14191Kb max_used=14191Kb free=105808Kb
 bounds [0x0000017b140f0000, 0x0000017b14ed0000, 0x0000017b1b620000]
CodeHeap 'non-nmethods': size=5760Kb used=2732Kb max_used=2812Kb free=3027Kb
 bounds [0x0000017b1b620000, 0x0000017b1b900000, 0x0000017b1bbc0000]
 total_blobs=7702 nmethods=6840 adapters=764
 compilation: enabled
              stopped_count=0, restarted_count=0
 full_count=0

Compilation events (20 events):
Event: 59.743 Thread 0x0000017b26ce4740 7392       2       net.rubygrapefruit.platform.internal.WindowsFileStat::details (24 bytes)
Event: 59.744 Thread 0x0000017b26ce4740 nmethod 7392 0x0000017b14ec7110 code [0x0000017b14ec72c0, 0x0000017b14ec7568]
Event: 60.047 Thread 0x0000017b26ce4740 7393   !   2       org.gradle.api.internal.file.archive.impl.FileZipInput::create (41 bytes)
Event: 60.047 Thread 0x0000017b26ce4740 nmethod 7393 0x0000017b14ec7710 code [0x0000017b14ec7920, 0x0000017b14ec7cf0]
Event: 60.153 Thread 0x0000017b26ce4740 7395       2       org.gradle.internal.logging.progress.DefaultProgressLoggerFactory$ProgressLoggerImpl::assertRunning (63 bytes)
Event: 60.155 Thread 0x0000017b26ce4740 nmethod 7395 0x0000017b14ec7f90 code [0x0000017b14ec8240, 0x0000017b14ec8da0]
Event: 61.146 Thread 0x0000017b40020090 nmethod 7356% 0x0000017b1c070710 code [0x0000017b1c071700, 0x0000017b1c080790]
Event: 61.147 Thread 0x0000017b40020090 7375       4       org.objectweb.asm.MethodWriter::visitVarInsn (302 bytes)
Event: 61.167 Thread 0x0000017b40020090 nmethod 7375 0x0000017b1c089d90 code [0x0000017b1c089fa0, 0x0000017b1c08a510]
Event: 61.168 Thread 0x0000017b40020090 7396       4       org.objectweb.asm.ClassReader::readCode (5117 bytes)
Event: 61.222 Thread 0x0000017b26ce4740 7397       2       org.gradle.internal.nativeintegration.filesystem.services.GenericFileSystem::stat (18 bytes)
Event: 61.224 Thread 0x0000017b26ce4740 nmethod 7397 0x0000017b14ec9210 code [0x0000017b14ec93c0, 0x0000017b14ec9580]
Event: 61.224 Thread 0x0000017b26ce4740 7398       2       org.gradle.internal.file.StatStatistics$Collector::reportFileStated (9 bytes)
Event: 61.224 Thread 0x0000017b26ce4740 nmethod 7398 0x0000017b14ec9710 code [0x0000017b14ec98c0, 0x0000017b14ec99e8]
Event: 61.967 Thread 0x0000017b26ce4740 7400       2       org.gradle.internal.serialize.kryo.KryoBackedEncoder::writeSmallLong (11 bytes)
Event: 61.967 Thread 0x0000017b26ce4740 nmethod 7400 0x0000017b14ec9a90 code [0x0000017b14ec9c40, 0x0000017b14ec9d78]
Event: 61.967 Thread 0x0000017b26ce4740 7401       2       com.esotericsoftware.kryo.io.Output::writeLong (7 bytes)
Event: 61.967 Thread 0x0000017b26ce4740 nmethod 7401 0x0000017b14ec9e90 code [0x0000017b14eca040, 0x0000017b14eca168]
Event: 61.967 Thread 0x0000017b26ce4740 7402       2       com.esotericsoftware.kryo.io.Output::writeVarLong (1304 bytes)
Event: 61.969 Thread 0x0000017b26ce4740 nmethod 7402 0x0000017b14eca210 code [0x0000017b14eca500, 0x0000017b14ecb510]

GC Heap History (20 events):
Event: 57.676 GC heap before
{Heap before GC invocations=33 (full 0):
 garbage-first heap   total 262144K, used 209512K [0x00000000e0000000, 0x0000000100000000)
  region size 1024K, 153 young (156672K), 12 survivors (12288K)
 Metaspace       used 47313K, committed 48768K, reserved 393216K
  class space    used 6575K, committed 7296K, reserved 327680K
}
Event: 57.686 GC heap after
{Heap after GC invocations=34 (full 0):
 garbage-first heap   total 262144K, used 64992K [0x00000000e0000000, 0x0000000100000000)
  region size 1024K, 11 young (11264K), 11 survivors (11264K)
 Metaspace       used 47313K, committed 48768K, reserved 393216K
  class space    used 6575K, committed 7296K, reserved 327680K
}
Event: 58.033 GC heap before
{Heap before GC invocations=34 (full 0):
 garbage-first heap   total 262144K, used 210400K [0x00000000e0000000, 0x0000000100000000)
  region size 1024K, 153 young (156672K), 11 survivors (11264K)
 Metaspace       used 47315K, committed 48768K, reserved 393216K
  class space    used 6575K, committed 7296K, reserved 327680K
}
Event: 58.046 GC heap after
{Heap after GC invocations=35 (full 0):
 garbage-first heap   total 262144K, used 65997K [0x00000000e0000000, 0x0000000100000000)
  region size 1024K, 11 young (11264K), 11 survivors (11264K)
 Metaspace       used 47315K, committed 48768K, reserved 393216K
  class space    used 6575K, committed 7296K, reserved 327680K
}
Event: 58.520 GC heap before
{Heap before GC invocations=35 (full 0):
 garbage-first heap   total 262144K, used 211405K [0x00000000e0000000, 0x0000000100000000)
  region size 1024K, 153 young (156672K), 11 survivors (11264K)
 Metaspace       used 47315K, committed 48768K, reserved 393216K
  class space    used 6575K, committed 7296K, reserved 327680K
}
Event: 58.536 GC heap after
{Heap after GC invocations=36 (full 0):
 garbage-first heap   total 262144K, used 66676K [0x00000000e0000000, 0x0000000100000000)
  region size 1024K, 11 young (11264K), 11 survivors (11264K)
 Metaspace       used 47315K, committed 48768K, reserved 393216K
  class space    used 6575K, committed 7296K, reserved 327680K
}
Event: 58.855 GC heap before
{Heap before GC invocations=36 (full 0):
 garbage-first heap   total 262144K, used 212084K [0x00000000e0000000, 0x0000000100000000)
  region size 1024K, 153 young (156672K), 11 survivors (11264K)
 Metaspace       used 47315K, committed 48768K, reserved 393216K
  class space    used 6575K, committed 7296K, reserved 327680K
}
Event: 58.871 GC heap after
{Heap after GC invocations=37 (full 0):
 garbage-first heap   total 262144K, used 67692K [0x00000000e0000000, 0x0000000100000000)
  region size 1024K, 12 young (12288K), 12 survivors (12288K)
 Metaspace       used 47315K, committed 48768K, reserved 393216K
  class space    used 6575K, committed 7296K, reserved 327680K
}
Event: 59.274 GC heap before
{Heap before GC invocations=37 (full 0):
 garbage-first heap   total 262144K, used 212076K [0x00000000e0000000, 0x0000000100000000)
  region size 1024K, 153 young (156672K), 12 survivors (12288K)
 Metaspace       used 47320K, committed 48768K, reserved 393216K
  class space    used 6575K, committed 7296K, reserved 327680K
}
Event: 59.288 GC heap after
{Heap after GC invocations=38 (full 0):
 garbage-first heap   total 262144K, used 68573K [0x00000000e0000000, 0x0000000100000000)
  region size 1024K, 12 young (12288K), 12 survivors (12288K)
 Metaspace       used 47320K, committed 48768K, reserved 393216K
  class space    used 6575K, committed 7296K, reserved 327680K
}
Event: 59.888 GC heap before
{Heap before GC invocations=38 (full 0):
 garbage-first heap   total 262144K, used 212957K [0x00000000e0000000, 0x0000000100000000)
  region size 1024K, 153 young (156672K), 12 survivors (12288K)
 Metaspace       used 47326K, committed 48768K, reserved 393216K
  class space    used 6575K, committed 7296K, reserved 327680K
}
Event: 59.907 GC heap after
{Heap after GC invocations=39 (full 0):
 garbage-first heap   total 262144K, used 69858K [0x00000000e0000000, 0x0000000100000000)
  region size 1024K, 12 young (12288K), 12 survivors (12288K)
 Metaspace       used 47326K, committed 48768K, reserved 393216K
  class space    used 6575K, committed 7296K, reserved 327680K
}
Event: 60.644 GC heap before
{Heap before GC invocations=39 (full 0):
 garbage-first heap   total 262144K, used 215266K [0x00000000e0000000, 0x0000000100000000)
  region size 1024K, 153 young (156672K), 12 survivors (12288K)
 Metaspace       used 47329K, committed 48768K, reserved 393216K
  class space    used 6575K, committed 7296K, reserved 327680K
}
Event: 60.657 GC heap after
{Heap after GC invocations=40 (full 0):
 garbage-first heap   total 262144K, used 70702K [0x00000000e0000000, 0x0000000100000000)
  region size 1024K, 12 young (12288K), 12 survivors (12288K)
 Metaspace       used 47329K, committed 48768K, reserved 393216K
  class space    used 6575K, committed 7296K, reserved 327680K
}
Event: 61.153 GC heap before
{Heap before GC invocations=40 (full 0):
 garbage-first heap   total 262144K, used 215086K [0x00000000e0000000, 0x0000000100000000)
  region size 1024K, 153 young (156672K), 12 survivors (12288K)
 Metaspace       used 47329K, committed 48768K, reserved 393216K
  class space    used 6575K, committed 7296K, reserved 327680K
}
Event: 61.167 GC heap after
{Heap after GC invocations=41 (full 0):
 garbage-first heap   total 262144K, used 73098K [0x00000000e0000000, 0x0000000100000000)
  region size 1024K, 14 young (14336K), 14 survivors (14336K)
 Metaspace       used 47329K, committed 48768K, reserved 393216K
  class space    used 6575K, committed 7296K, reserved 327680K
}
Event: 61.597 GC heap before
{Heap before GC invocations=41 (full 0):
 garbage-first heap   total 262144K, used 215434K [0x00000000e0000000, 0x0000000100000000)
  region size 1024K, 153 young (156672K), 14 survivors (14336K)
 Metaspace       used 47330K, committed 48768K, reserved 393216K
  class space    used 6575K, committed 7296K, reserved 327680K
}
Event: 61.611 GC heap after
{Heap after GC invocations=42 (full 0):
 garbage-first heap   total 262144K, used 71753K [0x00000000e0000000, 0x0000000100000000)
  region size 1024K, 11 young (11264K), 11 survivors (11264K)
 Metaspace       used 47330K, committed 48768K, reserved 393216K
  class space    used 6575K, committed 7296K, reserved 327680K
}
Event: 62.023 GC heap before
{Heap before GC invocations=42 (full 0):
 garbage-first heap   total 262144K, used 217161K [0x00000000e0000000, 0x0000000100000000)
  region size 1024K, 153 young (156672K), 11 survivors (11264K)
 Metaspace       used 47333K, committed 48768K, reserved 393216K
  class space    used 6575K, committed 7296K, reserved 327680K
}
Event: 62.036 GC heap after
{Heap after GC invocations=43 (full 0):
 garbage-first heap   total 262144K, used 72302K [0x00000000e0000000, 0x0000000100000000)
  region size 1024K, 11 young (11264K), 11 survivors (11264K)
 Metaspace       used 47333K, committed 48768K, reserved 393216K
  class space    used 6575K, committed 7296K, reserved 327680K
}

Dll operation events (15 events):
Event: 0.012 Loaded shared library C:\Program Files\Java\jdk-21\bin\java.dll
Event: 0.093 Loaded shared library C:\Program Files\Java\jdk-21\bin\jsvml.dll
Event: 0.150 Loaded shared library C:\Program Files\Java\jdk-21\bin\zip.dll
Event: 0.157 Loaded shared library C:\Program Files\Java\jdk-21\bin\instrument.dll
Event: 0.163 Loaded shared library C:\Program Files\Java\jdk-21\bin\net.dll
Event: 0.165 Loaded shared library C:\Program Files\Java\jdk-21\bin\nio.dll
Event: 0.169 Loaded shared library C:\Program Files\Java\jdk-21\bin\zip.dll
Event: 0.772 Loaded shared library C:\Program Files\Java\jdk-21\bin\jimage.dll
Event: 1.234 Loaded shared library C:\Program Files\Java\jdk-21\bin\verify.dll
Event: 2.023 Loaded shared library C:\Users\epask\.gradle\native\c067742578af261105cb4f569cf0c3c89f3d7b1fecec35dd04571415982c5e48\windows-amd64\native-platform.dll
Event: 2.033 Loaded shared library C:\Users\epask\.gradle\native\100fb08df4bc3b14c8652ba06237920a3bd2aa13389f12d3474272988ae205f9\windows-amd64\native-platform-file-events.dll
Event: 5.392 Loaded shared library C:\Program Files\Java\jdk-21\bin\management.dll
Event: 5.406 Loaded shared library C:\Program Files\Java\jdk-21\bin\management_ext.dll
Event: 6.237 Loaded shared library C:\Program Files\Java\jdk-21\bin\extnet.dll
Event: 6.886 Loaded shared library C:\Program Files\Java\jdk-21\bin\sunmscapi.dll

Deoptimization events (20 events):
Event: 61.910 Thread 0x0000017b40cfd940 DEOPT PACKING pc=0x0000017b14eb4596 sp=0x000000037f0f7cc0
Event: 61.910 Thread 0x0000017b40cfd940 DEOPT UNPACKING pc=0x0000017b1b674e42 sp=0x000000037f0f73d0 mode 0
Event: 61.933 Thread 0x0000017b40cfd940 DEOPT PACKING pc=0x0000017b14eb4596 sp=0x000000037f0f7cc0
Event: 61.933 Thread 0x0000017b40cfd940 DEOPT UNPACKING pc=0x0000017b1b674e42 sp=0x000000037f0f73d0 mode 0
Event: 61.960 Thread 0x0000017b40cfd940 DEOPT PACKING pc=0x0000017b14eb4596 sp=0x000000037f0f7cc0
Event: 61.960 Thread 0x0000017b40cfd940 DEOPT UNPACKING pc=0x0000017b1b674e42 sp=0x000000037f0f73d0 mode 0
Event: 61.965 Thread 0x0000017b40cfd940 DEOPT PACKING pc=0x0000017b14eb4596 sp=0x000000037f0f7cc0
Event: 61.965 Thread 0x0000017b40cfd940 DEOPT UNPACKING pc=0x0000017b1b674e42 sp=0x000000037f0f73d0 mode 0
Event: 62.007 Thread 0x0000017b40cfd940 DEOPT PACKING pc=0x0000017b14eb4596 sp=0x000000037f0f7cc0
Event: 62.007 Thread 0x0000017b40cfd940 DEOPT UNPACKING pc=0x0000017b1b674e42 sp=0x000000037f0f73d0 mode 0
Event: 62.065 Thread 0x0000017b40cfd940 DEOPT PACKING pc=0x0000017b14eb4596 sp=0x000000037f0f7cc0
Event: 62.065 Thread 0x0000017b40cfd940 DEOPT UNPACKING pc=0x0000017b1b674e42 sp=0x000000037f0f73d0 mode 0
Event: 62.072 Thread 0x0000017b40cfd940 DEOPT PACKING pc=0x0000017b14eb4596 sp=0x000000037f0f7cc0
Event: 62.072 Thread 0x0000017b40cfd940 DEOPT UNPACKING pc=0x0000017b1b674e42 sp=0x000000037f0f73d0 mode 0
Event: 62.126 Thread 0x0000017b40cfd940 DEOPT PACKING pc=0x0000017b14eb4596 sp=0x000000037f0f7cc0
Event: 62.126 Thread 0x0000017b40cfd940 DEOPT UNPACKING pc=0x0000017b1b674e42 sp=0x000000037f0f73d0 mode 0
Event: 62.145 Thread 0x0000017b40cfd940 DEOPT PACKING pc=0x0000017b14eb4596 sp=0x000000037f0f7cc0
Event: 62.145 Thread 0x0000017b40cfd940 DEOPT UNPACKING pc=0x0000017b1b674e42 sp=0x000000037f0f73d0 mode 0
Event: 62.159 Thread 0x0000017b40cfd940 DEOPT PACKING pc=0x0000017b14eb4596 sp=0x000000037f0f7cc0
Event: 62.159 Thread 0x0000017b40cfd940 DEOPT UNPACKING pc=0x0000017b1b674e42 sp=0x000000037f0f73d0 mode 0

Classes loaded (20 events):
Event: 29.325 Loading class java/util/Collections$SynchronizedRandomAccessList
Event: 29.326 Loading class java/util/Collections$SynchronizedList
Event: 29.326 Loading class java/util/Collections$SynchronizedList done
Event: 29.326 Loading class java/util/Collections$SynchronizedRandomAccessList done
Event: 30.008 Loading class java/nio/charset/UnsupportedCharsetException
Event: 30.008 Loading class java/nio/charset/UnsupportedCharsetException done
Event: 30.010 Loading class java/util/Collections$UnmodifiableSortedMap
Event: 30.011 Loading class java/util/Collections$UnmodifiableSortedMap done
Event: 30.016 Loading class java/util/zip/Deflater
Event: 30.017 Loading class java/util/zip/Deflater done
Event: 30.019 Loading class java/util/zip/Deflater$DeflaterZStreamRef
Event: 30.020 Loading class java/util/zip/Deflater$DeflaterZStreamRef done
Event: 30.033 Loading class java/util/zip/ZipFile$ZipEntryIterator
Event: 30.033 Loading class java/util/zip/ZipFile$ZipEntryIterator done
Event: 30.145 Loading class java/nio/StringCharBuffer
Event: 30.146 Loading class java/nio/StringCharBuffer done
Event: 40.792 Loading class java/util/regex/Pattern$Caret
Event: 40.792 Loading class java/util/regex/Pattern$Caret done
Event: 44.446 Loading class java/lang/foreign/MemorySegment
Event: 44.447 Loading class java/lang/foreign/MemorySegment done

Classes unloaded (0 events):
No events

Classes redefined (0 events):
No events

Internal exceptions (20 events):
Event: 28.603 Thread 0x0000017b40cfd940 Exception <a 'sun/nio/fs/WindowsException'{0x00000000eda1b328}> (0x00000000eda1b328) 
thrown [s\open\src\hotspot\share\prims\jni.cpp, line 520]
Event: 28.609 Thread 0x0000017b40cfd940 Exception <a 'sun/nio/fs/WindowsException'{0x00000000eda2cc48}> (0x00000000eda2cc48) 
thrown [s\open\src\hotspot\share\prims\jni.cpp, line 520]
Event: 28.624 Thread 0x0000017b40cfd940 Exception <a 'sun/nio/fs/WindowsException'{0x00000000eda42840}> (0x00000000eda42840) 
thrown [s\open\src\hotspot\share\prims\jni.cpp, line 520]
Event: 28.991 Thread 0x0000017b40cfd940 Exception <a 'java/lang/ClassNotFoundException'{0x00000000ed972628}: ijresolvers1_9pvgviuww0fsjqjffvpxldxncBeanInfo> (0x00000000ed972628) 
thrown [s\open\src\hotspot\share\classfile\systemDictionary.cpp, line 312]
Event: 28.992 Thread 0x0000017b40cfd940 Exception <a 'java/lang/ClassNotFoundException'{0x00000000ed9782b0}: ijresolvers1_9pvgviuww0fsjqjffvpxldxncCustomizer> (0x00000000ed9782b0) 
thrown [s\open\src\hotspot\share\classfile\systemDictionary.cpp, line 312]
Event: 29.044 Thread 0x0000017b40cfd940 Exception <a 'java/lang/ClassNotFoundException'{0x00000000ed8cb3b8}: org/gradle/execution/taskgraph/DefaultTaskExecutionGraphBeanInfo> (0x00000000ed8cb3b8) 
thrown [s\open\src\hotspot\share\classfile\systemDictionary.cpp, line 312]
Event: 29.045 Thread 0x0000017b40cfd940 Exception <a 'java/lang/ClassNotFoundException'{0x00000000ed8d88e0}: org/gradle/execution/taskgraph/DefaultTaskExecutionGraphCustomizer> (0x00000000ed8d88e0) 
thrown [s\open\src\hotspot\share\classfile\systemDictionary.cpp, line 312]
Event: 29.080 Thread 0x0000017b40cfd940 Exception <a 'java/lang/ClassNotFoundException'{0x00000000ed72db60}: org/gradle/configuration/internal/DefaultListenerBuildOperationDecorator$BuildOperationEmittingClosureBeanInfo> (0x00000000ed72db60) 
thrown [s\open\src\hotspot\share\classfile\systemDictionary.cpp, line 312]
Event: 29.082 Thread 0x0000017b40cfd940 Exception <a 'java/lang/ClassNotFoundException'{0x00000000ed73bbc0}: org/gradle/configuration/internal/DefaultListenerBuildOperationDecorator$BuildOperationEmittingClosureCustomizer> (0x00000000ed73bbc0) 
thrown [s\open\src\hotspot\share\classfile\systemDictionary.cpp, line 312]
Event: 29.156 Thread 0x0000017b40cfd940 Exception <a 'java/lang/IncompatibleClassChangeError'{0x00000000ed6b36c8}: Found class java.lang.Object, but interface was expected> (0x00000000ed6b36c8) 
thrown [s\open\src\hotspot\share\interpreter\linkResolver.cpp, line 840]
Event: 29.214 Thread 0x0000017b40cfd940 Exception <a 'sun/nio/fs/WindowsException'{0x00000000ed581a10}> (0x00000000ed581a10) 
thrown [s\open\src\hotspot\share\prims\jni.cpp, line 520]
Event: 29.215 Thread 0x0000017b40cfd940 Exception <a 'sun/nio/fs/WindowsException'{0x00000000ed582f20}> (0x00000000ed582f20) 
thrown [s\open\src\hotspot\share\prims\jni.cpp, line 520]
Event: 29.216 Thread 0x0000017b40cfd940 Exception <a 'sun/nio/fs/WindowsException'{0x00000000ed5843f0}> (0x00000000ed5843f0) 
thrown [s\open\src\hotspot\share\prims\jni.cpp, line 520]
Event: 29.216 Thread 0x0000017b40cfd940 Exception <a 'sun/nio/fs/WindowsException'{0x00000000ed5858d0}> (0x00000000ed5858d0) 
thrown [s\open\src\hotspot\share\prims\jni.cpp, line 520]
Event: 29.279 Thread 0x0000017b40cfd940 Exception <a 'java/lang/NoSuchMethodError'{0x00000000ed4ae878}: 'java.lang.Object java.lang.invoke.Invokers$Holder.invoker(java.lang.Object, java.lang.Object, java.lang.Object, java.lang.Object, java.lang.Object, java.lang.Object)'> (0x00000000ed4ae878) 
thrown [s\open\src\hotspot\share\interpreter\linkResolver.cpp, line 773]
Event: 29.367 Thread 0x0000017b40cfd940 Exception <a 'java/lang/NoSuchMethodError'{0x00000000ed3c0c68}: 'java.lang.Object java.lang.invoke.Invokers$Holder.invoker(java.lang.Object, java.lang.Object, java.lang.Object, java.lang.Object, java.lang.Object)'> (0x00000000ed3c0c68) 
thrown [s\open\src\hotspot\share\interpreter\linkResolver.cpp, line 773]
Event: 29.374 Thread 0x0000017b40cfd940 Exception <a 'java/lang/NoSuchMethodError'{0x00000000ed3e1078}: 'java.lang.Object java.lang.invoke.Invokers$Holder.invoker(java.lang.Object, java.lang.Object, java.lang.Object, java.lang.Object, java.lang.Object, java.lang.Object, java.lang.Object, java.lang.Object, java.lang.Object, java.lang.Object, java.lang.Object, java.lang.Object, java.lang.Object, java.lang.Object, java.lang.Object, java.lang.Object, java.lang.Object, java.lang.Object, java.lang.Object, java.lang.Object, java.lang.Object, java.lang.
Event: 29.375 Thread 0x0000017b40cfd940 Exception <a 'java/lang/NoSuchMethodError'{0x00000000ed3e7698}: 'java.lang.Object java.lang.invoke.DelegatingMethodHandle$Holder.delegate(java.lang.Object, java.lang.Object, java.lang.Object, java.lang.Object, java.lang.Object, java.lang.Object, java.lang.Object, java.lang.Object, java.lang.Object, java.lang.Object, java.lang.Object, java.lang.Object, java.lang.Object, java.lang.Object, java.lang.Object, java.lang.Object, java.lang.Object, java.lang.Object, java.lang.Object, java.lang.Object, java.lang.Obj
Event: 29.975 Thread 0x0000017b40cfd940 Exception <a 'sun/nio/fs/WindowsException'{0x00000000ebb39ff0}> (0x00000000ebb39ff0) 
thrown [s\open\src\hotspot\share\prims\jni.cpp, line 520]
Event: 29.976 Thread 0x0000017b40cfd940 Exception <a 'sun/nio/fs/WindowsException'{0x00000000ebb3b5e0}> (0x00000000ebb3b5e0) 
thrown [s\open\src\hotspot\share\prims\jni.cpp, line 520]

ZGC Phase Switch (0 events):
No events

VM Operations (20 events):
Event: 58.520 Executing VM operation: G1CollectForAllocation (G1 Evacuation Pause)
Event: 58.536 Executing VM operation: G1CollectForAllocation (G1 Evacuation Pause) done
Event: 58.855 Executing VM operation: G1CollectForAllocation (G1 Evacuation Pause)
Event: 58.871 Executing VM operation: G1CollectForAllocation (G1 Evacuation Pause) done
Event: 59.274 Executing VM operation: G1CollectForAllocation (G1 Evacuation Pause)
Event: 59.288 Executing VM operation: G1CollectForAllocation (G1 Evacuation Pause) done
Event: 59.888 Executing VM operation: G1CollectForAllocation (G1 Evacuation Pause)
Event: 59.908 Executing VM operation: G1CollectForAllocation (G1 Evacuation Pause) done
Event: 60.045 Executing VM operation: HandshakeAllThreads (HandshakeForDeflation)
Event: 60.045 Executing VM operation: HandshakeAllThreads (HandshakeForDeflation) done
Event: 60.045 Executing VM operation: RendezvousGCThreads
Event: 60.045 Executing VM operation: RendezvousGCThreads done
Event: 60.643 Executing VM operation: G1CollectForAllocation (G1 Evacuation Pause)
Event: 60.658 Executing VM operation: G1CollectForAllocation (G1 Evacuation Pause) done
Event: 61.153 Executing VM operation: G1CollectForAllocation (G1 Evacuation Pause)
Event: 61.167 Executing VM operation: G1CollectForAllocation (G1 Evacuation Pause) done
Event: 61.597 Executing VM operation: G1CollectForAllocation (G1 Evacuation Pause)
Event: 61.611 Executing VM operation: G1CollectForAllocation (G1 Evacuation Pause) done
Event: 62.023 Executing VM operation: G1CollectForAllocation (G1 Evacuation Pause)
Event: 62.036 Executing VM operation: G1CollectForAllocation (G1 Evacuation Pause) done

Events (20 events):
Event: 19.035 Thread 0x0000017b26cb50f0 flushing nmethod 0x0000017b1bbdd810
Event: 19.035 Thread 0x0000017b26cb50f0 flushing nmethod 0x0000017b1bbfaf90
Event: 19.035 Thread 0x0000017b26cb50f0 flushing nmethod 0x0000017b1bbfa490
Event: 19.035 Thread 0x0000017b26cb50f0 flushing nmethod 0x0000017b1bbf9990
Event: 19.035 Thread 0x0000017b26cb50f0 flushing nmethod 0x0000017b1bc01b10
Event: 19.035 Thread 0x0000017b26cb50f0 flushing nmethod 0x0000017b1bc00490
Event: 19.035 Thread 0x0000017b26cb50f0 flushing nmethod 0x0000017b1bbff390
Event: 19.035 Thread 0x0000017b26cb50f0 flushing nmethod 0x0000017b1bbcdc10
Event: 19.035 Thread 0x0000017b26cb50f0 flushing nmethod 0x0000017b1bbecb90
Event: 19.035 Thread 0x0000017b26cb50f0 flushing nmethod 0x0000017b1bbd7d90
Event: 19.035 Thread 0x0000017b26cb50f0 flushing nmethod 0x0000017b1bbdb910
Event: 19.035 Thread 0x0000017b26cb50f0 flushing nmethod 0x0000017b1bbeb510
Event: 19.035 Thread 0x0000017b26cb50f0 flushing nmethod 0x0000017b1bbdb390
Event: 19.035 Thread 0x0000017b26cb50f0 flushing nmethod 0x0000017b1bbd8a90
Event: 19.035 Thread 0x0000017b26cb50f0 flushing nmethod 0x0000017b1bbc8a90
Event: 19.035 Thread 0x0000017b26cb50f0 flushing nmethod 0x0000017b1bbcb090
Event: 19.844 Thread 0x0000017b43ba8a40 Thread added: 0x0000017b43ba8a40
Event: 22.604 Thread 0x0000017b43ba3b80 Thread added: 0x0000017b43ba3b80
Event: 26.730 Thread 0x0000017b43ba34f0 Thread added: 0x0000017b43ba34f0
Event: 28.894 Thread 0x0000017b42ab9da0 Thread added: 0x0000017b42ab9da0


Dynamic libraries:
0x00007ff7d81c0000 - 0x00007ff7d81d0000 	C:\Program Files\Java\jdk-21\bin\java.exe
0x00007fff3ed10000 - 0x00007fff3ef27000 	C:\Windows\SYSTEM32\ntdll.dll
0x00007fff3df00000 - 0x00007fff3dfc4000 	C:\Windows\System32\KERNEL32.DLL
0x00007fff3c350000 - 0x00007fff3c70a000 	C:\Windows\System32\KERNELBASE.dll
0x00007fff3c740000 - 0x00007fff3c851000 	C:\Windows\System32\ucrtbase.dll
0x00007fff26c00000 - 0x00007fff26c19000 	C:\Program Files\Java\jdk-21\bin\jli.dll
0x00007fff3d360000 - 0x00007fff3d412000 	C:\Windows\System32\ADVAPI32.dll
0x00007fff3ca20000 - 0x00007fff3cac7000 	C:\Windows\System32\msvcrt.dll
0x00007fff3d040000 - 0x00007fff3d0e7000 	C:\Windows\System32\sechost.dll
0x00007fff26890000 - 0x00007fff268ab000 	C:\Program Files\Java\jdk-21\bin\VCRUNTIME140.dll
0x00007fff3bff0000 - 0x00007fff3c018000 	C:\Windows\System32\bcrypt.dll
0x00007fff3ce40000 - 0x00007fff3cf54000 	C:\Windows\System32\RPCRT4.dll
0x00007fff3dd50000 - 0x00007fff3defe000 	C:\Windows\System32\USER32.dll
0x00007fff3c710000 - 0x00007fff3c736000 	C:\Windows\System32\win32u.dll
0x00007fff3e530000 - 0x00007fff3e559000 	C:\Windows\System32\GDI32.dll
0x00007fff2a2d0000 - 0x00007fff2a562000 	C:\Windows\WinSxS\amd64_microsoft.windows.common-controls_6595b64144ccf1df_6.0.22621.4541_none_2710d1c57384c085\COMCTL32.dll
0x00007fff3c860000 - 0x00007fff3c97b000 	C:\Windows\System32\gdi32full.dll
0x00007fff3c980000 - 0x00007fff3ca1a000 	C:\Windows\System32\msvcp_win.dll
0x00007fff33450000 - 0x00007fff3345a000 	C:\Windows\SYSTEM32\VERSION.dll
0x00007fff3e4f0000 - 0x00007fff3e521000 	C:\Windows\System32\IMM32.DLL
0x00007fff36ec0000 - 0x00007fff36ecc000 	C:\Program Files\Java\jdk-21\bin\vcruntime140_1.dll
0x00007ffef6500000 - 0x00007ffef658e000 	C:\Program Files\Java\jdk-21\bin\msvcp140.dll
0x00007fff1de70000 - 0x00007fff1eb87000 	C:\Program Files\Java\jdk-21\bin\server\jvm.dll
0x00007fff3cf60000 - 0x00007fff3cfd1000 	C:\Windows\System32\WS2_32.dll
0x00007fff3bec0000 - 0x00007fff3bf0d000 	C:\Windows\SYSTEM32\POWRPROF.dll
0x00007fff36350000 - 0x00007fff36384000 	C:\Windows\SYSTEM32\WINMM.dll
0x00007fff3bea0000 - 0x00007fff3beb3000 	C:\Windows\SYSTEM32\UMPDC.dll
0x00007fff3aff0000 - 0x00007fff3b008000 	C:\Windows\SYSTEM32\kernel.appcore.dll
0x00007fff1dd40000 - 0x00007fff1dd4a000 	C:\Program Files\Java\jdk-21\bin\jimage.dll
0x00007fff39760000 - 0x00007fff39992000 	C:\Windows\SYSTEM32\DBGHELP.DLL
0x00007fff3e930000 - 0x00007fff3ecbf000 	C:\Windows\System32\combase.dll
0x00007fff3e7d0000 - 0x00007fff3e8a7000 	C:\Windows\System32\OLEAUT32.dll
0x00007fff1cf50000 - 0x00007fff1cf82000 	C:\Windows\SYSTEM32\dbgcore.DLL
0x00007fff3c2d0000 - 0x00007fff3c34b000 	C:\Windows\System32\bcryptPrimitives.dll
0x00007fff26ed0000 - 0x00007fff26edf000 	C:\Program Files\Java\jdk-21\bin\instrument.dll
0x00007fff1d0a0000 - 0x00007fff1d0bf000 	C:\Program Files\Java\jdk-21\bin\java.dll
0x00007fff3d420000 - 0x00007fff3dc98000 	C:\Windows\System32\SHELL32.dll
0x00007fff39ee0000 - 0x00007fff3a7e8000 	C:\Windows\SYSTEM32\windows.storage.dll
0x00007fff39da0000 - 0x00007fff39edf000 	C:\Windows\SYSTEM32\wintypes.dll
0x00007fff3d260000 - 0x00007fff3d35a000 	C:\Windows\System32\SHCORE.dll
0x00007fff3cb30000 - 0x00007fff3cb8e000 	C:\Windows\System32\shlwapi.dll
0x00007fff3bf20000 - 0x00007fff3bf4b000 	C:\Windows\SYSTEM32\profapi.dll
0x00007fff19f30000 - 0x00007fff1a007000 	C:\Program Files\Java\jdk-21\bin\jsvml.dll
0x00007fff19230000 - 0x00007fff19248000 	C:\Program Files\Java\jdk-21\bin\zip.dll
0x00007fff1b800000 - 0x00007fff1b810000 	C:\Program Files\Java\jdk-21\bin\net.dll
0x00007fff36620000 - 0x00007fff36756000 	C:\Windows\SYSTEM32\WINHTTP.dll
0x00007fff3b460000 - 0x00007fff3b4c9000 	C:\Windows\system32\mswsock.dll
0x00007fff192d0000 - 0x00007fff192e6000 	C:\Program Files\Java\jdk-21\bin\nio.dll
0x00007fff26cf0000 - 0x00007fff26d00000 	C:\Program Files\Java\jdk-21\bin\verify.dll
0x00007fff35f30000 - 0x00007fff35f57000 	C:\Users\epask\.gradle\native\c067742578af261105cb4f569cf0c3c89f3d7b1fecec35dd04571415982c5e48\windows-amd64\native-platform.dll
0x00007ffed3a20000 - 0x00007ffed3b64000 	C:\Users\epask\.gradle\native\100fb08df4bc3b14c8652ba06237920a3bd2aa13389f12d3474272988ae205f9\windows-amd64\native-platform-file-events.dll
0x00007fff16de0000 - 0x00007fff16dea000 	C:\Program Files\Java\jdk-21\bin\management.dll
0x00007fff16dd0000 - 0x00007fff16ddb000 	C:\Program Files\Java\jdk-21\bin\management_ext.dll
0x00007fff3ecc0000 - 0x00007fff3ecc8000 	C:\Windows\System32\PSAPI.DLL
0x00007fff3b6a0000 - 0x00007fff3b6bb000 	C:\Windows\SYSTEM32\CRYPTSP.dll
0x00007fff3af50000 - 0x00007fff3af85000 	C:\Windows\system32\rsaenh.dll
0x00007fff3b510000 - 0x00007fff3b538000 	C:\Windows\SYSTEM32\USERENV.dll
0x00007fff3b690000 - 0x00007fff3b69c000 	C:\Windows\SYSTEM32\CRYPTBASE.dll
0x00007fff3aa90000 - 0x00007fff3aabd000 	C:\Windows\SYSTEM32\IPHLPAPI.DLL
0x00007fff3e7b0000 - 0x00007fff3e7b9000 	C:\Windows\System32\NSI.dll
0x00007fff2f0f0000 - 0x00007fff2f0f9000 	C:\Program Files\Java\jdk-21\bin\extnet.dll
0x00007fff2f0e0000 - 0x00007fff2f0ee000 	C:\Program Files\Java\jdk-21\bin\sunmscapi.dll
0x00007fff3c020000 - 0x00007fff3c186000 	C:\Windows\System32\CRYPT32.dll
0x00007fff3b8c0000 - 0x00007fff3b8ed000 	C:\Windows\SYSTEM32\ncrypt.dll
0x00007fff3b880000 - 0x00007fff3b8b7000 	C:\Windows\SYSTEM32\NTASN1.dll
0x00007fff0eb90000 - 0x00007fff0eb98000 	C:\Windows\system32\wshunix.dll

dbghelp: loaded successfully - version: 4.0.5 - missing functions: none
symbol engine: initialized successfully - sym options: 0x614 - pdb path: .;C:\Program Files\Java\jdk-21\bin;C:\Windows\SYSTEM32;C:\Windows\WinSxS\amd64_microsoft.windows.common-controls_6595b64144ccf1df_6.0.22621.4541_none_2710d1c57384c085;C:\Program Files\Java\jdk-21\bin\server;C:\Users\epask\.gradle\native\c067742578af261105cb4f569cf0c3c89f3d7b1fecec35dd04571415982c5e48\windows-amd64;C:\Users\epask\.gradle\native\100fb08df4bc3b14c8652ba06237920a3bd2aa13389f12d3474272988ae205f9\windows-amd64

VM Arguments:
jvm_args: --add-opens=java.base/java.util=ALL-UNNAMED --add-opens=java.base/java.lang=ALL-UNNAMED --add-opens=java.base/java.lang.invoke=ALL-UNNAMED --add-opens=java.prefs/java.util.prefs=ALL-UNNAMED --add-exports=jdk.compiler/com.sun.tools.javac.api=ALL-UNNAMED --add-exports=jdk.compiler/com.sun.tools.javac.util=ALL-UNNAMED --add-opens=java.base/java.nio.charset=ALL-UNNAMED --add-opens=java.base/java.net=ALL-UNNAMED --add-opens=java.base/java.util.concurrent.atomic=ALL-UNNAMED -XX:MaxMetaspaceSize=384m -XX:+HeapDumpOnOutOfMemoryError -Xms256m -Xmx512m -Dfile.encoding=windows-1251 -Duser.country=US -Duser.language=en -Duser.variant -javaagent:C:\Users\epask\.gradle\wrapper\dists\gradle-8.10.2-bin\a04bxjujx95o3nb99gddekhwo\gradle-8.10.2\lib\agents\gradle-instrumentation-agent-8.10.2.jar 
java_command: org.gradle.launcher.daemon.bootstrap.GradleDaemon 8.10.2
java_class_path (initial): C:\Users\epask\.gradle\wrapper\dists\gradle-8.10.2-bin\a04bxjujx95o3nb99gddekhwo\gradle-8.10.2\lib\gradle-daemon-main-8.10.2.jar
Launcher Type: SUN_STANDARD

[Global flags]
     intx CICompilerCount                          = 4                                         {product} {ergonomic}
   size_t CompressedClassSpaceSize                 = 335544320                                 {product} {ergonomic}
     uint ConcGCThreads                            = 3                                         {product} {ergonomic}
     uint G1ConcRefinementThreads                  = 10                                        {product} {ergonomic}
   size_t G1HeapRegionSize                         = 1048576                                   {product} {ergonomic}
    uintx GCDrainStackTargetSize                   = 64                                        {product} {ergonomic}
     bool HeapDumpOnOutOfMemoryError               = true                                   {manageable} {command line}
   size_t InitialHeapSize                          = 268435456                                 {product} {command line}
   size_t MarkStackSize                            = 4194304                                   {product} {ergonomic}
   size_t MaxHeapSize                              = 536870912                                 {product} {command line}
   size_t MaxMetaspaceSize                         = 402653184                                 {product} {command line}
   size_t MaxNewSize                               = 321912832                                 {product} {ergonomic}
   size_t MinHeapDeltaBytes                        = 1048576                                   {product} {ergonomic}
   size_t MinHeapSize                              = 268435456                                 {product} {command line}
    uintx NonNMethodCodeHeapSize                   = 5839372                                {pd product} {ergonomic}
    uintx NonProfiledCodeHeapSize                  = 122909434                              {pd product} {ergonomic}
    uintx ProfiledCodeHeapSize                     = 122909434                              {pd product} {ergonomic}
    uintx ReservedCodeCacheSize                    = 251658240                              {pd product} {ergonomic}
     bool SegmentedCodeCache                       = true                                      {product} {ergonomic}
   size_t SoftMaxHeapSize                          = 536870912                              {manageable} {ergonomic}
     bool UseCompressedOops                        = true                           {product lp64_product} {ergonomic}
     bool UseG1GC                                  = true                                      {product} {ergonomic}
     bool UseLargePagesIndividualAllocation        = false                                  {pd product} {ergonomic}

Logging:
Log output configuration:
 #0: stdout all=warning uptime,level,tags foldmultilines=false
 #1: stderr all=off uptime,level,tags foldmultilines=false

Environment Variables:
PATH=C:\Program Files\Common Files\Oracle\Java\javapath;C:\ProgramData\Oracle\Java\javapath;C:\Program Files (x86)\Common Files\Oracle\Java\javapath;C:\Windows\system32;C:\Windows;C:\Windows\System32\Wbem;C:\Windows\System32\WindowsPowerShell\v1.0\;C:\Windows\System32\OpenSSH\;C:\Windows\system32;C:\Windows;C:\Windows\System32\Wbem;C:\Windows\System32\WindowsPowerShell\v1.0\;C:\Windows\System32\OpenSSH\;D:\IntelliJ IDEA 2023.3.4\plugins\maven\lib\maven3\bin;D:\Git\cmd;C:\Program Files\NVIDIA Corporation\NVIDIA app\NvDLISR;C:\Program Files (x86)\NVIDIA Corporation\PhysX\Common;C:\Program Files\Docker\Docker\resources\bin;C:\Program Files\dotnet\;C:\Program Files (x86)\Windows Kits\10\Windows Performance Toolkit\;C:\Users\epask\AppData\Local\Microsoft\WindowsApps;D:\IntelliJ IDEA 2024.1.1\bin;;D:\IntelliJ IDEA Community Edition 2024.3\bin;;C:\Users\epask\AppData\Local\GitHubDesktop\bin
USERNAME=epask
OS=Windows_NT
PROCESSOR_IDENTIFIER=AMD64 Family 25 Model 80 Stepping 0, AuthenticAMD
TMP=C:\Users\epask\AppData\Local\Temp
TEMP=C:\Users\epask\AppData\Local\Temp




Periodic native trim disabled

---------------  S Y S T E M  ---------------

OS:
 Windows 11 , 64 bit Build 22621 (10.0.22621.4391)
OS uptime: 2 days 2:31 hours
Hyper-V role detected

CPU: total 12 (initial active 12) (12 cores per cpu, 2 threads per core) family 25 model 80 stepping 0 microcode 0x0, cx8, cmov, fxsr, ht, mmx, 3dnowpref, sse, sse2, sse3, ssse3, sse4a, sse4.1, sse4.2, popcnt, lzcnt, tsc, tscinvbit, avx, avx2, aes, erms, clmul, bmi1, bmi2, adx, sha, fma, vzeroupper, clflush, clflushopt, hv, rdtscp, rdpid, fsrm, f16c, cet_ss
Processor Information for all 12 processors :
  Max Mhz: 2301, Current Mhz: 2301, Mhz Limit: 2301

Memory: 4k page, system-wide physical 7532M (209M free)
TotalPageFile size 22167M (AvailPageFile size 9M)
current process WorkingSet (physical memory assigned to process): 330M, peak: 411M
current process commit charge ("private bytes"): 499M, peak: 503M

vm_info: Java HotSpot(TM) 64-Bit Server VM (21.0.2+13-LTS-58) for windows-amd64 JRE (21.0.2+13-LTS-58), built on 2024-01-05T18:32:24Z by "mach5one" with MS VC++ 17.1 (VS2022)

END.
