#
# There is insufficient memory for the Java Runtime Environment to continue.
# Native memory allocation (malloc) failed to allocate 1745936 bytes for Chunk::new
# Possible reasons:
#   The system is out of physical RAM or swap space
#   The process is running with CompressedOops enabled, and the Java Heap may be blocking the growth of the native heap
# Possible solutions:
#   Reduce memory load on the system
#   Increase physical memory or swap space
#   Check if swap backing store is full
#   Decrease Java heap size (-Xmx/-Xms)
#   Decrease number of Java threads
#   Decrease Java thread stack sizes (-Xss)
#   Set larger code cache with -XX:ReservedCodeCacheSize=
#   JVM is running with Unscaled Compressed Oops mode in which the Java heap is
#     placed in the first 4GB address space. The Java Heap base address is the
#     maximum limit for the native heap growth. Please use -XX:HeapBaseMinAddress
#     to set the Java Heap base and to place the Java Heap above 4GB virtual address.
# This output file may be truncated or incomplete.
#
#  Out of Memory Error (arena.cpp:168), pid=23436, tid=18116
#
# JRE version: Java(TM) SE Runtime Environment (21.0.2+13) (build 21.0.2+13-LTS-58)
# Java VM: Java HotSpot(TM) 64-Bit Server VM (21.0.2+13-LTS-58, mixed mode, sharing, tiered, compressed oops, compressed class ptrs, g1 gc, windows-amd64)
# No core dump will be written. Minidumps are not enabled by default on client versions of Windows
#

---------------  S U M M A R Y ------------

Command Line: --add-opens=java.base/java.util=ALL-UNNAMED --add-opens=java.base/java.lang=ALL-UNNAMED --add-opens=java.base/java.lang.invoke=ALL-UNNAMED --add-opens=java.prefs/java.util.prefs=ALL-UNNAMED --add-opens=java.base/java.nio.charset=ALL-UNNAMED --add-opens=java.base/java.net=ALL-UNNAMED --add-opens=java.base/java.util.concurrent.atomic=ALL-UNNAMED -XX:MaxMetaspaceSize=384m -XX:+HeapDumpOnOutOfMemoryError -Xms256m -Xmx512m -Dfile.encoding=windows-1251 -Duser.country=US -Duser.language=en -Duser.variant -javaagent:C:\Users\epask\.gradle\wrapper\dists\gradle-8.8-bin\dl7vupf4psengwqhwktix4v1\gradle-8.8\lib\agents\gradle-instrumentation-agent-8.8.jar org.gradle.launcher.daemon.bootstrap.GradleDaemon 8.8

Host: AMD Ryzen 5 5625U with Radeon Graphics         , 12 cores, 7G,  Windows 11 , 64 bit Build 22621 (10.0.22621.4391)
Time: Mon Dec  9 20:35:12 2024 Belarus Standard Time elapsed time: 15.114783 seconds (0d 0h 0m 15s)

---------------  T H R E A D  ---------------

Current thread (0x000001dafac4fcc0):  JavaThread "C2 CompilerThread0" daemon [_thread_in_native, id=18116, stack(0x000000b798400000,0x000000b798500000) (1024K)]


Current CompileTask:
C2:  15114 3648   !   4       java.security.AccessController::doPrivileged (26 bytes)

Stack: [0x000000b798400000,0x000000b798500000]
Native frames: (J=compiled Java code, j=interpreted, Vv=VM code, C=native code)
V  [jvm.dll+0x6cade9]
V  [jvm.dll+0x8569c1]
V  [jvm.dll+0x858d2e]
V  [jvm.dll+0x859413]
V  [jvm.dll+0x280e56]
V  [jvm.dll+0xc3f3d]
V  [jvm.dll+0xc4473]
V  [jvm.dll+0x3b5c2c]
V  [jvm.dll+0x1e2209]
V  [jvm.dll+0x249d22]
V  [jvm.dll+0x2491b1]
V  [jvm.dll+0x1c9634]
V  [jvm.dll+0x258859]
V  [jvm.dll+0x256e3a]
V  [jvm.dll+0x3ef6c6]
V  [jvm.dll+0x7ff568]
V  [jvm.dll+0x6c953d]
C  [ucrtbase.dll+0x29333]
C  [KERNEL32.DLL+0x1259d]
C  [ntdll.dll+0x5af38]


---------------  P R O C E S S  ---------------

Threads class SMR info:
_java_thread_list=0x000001da9627a4d0, length=34, elements={
0x000001dadfc0c880, 0x000001dafac459f0, 0x000001dafac465b0, 0x000001dafac49000,
0x000001dafac4da70, 0x000001dafac4e4d0, 0x000001dafac4ef30, 0x000001dafac4fcc0,
0x000001daff06abf0, 0x000001daff0c7280, 0x000001daff240170, 0x000001daff484d80,
0x000001daff3f4e90, 0x000001da950270a0, 0x000001daff3f17c0, 0x000001da950244d0,
0x000001da95bb98a0, 0x000001da95bcfa80, 0x000001da95bca630, 0x000001da95bcc070,
0x000001da95bcd420, 0x000001da95bc9fa0, 0x000001da95bcacc0, 0x000001da95bcb350,
0x000001da95bccd90, 0x000001da95bcc700, 0x000001da95207690, 0x000001da95202140,
0x000001da95208a40, 0x000001da952055c0, 0x000001da95204210, 0x000001da95207d20,
0x000001da95201ab0, 0x000001da95203b80
}

Java Threads: ( => current thread )
  0x000001dadfc0c880 JavaThread "main"                              [_thread_blocked, id=5612, stack(0x000000b797600000,0x000000b797700000) (1024K)]
  0x000001dafac459f0 JavaThread "Reference Handler"          daemon [_thread_blocked, id=21940, stack(0x000000b797e00000,0x000000b797f00000) (1024K)]
  0x000001dafac465b0 JavaThread "Finalizer"                  daemon [_thread_blocked, id=27856, stack(0x000000b797f00000,0x000000b798000000) (1024K)]
  0x000001dafac49000 JavaThread "Signal Dispatcher"          daemon [_thread_blocked, id=8684, stack(0x000000b798000000,0x000000b798100000) (1024K)]
  0x000001dafac4da70 JavaThread "Attach Listener"            daemon [_thread_blocked, id=28668, stack(0x000000b798100000,0x000000b798200000) (1024K)]
  0x000001dafac4e4d0 JavaThread "Service Thread"             daemon [_thread_blocked, id=16700, stack(0x000000b798200000,0x000000b798300000) (1024K)]
  0x000001dafac4ef30 JavaThread "Monitor Deflation Thread"   daemon [_thread_blocked, id=13116, stack(0x000000b798300000,0x000000b798400000) (1024K)]
=>0x000001dafac4fcc0 JavaThread "C2 CompilerThread0"         daemon [_thread_in_native, id=18116, stack(0x000000b798400000,0x000000b798500000) (1024K)]
  0x000001daff06abf0 JavaThread "C1 CompilerThread0"         daemon [_thread_blocked, id=23784, stack(0x000000b798500000,0x000000b798600000) (1024K)]
  0x000001daff0c7280 JavaThread "Common-Cleaner"             daemon [_thread_blocked, id=14256, stack(0x000000b798600000,0x000000b798700000) (1024K)]
  0x000001daff240170 JavaThread "Notification Thread"        daemon [_thread_blocked, id=17364, stack(0x000000b798700000,0x000000b798800000) (1024K)]
  0x000001daff484d80 JavaThread "Daemon health stats"               [_thread_blocked, id=25376, stack(0x000000b798d00000,0x000000b798e00000) (1024K)]
  0x000001daff3f4e90 JavaThread "Incoming local TCP Connector on port 54620"        [_thread_in_native, id=7732, stack(0x000000b798e00000,0x000000b798f00000) (1024K)]
  0x000001da950270a0 JavaThread "Daemon periodic checks"            [_thread_blocked, id=1816, stack(0x000000b798f00000,0x000000b799000000) (1024K)]
  0x000001daff3f17c0 JavaThread "Daemon"                            [_thread_blocked, id=13020, stack(0x000000b799000000,0x000000b799100000) (1024K)]
  0x000001da950244d0 JavaThread "Handler for socket connection from /127.0.0.1:54620 to /127.0.0.1:54621"        [_thread_in_native, id=10916, stack(0x000000b799100000,0x000000b799200000) (1024K)]
  0x000001da95bb98a0 JavaThread "Cancel handler"                    [_thread_blocked, id=23660, stack(0x000000b799200000,0x000000b799300000) (1024K)]
  0x000001da95bcfa80 JavaThread "Daemon worker"                     [_thread_in_Java, id=1560, stack(0x000000b799300000,0x000000b799400000) (1024K)]
  0x000001da95bca630 JavaThread "Asynchronous log dispatcher for DefaultDaemonConnection: socket connection from /127.0.0.1:54620 to /127.0.0.1:54621"        [_thread_blocked, id=18056, stack(0x000000b799400000,0x000000b799500000) (1024K)]
  0x000001da95bcc070 JavaThread "Stdin handler"                     [_thread_blocked, id=8732, stack(0x000000b799500000,0x000000b799600000) (1024K)]
  0x000001da95bcd420 JavaThread "Daemon client event forwarder"        [_thread_blocked, id=24976, stack(0x000000b799600000,0x000000b799700000) (1024K)]
  0x000001da95bc9fa0 JavaThread "Cache worker for journal cache (C:\Users\epask\.gradle\caches\journal-1)"        [_thread_blocked, id=24172, stack(0x000000b799700000,0x000000b799800000) (1024K)]
  0x000001da95bcacc0 JavaThread "File lock request listener"        [_thread_in_native, id=15724, stack(0x000000b799800000,0x000000b799900000) (1024K)]
  0x000001da95bcb350 JavaThread "Cache worker for file hash cache (C:\Users\epask\.gradle\caches\8.8\fileHashes)"        [_thread_blocked, id=26128, stack(0x000000b799900000,0x000000b799a00000) (1024K)]
  0x000001da95bccd90 JavaThread "File lock release action executor"        [_thread_blocked, id=24296, stack(0x000000b799a00000,0x000000b799b00000) (1024K)]
  0x000001da95bcc700 JavaThread "Cache worker for file hash cache (D:\JavaProdects\MicroservicesProject\urlshortenerservice\.gradle\8.8\fileHashes)"        [_thread_blocked, id=19504, stack(0x000000b799f00000,0x000000b79a000000) (1024K)]
  0x000001da95207690 JavaThread "File watcher server"        daemon [_thread_in_native, id=25440, stack(0x000000b79a200000,0x000000b79a300000) (1024K)]
  0x000001da95202140 JavaThread "File watcher consumer"      daemon [_thread_blocked, id=27076, stack(0x000000b79a300000,0x000000b79a400000) (1024K)]
  0x000001da95208a40 JavaThread "Cache worker for checksums cache (D:\JavaProdects\MicroservicesProject\urlshortenerservice\.gradle\8.8\checksums)"        [_thread_blocked, id=28248, stack(0x000000b79a400000,0x000000b79a500000) (1024K)]
  0x000001da952055c0 JavaThread "Cache worker for file content cache (C:\Users\epask\.gradle\caches\8.8\fileContent)"        [_thread_blocked, id=14936, stack(0x000000b79a500000,0x000000b79a600000) (1024K)]
  0x000001da95204210 JavaThread "Cache worker for cache directory md-rule (C:\Users\epask\.gradle\caches\8.8\md-rule)"        [_thread_blocked, id=25928, stack(0x000000b79a600000,0x000000b79a700000) (1024K)]
  0x000001da95207d20 JavaThread "Cache worker for cache directory md-supplier (C:\Users\epask\.gradle\caches\8.8\md-supplier)"        [_thread_blocked, id=27800, stack(0x000000b79a700000,0x000000b79a800000) (1024K)]
  0x000001da95201ab0 JavaThread "jar transforms"                    [_thread_blocked, id=28628, stack(0x000000b79a800000,0x000000b79a900000) (1024K)]
  0x000001da95203b80 JavaThread "jar transforms Thread 2"           [_thread_blocked, id=28036, stack(0x000000b79a900000,0x000000b79aa00000) (1024K)]
Total: 34

Other Threads:
  0x000001dafac268a0 VMThread "VM Thread"                           [id=18748, stack(0x000000b797d00000,0x000000b797e00000) (1024K)]
  0x000001dafac0e270 WatcherThread "VM Periodic Task Thread"        [id=25156, stack(0x000000b797c00000,0x000000b797d00000) (1024K)]
  0x000001dadfc366e0 WorkerThread "GC Thread#0"                     [id=19272, stack(0x000000b797700000,0x000000b797800000) (1024K)]
  0x000001da95077d80 WorkerThread "GC Thread#1"                     [id=22624, stack(0x000000b798800000,0x000000b798900000) (1024K)]
  0x000001da95078120 WorkerThread "GC Thread#2"                     [id=14380, stack(0x000000b798900000,0x000000b798a00000) (1024K)]
  0x000001da950784c0 WorkerThread "GC Thread#3"                     [id=26728, stack(0x000000b798a00000,0x000000b798b00000) (1024K)]
  0x000001da95078c70 WorkerThread "GC Thread#4"                     [id=2484, stack(0x000000b798b00000,0x000000b798c00000) (1024K)]
  0x000001da9507b020 WorkerThread "GC Thread#5"                     [id=21008, stack(0x000000b798c00000,0x000000b798d00000) (1024K)]
  0x000001da9675fa50 WorkerThread "GC Thread#6"                     [id=28436, stack(0x000000b799b00000,0x000000b799c00000) (1024K)]
  0x000001da960fe550 WorkerThread "GC Thread#7"                     [id=11296, stack(0x000000b799c00000,0x000000b799d00000) (1024K)]
  0x000001da968b8ca0 WorkerThread "GC Thread#8"                     [id=3368, stack(0x000000b799d00000,0x000000b799e00000) (1024K)]
  0x000001da968b8560 WorkerThread "GC Thread#9"                     [id=25904, stack(0x000000b799e00000,0x000000b799f00000) (1024K)]
  0x000001dadfc3c5d0 ConcurrentGCThread "G1 Main Marker"            [id=15872, stack(0x000000b797800000,0x000000b797900000) (1024K)]
  0x000001dadfc3cfd0 WorkerThread "G1 Conc#0"                       [id=22924, stack(0x000000b797900000,0x000000b797a00000) (1024K)]
  0x000001da968b93e0 WorkerThread "G1 Conc#1"                       [id=24052, stack(0x000000b79a000000,0x000000b79a100000) (1024K)]
  0x000001da968b8900 WorkerThread "G1 Conc#2"                       [id=25544, stack(0x000000b79a100000,0x000000b79a200000) (1024K)]
  0x000001dadfcce6c0 ConcurrentGCThread "G1 Refine#0"               [id=24708, stack(0x000000b797a00000,0x000000b797b00000) (1024K)]
  0x000001dafaae06c0 ConcurrentGCThread "G1 Service"                [id=7256, stack(0x000000b797b00000,0x000000b797c00000) (1024K)]
Total: 18

Threads with active compile tasks:
C2 CompilerThread0    15171 3648   !   4       java.security.AccessController::doPrivileged (26 bytes)
Total: 1

VM state: not at safepoint (normal execution)

VM Mutex/Monitor currently owned by a thread: None

Heap address: 0x00000000e0000000, size: 512 MB, Compressed Oops mode: 32-bit

CDS archive(s) mapped at: [0x000001da80000000-0x000001da80c90000-0x000001da80c90000), size 13172736, SharedBaseAddress: 0x000001da80000000, ArchiveRelocationMode: 1.
Compressed class space mapped at: 0x000001da81000000-0x000001da95000000, reserved size: 335544320
Narrow klass base: 0x000001da80000000, Narrow klass shift: 0, Narrow klass range: 0x100000000

GC Precious Log:
 CardTable entry size: 512
 Card Set container configuration: InlinePtr #cards 5 size 8 Array Of Cards #cards 12 size 40 Howl #buckets 4 coarsen threshold 1843 Howl Bitmap #cards 512 size 80 coarsen threshold 460 Card regions per heap region 1 cards per card region 2048
 CPUs: 12 total, 12 available
 Memory: 7532M
 Large Page Support: Disabled
 NUMA Support: Disabled
 Compressed Oops: Enabled (32-bit)
 Heap Region Size: 1M
 Heap Min Capacity: 256M
 Heap Initial Capacity: 256M
 Heap Max Capacity: 512M
 Pre-touch: Disabled
 Parallel Workers: 10
 Concurrent Workers: 3
 Concurrent Refinement Workers: 10
 Periodic GC: Disabled

Heap:
 garbage-first heap   total 262144K, used 106419K [0x00000000e0000000, 0x0000000100000000)
  region size 1024K, 94 young (96256K), 12 survivors (12288K)
 Metaspace       used 33434K, committed 34624K, reserved 393216K
  class space    used 4895K, committed 5440K, reserved 327680K

Heap Regions: E=young(eden), S=young(survivor), O=old, HS=humongous(starts), HC=humongous(continues), CS=collection set, F=free, TAMS=top-at-mark-start, PB=parsable bottom
|   0|0x00000000e0000000, 0x00000000e0100000, 0x00000000e0100000|100%|HS|  |TAMS 0x00000000e0000000| PB 0x00000000e0000000| Complete 
|   1|0x00000000e0100000, 0x00000000e0200000, 0x00000000e0200000|100%|HC|  |TAMS 0x00000000e0100000| PB 0x00000000e0100000| Complete 
|   2|0x00000000e0200000, 0x00000000e0300000, 0x00000000e0300000|100%|HC|  |TAMS 0x00000000e0200000| PB 0x00000000e0200000| Complete 
|   3|0x00000000e0300000, 0x00000000e0400000, 0x00000000e0400000|100%|HC|  |TAMS 0x00000000e0300000| PB 0x00000000e0300000| Complete 
|   4|0x00000000e0400000, 0x00000000e0500000, 0x00000000e0500000|100%| O|  |TAMS 0x00000000e0400000| PB 0x00000000e0400000| Untracked 
|   5|0x00000000e0500000, 0x00000000e0600000, 0x00000000e0600000|100%| O|  |TAMS 0x00000000e0500000| PB 0x00000000e0500000| Untracked 
|   6|0x00000000e0600000, 0x00000000e0700000, 0x00000000e0700000|100%| O|  |TAMS 0x00000000e0600000| PB 0x00000000e0600000| Untracked 
|   7|0x00000000e0700000, 0x00000000e0800000, 0x00000000e0800000|100%| O|  |TAMS 0x00000000e0700000| PB 0x00000000e0700000| Untracked 
|   8|0x00000000e0800000, 0x00000000e0900000, 0x00000000e0900000|100%| O|  |TAMS 0x00000000e0800000| PB 0x00000000e0800000| Untracked 
|   9|0x00000000e0900000, 0x00000000e0a00000, 0x00000000e0a00000|100%| O|  |TAMS 0x00000000e0900000| PB 0x00000000e0900000| Untracked 
|  10|0x00000000e0a00000, 0x00000000e0b00000, 0x00000000e0b00000|100%| O|  |TAMS 0x00000000e0a00000| PB 0x00000000e0a00000| Untracked 
|  11|0x00000000e0b00000, 0x00000000e0c00000, 0x00000000e0c00000|100%|HS|  |TAMS 0x00000000e0b00000| PB 0x00000000e0b00000| Complete 
|  12|0x00000000e0c00000, 0x00000000e0c5f1f0, 0x00000000e0d00000| 37%| O|  |TAMS 0x00000000e0c00000| PB 0x00000000e0c00000| Untracked 
|  13|0x00000000e0d00000, 0x00000000e0d00000, 0x00000000e0e00000|  0%| F|  |TAMS 0x00000000e0d00000| PB 0x00000000e0d00000| Untracked 
|  14|0x00000000e0e00000, 0x00000000e0e00000, 0x00000000e0f00000|  0%| F|  |TAMS 0x00000000e0e00000| PB 0x00000000e0e00000| Untracked 
|  15|0x00000000e0f00000, 0x00000000e0f00000, 0x00000000e1000000|  0%| F|  |TAMS 0x00000000e0f00000| PB 0x00000000e0f00000| Untracked 
|  16|0x00000000e1000000, 0x00000000e1000000, 0x00000000e1100000|  0%| F|  |TAMS 0x00000000e1000000| PB 0x00000000e1000000| Untracked 
|  17|0x00000000e1100000, 0x00000000e1100000, 0x00000000e1200000|  0%| F|  |TAMS 0x00000000e1100000| PB 0x00000000e1100000| Untracked 
|  18|0x00000000e1200000, 0x00000000e1200000, 0x00000000e1300000|  0%| F|  |TAMS 0x00000000e1200000| PB 0x00000000e1200000| Untracked 
|  19|0x00000000e1300000, 0x00000000e1300000, 0x00000000e1400000|  0%| F|  |TAMS 0x00000000e1300000| PB 0x00000000e1300000| Untracked 
|  20|0x00000000e1400000, 0x00000000e1400000, 0x00000000e1500000|  0%| F|  |TAMS 0x00000000e1400000| PB 0x00000000e1400000| Untracked 
|  21|0x00000000e1500000, 0x00000000e1500000, 0x00000000e1600000|  0%| F|  |TAMS 0x00000000e1500000| PB 0x00000000e1500000| Untracked 
|  22|0x00000000e1600000, 0x00000000e1600000, 0x00000000e1700000|  0%| F|  |TAMS 0x00000000e1600000| PB 0x00000000e1600000| Untracked 
|  23|0x00000000e1700000, 0x00000000e1700000, 0x00000000e1800000|  0%| F|  |TAMS 0x00000000e1700000| PB 0x00000000e1700000| Untracked 
|  24|0x00000000e1800000, 0x00000000e1800000, 0x00000000e1900000|  0%| F|  |TAMS 0x00000000e1800000| PB 0x00000000e1800000| Untracked 
|  25|0x00000000e1900000, 0x00000000e1900000, 0x00000000e1a00000|  0%| F|  |TAMS 0x00000000e1900000| PB 0x00000000e1900000| Untracked 
|  26|0x00000000e1a00000, 0x00000000e1a00000, 0x00000000e1b00000|  0%| F|  |TAMS 0x00000000e1a00000| PB 0x00000000e1a00000| Untracked 
|  27|0x00000000e1b00000, 0x00000000e1b00000, 0x00000000e1c00000|  0%| F|  |TAMS 0x00000000e1b00000| PB 0x00000000e1b00000| Untracked 
|  28|0x00000000e1c00000, 0x00000000e1c00000, 0x00000000e1d00000|  0%| F|  |TAMS 0x00000000e1c00000| PB 0x00000000e1c00000| Untracked 
|  29|0x00000000e1d00000, 0x00000000e1d00000, 0x00000000e1e00000|  0%| F|  |TAMS 0x00000000e1d00000| PB 0x00000000e1d00000| Untracked 
|  30|0x00000000e1e00000, 0x00000000e1e00000, 0x00000000e1f00000|  0%| F|  |TAMS 0x00000000e1e00000| PB 0x00000000e1e00000| Untracked 
|  31|0x00000000e1f00000, 0x00000000e1f00000, 0x00000000e2000000|  0%| F|  |TAMS 0x00000000e1f00000| PB 0x00000000e1f00000| Untracked 
|  32|0x00000000e2000000, 0x00000000e2000000, 0x00000000e2100000|  0%| F|  |TAMS 0x00000000e2000000| PB 0x00000000e2000000| Untracked 
|  33|0x00000000e2100000, 0x00000000e2100000, 0x00000000e2200000|  0%| F|  |TAMS 0x00000000e2100000| PB 0x00000000e2100000| Untracked 
|  34|0x00000000e2200000, 0x00000000e2200000, 0x00000000e2300000|  0%| F|  |TAMS 0x00000000e2200000| PB 0x00000000e2200000| Untracked 
|  35|0x00000000e2300000, 0x00000000e2300000, 0x00000000e2400000|  0%| F|  |TAMS 0x00000000e2300000| PB 0x00000000e2300000| Untracked 
|  36|0x00000000e2400000, 0x00000000e2400000, 0x00000000e2500000|  0%| F|  |TAMS 0x00000000e2400000| PB 0x00000000e2400000| Untracked 
|  37|0x00000000e2500000, 0x00000000e2500000, 0x00000000e2600000|  0%| F|  |TAMS 0x00000000e2500000| PB 0x00000000e2500000| Untracked 
|  38|0x00000000e2600000, 0x00000000e2600000, 0x00000000e2700000|  0%| F|  |TAMS 0x00000000e2600000| PB 0x00000000e2600000| Untracked 
|  39|0x00000000e2700000, 0x00000000e2700000, 0x00000000e2800000|  0%| F|  |TAMS 0x00000000e2700000| PB 0x00000000e2700000| Untracked 
|  40|0x00000000e2800000, 0x00000000e2800000, 0x00000000e2900000|  0%| F|  |TAMS 0x00000000e2800000| PB 0x00000000e2800000| Untracked 
|  41|0x00000000e2900000, 0x00000000e2900000, 0x00000000e2a00000|  0%| F|  |TAMS 0x00000000e2900000| PB 0x00000000e2900000| Untracked 
|  42|0x00000000e2a00000, 0x00000000e2a00000, 0x00000000e2b00000|  0%| F|  |TAMS 0x00000000e2a00000| PB 0x00000000e2a00000| Untracked 
|  43|0x00000000e2b00000, 0x00000000e2b00000, 0x00000000e2c00000|  0%| F|  |TAMS 0x00000000e2b00000| PB 0x00000000e2b00000| Untracked 
|  44|0x00000000e2c00000, 0x00000000e2c00000, 0x00000000e2d00000|  0%| F|  |TAMS 0x00000000e2c00000| PB 0x00000000e2c00000| Untracked 
|  45|0x00000000e2d00000, 0x00000000e2d00000, 0x00000000e2e00000|  0%| F|  |TAMS 0x00000000e2d00000| PB 0x00000000e2d00000| Untracked 
|  46|0x00000000e2e00000, 0x00000000e2e00000, 0x00000000e2f00000|  0%| F|  |TAMS 0x00000000e2e00000| PB 0x00000000e2e00000| Untracked 
|  47|0x00000000e2f00000, 0x00000000e2f00000, 0x00000000e3000000|  0%| F|  |TAMS 0x00000000e2f00000| PB 0x00000000e2f00000| Untracked 
|  48|0x00000000e3000000, 0x00000000e3000000, 0x00000000e3100000|  0%| F|  |TAMS 0x00000000e3000000| PB 0x00000000e3000000| Untracked 
|  49|0x00000000e3100000, 0x00000000e3100000, 0x00000000e3200000|  0%| F|  |TAMS 0x00000000e3100000| PB 0x00000000e3100000| Untracked 
|  50|0x00000000e3200000, 0x00000000e3200000, 0x00000000e3300000|  0%| F|  |TAMS 0x00000000e3200000| PB 0x00000000e3200000| Untracked 
|  51|0x00000000e3300000, 0x00000000e3300000, 0x00000000e3400000|  0%| F|  |TAMS 0x00000000e3300000| PB 0x00000000e3300000| Untracked 
|  52|0x00000000e3400000, 0x00000000e3400000, 0x00000000e3500000|  0%| F|  |TAMS 0x00000000e3400000| PB 0x00000000e3400000| Untracked 
|  53|0x00000000e3500000, 0x00000000e3500000, 0x00000000e3600000|  0%| F|  |TAMS 0x00000000e3500000| PB 0x00000000e3500000| Untracked 
|  54|0x00000000e3600000, 0x00000000e3600000, 0x00000000e3700000|  0%| F|  |TAMS 0x00000000e3600000| PB 0x00000000e3600000| Untracked 
|  55|0x00000000e3700000, 0x00000000e3700000, 0x00000000e3800000|  0%| F|  |TAMS 0x00000000e3700000| PB 0x00000000e3700000| Untracked 
|  56|0x00000000e3800000, 0x00000000e3800000, 0x00000000e3900000|  0%| F|  |TAMS 0x00000000e3800000| PB 0x00000000e3800000| Untracked 
|  57|0x00000000e3900000, 0x00000000e3900000, 0x00000000e3a00000|  0%| F|  |TAMS 0x00000000e3900000| PB 0x00000000e3900000| Untracked 
|  58|0x00000000e3a00000, 0x00000000e3a00000, 0x00000000e3b00000|  0%| F|  |TAMS 0x00000000e3a00000| PB 0x00000000e3a00000| Untracked 
|  59|0x00000000e3b00000, 0x00000000e3b00000, 0x00000000e3c00000|  0%| F|  |TAMS 0x00000000e3b00000| PB 0x00000000e3b00000| Untracked 
|  60|0x00000000e3c00000, 0x00000000e3c00000, 0x00000000e3d00000|  0%| F|  |TAMS 0x00000000e3c00000| PB 0x00000000e3c00000| Untracked 
|  61|0x00000000e3d00000, 0x00000000e3d00000, 0x00000000e3e00000|  0%| F|  |TAMS 0x00000000e3d00000| PB 0x00000000e3d00000| Untracked 
|  62|0x00000000e3e00000, 0x00000000e3e00000, 0x00000000e3f00000|  0%| F|  |TAMS 0x00000000e3e00000| PB 0x00000000e3e00000| Untracked 
|  63|0x00000000e3f00000, 0x00000000e3f00000, 0x00000000e4000000|  0%| F|  |TAMS 0x00000000e3f00000| PB 0x00000000e3f00000| Untracked 
|  64|0x00000000e4000000, 0x00000000e4000000, 0x00000000e4100000|  0%| F|  |TAMS 0x00000000e4000000| PB 0x00000000e4000000| Untracked 
|  65|0x00000000e4100000, 0x00000000e4100000, 0x00000000e4200000|  0%| F|  |TAMS 0x00000000e4100000| PB 0x00000000e4100000| Untracked 
|  66|0x00000000e4200000, 0x00000000e4200000, 0x00000000e4300000|  0%| F|  |TAMS 0x00000000e4200000| PB 0x00000000e4200000| Untracked 
|  67|0x00000000e4300000, 0x00000000e4300000, 0x00000000e4400000|  0%| F|  |TAMS 0x00000000e4300000| PB 0x00000000e4300000| Untracked 
|  68|0x00000000e4400000, 0x00000000e4400000, 0x00000000e4500000|  0%| F|  |TAMS 0x00000000e4400000| PB 0x00000000e4400000| Untracked 
|  69|0x00000000e4500000, 0x00000000e4500000, 0x00000000e4600000|  0%| F|  |TAMS 0x00000000e4500000| PB 0x00000000e4500000| Untracked 
|  70|0x00000000e4600000, 0x00000000e4600000, 0x00000000e4700000|  0%| F|  |TAMS 0x00000000e4600000| PB 0x00000000e4600000| Untracked 
|  71|0x00000000e4700000, 0x00000000e4700000, 0x00000000e4800000|  0%| F|  |TAMS 0x00000000e4700000| PB 0x00000000e4700000| Untracked 
|  72|0x00000000e4800000, 0x00000000e4800000, 0x00000000e4900000|  0%| F|  |TAMS 0x00000000e4800000| PB 0x00000000e4800000| Untracked 
|  73|0x00000000e4900000, 0x00000000e4900000, 0x00000000e4a00000|  0%| F|  |TAMS 0x00000000e4900000| PB 0x00000000e4900000| Untracked 
|  74|0x00000000e4a00000, 0x00000000e4a00000, 0x00000000e4b00000|  0%| F|  |TAMS 0x00000000e4a00000| PB 0x00000000e4a00000| Untracked 
|  75|0x00000000e4b00000, 0x00000000e4b00000, 0x00000000e4c00000|  0%| F|  |TAMS 0x00000000e4b00000| PB 0x00000000e4b00000| Untracked 
|  76|0x00000000e4c00000, 0x00000000e4c00000, 0x00000000e4d00000|  0%| F|  |TAMS 0x00000000e4c00000| PB 0x00000000e4c00000| Untracked 
|  77|0x00000000e4d00000, 0x00000000e4d00000, 0x00000000e4e00000|  0%| F|  |TAMS 0x00000000e4d00000| PB 0x00000000e4d00000| Untracked 
|  78|0x00000000e4e00000, 0x00000000e4e00000, 0x00000000e4f00000|  0%| F|  |TAMS 0x00000000e4e00000| PB 0x00000000e4e00000| Untracked 
|  79|0x00000000e4f00000, 0x00000000e4f00000, 0x00000000e5000000|  0%| F|  |TAMS 0x00000000e4f00000| PB 0x00000000e4f00000| Untracked 
|  80|0x00000000e5000000, 0x00000000e5000000, 0x00000000e5100000|  0%| F|  |TAMS 0x00000000e5000000| PB 0x00000000e5000000| Untracked 
|  81|0x00000000e5100000, 0x00000000e5100000, 0x00000000e5200000|  0%| F|  |TAMS 0x00000000e5100000| PB 0x00000000e5100000| Untracked 
|  82|0x00000000e5200000, 0x00000000e5200000, 0x00000000e5300000|  0%| F|  |TAMS 0x00000000e5200000| PB 0x00000000e5200000| Untracked 
|  83|0x00000000e5300000, 0x00000000e5300000, 0x00000000e5400000|  0%| F|  |TAMS 0x00000000e5300000| PB 0x00000000e5300000| Untracked 
|  84|0x00000000e5400000, 0x00000000e5400000, 0x00000000e5500000|  0%| F|  |TAMS 0x00000000e5400000| PB 0x00000000e5400000| Untracked 
|  85|0x00000000e5500000, 0x00000000e5500000, 0x00000000e5600000|  0%| F|  |TAMS 0x00000000e5500000| PB 0x00000000e5500000| Untracked 
|  86|0x00000000e5600000, 0x00000000e5600000, 0x00000000e5700000|  0%| F|  |TAMS 0x00000000e5600000| PB 0x00000000e5600000| Untracked 
|  87|0x00000000e5700000, 0x00000000e5700000, 0x00000000e5800000|  0%| F|  |TAMS 0x00000000e5700000| PB 0x00000000e5700000| Untracked 
|  88|0x00000000e5800000, 0x00000000e5800000, 0x00000000e5900000|  0%| F|  |TAMS 0x00000000e5800000| PB 0x00000000e5800000| Untracked 
|  89|0x00000000e5900000, 0x00000000e5900000, 0x00000000e5a00000|  0%| F|  |TAMS 0x00000000e5900000| PB 0x00000000e5900000| Untracked 
|  90|0x00000000e5a00000, 0x00000000e5a00000, 0x00000000e5b00000|  0%| F|  |TAMS 0x00000000e5a00000| PB 0x00000000e5a00000| Untracked 
|  91|0x00000000e5b00000, 0x00000000e5b00000, 0x00000000e5c00000|  0%| F|  |TAMS 0x00000000e5b00000| PB 0x00000000e5b00000| Untracked 
|  92|0x00000000e5c00000, 0x00000000e5c00000, 0x00000000e5d00000|  0%| F|  |TAMS 0x00000000e5c00000| PB 0x00000000e5c00000| Untracked 
|  93|0x00000000e5d00000, 0x00000000e5d00000, 0x00000000e5e00000|  0%| F|  |TAMS 0x00000000e5d00000| PB 0x00000000e5d00000| Untracked 
|  94|0x00000000e5e00000, 0x00000000e5e00000, 0x00000000e5f00000|  0%| F|  |TAMS 0x00000000e5e00000| PB 0x00000000e5e00000| Untracked 
|  95|0x00000000e5f00000, 0x00000000e5f00000, 0x00000000e6000000|  0%| F|  |TAMS 0x00000000e5f00000| PB 0x00000000e5f00000| Untracked 
|  96|0x00000000e6000000, 0x00000000e6000000, 0x00000000e6100000|  0%| F|  |TAMS 0x00000000e6000000| PB 0x00000000e6000000| Untracked 
|  97|0x00000000e6100000, 0x00000000e6100000, 0x00000000e6200000|  0%| F|  |TAMS 0x00000000e6100000| PB 0x00000000e6100000| Untracked 
|  98|0x00000000e6200000, 0x00000000e6200000, 0x00000000e6300000|  0%| F|  |TAMS 0x00000000e6200000| PB 0x00000000e6200000| Untracked 
|  99|0x00000000e6300000, 0x00000000e6300000, 0x00000000e6400000|  0%| F|  |TAMS 0x00000000e6300000| PB 0x00000000e6300000| Untracked 
| 100|0x00000000e6400000, 0x00000000e6400000, 0x00000000e6500000|  0%| F|  |TAMS 0x00000000e6400000| PB 0x00000000e6400000| Untracked 
| 101|0x00000000e6500000, 0x00000000e6500000, 0x00000000e6600000|  0%| F|  |TAMS 0x00000000e6500000| PB 0x00000000e6500000| Untracked 
| 102|0x00000000e6600000, 0x00000000e6600000, 0x00000000e6700000|  0%| F|  |TAMS 0x00000000e6600000| PB 0x00000000e6600000| Untracked 
| 103|0x00000000e6700000, 0x00000000e6700000, 0x00000000e6800000|  0%| F|  |TAMS 0x00000000e6700000| PB 0x00000000e6700000| Untracked 
| 104|0x00000000e6800000, 0x00000000e6800000, 0x00000000e6900000|  0%| F|  |TAMS 0x00000000e6800000| PB 0x00000000e6800000| Untracked 
| 105|0x00000000e6900000, 0x00000000e6900000, 0x00000000e6a00000|  0%| F|  |TAMS 0x00000000e6900000| PB 0x00000000e6900000| Untracked 
| 106|0x00000000e6a00000, 0x00000000e6a00000, 0x00000000e6b00000|  0%| F|  |TAMS 0x00000000e6a00000| PB 0x00000000e6a00000| Untracked 
| 107|0x00000000e6b00000, 0x00000000e6b00000, 0x00000000e6c00000|  0%| F|  |TAMS 0x00000000e6b00000| PB 0x00000000e6b00000| Untracked 
| 108|0x00000000e6c00000, 0x00000000e6c00000, 0x00000000e6d00000|  0%| F|  |TAMS 0x00000000e6c00000| PB 0x00000000e6c00000| Untracked 
| 109|0x00000000e6d00000, 0x00000000e6d00000, 0x00000000e6e00000|  0%| F|  |TAMS 0x00000000e6d00000| PB 0x00000000e6d00000| Untracked 
| 110|0x00000000e6e00000, 0x00000000e6e00000, 0x00000000e6f00000|  0%| F|  |TAMS 0x00000000e6e00000| PB 0x00000000e6e00000| Untracked 
| 111|0x00000000e6f00000, 0x00000000e6f00000, 0x00000000e7000000|  0%| F|  |TAMS 0x00000000e6f00000| PB 0x00000000e6f00000| Untracked 
| 112|0x00000000e7000000, 0x00000000e7000000, 0x00000000e7100000|  0%| F|  |TAMS 0x00000000e7000000| PB 0x00000000e7000000| Untracked 
| 113|0x00000000e7100000, 0x00000000e7100000, 0x00000000e7200000|  0%| F|  |TAMS 0x00000000e7100000| PB 0x00000000e7100000| Untracked 
| 114|0x00000000e7200000, 0x00000000e7200000, 0x00000000e7300000|  0%| F|  |TAMS 0x00000000e7200000| PB 0x00000000e7200000| Untracked 
| 115|0x00000000e7300000, 0x00000000e7300000, 0x00000000e7400000|  0%| F|  |TAMS 0x00000000e7300000| PB 0x00000000e7300000| Untracked 
| 116|0x00000000e7400000, 0x00000000e7400000, 0x00000000e7500000|  0%| F|  |TAMS 0x00000000e7400000| PB 0x00000000e7400000| Untracked 
| 117|0x00000000e7500000, 0x00000000e7500000, 0x00000000e7600000|  0%| F|  |TAMS 0x00000000e7500000| PB 0x00000000e7500000| Untracked 
| 118|0x00000000e7600000, 0x00000000e7600000, 0x00000000e7700000|  0%| F|  |TAMS 0x00000000e7600000| PB 0x00000000e7600000| Untracked 
| 119|0x00000000e7700000, 0x00000000e7700000, 0x00000000e7800000|  0%| F|  |TAMS 0x00000000e7700000| PB 0x00000000e7700000| Untracked 
| 120|0x00000000e7800000, 0x00000000e7800000, 0x00000000e7900000|  0%| F|  |TAMS 0x00000000e7800000| PB 0x00000000e7800000| Untracked 
| 121|0x00000000e7900000, 0x00000000e7900000, 0x00000000e7a00000|  0%| F|  |TAMS 0x00000000e7900000| PB 0x00000000e7900000| Untracked 
| 122|0x00000000e7a00000, 0x00000000e7a00000, 0x00000000e7b00000|  0%| F|  |TAMS 0x00000000e7a00000| PB 0x00000000e7a00000| Untracked 
| 123|0x00000000e7b00000, 0x00000000e7b00000, 0x00000000e7c00000|  0%| F|  |TAMS 0x00000000e7b00000| PB 0x00000000e7b00000| Untracked 
| 124|0x00000000e7c00000, 0x00000000e7c00000, 0x00000000e7d00000|  0%| F|  |TAMS 0x00000000e7c00000| PB 0x00000000e7c00000| Untracked 
| 125|0x00000000e7d00000, 0x00000000e7d00000, 0x00000000e7e00000|  0%| F|  |TAMS 0x00000000e7d00000| PB 0x00000000e7d00000| Untracked 
| 126|0x00000000e7e00000, 0x00000000e7e00000, 0x00000000e7f00000|  0%| F|  |TAMS 0x00000000e7e00000| PB 0x00000000e7e00000| Untracked 
| 127|0x00000000e7f00000, 0x00000000e7f00000, 0x00000000e8000000|  0%| F|  |TAMS 0x00000000e7f00000| PB 0x00000000e7f00000| Untracked 
| 128|0x00000000e8000000, 0x00000000e8000000, 0x00000000e8100000|  0%| F|  |TAMS 0x00000000e8000000| PB 0x00000000e8000000| Untracked 
| 129|0x00000000e8100000, 0x00000000e8100000, 0x00000000e8200000|  0%| F|  |TAMS 0x00000000e8100000| PB 0x00000000e8100000| Untracked 
| 130|0x00000000e8200000, 0x00000000e8200000, 0x00000000e8300000|  0%| F|  |TAMS 0x00000000e8200000| PB 0x00000000e8200000| Untracked 
| 131|0x00000000e8300000, 0x00000000e8300000, 0x00000000e8400000|  0%| F|  |TAMS 0x00000000e8300000| PB 0x00000000e8300000| Untracked 
| 132|0x00000000e8400000, 0x00000000e8400000, 0x00000000e8500000|  0%| F|  |TAMS 0x00000000e8400000| PB 0x00000000e8400000| Untracked 
| 133|0x00000000e8500000, 0x00000000e8500000, 0x00000000e8600000|  0%| F|  |TAMS 0x00000000e8500000| PB 0x00000000e8500000| Untracked 
| 134|0x00000000e8600000, 0x00000000e8600000, 0x00000000e8700000|  0%| F|  |TAMS 0x00000000e8600000| PB 0x00000000e8600000| Untracked 
| 135|0x00000000e8700000, 0x00000000e8700000, 0x00000000e8800000|  0%| F|  |TAMS 0x00000000e8700000| PB 0x00000000e8700000| Untracked 
| 136|0x00000000e8800000, 0x00000000e8800000, 0x00000000e8900000|  0%| F|  |TAMS 0x00000000e8800000| PB 0x00000000e8800000| Untracked 
| 137|0x00000000e8900000, 0x00000000e8900000, 0x00000000e8a00000|  0%| F|  |TAMS 0x00000000e8900000| PB 0x00000000e8900000| Untracked 
| 138|0x00000000e8a00000, 0x00000000e8a00000, 0x00000000e8b00000|  0%| F|  |TAMS 0x00000000e8a00000| PB 0x00000000e8a00000| Untracked 
| 139|0x00000000e8b00000, 0x00000000e8b00000, 0x00000000e8c00000|  0%| F|  |TAMS 0x00000000e8b00000| PB 0x00000000e8b00000| Untracked 
| 140|0x00000000e8c00000, 0x00000000e8c00000, 0x00000000e8d00000|  0%| F|  |TAMS 0x00000000e8c00000| PB 0x00000000e8c00000| Untracked 
| 141|0x00000000e8d00000, 0x00000000e8d00000, 0x00000000e8e00000|  0%| F|  |TAMS 0x00000000e8d00000| PB 0x00000000e8d00000| Untracked 
| 142|0x00000000e8e00000, 0x00000000e8e00000, 0x00000000e8f00000|  0%| F|  |TAMS 0x00000000e8e00000| PB 0x00000000e8e00000| Untracked 
| 143|0x00000000e8f00000, 0x00000000e8f00000, 0x00000000e9000000|  0%| F|  |TAMS 0x00000000e8f00000| PB 0x00000000e8f00000| Untracked 
| 144|0x00000000e9000000, 0x00000000e9000000, 0x00000000e9100000|  0%| F|  |TAMS 0x00000000e9000000| PB 0x00000000e9000000| Untracked 
| 145|0x00000000e9100000, 0x00000000e9100000, 0x00000000e9200000|  0%| F|  |TAMS 0x00000000e9100000| PB 0x00000000e9100000| Untracked 
| 146|0x00000000e9200000, 0x00000000e9200000, 0x00000000e9300000|  0%| F|  |TAMS 0x00000000e9200000| PB 0x00000000e9200000| Untracked 
| 147|0x00000000e9300000, 0x00000000e9300000, 0x00000000e9400000|  0%| F|  |TAMS 0x00000000e9300000| PB 0x00000000e9300000| Untracked 
| 148|0x00000000e9400000, 0x00000000e9400000, 0x00000000e9500000|  0%| F|  |TAMS 0x00000000e9400000| PB 0x00000000e9400000| Untracked 
| 149|0x00000000e9500000, 0x00000000e9500000, 0x00000000e9600000|  0%| F|  |TAMS 0x00000000e9500000| PB 0x00000000e9500000| Untracked 
| 150|0x00000000e9600000, 0x00000000e9600000, 0x00000000e9700000|  0%| F|  |TAMS 0x00000000e9600000| PB 0x00000000e9600000| Untracked 
| 151|0x00000000e9700000, 0x00000000e9700000, 0x00000000e9800000|  0%| F|  |TAMS 0x00000000e9700000| PB 0x00000000e9700000| Untracked 
| 152|0x00000000e9800000, 0x00000000e9800000, 0x00000000e9900000|  0%| F|  |TAMS 0x00000000e9800000| PB 0x00000000e9800000| Untracked 
| 153|0x00000000e9900000, 0x00000000e9900000, 0x00000000e9a00000|  0%| F|  |TAMS 0x00000000e9900000| PB 0x00000000e9900000| Untracked 
| 154|0x00000000e9a00000, 0x00000000e9a00000, 0x00000000e9b00000|  0%| F|  |TAMS 0x00000000e9a00000| PB 0x00000000e9a00000| Untracked 
| 155|0x00000000e9b00000, 0x00000000e9b00000, 0x00000000e9c00000|  0%| F|  |TAMS 0x00000000e9b00000| PB 0x00000000e9b00000| Untracked 
| 156|0x00000000e9c00000, 0x00000000e9c00000, 0x00000000e9d00000|  0%| F|  |TAMS 0x00000000e9c00000| PB 0x00000000e9c00000| Untracked 
| 157|0x00000000e9d00000, 0x00000000e9d00000, 0x00000000e9e00000|  0%| F|  |TAMS 0x00000000e9d00000| PB 0x00000000e9d00000| Untracked 
| 158|0x00000000e9e00000, 0x00000000e9e00000, 0x00000000e9f00000|  0%| F|  |TAMS 0x00000000e9e00000| PB 0x00000000e9e00000| Untracked 
| 159|0x00000000e9f00000, 0x00000000e9f00000, 0x00000000ea000000|  0%| F|  |TAMS 0x00000000e9f00000| PB 0x00000000e9f00000| Untracked 
| 160|0x00000000ea000000, 0x00000000ea000000, 0x00000000ea100000|  0%| F|  |TAMS 0x00000000ea000000| PB 0x00000000ea000000| Untracked 
| 161|0x00000000ea100000, 0x00000000ea100000, 0x00000000ea200000|  0%| F|  |TAMS 0x00000000ea100000| PB 0x00000000ea100000| Untracked 
| 162|0x00000000ea200000, 0x00000000ea282898, 0x00000000ea300000| 50%| E|  |TAMS 0x00000000ea200000| PB 0x00000000ea200000| Complete 
| 163|0x00000000ea300000, 0x00000000ea400000, 0x00000000ea400000|100%| E|CS|TAMS 0x00000000ea300000| PB 0x00000000ea300000| Complete 
| 164|0x00000000ea400000, 0x00000000ea500000, 0x00000000ea500000|100%| E|CS|TAMS 0x00000000ea400000| PB 0x00000000ea400000| Complete 
| 165|0x00000000ea500000, 0x00000000ea600000, 0x00000000ea600000|100%| E|CS|TAMS 0x00000000ea500000| PB 0x00000000ea500000| Complete 
| 166|0x00000000ea600000, 0x00000000ea700000, 0x00000000ea700000|100%| E|CS|TAMS 0x00000000ea600000| PB 0x00000000ea600000| Complete 
| 167|0x00000000ea700000, 0x00000000ea800000, 0x00000000ea800000|100%| E|CS|TAMS 0x00000000ea700000| PB 0x00000000ea700000| Complete 
| 168|0x00000000ea800000, 0x00000000ea900000, 0x00000000ea900000|100%| E|  |TAMS 0x00000000ea800000| PB 0x00000000ea800000| Complete 
| 169|0x00000000ea900000, 0x00000000eaa00000, 0x00000000eaa00000|100%| E|CS|TAMS 0x00000000ea900000| PB 0x00000000ea900000| Complete 
| 170|0x00000000eaa00000, 0x00000000eab00000, 0x00000000eab00000|100%| E|CS|TAMS 0x00000000eaa00000| PB 0x00000000eaa00000| Complete 
| 171|0x00000000eab00000, 0x00000000eac00000, 0x00000000eac00000|100%| E|CS|TAMS 0x00000000eab00000| PB 0x00000000eab00000| Complete 
| 172|0x00000000eac00000, 0x00000000ead00000, 0x00000000ead00000|100%| E|CS|TAMS 0x00000000eac00000| PB 0x00000000eac00000| Complete 
| 173|0x00000000ead00000, 0x00000000eae00000, 0x00000000eae00000|100%| E|CS|TAMS 0x00000000ead00000| PB 0x00000000ead00000| Complete 
| 174|0x00000000eae00000, 0x00000000eaf00000, 0x00000000eaf00000|100%| E|CS|TAMS 0x00000000eae00000| PB 0x00000000eae00000| Complete 
| 175|0x00000000eaf00000, 0x00000000eb000000, 0x00000000eb000000|100%| E|CS|TAMS 0x00000000eaf00000| PB 0x00000000eaf00000| Complete 
| 176|0x00000000eb000000, 0x00000000eb100000, 0x00000000eb100000|100%| E|CS|TAMS 0x00000000eb000000| PB 0x00000000eb000000| Complete 
| 177|0x00000000eb100000, 0x00000000eb200000, 0x00000000eb200000|100%| E|CS|TAMS 0x00000000eb100000| PB 0x00000000eb100000| Complete 
| 178|0x00000000eb200000, 0x00000000eb300000, 0x00000000eb300000|100%| E|CS|TAMS 0x00000000eb200000| PB 0x00000000eb200000| Complete 
| 179|0x00000000eb300000, 0x00000000eb400000, 0x00000000eb400000|100%| E|CS|TAMS 0x00000000eb300000| PB 0x00000000eb300000| Complete 
| 180|0x00000000eb400000, 0x00000000eb500000, 0x00000000eb500000|100%| E|CS|TAMS 0x00000000eb400000| PB 0x00000000eb400000| Complete 
| 181|0x00000000eb500000, 0x00000000eb600000, 0x00000000eb600000|100%| E|CS|TAMS 0x00000000eb500000| PB 0x00000000eb500000| Complete 
| 182|0x00000000eb600000, 0x00000000eb700000, 0x00000000eb700000|100%| E|CS|TAMS 0x00000000eb600000| PB 0x00000000eb600000| Complete 
| 183|0x00000000eb700000, 0x00000000eb800000, 0x00000000eb800000|100%| E|CS|TAMS 0x00000000eb700000| PB 0x00000000eb700000| Complete 
| 184|0x00000000eb800000, 0x00000000eb900000, 0x00000000eb900000|100%| E|CS|TAMS 0x00000000eb800000| PB 0x00000000eb800000| Complete 
| 185|0x00000000eb900000, 0x00000000eba00000, 0x00000000eba00000|100%| E|CS|TAMS 0x00000000eb900000| PB 0x00000000eb900000| Complete 
| 186|0x00000000eba00000, 0x00000000ebb00000, 0x00000000ebb00000|100%| E|CS|TAMS 0x00000000eba00000| PB 0x00000000eba00000| Complete 
| 187|0x00000000ebb00000, 0x00000000ebc00000, 0x00000000ebc00000|100%| E|CS|TAMS 0x00000000ebb00000| PB 0x00000000ebb00000| Complete 
| 188|0x00000000ebc00000, 0x00000000ebd00000, 0x00000000ebd00000|100%| E|CS|TAMS 0x00000000ebc00000| PB 0x00000000ebc00000| Complete 
| 189|0x00000000ebd00000, 0x00000000ebe00000, 0x00000000ebe00000|100%| E|CS|TAMS 0x00000000ebd00000| PB 0x00000000ebd00000| Complete 
| 190|0x00000000ebe00000, 0x00000000ebf00000, 0x00000000ebf00000|100%| E|CS|TAMS 0x00000000ebe00000| PB 0x00000000ebe00000| Complete 
| 191|0x00000000ebf00000, 0x00000000ec000000, 0x00000000ec000000|100%| E|CS|TAMS 0x00000000ebf00000| PB 0x00000000ebf00000| Complete 
| 192|0x00000000ec000000, 0x00000000ec100000, 0x00000000ec100000|100%| E|CS|TAMS 0x00000000ec000000| PB 0x00000000ec000000| Complete 
| 193|0x00000000ec100000, 0x00000000ec200000, 0x00000000ec200000|100%| E|CS|TAMS 0x00000000ec100000| PB 0x00000000ec100000| Complete 
| 194|0x00000000ec200000, 0x00000000ec300000, 0x00000000ec300000|100%| E|CS|TAMS 0x00000000ec200000| PB 0x00000000ec200000| Complete 
| 195|0x00000000ec300000, 0x00000000ec400000, 0x00000000ec400000|100%| E|CS|TAMS 0x00000000ec300000| PB 0x00000000ec300000| Complete 
| 196|0x00000000ec400000, 0x00000000ec500000, 0x00000000ec500000|100%| E|CS|TAMS 0x00000000ec400000| PB 0x00000000ec400000| Complete 
| 197|0x00000000ec500000, 0x00000000ec600000, 0x00000000ec600000|100%| E|CS|TAMS 0x00000000ec500000| PB 0x00000000ec500000| Complete 
| 198|0x00000000ec600000, 0x00000000ec700000, 0x00000000ec700000|100%| E|CS|TAMS 0x00000000ec600000| PB 0x00000000ec600000| Complete 
| 199|0x00000000ec700000, 0x00000000ec800000, 0x00000000ec800000|100%| E|CS|TAMS 0x00000000ec700000| PB 0x00000000ec700000| Complete 
| 200|0x00000000ec800000, 0x00000000ec900000, 0x00000000ec900000|100%| E|CS|TAMS 0x00000000ec800000| PB 0x00000000ec800000| Complete 
| 201|0x00000000ec900000, 0x00000000eca00000, 0x00000000eca00000|100%| E|CS|TAMS 0x00000000ec900000| PB 0x00000000ec900000| Complete 
| 202|0x00000000eca00000, 0x00000000ecb00000, 0x00000000ecb00000|100%| E|CS|TAMS 0x00000000eca00000| PB 0x00000000eca00000| Complete 
| 203|0x00000000ecb00000, 0x00000000ecc00000, 0x00000000ecc00000|100%| E|CS|TAMS 0x00000000ecb00000| PB 0x00000000ecb00000| Complete 
| 204|0x00000000ecc00000, 0x00000000ecd00000, 0x00000000ecd00000|100%| E|CS|TAMS 0x00000000ecc00000| PB 0x00000000ecc00000| Complete 
| 205|0x00000000ecd00000, 0x00000000ece00000, 0x00000000ece00000|100%| E|CS|TAMS 0x00000000ecd00000| PB 0x00000000ecd00000| Complete 
| 206|0x00000000ece00000, 0x00000000ecf00000, 0x00000000ecf00000|100%| E|CS|TAMS 0x00000000ece00000| PB 0x00000000ece00000| Complete 
| 207|0x00000000ecf00000, 0x00000000ed000000, 0x00000000ed000000|100%| E|CS|TAMS 0x00000000ecf00000| PB 0x00000000ecf00000| Complete 
| 208|0x00000000ed000000, 0x00000000ed100000, 0x00000000ed100000|100%| E|CS|TAMS 0x00000000ed000000| PB 0x00000000ed000000| Complete 
| 209|0x00000000ed100000, 0x00000000ed200000, 0x00000000ed200000|100%| E|CS|TAMS 0x00000000ed100000| PB 0x00000000ed100000| Complete 
| 210|0x00000000ed200000, 0x00000000ed300000, 0x00000000ed300000|100%| E|CS|TAMS 0x00000000ed200000| PB 0x00000000ed200000| Complete 
| 211|0x00000000ed300000, 0x00000000ed400000, 0x00000000ed400000|100%| E|CS|TAMS 0x00000000ed300000| PB 0x00000000ed300000| Complete 
| 212|0x00000000ed400000, 0x00000000ed500000, 0x00000000ed500000|100%| E|CS|TAMS 0x00000000ed400000| PB 0x00000000ed400000| Complete 
| 213|0x00000000ed500000, 0x00000000ed600000, 0x00000000ed600000|100%| E|CS|TAMS 0x00000000ed500000| PB 0x00000000ed500000| Complete 
| 214|0x00000000ed600000, 0x00000000ed700000, 0x00000000ed700000|100%| E|CS|TAMS 0x00000000ed600000| PB 0x00000000ed600000| Complete 
| 215|0x00000000ed700000, 0x00000000ed800000, 0x00000000ed800000|100%| E|CS|TAMS 0x00000000ed700000| PB 0x00000000ed700000| Complete 
| 216|0x00000000ed800000, 0x00000000ed900000, 0x00000000ed900000|100%| E|CS|TAMS 0x00000000ed800000| PB 0x00000000ed800000| Complete 
| 217|0x00000000ed900000, 0x00000000eda00000, 0x00000000eda00000|100%| E|CS|TAMS 0x00000000ed900000| PB 0x00000000ed900000| Complete 
| 218|0x00000000eda00000, 0x00000000edb00000, 0x00000000edb00000|100%| E|CS|TAMS 0x00000000eda00000| PB 0x00000000eda00000| Complete 
| 219|0x00000000edb00000, 0x00000000edc00000, 0x00000000edc00000|100%| E|CS|TAMS 0x00000000edb00000| PB 0x00000000edb00000| Complete 
| 220|0x00000000edc00000, 0x00000000edd00000, 0x00000000edd00000|100%| E|CS|TAMS 0x00000000edc00000| PB 0x00000000edc00000| Complete 
| 221|0x00000000edd00000, 0x00000000ede00000, 0x00000000ede00000|100%| E|CS|TAMS 0x00000000edd00000| PB 0x00000000edd00000| Complete 
| 222|0x00000000ede00000, 0x00000000edf00000, 0x00000000edf00000|100%| E|CS|TAMS 0x00000000ede00000| PB 0x00000000ede00000| Complete 
| 223|0x00000000edf00000, 0x00000000ee000000, 0x00000000ee000000|100%| E|CS|TAMS 0x00000000edf00000| PB 0x00000000edf00000| Complete 
| 224|0x00000000ee000000, 0x00000000ee100000, 0x00000000ee100000|100%| E|CS|TAMS 0x00000000ee000000| PB 0x00000000ee000000| Complete 
| 225|0x00000000ee100000, 0x00000000ee200000, 0x00000000ee200000|100%| E|CS|TAMS 0x00000000ee100000| PB 0x00000000ee100000| Complete 
| 226|0x00000000ee200000, 0x00000000ee300000, 0x00000000ee300000|100%| E|CS|TAMS 0x00000000ee200000| PB 0x00000000ee200000| Complete 
| 227|0x00000000ee300000, 0x00000000ee400000, 0x00000000ee400000|100%| E|CS|TAMS 0x00000000ee300000| PB 0x00000000ee300000| Complete 
| 228|0x00000000ee400000, 0x00000000ee500000, 0x00000000ee500000|100%| E|CS|TAMS 0x00000000ee400000| PB 0x00000000ee400000| Complete 
| 229|0x00000000ee500000, 0x00000000ee600000, 0x00000000ee600000|100%| E|CS|TAMS 0x00000000ee500000| PB 0x00000000ee500000| Complete 
| 230|0x00000000ee600000, 0x00000000ee700000, 0x00000000ee700000|100%| E|CS|TAMS 0x00000000ee600000| PB 0x00000000ee600000| Complete 
| 231|0x00000000ee700000, 0x00000000ee800000, 0x00000000ee800000|100%| E|CS|TAMS 0x00000000ee700000| PB 0x00000000ee700000| Complete 
| 232|0x00000000ee800000, 0x00000000ee88db20, 0x00000000ee900000| 55%| S|CS|TAMS 0x00000000ee800000| PB 0x00000000ee800000| Complete 
| 233|0x00000000ee900000, 0x00000000eea00000, 0x00000000eea00000|100%| S|CS|TAMS 0x00000000ee900000| PB 0x00000000ee900000| Complete 
| 234|0x00000000eea00000, 0x00000000eeb00000, 0x00000000eeb00000|100%| S|CS|TAMS 0x00000000eea00000| PB 0x00000000eea00000| Complete 
| 235|0x00000000eeb00000, 0x00000000eec00000, 0x00000000eec00000|100%| S|CS|TAMS 0x00000000eeb00000| PB 0x00000000eeb00000| Complete 
| 236|0x00000000eec00000, 0x00000000eed00000, 0x00000000eed00000|100%| S|CS|TAMS 0x00000000eec00000| PB 0x00000000eec00000| Complete 
| 237|0x00000000eed00000, 0x00000000eee00000, 0x00000000eee00000|100%| S|CS|TAMS 0x00000000eed00000| PB 0x00000000eed00000| Complete 
| 238|0x00000000eee00000, 0x00000000eef00000, 0x00000000eef00000|100%| S|CS|TAMS 0x00000000eee00000| PB 0x00000000eee00000| Complete 
| 239|0x00000000eef00000, 0x00000000ef000000, 0x00000000ef000000|100%| S|CS|TAMS 0x00000000eef00000| PB 0x00000000eef00000| Complete 
| 240|0x00000000ef000000, 0x00000000ef100000, 0x00000000ef100000|100%| S|CS|TAMS 0x00000000ef000000| PB 0x00000000ef000000| Complete 
| 241|0x00000000ef100000, 0x00000000ef200000, 0x00000000ef200000|100%| S|CS|TAMS 0x00000000ef100000| PB 0x00000000ef100000| Complete 
| 242|0x00000000ef200000, 0x00000000ef300000, 0x00000000ef300000|100%| S|CS|TAMS 0x00000000ef200000| PB 0x00000000ef200000| Complete 
| 243|0x00000000ef300000, 0x00000000ef400000, 0x00000000ef400000|100%| S|CS|TAMS 0x00000000ef300000| PB 0x00000000ef300000| Complete 
| 244|0x00000000ef400000, 0x00000000ef500000, 0x00000000ef500000|100%| E|CS|TAMS 0x00000000ef400000| PB 0x00000000ef400000| Complete 
| 245|0x00000000ef500000, 0x00000000ef600000, 0x00000000ef600000|100%| E|CS|TAMS 0x00000000ef500000| PB 0x00000000ef500000| Complete 
| 246|0x00000000ef600000, 0x00000000ef700000, 0x00000000ef700000|100%| E|CS|TAMS 0x00000000ef600000| PB 0x00000000ef600000| Complete 
| 247|0x00000000ef700000, 0x00000000ef800000, 0x00000000ef800000|100%| E|CS|TAMS 0x00000000ef700000| PB 0x00000000ef700000| Complete 
| 248|0x00000000ef800000, 0x00000000ef900000, 0x00000000ef900000|100%| E|CS|TAMS 0x00000000ef800000| PB 0x00000000ef800000| Complete 
| 249|0x00000000ef900000, 0x00000000efa00000, 0x00000000efa00000|100%| E|CS|TAMS 0x00000000ef900000| PB 0x00000000ef900000| Complete 
| 250|0x00000000efa00000, 0x00000000efb00000, 0x00000000efb00000|100%| E|CS|TAMS 0x00000000efa00000| PB 0x00000000efa00000| Complete 
| 251|0x00000000efb00000, 0x00000000efc00000, 0x00000000efc00000|100%| E|CS|TAMS 0x00000000efb00000| PB 0x00000000efb00000| Complete 
| 252|0x00000000efc00000, 0x00000000efd00000, 0x00000000efd00000|100%| E|CS|TAMS 0x00000000efc00000| PB 0x00000000efc00000| Complete 
| 253|0x00000000efd00000, 0x00000000efe00000, 0x00000000efe00000|100%| E|CS|TAMS 0x00000000efd00000| PB 0x00000000efd00000| Complete 
| 254|0x00000000efe00000, 0x00000000eff00000, 0x00000000eff00000|100%| E|CS|TAMS 0x00000000efe00000| PB 0x00000000efe00000| Complete 
| 255|0x00000000eff00000, 0x00000000f0000000, 0x00000000f0000000|100%| E|CS|TAMS 0x00000000eff00000| PB 0x00000000eff00000| Complete 

Card table byte_map: [0x000001daf76c0000,0x000001daf77c0000] _byte_map_base: 0x000001daf6fc0000

Marking Bits: (CMBitMap*) 0x000001dadfc36ce0
 Bits: [0x000001daf77c0000, 0x000001daf7fc0000)

Polling page: 0x000001dadf3d0000

Metaspace:

Usage:
  Non-class:     27.89 MB used.
      Class:      4.79 MB used.
       Both:     32.68 MB used.

Virtual space:
  Non-class space:       64.00 MB reserved,      28.56 MB ( 45%) committed,  1 nodes.
      Class space:      320.00 MB reserved,       5.38 MB (  2%) committed,  1 nodes.
             Both:      384.00 MB reserved,      33.94 MB (  9%) committed. 

Chunk freelists:
   Non-Class:  2.73 MB
       Class:  10.62 MB
        Both:  13.36 MB

MaxMetaspaceSize: 384.00 MB
CompressedClassSpaceSize: 320.00 MB
Initial GC threshold: 21.00 MB
Current GC threshold: 35.12 MB
CDS: on
 - commit_granule_bytes: 65536.
 - commit_granule_words: 8192.
 - virtual_space_node_default_size: 8388608.
 - enlarge_chunks_in_place: 1.
 - use_allocation_guard: 0.


Internal statistics:

num_allocs_failed_limit: 3.
num_arena_births: 2072.
num_arena_deaths: 0.
num_vsnodes_births: 2.
num_vsnodes_deaths: 0.
num_space_committed: 543.
num_space_uncommitted: 0.
num_chunks_returned_to_freelist: 3.
num_chunks_taken_from_freelist: 3554.
num_chunk_merges: 3.
num_chunk_splits: 2303.
num_chunks_enlarged: 1431.
num_inconsistent_stats: 0.

CodeHeap 'non-profiled nmethods': size=120000Kb used=1991Kb max_used=1991Kb free=118009Kb
 bounds [0x000001daefb40000, 0x000001daefdb0000, 0x000001daf7070000]
CodeHeap 'profiled nmethods': size=120000Kb used=7732Kb max_used=7732Kb free=112267Kb
 bounds [0x000001dae8070000, 0x000001dae8800000, 0x000001daef5a0000]
CodeHeap 'non-nmethods': size=5760Kb used=1532Kb max_used=1549Kb free=4228Kb
 bounds [0x000001daef5a0000, 0x000001daef810000, 0x000001daefb40000]
 total_blobs=4442 nmethods=3846 adapters=499
 compilation: enabled
              stopped_count=0, restarted_count=0
 full_count=0

Compilation events (20 events):
Event: 14.952 Thread 0x000001daff06abf0 3822       1       java.util.stream.ReduceOps$Box::get (5 bytes)
Event: 14.952 Thread 0x000001daff06abf0 nmethod 3822 0x000001daefd30090 code [0x000001daefd30220, 0x000001daefd302e8]
Event: 15.062 Thread 0x000001daff06abf0 3823       1       java.util.stream.Collectors$CollectorImpl::supplier (5 bytes)
Event: 15.062 Thread 0x000001daff06abf0 nmethod 3823 0x000001daefd30390 code [0x000001daefd30520, 0x000001daefd305e8]
Event: 15.062 Thread 0x000001daff06abf0 3824       1       java.util.stream.Collectors$CollectorImpl::accumulator (5 bytes)
Event: 15.063 Thread 0x000001daff06abf0 nmethod 3824 0x000001daefd30690 code [0x000001daefd30820, 0x000001daefd308e8]
Event: 15.063 Thread 0x000001daff06abf0 3825       1       java.util.stream.Collectors$CollectorImpl::combiner (5 bytes)
Event: 15.063 Thread 0x000001daff06abf0 nmethod 3825 0x000001daefd30990 code [0x000001daefd30b20, 0x000001daefd30be8]
Event: 15.100 Thread 0x000001daff06abf0 3827       2       java.util.stream.ReferencePipeline$3::<init> (15 bytes)
Event: 15.100 Thread 0x000001daff06abf0 nmethod 3827 0x000001dae87ed890 code [0x000001dae87eda40, 0x000001dae87edbd0]
Event: 15.101 Thread 0x000001daff06abf0 3828       2       java.util.stream.ReferencePipeline$3::opWrapSink (10 bytes)
Event: 15.102 Thread 0x000001daff06abf0 nmethod 3828 0x000001dae87edd10 code [0x000001dae87edee0, 0x000001dae87ee220]
Event: 15.102 Thread 0x000001daff06abf0 3829       2       java.util.stream.ReferencePipeline$3$1::<init> (11 bytes)
Event: 15.102 Thread 0x000001daff06abf0 nmethod 3829 0x000001dae87ee390 code [0x000001dae87ee540, 0x000001dae87ee818]
Event: 15.102 Thread 0x000001daff06abf0 3830       2       org.codehaus.groovy.reflection.ParameterTypes::getParameterTypes (16 bytes)
Event: 15.102 Thread 0x000001daff06abf0 nmethod 3830 0x000001dae87ee910 code [0x000001dae87eeac0, 0x000001dae87eec00]
Event: 15.104 Thread 0x000001daff06abf0 3831       2       java.io.FilterInputStream::read (9 bytes)
Event: 15.104 Thread 0x000001daff06abf0 nmethod 3831 0x000001dae87eec90 code [0x000001dae87eee40, 0x000001dae87eef80]
Event: 15.104 Thread 0x000001daff06abf0 3832       2       java.util.regex.Pattern$BitClass::is (22 bytes)
Event: 15.104 Thread 0x000001daff06abf0 nmethod 3832 0x000001dae87ef090 code [0x000001dae87ef220, 0x000001dae87ef378]

GC Heap History (8 events):
Event: 2.902 GC heap before
{Heap before GC invocations=0 (full 0):
 garbage-first heap   total 262144K, used 26624K [0x00000000e0000000, 0x0000000100000000)
  region size 1024K, 23 young (23552K), 0 survivors (0K)
 Metaspace       used 2246K, committed 2432K, reserved 393216K
  class space    used 248K, committed 320K, reserved 327680K
}
Event: 2.955 GC heap after
{Heap after GC invocations=1 (full 0):
 garbage-first heap   total 262144K, used 10573K [0x00000000e0000000, 0x0000000100000000)
  region size 1024K, 3 young (3072K), 3 survivors (3072K)
 Metaspace       used 2246K, committed 2432K, reserved 393216K
  class space    used 248K, committed 320K, reserved 327680K
}
Event: 5.244 GC heap before
{Heap before GC invocations=1 (full 0):
 garbage-first heap   total 262144K, used 39245K [0x00000000e0000000, 0x0000000100000000)
  region size 1024K, 31 young (31744K), 3 survivors (3072K)
 Metaspace       used 4205K, committed 4480K, reserved 393216K
  class space    used 517K, committed 640K, reserved 327680K
}
Event: 5.249 GC heap after
{Heap after GC invocations=2 (full 0):
 garbage-first heap   total 262144K, used 11741K [0x00000000e0000000, 0x0000000100000000)
  region size 1024K, 2 young (2048K), 2 survivors (2048K)
 Metaspace       used 4205K, committed 4480K, reserved 393216K
  class space    used 517K, committed 640K, reserved 327680K
}
Event: 9.530 GC heap before
{Heap before GC invocations=2 (full 0):
 garbage-first heap   total 262144K, used 119261K [0x00000000e0000000, 0x0000000100000000)
  region size 1024K, 106 young (108544K), 2 survivors (2048K)
 Metaspace       used 19679K, committed 20288K, reserved 393216K
  class space    used 2827K, committed 3072K, reserved 327680K
}
Event: 9.550 GC heap after
{Heap after GC invocations=3 (full 0):
 garbage-first heap   total 262144K, used 23521K [0x00000000e0000000, 0x0000000100000000)
  region size 1024K, 12 young (12288K), 12 survivors (12288K)
 Metaspace       used 19679K, committed 20288K, reserved 393216K
  class space    used 2827K, committed 3072K, reserved 327680K
}
Event: 9.896 GC heap before
{Heap before GC invocations=3 (full 0):
 garbage-first heap   total 262144K, used 34785K [0x00000000e0000000, 0x0000000100000000)
  region size 1024K, 24 young (24576K), 12 survivors (12288K)
 Metaspace       used 20862K, committed 21504K, reserved 393216K
  class space    used 3023K, committed 3328K, reserved 327680K
}
Event: 9.914 GC heap after
{Heap after GC invocations=4 (full 0):
 garbage-first heap   total 262144K, used 24499K [0x00000000e0000000, 0x0000000100000000)
  region size 1024K, 12 young (12288K), 12 survivors (12288K)
 Metaspace       used 20862K, committed 21504K, reserved 393216K
  class space    used 3023K, committed 3328K, reserved 327680K
}

Dll operation events (15 events):
Event: 0.024 Loaded shared library C:\Program Files\Java\jdk-21\bin\java.dll
Event: 0.277 Loaded shared library C:\Program Files\Java\jdk-21\bin\jsvml.dll
Event: 0.492 Loaded shared library C:\Program Files\Java\jdk-21\bin\zip.dll
Event: 0.505 Loaded shared library C:\Program Files\Java\jdk-21\bin\instrument.dll
Event: 0.536 Loaded shared library C:\Program Files\Java\jdk-21\bin\net.dll
Event: 0.544 Loaded shared library C:\Program Files\Java\jdk-21\bin\nio.dll
Event: 0.566 Loaded shared library C:\Program Files\Java\jdk-21\bin\zip.dll
Event: 2.259 Loaded shared library C:\Program Files\Java\jdk-21\bin\jimage.dll
Event: 2.402 Loaded shared library C:\Program Files\Java\jdk-21\bin\verify.dll
Event: 2.992 Loaded shared library C:\Users\epask\.gradle\native\c067742578af261105cb4f569cf0c3c89f3d7b1fecec35dd04571415982c5e48\windows-amd64\native-platform.dll
Event: 3.012 Loaded shared library C:\Users\epask\.gradle\native\100fb08df4bc3b14c8652ba06237920a3bd2aa13389f12d3474272988ae205f9\windows-amd64\native-platform-file-events.dll
Event: 6.080 Loaded shared library C:\Program Files\Java\jdk-21\bin\management.dll
Event: 6.085 Loaded shared library C:\Program Files\Java\jdk-21\bin\management_ext.dll
Event: 6.401 Loaded shared library C:\Program Files\Java\jdk-21\bin\extnet.dll
Event: 6.667 Loaded shared library C:\Program Files\Java\jdk-21\bin\sunmscapi.dll

Deoptimization events (20 events):
Event: 14.871 Thread 0x000001da95bcfa80 Uncommon trap: trap_request=0xffffffde fr.pc=0x000001daefd0fa2c relative=0x000000000000068c
Event: 14.871 Thread 0x000001da95bcfa80 Uncommon trap: reason=class_check action=maybe_recompile pc=0x000001daefd0fa2c method=java.lang.reflect.Executable.getAnnotation(Ljava/lang/Class;)Ljava/lang/annotation/Annotation; @ 19 c2
Event: 14.871 Thread 0x000001da95bcfa80 DEOPT PACKING pc=0x000001daefd0fa2c sp=0x000000b7993f82c0
Event: 14.871 Thread 0x000001da95bcfa80 DEOPT UNPACKING pc=0x000001daef5f46a2 sp=0x000000b7993f8238 mode 2
Event: 14.871 Thread 0x000001da95bcfa80 Uncommon trap: trap_request=0xffffffde fr.pc=0x000001daefd0fa2c relative=0x000000000000068c
Event: 14.871 Thread 0x000001da95bcfa80 Uncommon trap: reason=class_check action=maybe_recompile pc=0x000001daefd0fa2c method=java.lang.reflect.Executable.getAnnotation(Ljava/lang/Class;)Ljava/lang/annotation/Annotation; @ 19 c2
Event: 14.871 Thread 0x000001da95bcfa80 DEOPT PACKING pc=0x000001daefd0fa2c sp=0x000000b7993f82c0
Event: 14.871 Thread 0x000001da95bcfa80 DEOPT UNPACKING pc=0x000001daef5f46a2 sp=0x000000b7993f8238 mode 2
Event: 14.882 Thread 0x000001da95bcfa80 Uncommon trap: trap_request=0xffffffc6 fr.pc=0x000001daefcd8c98 relative=0x0000000000000238
Event: 14.882 Thread 0x000001da95bcfa80 Uncommon trap: reason=bimorphic_or_optimized_type_check action=maybe_recompile pc=0x000001daefcd8c98 method=java.util.regex.Pattern$BmpCharProperty.match(Ljava/util/regex/Matcher;ILjava/lang/CharSequence;)Z @ 19 c2
Event: 14.882 Thread 0x000001da95bcfa80 DEOPT PACKING pc=0x000001daefcd8c98 sp=0x000000b7993f7e20
Event: 14.882 Thread 0x000001da95bcfa80 DEOPT UNPACKING pc=0x000001daef5f46a2 sp=0x000000b7993f7db8 mode 2
Event: 14.882 Thread 0x000001da95bcfa80 Uncommon trap: trap_request=0xffffffc6 fr.pc=0x000001daefcd8c98 relative=0x0000000000000238
Event: 14.882 Thread 0x000001da95bcfa80 Uncommon trap: reason=bimorphic_or_optimized_type_check action=maybe_recompile pc=0x000001daefcd8c98 method=java.util.regex.Pattern$BmpCharProperty.match(Ljava/util/regex/Matcher;ILjava/lang/CharSequence;)Z @ 19 c2
Event: 14.882 Thread 0x000001da95bcfa80 DEOPT PACKING pc=0x000001daefcd8c98 sp=0x000000b7993f7e20
Event: 14.882 Thread 0x000001da95bcfa80 DEOPT UNPACKING pc=0x000001daef5f46a2 sp=0x000000b7993f7db8 mode 2
Event: 14.900 Thread 0x000001da95bcfa80 Uncommon trap: trap_request=0xffffff45 fr.pc=0x000001daefbd4ed0 relative=0x00000000000005d0
Event: 14.900 Thread 0x000001da95bcfa80 Uncommon trap: reason=unstable_if action=reinterpret pc=0x000001daefbd4ed0 method=java.util.Properties$LineReader.readLine()I @ 95 c2
Event: 14.900 Thread 0x000001da95bcfa80 DEOPT PACKING pc=0x000001daefbd4ed0 sp=0x000000b7993f8160
Event: 14.900 Thread 0x000001da95bcfa80 DEOPT UNPACKING pc=0x000001daef5f46a2 sp=0x000000b7993f8108 mode 2

Classes loaded (20 events):
Event: 15.073 Loading class javax/swing/ListSelectionModel
Event: 15.074 Loading class javax/swing/ListSelectionModel done
Event: 15.074 Loading class javax/swing/event/TableColumnModelListener
Event: 15.075 Loading class javax/swing/event/TableColumnModelListener done
Event: 15.078 Loading class javax/swing/Icon
Event: 15.089 Loading class javax/swing/Icon done
Event: 15.089 Loading class javax/swing/AbstractButton$Handler
Event: 15.090 Loading class javax/swing/event/ChangeListener
Event: 15.090 Loading class javax/swing/event/ChangeListener done
Event: 15.090 Loading class javax/swing/AbstractButton$Handler done
Event: 15.090 Loading class javax/swing/ButtonModel
Event: 15.091 Loading class javax/swing/ButtonModel done
Event: 15.091 Loading class java/awt/event/ItemEvent
Event: 15.092 Loading class java/awt/event/ItemEvent done
Event: 15.092 Loading class java/awt/LayoutManager
Event: 15.093 Loading class java/awt/LayoutManager done
Event: 15.093 Loading class javax/swing/plaf/ButtonUI
Event: 15.093 Loading class javax/swing/plaf/ButtonUI done
Event: 15.099 Loading class javax/swing/event/TableModelEvent
Event: 15.100 Loading class javax/swing/event/TableModelEvent done

Classes unloaded (0 events):
No events

Classes redefined (0 events):
No events

Internal exceptions (20 events):
Event: 12.921 Thread 0x000001da95bcfa80 Exception <a 'java/lang/NoSuchMethodError'{0x00000000ebd1efa8}: 'java.lang.Object java.lang.invoke.DirectMethodHandle$Holder.newInvokeSpecial(java.lang.Object, java.lang.Object, java.lang.Object, java.lang.Object, java.lang.Object, java.lang.Object, java.lang.Object, java.lang.Object, java.lang.Object, java.lang.Object, java.lang.Object, java.lang.Object)'> (0x00000000ebd1efa8) 
thrown [s\open\src\hotspot\share\interpreter\linkResolver.cpp, line 773]
Event: 13.141 Thread 0x000001da95bcfa80 Exception <a 'java/lang/IncompatibleClassChangeError'{0x00000000eb9799a8}: Found class java.lang.Object, but interface was expected> (0x00000000eb9799a8) 
thrown [s\open\src\hotspot\share\interpreter\linkResolver.cpp, line 840]
Event: 13.217 Thread 0x000001da95bcfa80 Exception <a 'java/lang/NoSuchMethodError'{0x00000000eb87dc90}: 'int java.lang.invoke.DirectMethodHandle$Holder.invokeStaticInit(java.lang.Object, java.lang.Object, java.lang.Object)'> (0x00000000eb87dc90) 
thrown [s\open\src\hotspot\share\interpreter\linkResolver.cpp, line 773]
Event: 13.224 Thread 0x000001da95bcfa80 Exception <a 'java/lang/NoSuchMethodError'{0x00000000eb891c20}: 'java.lang.Object java.lang.invoke.DirectMethodHandle$Holder.newInvokeSpecial(java.lang.Object, java.lang.Object, long)'> (0x00000000eb891c20) 
thrown [s\open\src\hotspot\share\interpreter\linkResolver.cpp, line 773]
Event: 13.225 Thread 0x000001da95bcfa80 Exception <a 'java/lang/NoSuchMethodError'{0x00000000eb895f68}: 'java.lang.Object java.lang.invoke.Invokers$Holder.linkToTargetMethod(java.lang.Object, long, java.lang.Object)'> (0x00000000eb895f68) 
thrown [s\open\src\hotspot\share\interpreter\linkResolver.cpp, line 773]
Event: 13.444 Thread 0x000001da95bcfa80 Exception <a 'java/lang/NoSuchMethodError'{0x00000000eb6b55a0}: 'int java.lang.invoke.DirectMethodHandle$Holder.invokeInterface(java.lang.Object, java.lang.Object)'> (0x00000000eb6b55a0) 
thrown [s\open\src\hotspot\share\interpreter\linkResolver.cpp, line 773]
Event: 13.525 Thread 0x000001da95bcfa80 Exception <a 'java/lang/NoSuchMethodError'{0x00000000eb511450}: 'java.lang.Object java.lang.invoke.DirectMethodHandle$Holder.invokeVirtual(java.lang.Object, java.lang.Object, int)'> (0x00000000eb511450) 
thrown [s\open\src\hotspot\share\interpreter\linkResolver.cpp, line 773]
Event: 13.706 Thread 0x000001da95bcfa80 Exception <a 'java/lang/NoSuchMethodError'{0x00000000eb5e8a50}: 'java.lang.Object java.lang.invoke.DirectMethodHandle$Holder.invokeStatic(java.lang.Object, java.lang.Object, int, java.lang.Object)'> (0x00000000eb5e8a50) 
thrown [s\open\src\hotspot\share\interpreter\linkResolver.cpp, line 773]
Event: 13.707 Thread 0x000001da95bcfa80 Exception <a 'java/lang/NoSuchMethodError'{0x00000000eb5efbd8}: 'java.lang.Object java.lang.invoke.DirectMethodHandle$Holder.newInvokeSpecial(java.lang.Object, java.lang.Object, int, java.lang.Object)'> (0x00000000eb5efbd8) 
thrown [s\open\src\hotspot\share\interpreter\linkResolver.cpp, line 773]
Event: 13.708 Thread 0x000001da95bcfa80 Exception <a 'java/lang/NoSuchMethodError'{0x00000000eb5f41e8}: 'java.lang.Object java.lang.invoke.DirectMethodHandle$Holder.invokeSpecial(java.lang.Object, java.lang.Object, java.lang.Object, int, java.lang.Object)'> (0x00000000eb5f41e8) 
thrown [s\open\src\hotspot\share\interpreter\linkResolver.cpp, line 773]
Event: 14.063 Thread 0x000001da95bcfa80 Exception <a 'java/lang/NoSuchMethodError'{0x00000000eb3d9ea0}: 'void java.lang.invoke.DirectMethodHandle$Holder.invokeInterface(java.lang.Object, java.lang.Object, java.lang.Object, java.lang.Object, java.lang.Object, java.lang.Object, java.lang.Object)'> (0x00000000eb3d9ea0) 
thrown [s\open\src\hotspot\share\interpreter\linkResolver.cpp, line 773]
Event: 14.064 Thread 0x000001da95bcfa80 Exception <a 'java/lang/NoSuchMethodError'{0x00000000eb3de788}: 'void java.lang.invoke.DelegatingMethodHandle$Holder.reinvoke_L(java.lang.Object, java.lang.Object, java.lang.Object, java.lang.Object, java.lang.Object, java.lang.Object, java.lang.Object)'> (0x00000000eb3de788) 
thrown [s\open\src\hotspot\share\interpreter\linkResolver.cpp, line 773]
Event: 14.206 Thread 0x000001da95bcfa80 Exception <a 'java/lang/NoSuchMethodError'{0x00000000eb1dab68}: 'java.lang.Object java.lang.invoke.DirectMethodHandle$Holder.invokeSpecial(java.lang.Object, java.lang.Object, java.lang.Object, int, java.lang.Object, java.lang.Object)'> (0x00000000eb1dab68) 
thrown [s\open\src\hotspot\share\interpreter\linkResolver.cpp, line 773]
Event: 14.497 Thread 0x000001da95bcfa80 Implicit null exception at 0x000001daefc6dc34 to 0x000001daefc6e154
Event: 14.498 Thread 0x000001da95bcfa80 Implicit null exception at 0x000001daefce4b2c to 0x000001daefce53e8
Event: 14.498 Thread 0x000001da95bcfa80 Exception <a 'java/lang/NoSuchMethodError'{0x00000000eac63580}: 'java.lang.reflect.Method[] java.lang.Class.getDeclaredMethods(java.lang.Class)'> (0x00000000eac63580) 
thrown [s\open\src\hotspot\share\interpreter\linkResolver.cpp, line 773]
Event: 14.556 Thread 0x000001da95bcfa80 Exception <a 'java/lang/NoSuchMethodError'{0x00000000eabf2bd8}: 'void java.lang.invoke.DirectMethodHandle$Holder.invokeStaticInit(java.lang.Object, java.lang.Object, java.lang.Object)'> (0x00000000eabf2bd8) 
thrown [s\open\src\hotspot\share\interpreter\linkResolver.cpp, line 773]
Event: 14.559 Thread 0x000001da95bcfa80 Exception <a 'java/lang/NoSuchMethodError'{0x00000000eabf9630}: 'void java.lang.invoke.DirectMethodHandle$Holder.invokeStaticInit(java.lang.Object, java.lang.Object, java.lang.Object, java.lang.Object)'> (0x00000000eabf9630) 
thrown [s\open\src\hotspot\share\interpreter\linkResolver.cpp, line 773]
Event: 14.565 Thread 0x000001da95bcfa80 Exception <a 'java/lang/NoSuchMethodError'{0x00000000eaa1b830}: 'void java.lang.invoke.DirectMethodHandle$Holder.invokeStaticInit(java.lang.Object, java.lang.Object, java.lang.Object, java.lang.Object, java.lang.Object)'> (0x00000000eaa1b830) 
thrown [s\open\src\hotspot\share\interpreter\linkResolver.cpp, line 773]
Event: 14.595 Thread 0x000001da95bcfa80 Exception <a 'java/lang/NoSuchMethodError'{0x00000000eaa74608}: 'int java.lang.invoke.DirectMethodHandle$Holder.invokeStaticInit(java.lang.Object, java.lang.Object, java.lang.Object, java.lang.Object)'> (0x00000000eaa74608) 
thrown [s\open\src\hotspot\share\interpreter\linkResolver.cpp, line 773]

ZGC Phase Switch (0 events):
No events

VM Operations (20 events):
Event: 12.438 Executing VM operation: HandshakeAllThreads (Deoptimize)
Event: 12.439 Executing VM operation: HandshakeAllThreads (Deoptimize) done
Event: 13.147 Executing VM operation: HandshakeAllThreads (Deoptimize)
Event: 13.147 Executing VM operation: HandshakeAllThreads (Deoptimize) done
Event: 13.147 Executing VM operation: Cleanup
Event: 13.147 Executing VM operation: Cleanup done
Event: 13.211 Executing VM operation: HandshakeAllThreads (Deoptimize)
Event: 13.211 Executing VM operation: HandshakeAllThreads (Deoptimize) done
Event: 13.214 Executing VM operation: HandshakeAllThreads (Deoptimize)
Event: 13.215 Executing VM operation: HandshakeAllThreads (Deoptimize) done
Event: 14.072 Executing VM operation: HandshakeAllThreads (Deoptimize)
Event: 14.072 Executing VM operation: HandshakeAllThreads (Deoptimize) done
Event: 14.076 Executing VM operation: HandshakeAllThreads (Deoptimize)
Event: 14.076 Executing VM operation: HandshakeAllThreads (Deoptimize) done
Event: 14.471 Executing VM operation: HandshakeAllThreads (Deoptimize)
Event: 14.472 Executing VM operation: HandshakeAllThreads (Deoptimize) done
Event: 14.472 Executing VM operation: Cleanup
Event: 14.473 Executing VM operation: Cleanup done
Event: 14.969 Executing VM operation: HandshakeAllThreads (Deoptimize)
Event: 14.969 Executing VM operation: HandshakeAllThreads (Deoptimize) done

Events (20 events):
Event: 6.692 Thread 0x000001daff3f17c0 Thread added: 0x000001daff3f17c0
Event: 6.695 Thread 0x000001da950244d0 Thread added: 0x000001da950244d0
Event: 6.726 Thread 0x000001da95bb98a0 Thread added: 0x000001da95bb98a0
Event: 6.732 Thread 0x000001da95bcfa80 Thread added: 0x000001da95bcfa80
Event: 6.750 Thread 0x000001da95bca630 Thread added: 0x000001da95bca630
Event: 6.757 Thread 0x000001da95bcc070 Thread added: 0x000001da95bcc070
Event: 6.761 Thread 0x000001da95bcd420 Thread added: 0x000001da95bcd420
Event: 7.498 Thread 0x000001da95bc9fa0 Thread added: 0x000001da95bc9fa0
Event: 7.533 Thread 0x000001da95bcacc0 Thread added: 0x000001da95bcacc0
Event: 7.791 Thread 0x000001da95bcb350 Thread added: 0x000001da95bcb350
Event: 7.793 Thread 0x000001da95bccd90 Thread added: 0x000001da95bccd90
Event: 9.852 Thread 0x000001da95bcc700 Thread added: 0x000001da95bcc700
Event: 10.799 Thread 0x000001da95207690 Thread added: 0x000001da95207690
Event: 10.869 Thread 0x000001da95202140 Thread added: 0x000001da95202140
Event: 11.699 Thread 0x000001da95208a40 Thread added: 0x000001da95208a40
Event: 11.845 Thread 0x000001da952055c0 Thread added: 0x000001da952055c0
Event: 12.201 Thread 0x000001da95204210 Thread added: 0x000001da95204210
Event: 12.643 Thread 0x000001da95207d20 Thread added: 0x000001da95207d20
Event: 13.711 Thread 0x000001da95201ab0 Thread added: 0x000001da95201ab0
Event: 13.981 Thread 0x000001da95203b80 Thread added: 0x000001da95203b80


Dynamic libraries:
0x00007ff7d81c0000 - 0x00007ff7d81d0000 	C:\Program Files\Java\jdk-21\bin\java.exe
0x00007fff3ed10000 - 0x00007fff3ef27000 	C:\Windows\SYSTEM32\ntdll.dll
0x00007fff3df00000 - 0x00007fff3dfc4000 	C:\Windows\System32\KERNEL32.DLL
0x00007fff3c350000 - 0x00007fff3c70a000 	C:\Windows\System32\KERNELBASE.dll
0x00007fff3c740000 - 0x00007fff3c851000 	C:\Windows\System32\ucrtbase.dll
0x00007fff26890000 - 0x00007fff268ab000 	C:\Program Files\Java\jdk-21\bin\VCRUNTIME140.dll
0x00007fff26c00000 - 0x00007fff26c19000 	C:\Program Files\Java\jdk-21\bin\jli.dll
0x00007fff3d360000 - 0x00007fff3d412000 	C:\Windows\System32\ADVAPI32.dll
0x00007fff3ca20000 - 0x00007fff3cac7000 	C:\Windows\System32\msvcrt.dll
0x00007fff3d040000 - 0x00007fff3d0e7000 	C:\Windows\System32\sechost.dll
0x00007fff3bff0000 - 0x00007fff3c018000 	C:\Windows\System32\bcrypt.dll
0x00007fff3ce40000 - 0x00007fff3cf54000 	C:\Windows\System32\RPCRT4.dll
0x00007fff3dd50000 - 0x00007fff3defe000 	C:\Windows\System32\USER32.dll
0x00007fff3c710000 - 0x00007fff3c736000 	C:\Windows\System32\win32u.dll
0x00007fff3e530000 - 0x00007fff3e559000 	C:\Windows\System32\GDI32.dll
0x00007fff3c860000 - 0x00007fff3c97b000 	C:\Windows\System32\gdi32full.dll
0x00007fff3c980000 - 0x00007fff3ca1a000 	C:\Windows\System32\msvcp_win.dll
0x00007fff2a2d0000 - 0x00007fff2a562000 	C:\Windows\WinSxS\amd64_microsoft.windows.common-controls_6595b64144ccf1df_6.0.22621.4541_none_2710d1c57384c085\COMCTL32.dll
0x00007fff33450000 - 0x00007fff3345a000 	C:\Windows\SYSTEM32\VERSION.dll
0x00007fff3e4f0000 - 0x00007fff3e521000 	C:\Windows\System32\IMM32.DLL
0x00007fff36ec0000 - 0x00007fff36ecc000 	C:\Program Files\Java\jdk-21\bin\vcruntime140_1.dll
0x00007ffef6500000 - 0x00007ffef658e000 	C:\Program Files\Java\jdk-21\bin\msvcp140.dll
0x00007fff1de70000 - 0x00007fff1eb87000 	C:\Program Files\Java\jdk-21\bin\server\jvm.dll
0x00007fff3cf60000 - 0x00007fff3cfd1000 	C:\Windows\System32\WS2_32.dll
0x00007fff3bec0000 - 0x00007fff3bf0d000 	C:\Windows\SYSTEM32\POWRPROF.dll
0x00007fff36350000 - 0x00007fff36384000 	C:\Windows\SYSTEM32\WINMM.dll
0x00007fff3bea0000 - 0x00007fff3beb3000 	C:\Windows\SYSTEM32\UMPDC.dll
0x00007fff3aff0000 - 0x00007fff3b008000 	C:\Windows\SYSTEM32\kernel.appcore.dll
0x00007fff1dd40000 - 0x00007fff1dd4a000 	C:\Program Files\Java\jdk-21\bin\jimage.dll
0x00007fff39760000 - 0x00007fff39992000 	C:\Windows\SYSTEM32\DBGHELP.DLL
0x00007fff3e930000 - 0x00007fff3ecbf000 	C:\Windows\System32\combase.dll
0x00007fff3e7d0000 - 0x00007fff3e8a7000 	C:\Windows\System32\OLEAUT32.dll
0x00007fff1cf50000 - 0x00007fff1cf82000 	C:\Windows\SYSTEM32\dbgcore.DLL
0x00007fff3c2d0000 - 0x00007fff3c34b000 	C:\Windows\System32\bcryptPrimitives.dll
0x00007fff26ed0000 - 0x00007fff26edf000 	C:\Program Files\Java\jdk-21\bin\instrument.dll
0x00007fff1d0a0000 - 0x00007fff1d0bf000 	C:\Program Files\Java\jdk-21\bin\java.dll
0x00007fff3d420000 - 0x00007fff3dc98000 	C:\Windows\System32\SHELL32.dll
0x00007fff39ee0000 - 0x00007fff3a7e8000 	C:\Windows\SYSTEM32\windows.storage.dll
0x00007fff39da0000 - 0x00007fff39edf000 	C:\Windows\SYSTEM32\wintypes.dll
0x00007fff3d260000 - 0x00007fff3d35a000 	C:\Windows\System32\SHCORE.dll
0x00007fff3cb30000 - 0x00007fff3cb8e000 	C:\Windows\System32\shlwapi.dll
0x00007fff3bf20000 - 0x00007fff3bf4b000 	C:\Windows\SYSTEM32\profapi.dll
0x00007fff19f30000 - 0x00007fff1a007000 	C:\Program Files\Java\jdk-21\bin\jsvml.dll
0x00007fff19230000 - 0x00007fff19248000 	C:\Program Files\Java\jdk-21\bin\zip.dll
0x00007fff1b800000 - 0x00007fff1b810000 	C:\Program Files\Java\jdk-21\bin\net.dll
0x00007fff36620000 - 0x00007fff36756000 	C:\Windows\SYSTEM32\WINHTTP.dll
0x00007fff3b460000 - 0x00007fff3b4c9000 	C:\Windows\system32\mswsock.dll
0x00007fff192d0000 - 0x00007fff192e6000 	C:\Program Files\Java\jdk-21\bin\nio.dll
0x00007fff26cf0000 - 0x00007fff26d00000 	C:\Program Files\Java\jdk-21\bin\verify.dll
0x00007fff35f30000 - 0x00007fff35f57000 	C:\Users\epask\.gradle\native\c067742578af261105cb4f569cf0c3c89f3d7b1fecec35dd04571415982c5e48\windows-amd64\native-platform.dll
0x00007ffed3a20000 - 0x00007ffed3b64000 	C:\Users\epask\.gradle\native\100fb08df4bc3b14c8652ba06237920a3bd2aa13389f12d3474272988ae205f9\windows-amd64\native-platform-file-events.dll
0x00007fff16de0000 - 0x00007fff16dea000 	C:\Program Files\Java\jdk-21\bin\management.dll
0x00007fff16dd0000 - 0x00007fff16ddb000 	C:\Program Files\Java\jdk-21\bin\management_ext.dll
0x00007fff3ecc0000 - 0x00007fff3ecc8000 	C:\Windows\System32\PSAPI.DLL
0x00007fff3b6a0000 - 0x00007fff3b6bb000 	C:\Windows\SYSTEM32\CRYPTSP.dll
0x00007fff3af50000 - 0x00007fff3af85000 	C:\Windows\system32\rsaenh.dll
0x00007fff3b510000 - 0x00007fff3b538000 	C:\Windows\SYSTEM32\USERENV.dll
0x00007fff3b690000 - 0x00007fff3b69c000 	C:\Windows\SYSTEM32\CRYPTBASE.dll
0x00007fff3aa90000 - 0x00007fff3aabd000 	C:\Windows\SYSTEM32\IPHLPAPI.DLL
0x00007fff3e7b0000 - 0x00007fff3e7b9000 	C:\Windows\System32\NSI.dll
0x00007fff2f0f0000 - 0x00007fff2f0f9000 	C:\Program Files\Java\jdk-21\bin\extnet.dll
0x00007fff2f0e0000 - 0x00007fff2f0ee000 	C:\Program Files\Java\jdk-21\bin\sunmscapi.dll
0x00007fff3c020000 - 0x00007fff3c186000 	C:\Windows\System32\CRYPT32.dll
0x00007fff3b8c0000 - 0x00007fff3b8ed000 	C:\Windows\SYSTEM32\ncrypt.dll
0x00007fff3b880000 - 0x00007fff3b8b7000 	C:\Windows\SYSTEM32\NTASN1.dll
0x00007fff0eb90000 - 0x00007fff0eb98000 	C:\Windows\system32\wshunix.dll

dbghelp: loaded successfully - version: 4.0.5 - missing functions: none
symbol engine: initialized successfully - sym options: 0x614 - pdb path: .;C:\Program Files\Java\jdk-21\bin;C:\Windows\SYSTEM32;C:\Windows\WinSxS\amd64_microsoft.windows.common-controls_6595b64144ccf1df_6.0.22621.4541_none_2710d1c57384c085;C:\Program Files\Java\jdk-21\bin\server;C:\Users\epask\.gradle\native\c067742578af261105cb4f569cf0c3c89f3d7b1fecec35dd04571415982c5e48\windows-amd64;C:\Users\epask\.gradle\native\100fb08df4bc3b14c8652ba06237920a3bd2aa13389f12d3474272988ae205f9\windows-amd64

VM Arguments:
jvm_args: --add-opens=java.base/java.util=ALL-UNNAMED --add-opens=java.base/java.lang=ALL-UNNAMED --add-opens=java.base/java.lang.invoke=ALL-UNNAMED --add-opens=java.prefs/java.util.prefs=ALL-UNNAMED --add-opens=java.base/java.nio.charset=ALL-UNNAMED --add-opens=java.base/java.net=ALL-UNNAMED --add-opens=java.base/java.util.concurrent.atomic=ALL-UNNAMED -XX:MaxMetaspaceSize=384m -XX:+HeapDumpOnOutOfMemoryError -Xms256m -Xmx512m -Dfile.encoding=windows-1251 -Duser.country=US -Duser.language=en -Duser.variant -javaagent:C:\Users\epask\.gradle\wrapper\dists\gradle-8.8-bin\dl7vupf4psengwqhwktix4v1\gradle-8.8\lib\agents\gradle-instrumentation-agent-8.8.jar 
java_command: org.gradle.launcher.daemon.bootstrap.GradleDaemon 8.8
java_class_path (initial): C:\Users\epask\.gradle\wrapper\dists\gradle-8.8-bin\dl7vupf4psengwqhwktix4v1\gradle-8.8\lib\gradle-launcher-8.8.jar
Launcher Type: SUN_STANDARD

[Global flags]
     intx CICompilerCount                          = 4                                         {product} {ergonomic}
   size_t CompressedClassSpaceSize                 = 335544320                                 {product} {ergonomic}
     uint ConcGCThreads                            = 3                                         {product} {ergonomic}
     uint G1ConcRefinementThreads                  = 10                                        {product} {ergonomic}
   size_t G1HeapRegionSize                         = 1048576                                   {product} {ergonomic}
    uintx GCDrainStackTargetSize                   = 64                                        {product} {ergonomic}
     bool HeapDumpOnOutOfMemoryError               = true                                   {manageable} {command line}
   size_t InitialHeapSize                          = 268435456                                 {product} {command line}
   size_t MarkStackSize                            = 4194304                                   {product} {ergonomic}
   size_t MaxHeapSize                              = 536870912                                 {product} {command line}
   size_t MaxMetaspaceSize                         = 402653184                                 {product} {command line}
   size_t MaxNewSize                               = 321912832                                 {product} {ergonomic}
   size_t MinHeapDeltaBytes                        = 1048576                                   {product} {ergonomic}
   size_t MinHeapSize                              = 268435456                                 {product} {command line}
    uintx NonNMethodCodeHeapSize                   = 5839372                                {pd product} {ergonomic}
    uintx NonProfiledCodeHeapSize                  = 122909434                              {pd product} {ergonomic}
     bool PerfDisableSharedMem                     = true                                      {product} {ergonomic}
    uintx ProfiledCodeHeapSize                     = 122909434                              {pd product} {ergonomic}
    uintx ReservedCodeCacheSize                    = 251658240                              {pd product} {ergonomic}
     bool SegmentedCodeCache                       = true                                      {product} {ergonomic}
   size_t SoftMaxHeapSize                          = 536870912                              {manageable} {ergonomic}
     bool UseCompressedOops                        = true                           {product lp64_product} {ergonomic}
     bool UseG1GC                                  = true                                      {product} {ergonomic}
     bool UseLargePagesIndividualAllocation        = false                                  {pd product} {ergonomic}

Logging:
Log output configuration:
 #0: stdout all=warning uptime,level,tags foldmultilines=false
 #1: stderr all=off uptime,level,tags foldmultilines=false

Environment Variables:
PATH=C:\Program Files\Common Files\Oracle\Java\javapath;C:\ProgramData\Oracle\Java\javapath;C:\Program Files (x86)\Common Files\Oracle\Java\javapath;C:\Windows\system32;C:\Windows;C:\Windows\System32\Wbem;C:\Windows\System32\WindowsPowerShell\v1.0\;C:\Windows\System32\OpenSSH\;C:\Windows\system32;C:\Windows;C:\Windows\System32\Wbem;C:\Windows\System32\WindowsPowerShell\v1.0\;C:\Windows\System32\OpenSSH\;D:\IntelliJ IDEA 2023.3.4\plugins\maven\lib\maven3\bin;D:\Git\cmd;C:\Program Files\NVIDIA Corporation\NVIDIA app\NvDLISR;C:\Program Files (x86)\NVIDIA Corporation\PhysX\Common;C:\Program Files\Docker\Docker\resources\bin;C:\Program Files\dotnet\;C:\Program Files (x86)\Windows Kits\10\Windows Performance Toolkit\;C:\Users\epask\AppData\Local\Microsoft\WindowsApps;D:\IntelliJ IDEA 2024.1.1\bin;;D:\IntelliJ IDEA Community Edition 2024.3\bin;;C:\Users\epask\AppData\Local\GitHubDesktop\bin
USERNAME=epask
OS=Windows_NT
PROCESSOR_IDENTIFIER=AMD64 Family 25 Model 80 Stepping 0, AuthenticAMD
TMP=C:\Users\epask\AppData\Local\Temp
TEMP=C:\Users\epask\AppData\Local\Temp




Periodic native trim disabled

---------------  S Y S T E M  ---------------

OS:
 Windows 11 , 64 bit Build 22621 (10.0.22621.4391)
OS uptime: 2 days 2:23 hours
Hyper-V role detected

CPU: total 12 (initial active 12) (12 cores per cpu, 2 threads per core) family 25 model 80 stepping 0 microcode 0x0, cx8, cmov, fxsr, ht, mmx, 3dnowpref, sse, sse2, sse3, ssse3, sse4a, sse4.1, sse4.2, popcnt, lzcnt, tsc, tscinvbit, avx, avx2, aes, erms, clmul, bmi1, bmi2, adx, sha, fma, vzeroupper, clflush, clflushopt, hv, rdtscp, rdpid, fsrm, f16c, cet_ss
Processor Information for all 12 processors :
  Max Mhz: 2301, Current Mhz: 2301, Mhz Limit: 2301

Memory: 4k page, system-wide physical 7532M (265M free)
TotalPageFile size 19818M (AvailPageFile size 7M)
current process WorkingSet (physical memory assigned to process): 267M, peak: 269M
current process commit charge ("private bytes"): 441M, peak: 442M

vm_info: Java HotSpot(TM) 64-Bit Server VM (21.0.2+13-LTS-58) for windows-amd64 JRE (21.0.2+13-LTS-58), built on 2024-01-05T18:32:24Z by "mach5one" with MS VC++ 17.1 (VS2022)

END.
